2025-12-08 09:16:32,115 [INFO] McuFinderGlobals:76 - Set McuFinderConnectedMode to false
2025-12-08 09:16:32,131 [INFO] MultiScanPanel:200 - Auto-refresh data requested => check proxy status ongoing
2025-12-08 09:16:32,131 [INFO] MultiScanPanel:204 - Proxy status is invalid
2025-12-08 09:16:32,141 [INFO] FinderPluginLoader:95 - Searching for filters in installed packs
2025-12-08 09:16:35,861 [INFO] DetailPanel:341 - Set advertising image to C:/Users/User/STM32Cube/Repository/\en.prom-stm32u3-mcu-finder.jpg
2025-12-08 09:18:22,264 [ERROR] ConfigurationRetriever:142 - IOException on connection: sw-center.st.com
2025-12-08 09:18:22,266 [ERROR] ConfigurationRetriever:142 - IOException on connection: sw-center.st.com
2025-12-08 09:18:22,267 [ERROR] ConfigurationRetriever:142 - IOException on connection: sw-center.st.com
2025-12-08 09:18:22,523 [INFO] McuFinderGlobals:76 - Set McuFinderConnectedMode to true
2025-12-08 09:18:22,534 [INFO] ApiDb:448 - Save user favorites file C:\Users\User/.stm32cubeide/favorites.mcus.txt: 0 item(s)
2025-12-08 09:18:22,534 [INFO] ApiDb:452 - User favorites MCUs=[]
2025-12-08 09:24:43,923 [ERROR] ConfigurationRetriever:142 - IOException on connection: sw-center.st.com
2025-12-08 09:24:43,925 [ERROR] ConfigurationRetriever:142 - IOException on connection: sw-center.st.com
2025-12-08 09:24:43,925 [ERROR] ConfigurationRetriever:142 - IOException on connection: sw-center.st.com
2025-12-08 09:26:30,650 [ERROR] ConfigurationRetriever:142 - IOException on connection: sw-center.st.com
2025-12-08 09:26:30,651 [ERROR] ConfigurationRetriever:142 - IOException on connection: sw-center.st.com
2025-12-08 09:26:30,652 [ERROR] ConfigurationRetriever:142 - IOException on connection: sw-center.st.com
2025-12-08 09:26:44,141 [ERROR] ConfigurationRetriever:142 - IOException on connection: sw-center.st.com
2025-12-08 09:26:44,142 [ERROR] ConfigurationRetriever:142 - IOException on connection: sw-center.st.com
2025-12-08 09:26:44,142 [ERROR] ConfigurationRetriever:142 - IOException on connection: sw-center.st.com
2025-12-08 14:28:55,000 [ERROR] ConfigurationRetriever:142 - IOException on connection: sw-center.st.com
2025-12-08 14:28:55,002 [ERROR] ConfigurationRetriever:142 - IOException on connection: sw-center.st.com
2025-12-08 14:28:55,003 [ERROR] ConfigurationRetriever:142 - IOException on connection: sw-center.st.com
2025-12-08 14:28:55,786 [ERROR] ConfigurationRetriever:142 - IOException on connection: sw-center.st.com
2025-12-08 14:28:55,787 [ERROR] ConfigurationRetriever:142 - IOException on connection: sw-center.st.com
2025-12-08 14:28:55,788 [ERROR] ConfigurationRetriever:142 - IOException on connection: sw-center.st.com
2025-12-08 14:29:23,255 [ERROR] ConfigurationRetriever:142 - IOException on connection: sw-center.st.com
2025-12-08 14:29:23,256 [ERROR] ConfigurationRetriever:142 - IOException on connection: sw-center.st.com
2025-12-08 14:29:23,257 [ERROR] ConfigurationRetriever:142 - IOException on connection: sw-center.st.com
2025-12-08 14:31:02,732 [ERROR] ConfigurationRetriever:142 - IOException on connection: sw-center.st.com
2025-12-08 14:31:02,733 [ERROR] ConfigurationRetriever:142 - IOException on connection: sw-center.st.com
2025-12-08 14:31:02,734 [ERROR] ConfigurationRetriever:142 - IOException on connection: sw-center.st.com
2025-12-08 14:31:02,942 [ERROR] ConfigurationRetriever:142 - IOException on connection: sw-center.st.com
2025-12-08 14:31:02,946 [ERROR] ConfigurationRetriever:142 - IOException on connection: sw-center.st.com
2025-12-08 14:31:02,952 [ERROR] ConfigurationRetriever:142 - IOException on connection: sw-center.st.com
2025-12-08 14:31:32,921 [ERROR] ConfigurationRetriever:142 - IOException on connection: sw-center.st.com
2025-12-08 14:31:32,922 [ERROR] ConfigurationRetriever:142 - IOException on connection: sw-center.st.com
2025-12-08 14:31:32,923 [ERROR] ConfigurationRetriever:142 - IOException on connection: sw-center.st.com
2025-12-08 14:49:22,775 [ERROR] ConfigurationRetriever:142 - IOException on connection: sw-center.st.com
2025-12-08 14:49:22,775 [ERROR] ConfigurationRetriever:142 - IOException on connection: sw-center.st.com
2025-12-08 14:49:22,776 [ERROR] ConfigurationRetriever:142 - IOException on connection: sw-center.st.com
2025-12-08 14:49:59,802 [ERROR] ConfigurationRetriever:142 - IOException on connection: sw-center.st.com
2025-12-08 14:49:59,803 [ERROR] ConfigurationRetriever:142 - IOException on connection: sw-center.st.com
2025-12-08 14:49:59,804 [ERROR] ConfigurationRetriever:142 - IOException on connection: sw-center.st.com
2025-12-08 14:50:24,661 [ERROR] ConfigurationRetriever:142 - IOException on connection: sw-center.st.com
2025-12-08 14:50:24,662 [ERROR] ConfigurationRetriever:142 - IOException on connection: sw-center.st.com
2025-12-08 14:50:24,663 [ERROR] ConfigurationRetriever:142 - IOException on connection: sw-center.st.com
2025-12-08 15:18:46,251 [ERROR] ConfigurationRetriever:142 - IOException on connection: sw-center.st.com
2025-12-08 15:18:46,252 [ERROR] ConfigurationRetriever:142 - IOException on connection: sw-center.st.com
2025-12-08 15:18:46,253 [ERROR] ConfigurationRetriever:142 - IOException on connection: sw-center.st.com
2025-12-08 15:18:47,008 [ERROR] ConfigurationRetriever:142 - IOException on connection: sw-center.st.com
2025-12-08 15:18:47,009 [ERROR] ConfigurationRetriever:142 - IOException on connection: sw-center.st.com
2025-12-08 15:18:47,009 [ERROR] ConfigurationRetriever:142 - IOException on connection: sw-center.st.com
2025-12-08 15:21:29,647 [ERROR] ConfigurationRetriever:142 - IOException on connection: sw-center.st.com
2025-12-08 15:21:29,654 [ERROR] ConfigurationRetriever:142 - IOException on connection: sw-center.st.com
2025-12-08 15:21:29,657 [ERROR] ConfigurationRetriever:142 - IOException on connection: sw-center.st.com
2025-12-08 15:21:29,835 [ERROR] ConfigurationRetriever:142 - IOException on connection: sw-center.st.com
2025-12-08 15:21:29,836 [ERROR] ConfigurationRetriever:142 - IOException on connection: sw-center.st.com
2025-12-08 15:21:29,838 [ERROR] ConfigurationRetriever:142 - IOException on connection: sw-center.st.com
2025-12-08 15:27:13,638 [ERROR] ConfigurationRetriever:142 - IOException on connection: sw-center.st.com
2025-12-08 15:27:13,641 [ERROR] ConfigurationRetriever:142 - IOException on connection: sw-center.st.com
2025-12-08 15:27:13,642 [ERROR] ConfigurationRetriever:142 - IOException on connection: sw-center.st.com
2025-12-08 15:27:20,111 [ERROR] ConfigurationRetriever:142 - IOException on connection: sw-center.st.com
2025-12-08 15:27:20,112 [ERROR] ConfigurationRetriever:142 - IOException on connection: sw-center.st.com
2025-12-08 15:27:20,112 [ERROR] ConfigurationRetriever:142 - IOException on connection: sw-center.st.com
2025-12-08 15:27:45,554 [ERROR] ConfigurationRetriever:142 - IOException on connection: sw-center.st.com
2025-12-08 15:27:45,554 [ERROR] ConfigurationRetriever:142 - IOException on connection: sw-center.st.com
2025-12-08 15:27:45,555 [ERROR] ConfigurationRetriever:142 - IOException on connection: sw-center.st.com
2025-12-08 15:41:52,698 [ERROR] ConfigurationRetriever:142 - IOException on connection: sw-center.st.com
2025-12-08 15:41:52,699 [ERROR] ConfigurationRetriever:142 - IOException on connection: sw-center.st.com
2025-12-08 15:41:52,700 [ERROR] ConfigurationRetriever:142 - IOException on connection: sw-center.st.com
2025-12-08 15:41:52,881 [ERROR] ConfigurationRetriever:142 - IOException on connection: sw-center.st.com
2025-12-08 15:41:52,882 [ERROR] ConfigurationRetriever:142 - IOException on connection: sw-center.st.com
2025-12-08 15:41:52,882 [ERROR] ConfigurationRetriever:142 - IOException on connection: sw-center.st.com
2025-12-08 15:45:11,882 [ERROR] ConfigurationRetriever:142 - IOException on connection: sw-center.st.com
2025-12-08 15:45:11,883 [ERROR] ConfigurationRetriever:142 - IOException on connection: sw-center.st.com
2025-12-08 15:45:11,884 [ERROR] ConfigurationRetriever:142 - IOException on connection: sw-center.st.com
2025-12-08 15:45:12,097 [ERROR] ConfigurationRetriever:142 - IOException on connection: sw-center.st.com
2025-12-08 15:45:12,100 [ERROR] ConfigurationRetriever:142 - IOException on connection: sw-center.st.com
2025-12-08 15:45:12,102 [ERROR] ConfigurationRetriever:142 - IOException on connection: sw-center.st.com
2025-12-08 15:45:45,300 [ERROR] ConfigurationRetriever:142 - IOException on connection: sw-center.st.com
2025-12-08 15:45:45,302 [ERROR] ConfigurationRetriever:142 - IOException on connection: sw-center.st.com
2025-12-08 15:45:45,303 [ERROR] ConfigurationRetriever:142 - IOException on connection: sw-center.st.com
2025-12-08 15:46:50,812 [ERROR] ConfigurationRetriever:142 - IOException on connection: sw-center.st.com
2025-12-08 15:46:50,813 [ERROR] ConfigurationRetriever:142 - IOException on connection: sw-center.st.com
2025-12-08 15:46:50,814 [ERROR] ConfigurationRetriever:142 - IOException on connection: sw-center.st.com
2025-12-08 15:50:00,863 [ERROR] ConfigurationRetriever:142 - IOException on connection: sw-center.st.com
2025-12-08 15:50:00,864 [ERROR] ConfigurationRetriever:142 - IOException on connection: sw-center.st.com
2025-12-08 15:50:00,864 [ERROR] ConfigurationRetriever:142 - IOException on connection: sw-center.st.com
2025-12-08 15:50:56,091 [ERROR] ConfigurationRetriever:142 - IOException on connection: sw-center.st.com
2025-12-08 15:50:56,092 [ERROR] ConfigurationRetriever:142 - IOException on connection: sw-center.st.com
2025-12-08 15:50:56,095 [ERROR] ConfigurationRetriever:142 - IOException on connection: sw-center.st.com
2025-12-08 15:50:56,302 [ERROR] ConfigurationRetriever:142 - IOException on connection: sw-center.st.com
2025-12-08 15:50:56,302 [ERROR] ConfigurationRetriever:142 - IOException on connection: sw-center.st.com
2025-12-08 15:50:56,303 [ERROR] ConfigurationRetriever:142 - IOException on connection: sw-center.st.com
2025-12-08 15:51:29,185 [ERROR] ConfigurationRetriever:142 - IOException on connection: sw-center.st.com
2025-12-08 15:51:29,186 [ERROR] ConfigurationRetriever:142 - IOException on connection: sw-center.st.com
2025-12-08 15:51:29,187 [ERROR] ConfigurationRetriever:142 - IOException on connection: sw-center.st.com
2025-12-08 15:52:08,621 [ERROR] ConfigurationRetriever:142 - IOException on connection: sw-center.st.com
2025-12-08 15:52:08,622 [ERROR] ConfigurationRetriever:142 - IOException on connection: sw-center.st.com
2025-12-08 15:52:08,623 [ERROR] ConfigurationRetriever:142 - IOException on connection: sw-center.st.com
2025-12-08 15:59:12,028 [ERROR] ConfigurationRetriever:142 - IOException on connection: sw-center.st.com
2025-12-08 15:59:12,029 [ERROR] ConfigurationRetriever:142 - IOException on connection: sw-center.st.com
2025-12-08 15:59:12,030 [ERROR] ConfigurationRetriever:142 - IOException on connection: sw-center.st.com
2025-12-08 15:59:20,644 [ERROR] ConfigurationRetriever:142 - IOException on connection: sw-center.st.com
2025-12-08 15:59:20,645 [ERROR] ConfigurationRetriever:142 - IOException on connection: sw-center.st.com
2025-12-08 15:59:20,645 [ERROR] ConfigurationRetriever:142 - IOException on connection: sw-center.st.com
2025-12-08 16:02:20,149 [ERROR] ConfigurationRetriever:142 - IOException on connection: sw-center.st.com
2025-12-08 16:02:20,150 [ERROR] ConfigurationRetriever:142 - IOException on connection: sw-center.st.com
2025-12-08 16:02:20,151 [ERROR] ConfigurationRetriever:142 - IOException on connection: sw-center.st.com
2025-12-08 16:02:20,343 [ERROR] ConfigurationRetriever:142 - IOException on connection: sw-center.st.com
2025-12-08 16:02:20,344 [ERROR] ConfigurationRetriever:142 - IOException on connection: sw-center.st.com
2025-12-08 16:02:20,345 [ERROR] ConfigurationRetriever:142 - IOException on connection: sw-center.st.com
