2025-08-21 10:44:23,445 [WARN] CheckConnectionManager:291 - Warning during Server Connection :  timeout Read timed out
2025-08-21 10:44:25,514 [INFO] RetryExec:97 - I/O exception (java.net.SocketException) caught when processing request to {s}->https://sw-center.st.com:443: Network is unreachable: getsockopt
2025-08-21 10:44:25,516 [INFO] RetryExec:113 - Retrying request to {s}->https://sw-center.st.com:443
2025-08-21 10:44:27,541 [INFO] RetryExec:97 - I/O exception (java.net.SocketException) caught when processing request to {s}->https://sw-center.st.com:443: Network is unreachable: getsockopt
2025-08-21 10:44:27,541 [INFO] RetryExec:113 - Retrying request to {s}->https://sw-center.st.com:443
2025-08-21 10:44:29,925 [WARN] CheckConnectionManager:291 - Warning during Server Connection :  timeout Read timed out
2025-08-21 10:44:29,929 [INFO] MainUpdater:2872 - connection check result : 22
2025-08-21 10:44:30,173 [INFO] MicroXplorer:468 - Change Database Path : 
2025-08-21 10:44:30,173 [INFO] MicroXplorer:498 - Change Database Version : DB.6.0.141
2025-08-21 10:44:30,281 [ERROR] ProjectManagerView:395 - 
java.lang.NullPointerException: Cannot invoke "javax.swing.JTextField.getText()" because the return value of "java.util.List.get(int)" is null
	at com.st.microxplorer.plugins.projectmanager.gui.ProjectChoiceTab$9.caretUpdate(ProjectChoiceTab.java:2678) ~[filemanager.jar:?]
	at javax.swing.text.JTextComponent.fireCaretUpdate(JTextComponent.java:408) ~[?:?]
	at javax.swing.text.JTextComponent$MutableCaretEvent.fire(JTextComponent.java:4484) ~[?:?]
	at javax.swing.text.JTextComponent$MutableCaretEvent.stateChanged(JTextComponent.java:4506) ~[?:?]
	at javax.swing.text.DefaultCaret.fireStateChanged(DefaultCaret.java:857) ~[?:?]
	at javax.swing.text.DefaultCaret.changeCaretPosition(DefaultCaret.java:1343) ~[?:?]
	at javax.swing.text.DefaultCaret.handleSetDot(DefaultCaret.java:1242) ~[?:?]
	at javax.swing.text.DefaultCaret.setDot(DefaultCaret.java:1223) ~[?:?]
	at javax.swing.text.DefaultCaret$Handler.insertUpdate(DefaultCaret.java:1819) ~[?:?]
	at javax.swing.text.AbstractDocument.fireInsertUpdate(AbstractDocument.java:227) ~[?:?]
	at javax.swing.text.AbstractDocument.handleInsertString(AbstractDocument.java:781) ~[?:?]
	at javax.swing.text.AbstractDocument.insertString(AbstractDocument.java:740) ~[?:?]
	at javax.swing.text.PlainDocument.insertString(PlainDocument.java:131) ~[?:?]
	at javax.swing.text.AbstractDocument.replace(AbstractDocument.java:699) ~[?:?]
	at javax.swing.text.JTextComponent.setText(JTextComponent.java:1725) ~[?:?]
	at com.st.microxplorer.plugins.projectmanager.gui.ProjectChoiceTab.createHeapStackFields(ProjectChoiceTab.java:979) ~[filemanager.jar:?]
	at com.st.microxplorer.plugins.projectmanager.gui.ProjectChoiceTab.buildLinkSettingsPanel(ProjectChoiceTab.java:3766) ~[filemanager.jar:?]
	at com.st.microxplorer.plugins.projectmanager.gui.ProjectChoiceTab.defineWindowsFields(ProjectChoiceTab.java:1962) ~[filemanager.jar:?]
	at com.st.microxplorer.plugins.projectmanager.gui.ProjectChoiceTab.updateSettings(ProjectChoiceTab.java:555) ~[filemanager.jar:?]
	at com.st.microxplorer.plugins.projectmanager.gui.ProjectSettingsPanel.UpdateDialog(ProjectSettingsPanel.java:245) ~[filemanager.jar:?]
	at com.st.microxplorer.plugins.projectmanager.ProjectManagerView.propertyChange(ProjectManagerView.java:392) ~[filemanager.jar:?]
	at java.beans.PropertyChangeSupport.fire(PropertyChangeSupport.java:343) ~[?:?]
	at java.beans.PropertyChangeSupport.firePropertyChange(PropertyChangeSupport.java:335) ~[?:?]
	at java.beans.PropertyChangeSupport.firePropertyChange(PropertyChangeSupport.java:268) ~[?:?]
	at com.st.microxplorer.util.MXPropertyChangeSupport.firePropertyChange(MXPropertyChangeSupport.java:54) ~[STM32CubeMX.jar:?]
	at com.st.microxplorer.mxsystem.MxSystem.closeConfig(MxSystem.java:899) ~[STM32CubeMX.jar:?]
	at com.st.microxplorer.maingui.MainPanel.closeConfig(MainPanel.java:789) ~[STM32CubeMX.jar:?]
	at com.st.microxplorer.plugins.filemanager.engine.OpenFileManager.loadConfigurationFile(OpenFileManager.java:287) ~[filemanager.jar:?]
	at com.st.microxplorer.plugins.filemanager.engine.MainFileManager.userLoadConfig(MainFileManager.java:341) ~[filemanager.jar:?]
	at com.st.microxplorer.plugins.filemanager.engine.MainFileManager.userLoadConfig(MainFileManager.java:319) ~[filemanager.jar:?]
	at com.st.microxplorer.plugins.filemanager.FileManagerView.getSpecificTask(FileManagerView.java:246) ~[filemanager.jar:?]
	at com.st.stm32cube.common.mx.editor.CubeMxEditor.getMxTabbedPaneInstance(CubeMxEditor.java:1198) ~[com.st.stm32cube.common.mx_6.14.1.202504091515/:?]
	at com.st.stm32cube.common.mx.editor.CubeMxEditor$12$1.createSwingComponent(CubeMxEditor.java:1068) ~[com.st.stm32cube.common.mx_6.14.1.202504091515/:?]
	at com.st.stm32cube.common.mx.oss.core.awtswtbridge.EmbeddedSwingComposite.doComponentCreation(EmbeddedSwingComposite.java:492) ~[com.st.stm32cube.common.mx.oss_6.14.1.202504091515/:?]
	at com.st.stm32cube.common.mx.oss.core.awtswtbridge.EmbeddedSwingComposite$4.run(EmbeddedSwingComposite.java:291) ~[com.st.stm32cube.common.mx.oss_6.14.1.202504091515/:?]
	at com.st.stm32cube.common.mx.oss.core.awtswtbridge.AwtEnvironment$2.run(AwtEnvironment.java:166) ~[com.st.stm32cube.common.mx.oss_6.14.1.202504091515/:?]
	at java.awt.event.InvocationEvent.dispatch(InvocationEvent.java:318) ~[?:?]
	at java.awt.EventQueue.dispatchEventImpl(EventQueue.java:773) ~[?:?]
	at java.awt.EventQueue$4.run(EventQueue.java:720) ~[?:?]
	at java.awt.EventQueue$4.run(EventQueue.java:714) ~[?:?]
	at java.security.AccessController.doPrivileged(AccessController.java:400) ~[?:?]
	at java.security.ProtectionDomain$JavaSecurityAccessImpl.doIntersectionPrivilege(ProtectionDomain.java:87) ~[?:?]
	at java.awt.EventQueue.dispatchEvent(EventQueue.java:742) ~[?:?]
	at java.awt.EventDispatchThread.pumpOneEventForFilters(EventDispatchThread.java:203) ~[?:?]
	at java.awt.EventDispatchThread.pumpEventsForFilter(EventDispatchThread.java:124) ~[?:?]
	at java.awt.EventDispatchThread.pumpEventsForHierarchy(EventDispatchThread.java:113) ~[?:?]
	at java.awt.EventDispatchThread.pumpEvents(EventDispatchThread.java:109) ~[?:?]
	at java.awt.EventDispatchThread.pumpEvents(EventDispatchThread.java:101) ~[?:?]
	at java.awt.EventDispatchThread.run(EventDispatchThread.java:90) ~[?:?]
2025-08-21 10:44:30,296 [WARN] ThirdParty:871 - waiting for thirdparty lock release [close project]
2025-08-21 10:44:30,296 [INFO] ThirdParty:873 - entering critical section [close project]
2025-08-21 10:44:30,296 [INFO] ThirdParty:883 - exiting critical section [close project]
2025-08-21 10:44:30,301 [INFO] PinOutPanel:1589 - setPackage(No Configuration,No Configuration)
2025-08-21 10:44:30,334 [INFO] UtilMem:75 - Begin LoadConfig() Used Memory: 433569152 Bytes (940572672)
2025-08-21 10:44:30,336 [INFO] MicroXplorer:468 - Change Database Path : 
2025-08-21 10:44:30,336 [INFO] MicroXplorer:498 - Change Database Version : DB.6.0.141
2025-08-21 10:44:30,336 [INFO] OpenFileManager:354 - Change cursor
2025-08-21 10:44:30,424 [INFO] RulesReader:64 - Compatibility file has been processed (302 Rules)
2025-08-21 10:44:30,432 [INFO] Mcu:2011 - Initializing MCU STM32F030F4Px STM32F030F4Px STM32F030F4P6
2025-08-21 10:44:31,785 [INFO] Context:756 - Trying to add GPIOservice into a context  which must be forbidden
2025-08-21 10:44:32,161 [INFO] ImportTextPane:218 - (OptionalMessage_ERROR) Pin4 (VP_RIF_VS_RIF1) cannot be retrieved for this MCU
2025-08-21 10:44:33,049 [INFO] RtosManager:558 - Registered RTOS mode: class=CMSIS, group=RTOS, mode=CMSIS_V1, owner=FREERTOS
2025-08-21 10:44:33,050 [INFO] RtosManager:558 - Registered RTOS mode: class=CMSIS, group=RTOS2, mode=CMSIS_V2, owner=FREERTOS
2025-08-21 10:44:33,050 [INFO] RtosManager:558 - Registered RTOS mode: class=RTOS, group=Core, mode=CMSIS_V1, owner=FREERTOS
2025-08-21 10:44:33,050 [INFO] RtosManager:558 - Registered RTOS mode: class=RTOS, group=Core, mode=CMSIS_V2, owner=FREERTOS
2025-08-21 10:44:33,050 [WARN] ModelIntegratedComponent:184 - Missing modes for component STMicroelectronics:FreeRTOS:0.0.1:STMicroelectronics:RTOS:FreeRTOS:Core:::10.2.0:
2025-08-21 10:44:33,069 [WARN] ModelIntegratedComponent:63 - No mode defined for component null
2025-08-21 10:44:33,070 [WARN] ModelIntegratedComponent:63 - No mode defined for component null
2025-08-21 10:44:33,070 [WARN] ModelIntegratedComponent:63 - No mode defined for component null
2025-08-21 10:44:33,070 [WARN] ModelIntegratedComponent:63 - No mode defined for component null
2025-08-21 10:44:33,070 [WARN] ModelIntegratedComponent:63 - No mode defined for component null
2025-08-21 10:44:33,070 [WARN] ModelIntegratedComponent:63 - No mode defined for component null
2025-08-21 10:44:33,071 [WARN] ModelIntegratedComponent:63 - No mode defined for component null
2025-08-21 10:44:33,071 [WARN] ModelIntegratedComponent:63 - No mode defined for component null
2025-08-21 10:44:33,071 [WARN] ModelIntegratedComponent:63 - No mode defined for component null
2025-08-21 10:44:33,071 [WARN] ModelIntegratedComponent:63 - No mode defined for component null
2025-08-21 10:44:33,071 [WARN] ModelIntegratedComponent:63 - No mode defined for component null
2025-08-21 10:44:33,071 [WARN] ModelIntegratedComponent:63 - No mode defined for component null
2025-08-21 10:44:33,071 [WARN] ModelIntegratedComponent:63 - No mode defined for component null
2025-08-21 10:44:33,072 [WARN] ModelIntegratedComponent:63 - No mode defined for component null
2025-08-21 10:44:33,072 [WARN] ModelIntegratedComponent:63 - No mode defined for component null
2025-08-21 10:44:33,072 [WARN] ModelIntegratedComponent:63 - No mode defined for component null
2025-08-21 10:44:33,072 [WARN] ModelIntegratedComponent:63 - No mode defined for component null
2025-08-21 10:44:33,072 [WARN] ModelIntegratedComponent:63 - No mode defined for component null
2025-08-21 10:44:33,072 [WARN] ModelIntegratedComponent:63 - No mode defined for component null
2025-08-21 10:44:33,073 [WARN] ModelIntegratedComponent:63 - No mode defined for component null
2025-08-21 10:44:33,073 [WARN] ModelIntegratedComponent:63 - No mode defined for component null
2025-08-21 10:44:33,073 [WARN] ModelIntegratedComponent:63 - No mode defined for component null
2025-08-21 10:44:33,073 [WARN] ModelIntegratedComponent:63 - No mode defined for component null
2025-08-21 10:44:33,073 [WARN] ModelIntegratedComponent:63 - No mode defined for component null
2025-08-21 10:44:33,073 [WARN] ModelIntegratedComponent:63 - No mode defined for component null
2025-08-21 10:44:33,073 [WARN] ModelIntegratedComponent:63 - No mode defined for component null
2025-08-21 10:44:33,074 [WARN] ModelIntegratedComponent:63 - No mode defined for component null
2025-08-21 10:44:33,074 [WARN] ModelIntegratedComponent:63 - No mode defined for component null
2025-08-21 10:44:33,074 [WARN] ModelIntegratedComponent:63 - No mode defined for component null
2025-08-21 10:44:33,074 [WARN] ModelIntegratedComponent:63 - No mode defined for component null
2025-08-21 10:44:33,074 [WARN] ModelIntegratedComponent:63 - No mode defined for component null
2025-08-21 10:44:33,074 [WARN] ModelIntegratedComponent:63 - No mode defined for component null
2025-08-21 10:44:33,074 [WARN] ModelIntegratedComponent:63 - No mode defined for component null
2025-08-21 10:44:33,075 [WARN] ModelIntegratedComponent:63 - No mode defined for component null
2025-08-21 10:44:33,075 [WARN] ModelIntegratedComponent:63 - No mode defined for component null
2025-08-21 10:44:33,075 [WARN] ModelPack:524 - Component already loaded: STMicroelectronics:HAL Drivers:0.0.0:STMicroelectronics:Device:STMicro_Driver:XSPI:HAL::0.0.1:HAL_XSPI
2025-08-21 10:44:33,308 [INFO] ThirdPartyModel:298 - Start build external matchings
2025-08-21 10:44:35,234 [INFO] ThirdPartyModel:316 - End build external matchings
2025-08-21 10:44:35,269 [INFO] ImportTextPane:218 - (OptionalMessage_ERROR) IP (RCC) : Invalid parameter (FamilyName)
2025-08-21 10:44:35,481 [INFO] UtilMem:75 - End LoadConfig() Used Memory: 595659384 Bytes (940572672)
2025-08-21 10:44:35,528 [WARN] ThirdParty:833 - waiting for thirdparty lock release [change project]
2025-08-21 10:44:35,528 [INFO] ThirdParty:835 - entering critical section [change project]
2025-08-21 10:44:35,536 [INFO] ThirdParty:1030 - CMSIS Pack Vendor :STMicroelectronics X-CUBE-PM33A1 1.0.0
2025-08-21 10:44:35,538 [INFO] ThirdParty:1030 - CMSIS Pack Vendor :STMicroelectronics USBPD 4.1
2025-08-21 10:44:35,538 [INFO] ThirdParty:1030 - CMSIS Pack Vendor :STMicroelectronics X-CUBE-AZRTOS-H7 3.3.0
2025-08-21 10:44:35,538 [INFO] ThirdParty:1030 - CMSIS Pack Vendor :STMicroelectronics X-CUBE-NFC9 1.0.0
2025-08-21 10:44:35,538 [INFO] ThirdParty:1030 - CMSIS Pack Vendor :wolfSSL I-CUBE-wolfSSL 5.8.0
2025-08-21 10:44:35,539 [INFO] ThirdParty:1030 - CMSIS Pack Vendor :STMicroelectronics USB_HOST 2.0.0
2025-08-21 10:44:35,539 [INFO] ThirdParty:1030 - CMSIS Pack Vendor :STMicroelectronics FP-SNS-MOTENVWB1 1.4.0
2025-08-21 10:44:35,539 [INFO] ThirdParty:1030 - CMSIS Pack Vendor :STMicroelectronics X-CUBE-AZRTOS-F4 1.1.0
2025-08-21 10:44:35,539 [INFO] ThirdParty:1030 - CMSIS Pack Vendor :STMicroelectronics LIBJPEG 8.0.0
2025-08-21 10:44:35,539 [INFO] ThirdParty:1030 - CMSIS Pack Vendor :Avnet-IotConnect X-CUBE-IoTC-DA16k-PMOD 1.0.0
2025-08-21 10:44:35,540 [INFO] ThirdParty:1030 - CMSIS Pack Vendor :STMicroelectronics X-CUBE-SMBUS 2.1.0
2025-08-21 10:44:35,540 [INFO] ThirdParty:1030 - CMSIS Pack Vendor :wolfSSL I-CUBE-wolfMQTT 1.19.2
2025-08-21 10:44:35,540 [INFO] ThirdParty:1030 - CMSIS Pack Vendor :STMicroelectronics USB_DEVICE 3.0.0
2025-08-21 10:44:35,540 [INFO] ThirdParty:1030 - CMSIS Pack Vendor :STMicroelectronics X-CUBE-ISPU 2.1.0
2025-08-21 10:44:35,540 [INFO] ThirdParty:1030 - CMSIS Pack Vendor :STMicroelectronics X-CUBE-AZRTOS-WB 2.0.0
2025-08-21 10:44:35,540 [INFO] ThirdParty:1030 - CMSIS Pack Vendor :STMicroelectronics X-CUBE-ST60 1.0.0
2025-08-21 10:44:35,541 [INFO] ThirdParty:1030 - CMSIS Pack Vendor :STMicroelectronics X-CUBE-AZRTOS-F7 1.1.0
2025-08-21 10:44:35,541 [INFO] ThirdParty:1030 - CMSIS Pack Vendor :STMicroelectronics X-CUBE-AZRTOS-L5 2.0.0
2025-08-21 10:44:35,543 [INFO] ThirdParty:1030 - CMSIS Pack Vendor :STMicroelectronics X-CUBE-TOUCHGFX 4.25.0
2025-08-21 10:44:35,543 [INFO] ThirdParty:1030 - CMSIS Pack Vendor :STMicroelectronics USB_DEVICE 2.0.0
2025-08-21 10:44:35,544 [INFO] ThirdParty:1030 - CMSIS Pack Vendor :STMicroelectronics X-CUBE-NFC6 3.1.0
2025-08-21 10:44:35,544 [INFO] ThirdParty:1030 - CMSIS Pack Vendor :STMicroelectronics X-CUBE-AI 10.1.0
2025-08-21 10:44:35,544 [INFO] ThirdParty:1030 - CMSIS Pack Vendor :STMicroelectronics FP-SNS-STBOX1 2.0.0
2025-08-21 10:44:35,544 [INFO] ThirdParty:1030 - CMSIS Pack Vendor :STMicroelectronics X-CUBE-MEMS1 11.2.0
2025-08-21 10:44:35,544 [INFO] ThirdParty:1030 - CMSIS Pack Vendor :STMicroelectronics FreeRTOS 0.0.1
2025-08-21 10:44:35,544 [INFO] ThirdParty:1030 - CMSIS Pack Vendor :STMicroelectronics X-CUBE-AZRTOS-G0 1.1.0
2025-08-21 10:44:35,544 [INFO] ThirdParty:1030 - CMSIS Pack Vendor :STMicroelectronics X-CUBE-SAFEA1 1.2.2
2025-08-21 10:44:35,545 [INFO] ThirdParty:1030 - CMSIS Pack Vendor :STMicroelectronics X-CUBE-NFC4 3.0.0
2025-08-21 10:44:35,545 [INFO] ThirdParty:1030 - CMSIS Pack Vendor :STMicroelectronics X-CUBE-SUBG2 5.0.0
2025-08-21 10:44:35,545 [INFO] ThirdParty:1030 - CMSIS Pack Vendor :STMicroelectronics X-CUBE-AZRTOS-H7RS 1.1.0
2025-08-21 10:44:35,545 [INFO] ThirdParty:1030 - CMSIS Pack Vendor :STMicroelectronics STM32_WPAN 1.0.0
2025-08-21 10:44:35,545 [INFO] ThirdParty:1030 - CMSIS Pack Vendor :EmbeddedOffice I-CUBE-FS-RTOS 1.0.1
2025-08-21 10:44:35,545 [INFO] ThirdParty:1030 - CMSIS Pack Vendor :STMicroelectronics lwIP 2.0.3
2025-08-21 10:44:35,545 [INFO] ThirdParty:1030 - CMSIS Pack Vendor :Cesanta I-CUBE-Mongoose 7.13.0
2025-08-21 10:44:35,546 [INFO] ThirdParty:1030 - CMSIS Pack Vendor :STMicroelectronics USB_HOST 1.0.0
2025-08-21 10:44:35,546 [INFO] ThirdParty:1030 - CMSIS Pack Vendor :Infineon AIROC-Wi-Fi-Bluetooth-STM32 1.7.0
2025-08-21 10:44:35,546 [INFO] ThirdParty:1030 - CMSIS Pack Vendor :STMicroelectronics X-CUBE-AZRTOS-G4 2.0.0
2025-08-21 10:44:35,546 [INFO] ThirdParty:1030 - CMSIS Pack Vendor :STMicroelectronics X-CUBE-WB05N 2.0.0
2025-08-21 10:44:35,546 [INFO] ThirdParty:1030 - CMSIS Pack Vendor :STMicroelectronics PDM2PCM 3.1.0
2025-08-21 10:44:35,546 [INFO] ThirdParty:1030 - CMSIS Pack Vendor :STMicroelectronics PDM2PCM 3.3.0
2025-08-21 10:44:35,547 [INFO] ThirdParty:1030 - CMSIS Pack Vendor :wolfSSL I-CUBE-wolfTPM 3.8.0
2025-08-21 10:44:35,547 [INFO] ThirdParty:1030 - CMSIS Pack Vendor :STMicroelectronics X-CUBE-DISPLAY 3.0.0
2025-08-21 10:44:35,547 [INFO] ThirdParty:1030 - CMSIS Pack Vendor :wolfSSL I-CUBE-wolfSSH 1.4.20
2025-08-21 10:44:35,547 [INFO] ThirdParty:1030 - CMSIS Pack Vendor :STMicroelectronics X-CUBE-NFC7 2.0.0
2025-08-21 10:44:35,547 [INFO] ThirdParty:1030 - CMSIS Pack Vendor :STMicroelectronics X-CUBE-TCPP 4.2.0
2025-08-21 10:44:35,547 [INFO] ThirdParty:1030 - CMSIS Pack Vendor :RealThread X-CUBE-RT-Thread_Nano 4.1.1
2025-08-21 10:44:35,547 [INFO] ThirdParty:1030 - CMSIS Pack Vendor :STMicroelectronics FP-ATR-SIGFOX1 3.2.0
2025-08-21 10:44:35,547 [INFO] ThirdParty:1030 - CMSIS Pack Vendor :STMicroelectronics X-CUBE-NFC10 1.0.0
2025-08-21 10:44:35,547 [INFO] ThirdParty:1030 - CMSIS Pack Vendor :STMicroelectronics X-CUBE-EEPRMA1 5.1.0
2025-08-21 10:44:35,548 [INFO] ThirdParty:1030 - CMSIS Pack Vendor :STMicroelectronics X-CUBE-FREERTOS 1.3.1
2025-08-21 10:44:35,548 [INFO] ThirdParty:1030 - CMSIS Pack Vendor :STMicroelectronics HAL Drivers 0.0.0
2025-08-21 10:44:35,548 [INFO] ThirdParty:1030 - CMSIS Pack Vendor :STMicroelectronics MBEDTLS 2.16.2
2025-08-21 10:44:35,548 [INFO] ThirdParty:1030 - CMSIS Pack Vendor :STMicroelectronics X-CUBE-ALS 1.0.2
2025-08-21 10:44:35,548 [INFO] ThirdParty:1030 - CMSIS Pack Vendor :emotas I-CUBE-CANOPEN 1.3.0
2025-08-21 10:44:35,548 [INFO] ThirdParty:1030 - CMSIS Pack Vendor :STMicroelectronics X-CUBE-FREERTOS 1.3.0
2025-08-21 10:44:35,548 [INFO] ThirdParty:1030 - CMSIS Pack Vendor :STMicroelectronics MBEDTLS 2.14.1
2025-08-21 10:44:35,548 [INFO] ThirdParty:1030 - CMSIS Pack Vendor :ITTIA_DB I-CUBE-ITTIADB 8.9.0
2025-08-21 10:44:35,548 [INFO] ThirdParty:1030 - CMSIS Pack Vendor :portGmbH I-Cube-SoM-uGOAL 1.1.0
2025-08-21 10:44:35,549 [INFO] ThirdParty:1030 - CMSIS Pack Vendor :quantropi X-CUBE-qispace-sdk-base 2.0.0
2025-08-21 10:44:35,549 [INFO] ThirdParty:1030 - CMSIS Pack Vendor :STMicroelectronics X-CUBE-AI 10.0.0
2025-08-21 10:44:35,549 [INFO] ThirdParty:1030 - CMSIS Pack Vendor :STMicroelectronics X-CUBE-ST67W61 1.0.0
2025-08-21 10:44:35,549 [INFO] ThirdParty:1030 - CMSIS Pack Vendor :STMicroelectronics FP-SNS-STAIOTCFT 1.0.0
2025-08-21 10:44:35,549 [INFO] ThirdParty:1030 - CMSIS Pack Vendor :STMicroelectronics ThreadX 1.0.0
2025-08-21 10:44:35,549 [INFO] ThirdParty:1030 - CMSIS Pack Vendor :STMicroelectronics FP-SNS-SMARTAG2 1.2.0
2025-08-21 10:44:35,549 [INFO] ThirdParty:1030 - CMSIS Pack Vendor :STMicroelectronics X-CUBE-AZRTOS-WL 2.0.0
2025-08-21 10:44:35,549 [INFO] ThirdParty:1030 - CMSIS Pack Vendor :SEGGER I-CUBE-embOS 1.3.1
2025-08-21 10:44:35,549 [INFO] ThirdParty:1030 - CMSIS Pack Vendor :STMicroelectronics X-CUBE-ALGOBUILD 1.4.0
2025-08-21 10:44:35,549 [INFO] ThirdParty:1030 - CMSIS Pack Vendor :STMicroelectronics X-CUBE-MEMS1 11.3.0
2025-08-21 10:44:35,549 [INFO] ThirdParty:1030 - CMSIS Pack Vendor :STMicroelectronics FP-SNS-MOTENV1 5.0.0
2025-08-21 10:44:35,550 [INFO] ThirdParty:1030 - CMSIS Pack Vendor :STMicroelectronics USB_DEVICE 1.0.0
2025-08-21 10:44:35,550 [INFO] ThirdParty:1030 - CMSIS Pack Vendor :STMicroelectronics X-CUBE-AZRTOS-L4 2.0.0
2025-08-21 10:44:35,550 [INFO] ThirdParty:1030 - CMSIS Pack Vendor :STMicroelectronics ThreadX 0.0.2
2025-08-21 10:44:35,550 [INFO] ThirdParty:1030 - CMSIS Pack Vendor :WES I-CUBE-Cesium 1.3.0
2025-08-21 10:44:35,550 [INFO] ThirdParty:1030 - CMSIS Pack Vendor :STMicroelectronics lwIP 2.1.2
2025-08-21 10:44:35,550 [INFO] ThirdParty:1030 - CMSIS Pack Vendor :STMicroelectronics X-CUBE-SFXS2LP1 4.0.0
2025-08-21 10:44:35,550 [INFO] ThirdParty:1030 - CMSIS Pack Vendor :STMicroelectronics X-CUBE-BLE2 3.3.0
2025-08-21 10:44:35,550 [INFO] ThirdParty:1030 - CMSIS Pack Vendor :STMicroelectronics X-CUBE-TOF1 3.4.3
2025-08-21 10:44:35,550 [INFO] ThirdParty:1030 - CMSIS Pack Vendor :STMicroelectronics PDM2PCM 3.2.0
2025-08-21 10:44:35,551 [INFO] ThirdParty:841 - exiting critical section [change project]
2025-08-21 10:44:35,964 [INFO] PinOutPanel:1589 - setPackage(No Configuration,No Configuration)
2025-08-21 10:44:35,966 [INFO] PinOutPanel:1589 - setPackage(STM32F030F4Px,TSSOP20)
2025-08-21 10:44:37,899 [INFO] UtilMem:75 - Before build in PCC Used Memory: 701485856 Bytes (940572672)
2025-08-21 10:44:38,537 [INFO] UtilMem:75 - After build in PCC Used Memory: 742828000 Bytes (940572672)
2025-08-21 10:44:38,568 [INFO] IPUIPlugin:80 - create IPUIPlugin
2025-08-21 10:44:38,568 [INFO] IPUIPlugin:80 - create IPUIPlugin
2025-08-21 10:44:38,569 [INFO] IPUIPlugin:80 - create IPUIPlugin
2025-08-21 10:44:38,569 [INFO] IPUIPlugin:80 - create IPUIPlugin
2025-08-21 10:44:38,569 [INFO] IPUIPlugin:80 - create IPUIPlugin
2025-08-21 10:44:38,569 [INFO] IPUIPlugin:80 - create IPUIPlugin
2025-08-21 10:44:38,570 [INFO] IPUIPlugin:80 - create IPUIPlugin
2025-08-21 10:44:38,570 [INFO] IPUIPlugin:80 - create IPUIPlugin
2025-08-21 10:44:38,570 [INFO] IPUIPlugin:80 - create IPUIPlugin
2025-08-21 10:44:38,571 [INFO] IPUIPlugin:80 - create IPUIPlugin
2025-08-21 10:44:38,571 [INFO] IPUIPlugin:80 - create IPUIPlugin
2025-08-21 10:44:38,572 [INFO] IPUIPlugin:80 - create IPUIPlugin
2025-08-21 10:44:38,572 [INFO] IPUIPlugin:80 - create IPUIPlugin
2025-08-21 10:44:38,572 [INFO] IPUIPlugin:80 - create IPUIPlugin
2025-08-21 10:44:38,573 [INFO] IPUIPlugin:80 - create IPUIPlugin
2025-08-21 10:44:38,573 [INFO] IPUIPlugin:80 - create IPUIPlugin
2025-08-21 10:44:38,573 [INFO] IPUIPlugin:80 - create IPUIPlugin
2025-08-21 10:44:38,573 [INFO] IPUIPlugin:80 - create IPUIPlugin
2025-08-21 10:44:38,574 [INFO] IPUIPlugin:80 - create IPUIPlugin
2025-08-21 10:44:38,575 [INFO] IPUIPlugin:80 - create IPUIPlugin
2025-08-21 10:44:38,575 [INFO] IPUIPlugin:80 - create IPUIPlugin
2025-08-21 10:44:38,670 [INFO] CADModel:165 - CPN selected for project levelSTM32F030F4P6
2025-08-21 10:44:38,670 [INFO] CADModel:114 - Register for checkConnection events
2025-08-21 10:44:38,729 [INFO] OpenFileManager:385 - Restore cursor
2025-08-21 10:46:11,101 [INFO] UtilMem:75 - End SaveConfig() Used Memory: 806783632 Bytes (1073741824)
2025-08-21 10:46:11,553 [INFO] BlockDiagram:2775 - set Specific Code input for plugin: NVIC
2025-08-21 10:46:11,554 [INFO] BlockDiagram:2775 - set Specific Code input for plugin: SYS
2025-08-21 10:46:11,555 [INFO] BlockDiagram:2775 - set Specific Code input for plugin: GPIO
2025-08-21 10:46:11,555 [INFO] BlockDiagram:2775 - set Specific Code input for plugin: RCC
2025-08-21 10:46:11,557 [INFO] CodeGenerator:882 - code generatio: config db path: C:\ST\STM32CubeIDE_1.18.1\STM32CubeIDE\plugins\com.st.stm32cube.common.mx_6.14.1.202504091515\\db\
2025-08-21 10:46:11,765 [INFO] CodeEngine:263 - oldGeneratedFile, C:\STM_proj\STM32F030F4P6_HAL\MXTmpFiles\license.tmp_save
2025-08-21 10:46:12,341 [INFO] CodeEngine:287 - Generated code: C:\STM_proj\STM32F030F4P6_HAL\MXTmpFiles\license.tmp
2025-08-21 10:46:12,458 [INFO] CodeEngine:263 - oldGeneratedFile, C:\STM_proj\STM32F030F4P6_HAL\MXTmpFiles\gpio.tmp_save
2025-08-21 10:46:12,779 [INFO] CodeEngine:287 - Generated code: C:\STM_proj\STM32F030F4P6_HAL\MXTmpFiles\gpio.tmp
2025-08-21 10:46:12,838 [INFO] CodeEngine:263 - oldGeneratedFile, C:\STM_proj\STM32F030F4P6_HAL\Core\Src\stm32f0xx_it.c_save
2025-08-21 10:46:13,458 [INFO] CodeEngine:287 - Generated code: C:\STM_proj\STM32F030F4P6_HAL\Core\Src\stm32f0xx_it.c
2025-08-21 10:46:13,471 [INFO] CodeEngine:263 - oldGeneratedFile, C:\STM_proj\STM32F030F4P6_HAL\Core\Inc\stm32f0xx_it.h_save
2025-08-21 10:46:13,733 [INFO] CodeEngine:287 - Generated code: C:\STM_proj\STM32F030F4P6_HAL\Core\Inc\stm32f0xx_it.h
2025-08-21 10:46:13,765 [INFO] CodeEngine:263 - oldGeneratedFile, C:\STM_proj\STM32F030F4P6_HAL\Core\Src\stm32f0xx_hal_msp.c_save
2025-08-21 10:46:14,162 [INFO] CodeEngine:287 - Generated code: C:\STM_proj\STM32F030F4P6_HAL\Core\Src\stm32f0xx_hal_msp.c
2025-08-21 10:46:14,175 [INFO] CodeEngine:263 - oldGeneratedFile, C:\STM_proj\STM32F030F4P6_HAL\MXTmpFiles\system.tmp_save
2025-08-21 10:46:14,351 [INFO] CodeEngine:287 - Generated code: C:\STM_proj\STM32F030F4P6_HAL\MXTmpFiles\system.tmp
2025-08-21 10:46:14,376 [INFO] CodeEngine:319 - oldGeneratedFile, C:\STM_proj\STM32F030F4P6_HAL\Core\Inc\stm32f0xx_hal_conf.h_save
2025-08-21 10:46:14,597 [INFO] CodeEngine:343 - Generated code: C:\STM_proj\STM32F030F4P6_HAL\Core\Inc\stm32f0xx_hal_conf.h
2025-08-21 10:46:14,652 [INFO] ApiDbMcu:508 - Load IP Config File for RCC
2025-08-21 10:46:14,667 [INFO] CodeEngine:263 - oldGeneratedFile, C:\STM_proj\STM32F030F4P6_HAL\Core\Inc\main.h_save
2025-08-21 10:46:14,919 [INFO] CodeEngine:287 - Generated code: C:\STM_proj\STM32F030F4P6_HAL\Core\Inc\main.h
2025-08-21 10:46:14,932 [INFO] CodeEngine:263 - oldGeneratedFile, C:\STM_proj\STM32F030F4P6_HAL\Core\Src\main.c_save
2025-08-21 10:46:15,145 [INFO] CodeEngine:287 - Generated code: C:\STM_proj\STM32F030F4P6_HAL\Core\Src\main.c
2025-08-21 10:46:15,928 [INFO] ProjectBuilder:3324 - Time for Copy HAL[1] : 275mS.
2025-08-21 10:46:15,934 [INFO] ProjectBuilder:4912 - Project Generator version: 4.6.0.1-B1
2025-08-21 10:46:16,157 [INFO] ConfigFileManager:1590 - The Die is : DIE444
2025-08-21 10:46:16,166 [INFO] ApiDbMcu:508 - Load IP Config File for FATFS
2025-08-21 10:46:16,175 [INFO] ApiDbMcu:508 - Load IP Config File for FREERTOS
2025-08-21 10:46:17,497 [ERROR] ConfigurationRetriever:142 - IOException on connection: Read timed out
2025-08-21 10:46:19,016 [INFO] ProjectBuilder:5191 - Time for Generating toolchain IDE Files: 3083mS.
2025-08-21 10:46:19,021 [INFO] ProjectBuilder:3181 - Time for Copy CMSIS : 2mS.
2025-08-21 10:46:19,029 [INFO] ProjectBuilder:3181 - Time for Copy CMSIS : 0mS.
2025-08-21 10:46:22,560 [ERROR] ConfigurationRetriever:142 - IOException on connection: Read timed out
2025-08-21 10:46:30,645 [ERROR] ConfigurationRetriever:142 - IOException on connection: Read timed out
2025-08-21 10:51:29,117 [INFO] UtilMem:75 - End SaveConfig() Used Memory: 811486712 Bytes (1073741824)
2025-08-21 10:51:29,674 [INFO] UtilMem:75 - End SaveConfig() Used Memory: 590344152 Bytes (1073741824)
2025-08-21 10:51:30,857 [INFO] UtilMem:75 - End SaveConfig() Used Memory: 450688960 Bytes (1073741824)
2025-08-21 10:51:31,679 [INFO] BlockDiagram:2775 - set Specific Code input for plugin: NVIC
2025-08-21 10:51:31,680 [INFO] BlockDiagram:2775 - set Specific Code input for plugin: SYS
2025-08-21 10:51:31,680 [INFO] BlockDiagram:2775 - set Specific Code input for plugin: GPIO
2025-08-21 10:51:31,680 [INFO] BlockDiagram:2775 - set Specific Code input for plugin: RCC
2025-08-21 10:51:31,682 [INFO] CodeGenerator:882 - code generatio: config db path: C:\ST\STM32CubeIDE_1.18.1\STM32CubeIDE\plugins\com.st.stm32cube.common.mx_6.14.1.202504091515\\db\
2025-08-21 10:51:31,853 [INFO] CodeEngine:263 - oldGeneratedFile, C:\STM_proj\STM32F030F4P6_HAL\MXTmpFiles\license.tmp_save
2025-08-21 10:51:32,612 [INFO] CodeEngine:287 - Generated code: C:\STM_proj\STM32F030F4P6_HAL\MXTmpFiles\license.tmp
2025-08-21 10:51:32,648 [INFO] CodeEngine:263 - oldGeneratedFile, C:\STM_proj\STM32F030F4P6_HAL\MXTmpFiles\gpio.tmp_save
2025-08-21 10:51:32,986 [INFO] CodeEngine:287 - Generated code: C:\STM_proj\STM32F030F4P6_HAL\MXTmpFiles\gpio.tmp
2025-08-21 10:51:33,025 [INFO] CodeEngine:263 - oldGeneratedFile, C:\STM_proj\STM32F030F4P6_HAL\Core\Src\stm32f0xx_it.c_save
2025-08-21 10:51:33,796 [INFO] CodeEngine:287 - Generated code: C:\STM_proj\STM32F030F4P6_HAL\Core\Src\stm32f0xx_it.c
2025-08-21 10:51:33,805 [INFO] CodeEngine:263 - oldGeneratedFile, C:\STM_proj\STM32F030F4P6_HAL\Core\Inc\stm32f0xx_it.h_save
2025-08-21 10:51:34,028 [INFO] CodeEngine:287 - Generated code: C:\STM_proj\STM32F030F4P6_HAL\Core\Inc\stm32f0xx_it.h
2025-08-21 10:51:34,046 [INFO] CodeEngine:263 - oldGeneratedFile, C:\STM_proj\STM32F030F4P6_HAL\Core\Src\stm32f0xx_hal_msp.c_save
2025-08-21 10:51:34,326 [INFO] CodeEngine:287 - Generated code: C:\STM_proj\STM32F030F4P6_HAL\Core\Src\stm32f0xx_hal_msp.c
2025-08-21 10:51:34,333 [INFO] CodeEngine:263 - oldGeneratedFile, C:\STM_proj\STM32F030F4P6_HAL\MXTmpFiles\system.tmp_save
2025-08-21 10:51:34,463 [INFO] CodeEngine:287 - Generated code: C:\STM_proj\STM32F030F4P6_HAL\MXTmpFiles\system.tmp
2025-08-21 10:51:34,482 [INFO] CodeEngine:319 - oldGeneratedFile, C:\STM_proj\STM32F030F4P6_HAL\Core\Inc\stm32f0xx_hal_conf.h_save
2025-08-21 10:51:34,627 [INFO] CodeEngine:343 - Generated code: C:\STM_proj\STM32F030F4P6_HAL\Core\Inc\stm32f0xx_hal_conf.h
2025-08-21 10:51:34,665 [INFO] CodeEngine:263 - oldGeneratedFile, C:\STM_proj\STM32F030F4P6_HAL\Core\Inc\main.h_save
2025-08-21 10:51:34,881 [INFO] CodeEngine:287 - Generated code: C:\STM_proj\STM32F030F4P6_HAL\Core\Inc\main.h
2025-08-21 10:51:34,890 [INFO] CodeEngine:263 - oldGeneratedFile, C:\STM_proj\STM32F030F4P6_HAL\Core\Src\main.c_save
2025-08-21 10:51:35,110 [INFO] CodeEngine:287 - Generated code: C:\STM_proj\STM32F030F4P6_HAL\Core\Src\main.c
2025-08-21 10:51:35,111 [ERROR] ConfigurationRetriever:142 - IOException on connection: Read timed out
2025-08-21 10:51:35,741 [INFO] ProjectBuilder:3324 - Time for Copy HAL[1] : 226mS.
2025-08-21 10:51:35,746 [INFO] ProjectBuilder:4912 - Project Generator version: 4.6.0.1-B1
2025-08-21 10:51:35,939 [INFO] ConfigFileManager:1590 - The Die is : DIE444
2025-08-21 10:51:38,213 [INFO] ProjectBuilder:5191 - Time for Generating toolchain IDE Files: 2467mS.
2025-08-21 10:51:38,214 [INFO] ProjectBuilder:3181 - Time for Copy CMSIS : 1mS.
2025-08-21 10:51:38,235 [INFO] ProjectBuilder:3181 - Time for Copy CMSIS : 0mS.
2025-08-21 11:13:51,196 [ERROR] ConfigurationRetriever:142 - IOException on connection: Read timed out
2025-08-21 11:13:56,187 [ERROR] ConfigurationRetriever:142 - IOException on connection: Read timed out
2025-08-21 11:16:07,699 [ERROR] ConfigurationRetriever:142 - IOException on connection: Read timed out
2025-08-21 11:35:04,969 [INFO] NvicIntPanel:101 - NVIC parent = com.st.microxplorer.plugins.ip.nvic.MultiNvicIntPanel[,0,0,0x0,invalid,layout=javax.swing.BoxLayout,alignmentX=0.0,alignmentY=0.0,border=,flags=9,maximumSize=,minimumSize=,preferredSize=]
2025-08-21 11:35:11,887 [INFO] NvicIntPanel:101 - NVIC parent = com.st.microxplorer.plugins.ip.nvic.MultiNvicIntPanel[,0,0,0x0,invalid,layout=javax.swing.BoxLayout,alignmentX=0.0,alignmentY=0.0,border=,flags=9,maximumSize=,minimumSize=,preferredSize=]
2025-08-21 11:35:15,528 [INFO] NvicIntPanel:101 - NVIC parent = com.st.microxplorer.plugins.ip.nvic.MultiNvicIntPanel[,0,0,0x0,invalid,layout=javax.swing.BoxLayout,alignmentX=0.0,alignmentY=0.0,border=,flags=9,maximumSize=,minimumSize=,preferredSize=]
2025-08-21 11:35:19,297 [INFO] NvicIntPanel:101 - NVIC parent = com.st.microxplorer.plugins.ip.nvic.MultiNvicIntPanel[,0,0,0x0,invalid,layout=javax.swing.BoxLayout,alignmentX=0.0,alignmentY=0.0,border=,flags=9,maximumSize=,minimumSize=,preferredSize=]
2025-08-21 11:35:25,992 [INFO] NvicIntPanel:101 - NVIC parent = com.st.microxplorer.plugins.ip.nvic.MultiNvicIntPanel[,0,0,0x0,invalid,layout=javax.swing.BoxLayout,alignmentX=0.0,alignmentY=0.0,border=,flags=9,maximumSize=,minimumSize=,preferredSize=]
2025-08-21 13:46:12,050 [ERROR] ConfigurationRetriever:142 - IOException on connection: sw-center.st.com
2025-08-21 13:46:12,052 [ERROR] ConfigurationRetriever:142 - IOException on connection: sw-center.st.com
2025-08-21 13:46:12,053 [ERROR] ConfigurationRetriever:142 - IOException on connection: sw-center.st.com
