2025-09-24 09:50:13,658 [ERROR] CheckConnectionManager:249 - Problem, Http access forbiden
2025-09-24 09:50:13,681 [INFO] MainUpdater:2872 - connection check result : 22
2025-09-24 09:50:14,095 [INFO] MicroXplorer:468 - Change Database Path : 
2025-09-24 09:50:14,095 [INFO] MicroXplorer:498 - Change Database Version : DB.6.0.141
2025-09-24 09:50:14,186 [ERROR] ProjectManagerView:395 - 
java.lang.NullPointerException: Cannot invoke "javax.swing.JTextField.getText()" because the return value of "java.util.List.get(int)" is null
	at com.st.microxplorer.plugins.projectmanager.gui.ProjectChoiceTab$9.caretUpdate(ProjectChoiceTab.java:2678) ~[filemanager.jar:?]
	at javax.swing.text.JTextComponent.fireCaretUpdate(JTextComponent.java:408) ~[?:?]
	at javax.swing.text.JTextComponent$MutableCaretEvent.fire(JTextComponent.java:4484) ~[?:?]
	at javax.swing.text.JTextComponent$MutableCaretEvent.stateChanged(JTextComponent.java:4506) ~[?:?]
	at javax.swing.text.DefaultCaret.fireStateChanged(DefaultCaret.java:857) ~[?:?]
	at javax.swing.text.DefaultCaret.changeCaretPosition(DefaultCaret.java:1343) ~[?:?]
	at javax.swing.text.DefaultCaret.handleSetDot(DefaultCaret.java:1242) ~[?:?]
	at javax.swing.text.DefaultCaret.setDot(DefaultCaret.java:1223) ~[?:?]
	at javax.swing.text.DefaultCaret$Handler.insertUpdate(DefaultCaret.java:1819) ~[?:?]
	at javax.swing.text.AbstractDocument.fireInsertUpdate(AbstractDocument.java:227) ~[?:?]
	at javax.swing.text.AbstractDocument.handleInsertString(AbstractDocument.java:781) ~[?:?]
	at javax.swing.text.AbstractDocument.insertString(AbstractDocument.java:740) ~[?:?]
	at javax.swing.text.PlainDocument.insertString(PlainDocument.java:131) ~[?:?]
	at javax.swing.text.AbstractDocument.replace(AbstractDocument.java:699) ~[?:?]
	at javax.swing.text.JTextComponent.setText(JTextComponent.java:1725) ~[?:?]
	at com.st.microxplorer.plugins.projectmanager.gui.ProjectChoiceTab.createHeapStackFields(ProjectChoiceTab.java:979) ~[filemanager.jar:?]
	at com.st.microxplorer.plugins.projectmanager.gui.ProjectChoiceTab.buildLinkSettingsPanel(ProjectChoiceTab.java:3766) ~[filemanager.jar:?]
	at com.st.microxplorer.plugins.projectmanager.gui.ProjectChoiceTab.defineWindowsFields(ProjectChoiceTab.java:1962) ~[filemanager.jar:?]
	at com.st.microxplorer.plugins.projectmanager.gui.ProjectChoiceTab.updateSettings(ProjectChoiceTab.java:555) ~[filemanager.jar:?]
	at com.st.microxplorer.plugins.projectmanager.gui.ProjectSettingsPanel.UpdateDialog(ProjectSettingsPanel.java:245) ~[filemanager.jar:?]
	at com.st.microxplorer.plugins.projectmanager.ProjectManagerView.propertyChange(ProjectManagerView.java:392) ~[filemanager.jar:?]
	at java.beans.PropertyChangeSupport.fire(PropertyChangeSupport.java:343) ~[?:?]
	at java.beans.PropertyChangeSupport.firePropertyChange(PropertyChangeSupport.java:335) ~[?:?]
	at java.beans.PropertyChangeSupport.firePropertyChange(PropertyChangeSupport.java:268) ~[?:?]
	at com.st.microxplorer.util.MXPropertyChangeSupport.firePropertyChange(MXPropertyChangeSupport.java:54) ~[STM32CubeMX.jar:?]
	at com.st.microxplorer.mxsystem.MxSystem.closeConfig(MxSystem.java:899) ~[STM32CubeMX.jar:?]
	at com.st.microxplorer.maingui.MainPanel.closeConfig(MainPanel.java:789) ~[STM32CubeMX.jar:?]
	at com.st.microxplorer.plugins.filemanager.engine.OpenFileManager.loadConfigurationFile(OpenFileManager.java:287) ~[filemanager.jar:?]
	at com.st.microxplorer.plugins.filemanager.engine.MainFileManager.userLoadConfig(MainFileManager.java:341) ~[filemanager.jar:?]
	at com.st.microxplorer.plugins.filemanager.engine.MainFileManager.userLoadConfig(MainFileManager.java:319) ~[filemanager.jar:?]
	at com.st.microxplorer.plugins.filemanager.FileManagerView.getSpecificTask(FileManagerView.java:246) ~[filemanager.jar:?]
	at com.st.stm32cube.common.mx.editor.CubeMxEditor.getMxTabbedPaneInstance(CubeMxEditor.java:1198) ~[com.st.stm32cube.common.mx_6.14.1.202504091515/:?]
	at com.st.stm32cube.common.mx.editor.CubeMxEditor$12$1.createSwingComponent(CubeMxEditor.java:1068) ~[com.st.stm32cube.common.mx_6.14.1.202504091515/:?]
	at com.st.stm32cube.common.mx.oss.core.awtswtbridge.EmbeddedSwingComposite.doComponentCreation(EmbeddedSwingComposite.java:492) ~[com.st.stm32cube.common.mx.oss_6.14.1.202504091515/:?]
	at com.st.stm32cube.common.mx.oss.core.awtswtbridge.EmbeddedSwingComposite$4.run(EmbeddedSwingComposite.java:291) ~[com.st.stm32cube.common.mx.oss_6.14.1.202504091515/:?]
	at com.st.stm32cube.common.mx.oss.core.awtswtbridge.AwtEnvironment$2.run(AwtEnvironment.java:166) ~[com.st.stm32cube.common.mx.oss_6.14.1.202504091515/:?]
	at java.awt.event.InvocationEvent.dispatch(InvocationEvent.java:318) ~[?:?]
	at java.awt.EventQueue.dispatchEventImpl(EventQueue.java:773) ~[?:?]
	at java.awt.EventQueue$4.run(EventQueue.java:720) ~[?:?]
	at java.awt.EventQueue$4.run(EventQueue.java:714) ~[?:?]
	at java.security.AccessController.doPrivileged(AccessController.java:400) ~[?:?]
	at java.security.ProtectionDomain$JavaSecurityAccessImpl.doIntersectionPrivilege(ProtectionDomain.java:87) ~[?:?]
	at java.awt.EventQueue.dispatchEvent(EventQueue.java:742) ~[?:?]
	at java.awt.EventDispatchThread.pumpOneEventForFilters(EventDispatchThread.java:203) ~[?:?]
	at java.awt.EventDispatchThread.pumpEventsForFilter(EventDispatchThread.java:124) ~[?:?]
	at java.awt.EventDispatchThread.pumpEventsForHierarchy(EventDispatchThread.java:113) ~[?:?]
	at java.awt.EventDispatchThread.pumpEvents(EventDispatchThread.java:109) ~[?:?]
	at java.awt.EventDispatchThread.pumpEvents(EventDispatchThread.java:101) ~[?:?]
	at java.awt.EventDispatchThread.run(EventDispatchThread.java:90) ~[?:?]
2025-09-24 09:50:14,207 [WARN] ThirdParty:871 - waiting for thirdparty lock release [close project]
2025-09-24 09:50:14,207 [INFO] ThirdParty:873 - entering critical section [close project]
2025-09-24 09:50:14,207 [INFO] ThirdParty:883 - exiting critical section [close project]
2025-09-24 09:50:14,211 [INFO] PinOutPanel:1589 - setPackage(No Configuration,No Configuration)
2025-09-24 09:50:14,231 [INFO] UtilMem:75 - Begin LoadConfig() Used Memory: 291479680 Bytes (549453824)
2025-09-24 09:50:14,233 [INFO] MicroXplorer:468 - Change Database Path : 
2025-09-24 09:50:14,233 [INFO] MicroXplorer:498 - Change Database Version : DB.6.0.141
2025-09-24 09:50:14,233 [INFO] OpenFileManager:354 - Change cursor
2025-09-24 09:50:14,317 [INFO] Mcu:2011 - Initializing MCU STM32F030F4Px STM32F030F4Px STM32F030F4P6
2025-09-24 09:50:15,793 [INFO] Context:756 - Trying to add GPIOservice into a context  which must be forbidden
2025-09-24 09:50:16,129 [INFO] ImportTextPane:218 - (OptionalMessage_ERROR) Pin4 (VP_RIF_VS_RIF1) cannot be retrieved for this MCU
2025-09-24 09:50:16,493 [INFO] RtosManager:558 - Registered RTOS mode: class=CMSIS, group=RTOS, mode=CMSIS_V1, owner=FREERTOS
2025-09-24 09:50:16,494 [INFO] RtosManager:558 - Registered RTOS mode: class=CMSIS, group=RTOS2, mode=CMSIS_V2, owner=FREERTOS
2025-09-24 09:50:16,494 [INFO] RtosManager:558 - Registered RTOS mode: class=RTOS, group=Core, mode=CMSIS_V1, owner=FREERTOS
2025-09-24 09:50:16,494 [INFO] RtosManager:558 - Registered RTOS mode: class=RTOS, group=Core, mode=CMSIS_V2, owner=FREERTOS
2025-09-24 09:50:16,494 [WARN] ModelIntegratedComponent:184 - Missing modes for component STMicroelectronics:FreeRTOS:0.0.1:STMicroelectronics:RTOS:FreeRTOS:Core:::10.2.0:
2025-09-24 09:50:16,518 [WARN] ModelIntegratedComponent:63 - No mode defined for component null
2025-09-24 09:50:16,518 [WARN] ModelIntegratedComponent:63 - No mode defined for component null
2025-09-24 09:50:16,518 [WARN] ModelIntegratedComponent:63 - No mode defined for component null
2025-09-24 09:50:16,518 [WARN] ModelIntegratedComponent:63 - No mode defined for component null
2025-09-24 09:50:16,518 [WARN] ModelIntegratedComponent:63 - No mode defined for component null
2025-09-24 09:50:16,519 [WARN] ModelIntegratedComponent:63 - No mode defined for component null
2025-09-24 09:50:16,519 [WARN] ModelIntegratedComponent:63 - No mode defined for component null
2025-09-24 09:50:16,519 [WARN] ModelIntegratedComponent:63 - No mode defined for component null
2025-09-24 09:50:16,519 [WARN] ModelIntegratedComponent:63 - No mode defined for component null
2025-09-24 09:50:16,520 [WARN] ModelIntegratedComponent:63 - No mode defined for component null
2025-09-24 09:50:16,520 [WARN] ModelIntegratedComponent:63 - No mode defined for component null
2025-09-24 09:50:16,520 [WARN] ModelIntegratedComponent:63 - No mode defined for component null
2025-09-24 09:50:16,520 [WARN] ModelIntegratedComponent:63 - No mode defined for component null
2025-09-24 09:50:16,521 [WARN] ModelIntegratedComponent:63 - No mode defined for component null
2025-09-24 09:50:16,521 [WARN] ModelIntegratedComponent:63 - No mode defined for component null
2025-09-24 09:50:16,521 [WARN] ModelIntegratedComponent:63 - No mode defined for component null
2025-09-24 09:50:16,521 [WARN] ModelIntegratedComponent:63 - No mode defined for component null
2025-09-24 09:50:16,521 [WARN] ModelIntegratedComponent:63 - No mode defined for component null
2025-09-24 09:50:16,522 [WARN] ModelIntegratedComponent:63 - No mode defined for component null
2025-09-24 09:50:16,522 [WARN] ModelIntegratedComponent:63 - No mode defined for component null
2025-09-24 09:50:16,522 [WARN] ModelIntegratedComponent:63 - No mode defined for component null
2025-09-24 09:50:16,522 [WARN] ModelIntegratedComponent:63 - No mode defined for component null
2025-09-24 09:50:16,522 [WARN] ModelIntegratedComponent:63 - No mode defined for component null
2025-09-24 09:50:16,523 [WARN] ModelIntegratedComponent:63 - No mode defined for component null
2025-09-24 09:50:16,523 [WARN] ModelIntegratedComponent:63 - No mode defined for component null
2025-09-24 09:50:16,523 [WARN] ModelIntegratedComponent:63 - No mode defined for component null
2025-09-24 09:50:16,523 [WARN] ModelIntegratedComponent:63 - No mode defined for component null
2025-09-24 09:50:16,524 [WARN] ModelIntegratedComponent:63 - No mode defined for component null
2025-09-24 09:50:16,524 [WARN] ModelIntegratedComponent:63 - No mode defined for component null
2025-09-24 09:50:16,524 [WARN] ModelIntegratedComponent:63 - No mode defined for component null
2025-09-24 09:50:16,524 [WARN] ModelIntegratedComponent:63 - No mode defined for component null
2025-09-24 09:50:16,524 [WARN] ModelIntegratedComponent:63 - No mode defined for component null
2025-09-24 09:50:16,524 [WARN] ModelIntegratedComponent:63 - No mode defined for component null
2025-09-24 09:50:16,525 [WARN] ModelIntegratedComponent:63 - No mode defined for component null
2025-09-24 09:50:16,525 [WARN] ModelIntegratedComponent:63 - No mode defined for component null
2025-09-24 09:50:16,525 [WARN] ModelPack:524 - Component already loaded: STMicroelectronics:HAL Drivers:0.0.0:STMicroelectronics:Device:STMicro_Driver:XSPI:HAL::0.0.1:HAL_XSPI
2025-09-24 09:50:16,703 [INFO] ThirdPartyModel:298 - Start build external matchings
2025-09-24 09:50:17,928 [INFO] ThirdPartyModel:316 - End build external matchings
2025-09-24 09:50:17,954 [INFO] ImportTextPane:218 - (OptionalMessage_ERROR) IP (RCC) : Invalid parameter (FamilyName)
2025-09-24 09:50:18,110 [INFO] UtilMem:75 - End LoadConfig() Used Memory: 432923920 Bytes (549453824)
2025-09-24 09:50:18,163 [WARN] ThirdParty:833 - waiting for thirdparty lock release [change project]
2025-09-24 09:50:18,164 [INFO] ThirdParty:835 - entering critical section [change project]
2025-09-24 09:50:18,164 [INFO] ThirdParty:1030 - CMSIS Pack Vendor :STMicroelectronics X-CUBE-PM33A1 1.0.0
2025-09-24 09:50:18,164 [INFO] ThirdParty:1030 - CMSIS Pack Vendor :STMicroelectronics USBPD 4.1
2025-09-24 09:50:18,164 [INFO] ThirdParty:1030 - CMSIS Pack Vendor :STMicroelectronics X-CUBE-AZRTOS-H7 3.3.0
2025-09-24 09:50:18,165 [INFO] ThirdParty:1030 - CMSIS Pack Vendor :STMicroelectronics X-CUBE-NFC9 1.0.0
2025-09-24 09:50:18,166 [INFO] ThirdParty:1030 - CMSIS Pack Vendor :wolfSSL I-CUBE-wolfSSL 5.8.0
2025-09-24 09:50:18,166 [INFO] ThirdParty:1030 - CMSIS Pack Vendor :STMicroelectronics USB_HOST 2.0.0
2025-09-24 09:50:18,166 [INFO] ThirdParty:1030 - CMSIS Pack Vendor :STMicroelectronics FP-SNS-MOTENVWB1 1.4.0
2025-09-24 09:50:18,167 [INFO] ThirdParty:1030 - CMSIS Pack Vendor :STMicroelectronics X-CUBE-AZRTOS-F4 1.1.0
2025-09-24 09:50:18,167 [INFO] ThirdParty:1030 - CMSIS Pack Vendor :STMicroelectronics LIBJPEG 8.0.0
2025-09-24 09:50:18,167 [INFO] ThirdParty:1030 - CMSIS Pack Vendor :Avnet-IotConnect X-CUBE-IoTC-DA16k-PMOD 1.0.0
2025-09-24 09:50:18,167 [INFO] ThirdParty:1030 - CMSIS Pack Vendor :STMicroelectronics X-CUBE-SMBUS 2.1.0
2025-09-24 09:50:18,167 [INFO] ThirdParty:1030 - CMSIS Pack Vendor :wolfSSL I-CUBE-wolfMQTT 1.19.2
2025-09-24 09:50:18,167 [INFO] ThirdParty:1030 - CMSIS Pack Vendor :STMicroelectronics USB_DEVICE 3.0.0
2025-09-24 09:50:18,168 [INFO] ThirdParty:1030 - CMSIS Pack Vendor :STMicroelectronics X-CUBE-ISPU 2.1.0
2025-09-24 09:50:18,168 [INFO] ThirdParty:1030 - CMSIS Pack Vendor :STMicroelectronics X-CUBE-AZRTOS-WB 2.0.0
2025-09-24 09:50:18,168 [INFO] ThirdParty:1030 - CMSIS Pack Vendor :STMicroelectronics X-CUBE-ST60 1.0.0
2025-09-24 09:50:18,168 [INFO] ThirdParty:1030 - CMSIS Pack Vendor :STMicroelectronics X-CUBE-AZRTOS-F7 1.1.0
2025-09-24 09:50:18,168 [INFO] ThirdParty:1030 - CMSIS Pack Vendor :STMicroelectronics X-CUBE-AZRTOS-L5 2.0.0
2025-09-24 09:50:18,168 [INFO] ThirdParty:1030 - CMSIS Pack Vendor :STMicroelectronics X-CUBE-TOUCHGFX 4.25.0
2025-09-24 09:50:18,169 [INFO] ThirdParty:1030 - CMSIS Pack Vendor :STMicroelectronics USB_DEVICE 2.0.0
2025-09-24 09:50:18,169 [INFO] ThirdParty:1030 - CMSIS Pack Vendor :STMicroelectronics X-CUBE-NFC6 3.1.0
2025-09-24 09:50:18,169 [INFO] ThirdParty:1030 - CMSIS Pack Vendor :STMicroelectronics X-CUBE-AI 10.1.0
2025-09-24 09:50:18,172 [INFO] ThirdParty:1030 - CMSIS Pack Vendor :STMicroelectronics FP-SNS-STBOX1 2.0.0
2025-09-24 09:50:18,172 [INFO] ThirdParty:1030 - CMSIS Pack Vendor :STMicroelectronics X-CUBE-MEMS1 11.2.0
2025-09-24 09:50:18,172 [INFO] ThirdParty:1030 - CMSIS Pack Vendor :STMicroelectronics FreeRTOS 0.0.1
2025-09-24 09:50:18,172 [INFO] ThirdParty:1030 - CMSIS Pack Vendor :STMicroelectronics X-CUBE-AZRTOS-G0 1.1.0
2025-09-24 09:50:18,172 [INFO] ThirdParty:1030 - CMSIS Pack Vendor :STMicroelectronics X-CUBE-SAFEA1 1.2.2
2025-09-24 09:50:18,173 [INFO] ThirdParty:1030 - CMSIS Pack Vendor :STMicroelectronics X-CUBE-NFC4 3.0.0
2025-09-24 09:50:18,173 [INFO] ThirdParty:1030 - CMSIS Pack Vendor :STMicroelectronics X-CUBE-SUBG2 5.0.0
2025-09-24 09:50:18,173 [INFO] ThirdParty:1030 - CMSIS Pack Vendor :STMicroelectronics X-CUBE-AZRTOS-H7RS 1.1.0
2025-09-24 09:50:18,173 [INFO] ThirdParty:1030 - CMSIS Pack Vendor :STMicroelectronics STM32_WPAN 1.0.0
2025-09-24 09:50:18,173 [INFO] ThirdParty:1030 - CMSIS Pack Vendor :EmbeddedOffice I-CUBE-FS-RTOS 1.0.1
2025-09-24 09:50:18,173 [INFO] ThirdParty:1030 - CMSIS Pack Vendor :STMicroelectronics lwIP 2.0.3
2025-09-24 09:50:18,173 [INFO] ThirdParty:1030 - CMSIS Pack Vendor :Cesanta I-CUBE-Mongoose 7.13.0
2025-09-24 09:50:18,173 [INFO] ThirdParty:1030 - CMSIS Pack Vendor :STMicroelectronics USB_HOST 1.0.0
2025-09-24 09:50:18,174 [INFO] ThirdParty:1030 - CMSIS Pack Vendor :Infineon AIROC-Wi-Fi-Bluetooth-STM32 1.7.0
2025-09-24 09:50:18,174 [INFO] ThirdParty:1030 - CMSIS Pack Vendor :STMicroelectronics X-CUBE-AZRTOS-G4 2.0.0
2025-09-24 09:50:18,174 [INFO] ThirdParty:1030 - CMSIS Pack Vendor :STMicroelectronics X-CUBE-WB05N 2.0.0
2025-09-24 09:50:18,174 [INFO] ThirdParty:1030 - CMSIS Pack Vendor :STMicroelectronics PDM2PCM 3.1.0
2025-09-24 09:50:18,174 [INFO] ThirdParty:1030 - CMSIS Pack Vendor :STMicroelectronics PDM2PCM 3.3.0
2025-09-24 09:50:18,174 [INFO] ThirdParty:1030 - CMSIS Pack Vendor :wolfSSL I-CUBE-wolfTPM 3.8.0
2025-09-24 09:50:18,174 [INFO] ThirdParty:1030 - CMSIS Pack Vendor :STMicroelectronics X-CUBE-DISPLAY 3.0.0
2025-09-24 09:50:18,174 [INFO] ThirdParty:1030 - CMSIS Pack Vendor :wolfSSL I-CUBE-wolfSSH 1.4.20
2025-09-24 09:50:18,174 [INFO] ThirdParty:1030 - CMSIS Pack Vendor :STMicroelectronics X-CUBE-NFC7 2.0.0
2025-09-24 09:50:18,175 [INFO] ThirdParty:1030 - CMSIS Pack Vendor :STMicroelectronics X-CUBE-TCPP 4.2.0
2025-09-24 09:50:18,175 [INFO] ThirdParty:1030 - CMSIS Pack Vendor :RealThread X-CUBE-RT-Thread_Nano 4.1.1
2025-09-24 09:50:18,175 [INFO] ThirdParty:1030 - CMSIS Pack Vendor :STMicroelectronics FP-ATR-SIGFOX1 3.2.0
2025-09-24 09:50:18,175 [INFO] ThirdParty:1030 - CMSIS Pack Vendor :STMicroelectronics X-CUBE-NFC10 1.0.0
2025-09-24 09:50:18,175 [INFO] ThirdParty:1030 - CMSIS Pack Vendor :STMicroelectronics X-CUBE-EEPRMA1 5.1.0
2025-09-24 09:50:18,175 [INFO] ThirdParty:1030 - CMSIS Pack Vendor :STMicroelectronics X-CUBE-FREERTOS 1.3.1
2025-09-24 09:50:18,175 [INFO] ThirdParty:1030 - CMSIS Pack Vendor :STMicroelectronics HAL Drivers 0.0.0
2025-09-24 09:50:18,176 [INFO] ThirdParty:1030 - CMSIS Pack Vendor :STMicroelectronics MBEDTLS 2.16.2
2025-09-24 09:50:18,176 [INFO] ThirdParty:1030 - CMSIS Pack Vendor :STMicroelectronics X-CUBE-ALS 1.0.2
2025-09-24 09:50:18,176 [INFO] ThirdParty:1030 - CMSIS Pack Vendor :emotas I-CUBE-CANOPEN 1.3.0
2025-09-24 09:50:18,176 [INFO] ThirdParty:1030 - CMSIS Pack Vendor :STMicroelectronics X-CUBE-FREERTOS 1.3.0
2025-09-24 09:50:18,176 [INFO] ThirdParty:1030 - CMSIS Pack Vendor :STMicroelectronics MBEDTLS 2.14.1
2025-09-24 09:50:18,176 [INFO] ThirdParty:1030 - CMSIS Pack Vendor :ITTIA_DB I-CUBE-ITTIADB 8.9.0
2025-09-24 09:50:18,176 [INFO] ThirdParty:1030 - CMSIS Pack Vendor :portGmbH I-Cube-SoM-uGOAL 1.1.0
2025-09-24 09:50:18,176 [INFO] ThirdParty:1030 - CMSIS Pack Vendor :quantropi X-CUBE-qispace-sdk-base 2.0.0
2025-09-24 09:50:18,177 [INFO] ThirdParty:1030 - CMSIS Pack Vendor :STMicroelectronics X-CUBE-AI 10.0.0
2025-09-24 09:50:18,177 [INFO] ThirdParty:1030 - CMSIS Pack Vendor :STMicroelectronics X-CUBE-ST67W61 1.0.0
2025-09-24 09:50:18,177 [INFO] ThirdParty:1030 - CMSIS Pack Vendor :STMicroelectronics FP-SNS-STAIOTCFT 1.0.0
2025-09-24 09:50:18,177 [INFO] ThirdParty:1030 - CMSIS Pack Vendor :STMicroelectronics ThreadX 1.0.0
2025-09-24 09:50:18,177 [INFO] ThirdParty:1030 - CMSIS Pack Vendor :STMicroelectronics FP-SNS-SMARTAG2 1.2.0
2025-09-24 09:50:18,177 [INFO] ThirdParty:1030 - CMSIS Pack Vendor :STMicroelectronics X-CUBE-AZRTOS-WL 2.0.0
2025-09-24 09:50:18,177 [INFO] ThirdParty:1030 - CMSIS Pack Vendor :SEGGER I-CUBE-embOS 1.3.1
2025-09-24 09:50:18,177 [INFO] ThirdParty:1030 - CMSIS Pack Vendor :STMicroelectronics X-CUBE-ALGOBUILD 1.4.0
2025-09-24 09:50:18,178 [INFO] ThirdParty:1030 - CMSIS Pack Vendor :STMicroelectronics X-CUBE-MEMS1 11.3.0
2025-09-24 09:50:18,178 [INFO] ThirdParty:1030 - CMSIS Pack Vendor :STMicroelectronics FP-SNS-MOTENV1 5.0.0
2025-09-24 09:50:18,178 [INFO] ThirdParty:1030 - CMSIS Pack Vendor :STMicroelectronics USB_DEVICE 1.0.0
2025-09-24 09:50:18,178 [INFO] ThirdParty:1030 - CMSIS Pack Vendor :STMicroelectronics X-CUBE-AZRTOS-L4 2.0.0
2025-09-24 09:50:18,178 [INFO] ThirdParty:1030 - CMSIS Pack Vendor :STMicroelectronics ThreadX 0.0.2
2025-09-24 09:50:18,178 [INFO] ThirdParty:1030 - CMSIS Pack Vendor :WES I-CUBE-Cesium 1.3.0
2025-09-24 09:50:18,178 [INFO] ThirdParty:1030 - CMSIS Pack Vendor :STMicroelectronics lwIP 2.1.2
2025-09-24 09:50:18,178 [INFO] ThirdParty:1030 - CMSIS Pack Vendor :STMicroelectronics X-CUBE-SFXS2LP1 4.0.0
2025-09-24 09:50:18,178 [INFO] ThirdParty:1030 - CMSIS Pack Vendor :STMicroelectronics X-CUBE-BLE2 3.3.0
2025-09-24 09:50:18,179 [INFO] ThirdParty:1030 - CMSIS Pack Vendor :STMicroelectronics X-CUBE-TOF1 3.4.3
2025-09-24 09:50:18,179 [INFO] ThirdParty:1030 - CMSIS Pack Vendor :STMicroelectronics PDM2PCM 3.2.0
2025-09-24 09:50:18,179 [INFO] ThirdParty:841 - exiting critical section [change project]
2025-09-24 09:50:18,571 [INFO] PinOutPanel:1589 - setPackage(No Configuration,No Configuration)
2025-09-24 09:50:18,573 [INFO] PinOutPanel:1589 - setPackage(STM32F030F4Px,TSSOP20)
2025-09-24 09:50:20,474 [INFO] UtilMem:75 - Before build in PCC Used Memory: 305661816 Bytes (549453824)
2025-09-24 09:50:21,132 [INFO] UtilMem:75 - After build in PCC Used Memory: 348570960 Bytes (549453824)
2025-09-24 09:50:21,169 [INFO] IPUIPlugin:80 - create IPUIPlugin
2025-09-24 09:50:21,170 [INFO] IPUIPlugin:80 - create IPUIPlugin
2025-09-24 09:50:21,170 [INFO] IPUIPlugin:80 - create IPUIPlugin
2025-09-24 09:50:21,170 [INFO] IPUIPlugin:80 - create IPUIPlugin
2025-09-24 09:50:21,170 [INFO] IPUIPlugin:80 - create IPUIPlugin
2025-09-24 09:50:21,171 [INFO] IPUIPlugin:80 - create IPUIPlugin
2025-09-24 09:50:21,171 [INFO] IPUIPlugin:80 - create IPUIPlugin
2025-09-24 09:50:21,171 [INFO] IPUIPlugin:80 - create IPUIPlugin
2025-09-24 09:50:21,172 [INFO] IPUIPlugin:80 - create IPUIPlugin
2025-09-24 09:50:21,172 [INFO] IPUIPlugin:80 - create IPUIPlugin
2025-09-24 09:50:21,173 [INFO] IPUIPlugin:80 - create IPUIPlugin
2025-09-24 09:50:21,173 [INFO] IPUIPlugin:80 - create IPUIPlugin
2025-09-24 09:50:21,174 [INFO] IPUIPlugin:80 - create IPUIPlugin
2025-09-24 09:50:21,174 [INFO] IPUIPlugin:80 - create IPUIPlugin
2025-09-24 09:50:21,175 [INFO] IPUIPlugin:80 - create IPUIPlugin
2025-09-24 09:50:21,175 [INFO] IPUIPlugin:80 - create IPUIPlugin
2025-09-24 09:50:21,175 [INFO] IPUIPlugin:80 - create IPUIPlugin
2025-09-24 09:50:21,176 [INFO] IPUIPlugin:80 - create IPUIPlugin
2025-09-24 09:50:21,177 [INFO] IPUIPlugin:80 - create IPUIPlugin
2025-09-24 09:50:21,177 [INFO] IPUIPlugin:80 - create IPUIPlugin
2025-09-24 09:50:21,178 [INFO] IPUIPlugin:80 - create IPUIPlugin
2025-09-24 09:50:21,266 [INFO] CADModel:165 - CPN selected for project levelSTM32F030F4P6
2025-09-24 09:50:21,266 [INFO] CADModel:114 - Register for checkConnection events
2025-09-24 09:50:21,331 [INFO] OpenFileManager:385 - Restore cursor
2025-09-24 09:50:30,689 [INFO] CADModel:198 - CPN selected (Project mode): STM32F030F4P6
2025-09-24 09:50:30,691 [INFO] CADModel:200 - Internet connection configuration mode: 2
2025-09-24 16:03:23,674 [INFO] McuFinderGlobals:76 - Set McuFinderConnectedMode to false
2025-09-24 16:03:23,693 [INFO] MultiScanPanel:200 - Auto-refresh data requested => check proxy status ongoing
2025-09-24 16:03:23,693 [INFO] MultiScanPanel:204 - Proxy status is invalid
2025-09-24 16:03:23,699 [INFO] FinderPluginLoader:95 - Searching for filters in installed packs
2025-09-24 16:03:26,580 [INFO] DetailPanel:341 - Set advertising image to C:/Users/User/STM32Cube/Repository/\en.prom-stm32u3-mcu-finder.jpg
2025-09-24 16:09:21,147 [ERROR] CheckConnectionManager:249 - Problem, Http access forbiden
2025-09-24 16:09:21,155 [INFO] MainUpdater:2872 - connection check result : 22
2025-09-24 16:09:21,392 [INFO] MicroXplorer:468 - Change Database Path : 
2025-09-24 16:09:21,393 [INFO] MicroXplorer:498 - Change Database Version : DB.6.0.141
2025-09-24 16:09:21,446 [ERROR] ProjectManagerView:395 - 
java.lang.NullPointerException: Cannot invoke "javax.swing.JTextField.getText()" because the return value of "java.util.List.get(int)" is null
	at com.st.microxplorer.plugins.projectmanager.gui.ProjectChoiceTab$9.caretUpdate(ProjectChoiceTab.java:2678) ~[filemanager.jar:?]
	at javax.swing.text.JTextComponent.fireCaretUpdate(JTextComponent.java:408) ~[?:?]
	at javax.swing.text.JTextComponent$MutableCaretEvent.fire(JTextComponent.java:4484) ~[?:?]
	at javax.swing.text.JTextComponent$MutableCaretEvent.stateChanged(JTextComponent.java:4506) ~[?:?]
	at javax.swing.text.DefaultCaret.fireStateChanged(DefaultCaret.java:857) ~[?:?]
	at javax.swing.text.DefaultCaret.changeCaretPosition(DefaultCaret.java:1343) ~[?:?]
	at javax.swing.text.DefaultCaret.handleSetDot(DefaultCaret.java:1242) ~[?:?]
	at javax.swing.text.DefaultCaret.setDot(DefaultCaret.java:1223) ~[?:?]
	at javax.swing.text.DefaultCaret$Handler.insertUpdate(DefaultCaret.java:1819) ~[?:?]
	at javax.swing.text.AbstractDocument.fireInsertUpdate(AbstractDocument.java:227) ~[?:?]
	at javax.swing.text.AbstractDocument.handleInsertString(AbstractDocument.java:781) ~[?:?]
	at javax.swing.text.AbstractDocument.insertString(AbstractDocument.java:740) ~[?:?]
	at javax.swing.text.PlainDocument.insertString(PlainDocument.java:131) ~[?:?]
	at javax.swing.text.AbstractDocument.replace(AbstractDocument.java:699) ~[?:?]
	at javax.swing.text.JTextComponent.setText(JTextComponent.java:1725) ~[?:?]
	at com.st.microxplorer.plugins.projectmanager.gui.ProjectChoiceTab.createHeapStackFields(ProjectChoiceTab.java:979) ~[filemanager.jar:?]
	at com.st.microxplorer.plugins.projectmanager.gui.ProjectChoiceTab.buildLinkSettingsPanel(ProjectChoiceTab.java:3766) ~[filemanager.jar:?]
	at com.st.microxplorer.plugins.projectmanager.gui.ProjectChoiceTab.defineWindowsFields(ProjectChoiceTab.java:1962) ~[filemanager.jar:?]
	at com.st.microxplorer.plugins.projectmanager.gui.ProjectChoiceTab.updateSettings(ProjectChoiceTab.java:555) ~[filemanager.jar:?]
	at com.st.microxplorer.plugins.projectmanager.gui.ProjectSettingsPanel.UpdateDialog(ProjectSettingsPanel.java:245) ~[filemanager.jar:?]
	at com.st.microxplorer.plugins.projectmanager.ProjectManagerView.propertyChange(ProjectManagerView.java:392) ~[filemanager.jar:?]
	at java.beans.PropertyChangeSupport.fire(PropertyChangeSupport.java:343) ~[?:?]
	at java.beans.PropertyChangeSupport.firePropertyChange(PropertyChangeSupport.java:335) ~[?:?]
	at java.beans.PropertyChangeSupport.firePropertyChange(PropertyChangeSupport.java:268) ~[?:?]
	at com.st.microxplorer.util.MXPropertyChangeSupport.firePropertyChange(MXPropertyChangeSupport.java:54) ~[STM32CubeMX.jar:?]
	at com.st.microxplorer.mxsystem.MxSystem.closeConfig(MxSystem.java:899) ~[STM32CubeMX.jar:?]
	at com.st.microxplorer.maingui.MainPanel.closeConfig(MainPanel.java:789) ~[STM32CubeMX.jar:?]
	at com.st.microxplorer.plugins.filemanager.engine.OpenFileManager.loadConfigurationFile(OpenFileManager.java:287) ~[filemanager.jar:?]
	at com.st.microxplorer.plugins.filemanager.engine.MainFileManager.userLoadConfig(MainFileManager.java:341) ~[filemanager.jar:?]
	at com.st.microxplorer.plugins.filemanager.engine.MainFileManager.userLoadConfig(MainFileManager.java:319) ~[filemanager.jar:?]
	at com.st.microxplorer.plugins.filemanager.FileManagerView.getSpecificTask(FileManagerView.java:246) ~[filemanager.jar:?]
	at com.st.stm32cube.common.mx.editor.CubeMxEditor.getMxTabbedPaneInstance(CubeMxEditor.java:1198) ~[com.st.stm32cube.common.mx_6.14.1.202504091515/:?]
	at com.st.stm32cube.common.mx.editor.CubeMxEditor$12$1.createSwingComponent(CubeMxEditor.java:1068) ~[com.st.stm32cube.common.mx_6.14.1.202504091515/:?]
	at com.st.stm32cube.common.mx.oss.core.awtswtbridge.EmbeddedSwingComposite.doComponentCreation(EmbeddedSwingComposite.java:492) ~[com.st.stm32cube.common.mx.oss_6.14.1.202504091515/:?]
	at com.st.stm32cube.common.mx.oss.core.awtswtbridge.EmbeddedSwingComposite$4.run(EmbeddedSwingComposite.java:291) ~[com.st.stm32cube.common.mx.oss_6.14.1.202504091515/:?]
	at com.st.stm32cube.common.mx.oss.core.awtswtbridge.AwtEnvironment$2.run(AwtEnvironment.java:166) ~[com.st.stm32cube.common.mx.oss_6.14.1.202504091515/:?]
	at java.awt.event.InvocationEvent.dispatch(InvocationEvent.java:318) ~[?:?]
	at java.awt.EventQueue.dispatchEventImpl(EventQueue.java:773) ~[?:?]
	at java.awt.EventQueue$4.run(EventQueue.java:720) ~[?:?]
	at java.awt.EventQueue$4.run(EventQueue.java:714) ~[?:?]
	at java.security.AccessController.doPrivileged(AccessController.java:400) ~[?:?]
	at java.security.ProtectionDomain$JavaSecurityAccessImpl.doIntersectionPrivilege(ProtectionDomain.java:87) ~[?:?]
	at java.awt.EventQueue.dispatchEvent(EventQueue.java:742) ~[?:?]
	at java.awt.EventDispatchThread.pumpOneEventForFilters(EventDispatchThread.java:203) ~[?:?]
	at java.awt.EventDispatchThread.pumpEventsForFilter(EventDispatchThread.java:124) ~[?:?]
	at java.awt.EventDispatchThread.pumpEventsForHierarchy(EventDispatchThread.java:113) ~[?:?]
	at java.awt.EventDispatchThread.pumpEvents(EventDispatchThread.java:109) ~[?:?]
	at java.awt.EventDispatchThread.pumpEvents(EventDispatchThread.java:101) ~[?:?]
	at java.awt.EventDispatchThread.run(EventDispatchThread.java:90) ~[?:?]
2025-09-24 16:09:21,449 [WARN] ThirdParty:871 - waiting for thirdparty lock release [close project]
2025-09-24 16:09:21,449 [INFO] ThirdParty:873 - entering critical section [close project]
2025-09-24 16:09:21,449 [INFO] ThirdParty:883 - exiting critical section [close project]
2025-09-24 16:09:21,450 [INFO] PinOutPanel:1589 - setPackage(No Configuration,No Configuration)
2025-09-24 16:09:21,454 [INFO] UtilMem:75 - Begin LoadConfig() Used Memory: 531458736 Bytes (655360000)
2025-09-24 16:09:21,455 [INFO] MicroXplorer:468 - Change Database Path : 
2025-09-24 16:09:21,456 [INFO] MicroXplorer:498 - Change Database Version : DB.6.0.141
2025-09-24 16:09:21,456 [INFO] OpenFileManager:354 - Change cursor
2025-09-24 16:09:21,513 [INFO] Mcu:2011 - Initializing MCU STM32F030F4Px STM32F030F4Px STM32F030F4P6
2025-09-24 16:09:22,919 [INFO] Context:756 - Trying to add GPIOservice into a context  which must be forbidden
2025-09-24 16:09:23,218 [INFO] ImportTextPane:218 - (OptionalMessage_ERROR) Unable to find key (Mcu.ThirdPartyNb) in loaded IOC file
2025-09-24 16:09:23,218 [INFO] ImportTextPane:218 - (OptionalMessage_ERROR) Unable to find key (Mcu.PinsNb) in loaded IOC file
2025-09-24 16:09:23,218 [INFO] ImportTextPane:218 - (OptionalMessage_ERROR) Pin0 (VP_RIF_VS_RIF1) cannot be retrieved for this MCU
2025-09-24 16:09:23,218 [INFO] ImportTextPane:218 - (OptionalMessage_ERROR) Unable to find key (Mcu.IPNb) in loaded IOC file
2025-09-24 16:09:23,458 [INFO] RtosManager:558 - Registered RTOS mode: class=CMSIS, group=RTOS, mode=CMSIS_V1, owner=FREERTOS
2025-09-24 16:09:23,458 [INFO] RtosManager:558 - Registered RTOS mode: class=CMSIS, group=RTOS2, mode=CMSIS_V2, owner=FREERTOS
2025-09-24 16:09:23,459 [INFO] RtosManager:558 - Registered RTOS mode: class=RTOS, group=Core, mode=CMSIS_V1, owner=FREERTOS
2025-09-24 16:09:23,459 [INFO] RtosManager:558 - Registered RTOS mode: class=RTOS, group=Core, mode=CMSIS_V2, owner=FREERTOS
2025-09-24 16:09:23,459 [WARN] ModelIntegratedComponent:184 - Missing modes for component STMicroelectronics:FreeRTOS:0.0.1:STMicroelectronics:RTOS:FreeRTOS:Core:::10.2.0:
2025-09-24 16:09:23,481 [WARN] ModelIntegratedComponent:63 - No mode defined for component null
2025-09-24 16:09:23,481 [WARN] ModelIntegratedComponent:63 - No mode defined for component null
2025-09-24 16:09:23,482 [WARN] ModelIntegratedComponent:63 - No mode defined for component null
2025-09-24 16:09:23,482 [WARN] ModelIntegratedComponent:63 - No mode defined for component null
2025-09-24 16:09:23,482 [WARN] ModelIntegratedComponent:63 - No mode defined for component null
2025-09-24 16:09:23,482 [WARN] ModelIntegratedComponent:63 - No mode defined for component null
2025-09-24 16:09:23,482 [WARN] ModelIntegratedComponent:63 - No mode defined for component null
2025-09-24 16:09:23,483 [WARN] ModelIntegratedComponent:63 - No mode defined for component null
2025-09-24 16:09:23,483 [WARN] ModelIntegratedComponent:63 - No mode defined for component null
2025-09-24 16:09:23,483 [WARN] ModelIntegratedComponent:63 - No mode defined for component null
2025-09-24 16:09:23,483 [WARN] ModelIntegratedComponent:63 - No mode defined for component null
2025-09-24 16:09:23,483 [WARN] ModelIntegratedComponent:63 - No mode defined for component null
2025-09-24 16:09:23,484 [WARN] ModelIntegratedComponent:63 - No mode defined for component null
2025-09-24 16:09:23,484 [WARN] ModelIntegratedComponent:63 - No mode defined for component null
2025-09-24 16:09:23,484 [WARN] ModelIntegratedComponent:63 - No mode defined for component null
2025-09-24 16:09:23,484 [WARN] ModelIntegratedComponent:63 - No mode defined for component null
2025-09-24 16:09:23,484 [WARN] ModelIntegratedComponent:63 - No mode defined for component null
2025-09-24 16:09:23,484 [WARN] ModelIntegratedComponent:63 - No mode defined for component null
2025-09-24 16:09:23,485 [WARN] ModelIntegratedComponent:63 - No mode defined for component null
2025-09-24 16:09:23,485 [WARN] ModelIntegratedComponent:63 - No mode defined for component null
2025-09-24 16:09:23,485 [WARN] ModelIntegratedComponent:63 - No mode defined for component null
2025-09-24 16:09:23,485 [WARN] ModelIntegratedComponent:63 - No mode defined for component null
2025-09-24 16:09:23,485 [WARN] ModelIntegratedComponent:63 - No mode defined for component null
2025-09-24 16:09:23,486 [WARN] ModelIntegratedComponent:63 - No mode defined for component null
2025-09-24 16:09:23,486 [WARN] ModelIntegratedComponent:63 - No mode defined for component null
2025-09-24 16:09:23,486 [WARN] ModelIntegratedComponent:63 - No mode defined for component null
2025-09-24 16:09:23,486 [WARN] ModelIntegratedComponent:63 - No mode defined for component null
2025-09-24 16:09:23,487 [WARN] ModelIntegratedComponent:63 - No mode defined for component null
2025-09-24 16:09:23,487 [WARN] ModelIntegratedComponent:63 - No mode defined for component null
2025-09-24 16:09:23,487 [WARN] ModelIntegratedComponent:63 - No mode defined for component null
2025-09-24 16:09:23,487 [WARN] ModelIntegratedComponent:63 - No mode defined for component null
2025-09-24 16:09:23,487 [WARN] ModelIntegratedComponent:63 - No mode defined for component null
2025-09-24 16:09:23,488 [WARN] ModelIntegratedComponent:63 - No mode defined for component null
2025-09-24 16:09:23,488 [WARN] ModelIntegratedComponent:63 - No mode defined for component null
2025-09-24 16:09:23,488 [WARN] ModelIntegratedComponent:63 - No mode defined for component null
2025-09-24 16:09:23,488 [WARN] ModelPack:524 - Component already loaded: STMicroelectronics:HAL Drivers:0.0.0:STMicroelectronics:Device:STMicro_Driver:XSPI:HAL::0.0.1:HAL_XSPI
2025-09-24 16:09:23,650 [INFO] ThirdPartyModel:298 - Start build external matchings
2025-09-24 16:09:24,776 [INFO] ThirdPartyModel:316 - End build external matchings
2025-09-24 16:09:24,938 [INFO] UtilMem:75 - End LoadConfig() Used Memory: 309146608 Bytes (655360000)
2025-09-24 16:09:24,994 [WARN] ThirdParty:833 - waiting for thirdparty lock release [change project]
2025-09-24 16:09:24,995 [INFO] ThirdParty:835 - entering critical section [change project]
2025-09-24 16:09:24,996 [INFO] ThirdParty:1030 - CMSIS Pack Vendor :STMicroelectronics X-CUBE-PM33A1 1.0.0
2025-09-24 16:09:24,999 [INFO] ThirdParty:1030 - CMSIS Pack Vendor :STMicroelectronics USBPD 4.1
2025-09-24 16:09:25,000 [INFO] ThirdParty:1030 - CMSIS Pack Vendor :STMicroelectronics X-CUBE-AZRTOS-H7 3.3.0
2025-09-24 16:09:25,000 [INFO] ThirdParty:1030 - CMSIS Pack Vendor :STMicroelectronics X-CUBE-NFC9 1.0.0
2025-09-24 16:09:25,000 [INFO] ThirdParty:1030 - CMSIS Pack Vendor :wolfSSL I-CUBE-wolfSSL 5.8.0
2025-09-24 16:09:25,000 [INFO] ThirdParty:1030 - CMSIS Pack Vendor :STMicroelectronics USB_HOST 2.0.0
2025-09-24 16:09:25,001 [INFO] ThirdParty:1030 - CMSIS Pack Vendor :STMicroelectronics FP-SNS-MOTENVWB1 1.4.0
2025-09-24 16:09:25,001 [INFO] ThirdParty:1030 - CMSIS Pack Vendor :STMicroelectronics X-CUBE-AZRTOS-F4 1.1.0
2025-09-24 16:09:25,001 [INFO] ThirdParty:1030 - CMSIS Pack Vendor :STMicroelectronics LIBJPEG 8.0.0
2025-09-24 16:09:25,001 [INFO] ThirdParty:1030 - CMSIS Pack Vendor :Avnet-IotConnect X-CUBE-IoTC-DA16k-PMOD 1.0.0
2025-09-24 16:09:25,002 [INFO] ThirdParty:1030 - CMSIS Pack Vendor :STMicroelectronics X-CUBE-SMBUS 2.1.0
2025-09-24 16:09:25,002 [INFO] ThirdParty:1030 - CMSIS Pack Vendor :wolfSSL I-CUBE-wolfMQTT 1.19.2
2025-09-24 16:09:25,002 [INFO] ThirdParty:1030 - CMSIS Pack Vendor :STMicroelectronics USB_DEVICE 3.0.0
2025-09-24 16:09:25,003 [INFO] ThirdParty:1030 - CMSIS Pack Vendor :STMicroelectronics X-CUBE-ISPU 2.1.0
2025-09-24 16:09:25,003 [INFO] ThirdParty:1030 - CMSIS Pack Vendor :STMicroelectronics X-CUBE-AZRTOS-WB 2.0.0
2025-09-24 16:09:25,003 [INFO] ThirdParty:1030 - CMSIS Pack Vendor :STMicroelectronics X-CUBE-ST60 1.0.0
2025-09-24 16:09:25,003 [INFO] ThirdParty:1030 - CMSIS Pack Vendor :STMicroelectronics X-CUBE-AZRTOS-F7 1.1.0
2025-09-24 16:09:25,004 [INFO] ThirdParty:1030 - CMSIS Pack Vendor :STMicroelectronics X-CUBE-AZRTOS-L5 2.0.0
2025-09-24 16:09:25,004 [INFO] ThirdParty:1030 - CMSIS Pack Vendor :STMicroelectronics X-CUBE-TOUCHGFX 4.25.0
2025-09-24 16:09:25,004 [INFO] ThirdParty:1030 - CMSIS Pack Vendor :STMicroelectronics USB_DEVICE 2.0.0
2025-09-24 16:09:25,004 [INFO] ThirdParty:1030 - CMSIS Pack Vendor :STMicroelectronics X-CUBE-NFC6 3.1.0
2025-09-24 16:09:25,004 [INFO] ThirdParty:1030 - CMSIS Pack Vendor :STMicroelectronics X-CUBE-AI 10.1.0
2025-09-24 16:09:25,004 [INFO] ThirdParty:1030 - CMSIS Pack Vendor :STMicroelectronics FP-SNS-STBOX1 2.0.0
2025-09-24 16:09:25,005 [INFO] ThirdParty:1030 - CMSIS Pack Vendor :STMicroelectronics X-CUBE-MEMS1 11.2.0
2025-09-24 16:09:25,005 [INFO] ThirdParty:1030 - CMSIS Pack Vendor :STMicroelectronics FreeRTOS 0.0.1
2025-09-24 16:09:25,005 [INFO] ThirdParty:1030 - CMSIS Pack Vendor :STMicroelectronics X-CUBE-AZRTOS-G0 1.1.0
2025-09-24 16:09:25,005 [INFO] ThirdParty:1030 - CMSIS Pack Vendor :STMicroelectronics X-CUBE-SAFEA1 1.2.2
2025-09-24 16:09:25,006 [INFO] ThirdParty:1030 - CMSIS Pack Vendor :STMicroelectronics X-CUBE-NFC4 3.0.0
2025-09-24 16:09:25,006 [INFO] ThirdParty:1030 - CMSIS Pack Vendor :STMicroelectronics X-CUBE-SUBG2 5.0.0
2025-09-24 16:09:25,006 [INFO] ThirdParty:1030 - CMSIS Pack Vendor :STMicroelectronics X-CUBE-AZRTOS-H7RS 1.1.0
2025-09-24 16:09:25,006 [INFO] ThirdParty:1030 - CMSIS Pack Vendor :STMicroelectronics STM32_WPAN 1.0.0
2025-09-24 16:09:25,006 [INFO] ThirdParty:1030 - CMSIS Pack Vendor :EmbeddedOffice I-CUBE-FS-RTOS 1.0.1
2025-09-24 16:09:25,007 [INFO] ThirdParty:1030 - CMSIS Pack Vendor :STMicroelectronics lwIP 2.0.3
2025-09-24 16:09:25,007 [INFO] ThirdParty:1030 - CMSIS Pack Vendor :Cesanta I-CUBE-Mongoose 7.13.0
2025-09-24 16:09:25,007 [INFO] ThirdParty:1030 - CMSIS Pack Vendor :STMicroelectronics USB_HOST 1.0.0
2025-09-24 16:09:25,007 [INFO] ThirdParty:1030 - CMSIS Pack Vendor :Infineon AIROC-Wi-Fi-Bluetooth-STM32 1.7.0
2025-09-24 16:09:25,007 [INFO] ThirdParty:1030 - CMSIS Pack Vendor :STMicroelectronics X-CUBE-AZRTOS-G4 2.0.0
2025-09-24 16:09:25,008 [INFO] ThirdParty:1030 - CMSIS Pack Vendor :STMicroelectronics X-CUBE-WB05N 2.0.0
2025-09-24 16:09:25,008 [INFO] ThirdParty:1030 - CMSIS Pack Vendor :STMicroelectronics PDM2PCM 3.1.0
2025-09-24 16:09:25,008 [INFO] ThirdParty:1030 - CMSIS Pack Vendor :STMicroelectronics PDM2PCM 3.3.0
2025-09-24 16:09:25,008 [INFO] ThirdParty:1030 - CMSIS Pack Vendor :wolfSSL I-CUBE-wolfTPM 3.8.0
2025-09-24 16:09:25,008 [INFO] ThirdParty:1030 - CMSIS Pack Vendor :STMicroelectronics X-CUBE-DISPLAY 3.0.0
2025-09-24 16:09:25,008 [INFO] ThirdParty:1030 - CMSIS Pack Vendor :wolfSSL I-CUBE-wolfSSH 1.4.20
2025-09-24 16:09:25,009 [INFO] ThirdParty:1030 - CMSIS Pack Vendor :STMicroelectronics X-CUBE-NFC7 2.0.0
2025-09-24 16:09:25,009 [INFO] ThirdParty:1030 - CMSIS Pack Vendor :STMicroelectronics X-CUBE-TCPP 4.2.0
2025-09-24 16:09:25,009 [INFO] ThirdParty:1030 - CMSIS Pack Vendor :RealThread X-CUBE-RT-Thread_Nano 4.1.1
2025-09-24 16:09:25,010 [INFO] ThirdParty:1030 - CMSIS Pack Vendor :STMicroelectronics FP-ATR-SIGFOX1 3.2.0
2025-09-24 16:09:25,010 [INFO] ThirdParty:1030 - CMSIS Pack Vendor :STMicroelectronics X-CUBE-NFC10 1.0.0
2025-09-24 16:09:25,010 [INFO] ThirdParty:1030 - CMSIS Pack Vendor :STMicroelectronics X-CUBE-EEPRMA1 5.1.0
2025-09-24 16:09:25,010 [INFO] ThirdParty:1030 - CMSIS Pack Vendor :STMicroelectronics X-CUBE-FREERTOS 1.3.1
2025-09-24 16:09:25,011 [INFO] ThirdParty:1030 - CMSIS Pack Vendor :STMicroelectronics HAL Drivers 0.0.0
2025-09-24 16:09:25,012 [INFO] ThirdParty:1030 - CMSIS Pack Vendor :STMicroelectronics MBEDTLS 2.16.2
2025-09-24 16:09:25,012 [INFO] ThirdParty:1030 - CMSIS Pack Vendor :STMicroelectronics X-CUBE-ALS 1.0.2
2025-09-24 16:09:25,012 [INFO] ThirdParty:1030 - CMSIS Pack Vendor :emotas I-CUBE-CANOPEN 1.3.0
2025-09-24 16:09:25,012 [INFO] ThirdParty:1030 - CMSIS Pack Vendor :STMicroelectronics X-CUBE-FREERTOS 1.3.0
2025-09-24 16:09:25,013 [INFO] ThirdParty:1030 - CMSIS Pack Vendor :STMicroelectronics MBEDTLS 2.14.1
2025-09-24 16:09:25,013 [INFO] ThirdParty:1030 - CMSIS Pack Vendor :ITTIA_DB I-CUBE-ITTIADB 8.9.0
2025-09-24 16:09:25,013 [INFO] ThirdParty:1030 - CMSIS Pack Vendor :portGmbH I-Cube-SoM-uGOAL 1.1.0
2025-09-24 16:09:25,013 [INFO] ThirdParty:1030 - CMSIS Pack Vendor :quantropi X-CUBE-qispace-sdk-base 2.0.0
2025-09-24 16:09:25,013 [INFO] ThirdParty:1030 - CMSIS Pack Vendor :STMicroelectronics X-CUBE-AI 10.0.0
2025-09-24 16:09:25,014 [INFO] ThirdParty:1030 - CMSIS Pack Vendor :STMicroelectronics X-CUBE-ST67W61 1.0.0
2025-09-24 16:09:25,014 [INFO] ThirdParty:1030 - CMSIS Pack Vendor :STMicroelectronics FP-SNS-STAIOTCFT 1.0.0
2025-09-24 16:09:25,014 [INFO] ThirdParty:1030 - CMSIS Pack Vendor :STMicroelectronics ThreadX 1.0.0
2025-09-24 16:09:25,014 [INFO] ThirdParty:1030 - CMSIS Pack Vendor :STMicroelectronics FP-SNS-SMARTAG2 1.2.0
2025-09-24 16:09:25,015 [INFO] ThirdParty:1030 - CMSIS Pack Vendor :STMicroelectronics X-CUBE-AZRTOS-WL 2.0.0
2025-09-24 16:09:25,015 [INFO] ThirdParty:1030 - CMSIS Pack Vendor :SEGGER I-CUBE-embOS 1.3.1
2025-09-24 16:09:25,016 [INFO] ThirdParty:1030 - CMSIS Pack Vendor :STMicroelectronics X-CUBE-ALGOBUILD 1.4.0
2025-09-24 16:09:25,016 [INFO] ThirdParty:1030 - CMSIS Pack Vendor :STMicroelectronics X-CUBE-MEMS1 11.3.0
2025-09-24 16:09:25,016 [INFO] ThirdParty:1030 - CMSIS Pack Vendor :STMicroelectronics FP-SNS-MOTENV1 5.0.0
2025-09-24 16:09:25,016 [INFO] ThirdParty:1030 - CMSIS Pack Vendor :STMicroelectronics USB_DEVICE 1.0.0
2025-09-24 16:09:25,016 [INFO] ThirdParty:1030 - CMSIS Pack Vendor :STMicroelectronics X-CUBE-AZRTOS-L4 2.0.0
2025-09-24 16:09:25,016 [INFO] ThirdParty:1030 - CMSIS Pack Vendor :STMicroelectronics ThreadX 0.0.2
2025-09-24 16:09:25,017 [INFO] ThirdParty:1030 - CMSIS Pack Vendor :WES I-CUBE-Cesium 1.3.0
2025-09-24 16:09:25,017 [INFO] ThirdParty:1030 - CMSIS Pack Vendor :STMicroelectronics lwIP 2.1.2
2025-09-24 16:09:25,017 [INFO] ThirdParty:1030 - CMSIS Pack Vendor :STMicroelectronics X-CUBE-SFXS2LP1 4.0.0
2025-09-24 16:09:25,017 [INFO] ThirdParty:1030 - CMSIS Pack Vendor :STMicroelectronics X-CUBE-BLE2 3.3.0
2025-09-24 16:09:25,017 [INFO] ThirdParty:1030 - CMSIS Pack Vendor :STMicroelectronics X-CUBE-TOF1 3.4.3
2025-09-24 16:09:25,017 [INFO] ThirdParty:1030 - CMSIS Pack Vendor :STMicroelectronics PDM2PCM 3.2.0
2025-09-24 16:09:25,018 [INFO] ThirdParty:841 - exiting critical section [change project]
2025-09-24 16:09:25,204 [INFO] PinOutPanel:1589 - setPackage(No Configuration,No Configuration)
2025-09-24 16:09:25,206 [INFO] PinOutPanel:1589 - setPackage(STM32F030F4Px,TSSOP20)
2025-09-24 16:09:26,596 [INFO] UtilMem:75 - Before build in PCC Used Memory: 262997488 Bytes (655360000)
2025-09-24 16:09:27,113 [INFO] UtilMem:75 - After build in PCC Used Memory: 305488560 Bytes (655360000)
2025-09-24 16:09:27,143 [INFO] IPUIPlugin:80 - create IPUIPlugin
2025-09-24 16:09:27,144 [INFO] IPUIPlugin:80 - create IPUIPlugin
2025-09-24 16:09:27,144 [INFO] IPUIPlugin:80 - create IPUIPlugin
2025-09-24 16:09:27,144 [INFO] IPUIPlugin:80 - create IPUIPlugin
2025-09-24 16:09:27,145 [INFO] IPUIPlugin:80 - create IPUIPlugin
2025-09-24 16:09:27,145 [INFO] IPUIPlugin:80 - create IPUIPlugin
2025-09-24 16:09:27,145 [INFO] IPUIPlugin:80 - create IPUIPlugin
2025-09-24 16:09:27,146 [INFO] IPUIPlugin:80 - create IPUIPlugin
2025-09-24 16:09:27,148 [INFO] IPUIPlugin:80 - create IPUIPlugin
2025-09-24 16:09:27,148 [INFO] IPUIPlugin:80 - create IPUIPlugin
2025-09-24 16:09:27,149 [INFO] IPUIPlugin:80 - create IPUIPlugin
2025-09-24 16:09:27,149 [INFO] IPUIPlugin:80 - create IPUIPlugin
2025-09-24 16:09:27,150 [INFO] IPUIPlugin:80 - create IPUIPlugin
2025-09-24 16:09:27,150 [INFO] IPUIPlugin:80 - create IPUIPlugin
2025-09-24 16:09:27,151 [INFO] IPUIPlugin:80 - create IPUIPlugin
2025-09-24 16:09:27,151 [INFO] IPUIPlugin:80 - create IPUIPlugin
2025-09-24 16:09:27,151 [INFO] IPUIPlugin:80 - create IPUIPlugin
2025-09-24 16:09:27,152 [INFO] IPUIPlugin:80 - create IPUIPlugin
2025-09-24 16:09:27,152 [INFO] IPUIPlugin:80 - create IPUIPlugin
2025-09-24 16:09:27,153 [INFO] IPUIPlugin:80 - create IPUIPlugin
2025-09-24 16:09:27,153 [INFO] IPUIPlugin:80 - create IPUIPlugin
2025-09-24 16:09:27,234 [INFO] CADModel:165 - CPN selected for project levelSTM32F030F4P6
2025-09-24 16:09:27,235 [INFO] CADModel:114 - Register for checkConnection events
2025-09-24 16:09:27,285 [INFO] OpenFileManager:385 - Restore cursor
2025-09-24 16:09:27,853 [INFO] UtilMem:75 - End SaveConfig() Used Memory: 357917360 Bytes (655360000)
2025-09-24 16:09:46,563 [INFO] UtilMem:75 - End SaveConfig() Used Memory: 372597424 Bytes (655360000)
2025-09-24 16:09:47,455 [INFO] BlockDiagram:2775 - set Specific Code input for plugin: NVIC
2025-09-24 16:09:47,456 [INFO] BlockDiagram:2775 - set Specific Code input for plugin: RCC
2025-09-24 16:09:47,458 [INFO] CodeGenerator:882 - code generatio: config db path: C:\ST\STM32CubeIDE_1.18.1\STM32CubeIDE\plugins\com.st.stm32cube.common.mx_6.14.1.202504091515\\db\
2025-09-24 16:09:47,792 [INFO] CodeEngine:263 - oldGeneratedFile, C:\STM_proj\STM32F0304P6_Timer\MXTmpFiles\license.tmp_save
2025-09-24 16:09:48,489 [INFO] CodeEngine:287 - Generated code: C:\STM_proj\STM32F0304P6_Timer\MXTmpFiles\license.tmp
2025-09-24 16:09:48,511 [INFO] CodeEngine:263 - oldGeneratedFile, C:\STM_proj\STM32F0304P6_Timer\Core\Src\stm32f0xx_it.c_save
2025-09-24 16:09:48,809 [INFO] CodeEngine:287 - Generated code: C:\STM_proj\STM32F0304P6_Timer\Core\Src\stm32f0xx_it.c
2025-09-24 16:09:48,814 [INFO] CodeEngine:263 - oldGeneratedFile, C:\STM_proj\STM32F0304P6_Timer\Core\Inc\stm32f0xx_it.h_save
2025-09-24 16:09:48,968 [INFO] CodeEngine:287 - Generated code: C:\STM_proj\STM32F0304P6_Timer\Core\Inc\stm32f0xx_it.h
2025-09-24 16:09:49,086 [INFO] CodeEngine:263 - oldGeneratedFile, C:\STM_proj\STM32F0304P6_Timer\Core\Src\stm32f0xx_hal_msp.c_save
2025-09-24 16:09:49,307 [INFO] CodeEngine:287 - Generated code: C:\STM_proj\STM32F0304P6_Timer\Core\Src\stm32f0xx_hal_msp.c
2025-09-24 16:09:49,312 [INFO] CodeEngine:263 - oldGeneratedFile, C:\STM_proj\STM32F0304P6_Timer\MXTmpFiles\system.tmp_save
2025-09-24 16:09:49,445 [INFO] CodeEngine:287 - Generated code: C:\STM_proj\STM32F0304P6_Timer\MXTmpFiles\system.tmp
2025-09-24 16:09:49,462 [INFO] CodeEngine:319 - oldGeneratedFile, C:\STM_proj\STM32F0304P6_Timer\Core\Inc\stm32f0xx_hal_conf.h_save
2025-09-24 16:09:49,587 [INFO] CodeEngine:343 - Generated code: C:\STM_proj\STM32F0304P6_Timer\Core\Inc\stm32f0xx_hal_conf.h
2025-09-24 16:09:49,651 [INFO] ApiDbMcu:508 - Load IP Config File for RCC
2025-09-24 16:09:49,663 [INFO] CodeEngine:263 - oldGeneratedFile, C:\STM_proj\STM32F0304P6_Timer\Core\Inc\main.h_save
2025-09-24 16:09:49,821 [INFO] CodeEngine:287 - Generated code: C:\STM_proj\STM32F0304P6_Timer\Core\Inc\main.h
2025-09-24 16:09:49,828 [INFO] CodeEngine:263 - oldGeneratedFile, C:\STM_proj\STM32F0304P6_Timer\Core\Src\main.c_save
2025-09-24 16:09:50,078 [INFO] CodeEngine:287 - Generated code: C:\STM_proj\STM32F0304P6_Timer\Core\Src\main.c
2025-09-24 16:10:19,843 [INFO] McuFinderGlobals:76 - Set McuFinderConnectedMode to true
2025-09-24 16:10:19,858 [INFO] ApiDb:448 - Save user favorites file C:\Users\User/.stm32cubeide/favorites.mcus.txt: 0 item(s)
2025-09-24 16:10:19,858 [INFO] ApiDb:452 - User favorites MCUs=[]
2025-09-24 16:13:03,371 [ERROR] CheckConnectionManager:249 - Problem, Http access forbiden
2025-09-24 16:13:03,374 [INFO] MainUpdater:2872 - connection check result : 22
2025-09-24 16:13:03,522 [INFO] MicroXplorer:468 - Change Database Path : 
2025-09-24 16:13:03,522 [INFO] MicroXplorer:498 - Change Database Version : DB.6.0.141
2025-09-24 16:13:03,545 [ERROR] ProjectManagerView:395 - 
java.lang.NullPointerException: Cannot invoke "javax.swing.JTextField.getText()" because the return value of "java.util.List.get(int)" is null
	at com.st.microxplorer.plugins.projectmanager.gui.ProjectChoiceTab$9.caretUpdate(ProjectChoiceTab.java:2678) ~[filemanager.jar:?]
	at javax.swing.text.JTextComponent.fireCaretUpdate(JTextComponent.java:408) ~[?:?]
	at javax.swing.text.JTextComponent$MutableCaretEvent.fire(JTextComponent.java:4484) ~[?:?]
	at javax.swing.text.JTextComponent$MutableCaretEvent.stateChanged(JTextComponent.java:4506) ~[?:?]
	at javax.swing.text.DefaultCaret.fireStateChanged(DefaultCaret.java:857) ~[?:?]
	at javax.swing.text.DefaultCaret.changeCaretPosition(DefaultCaret.java:1343) ~[?:?]
	at javax.swing.text.DefaultCaret.handleSetDot(DefaultCaret.java:1242) ~[?:?]
	at javax.swing.text.DefaultCaret.setDot(DefaultCaret.java:1223) ~[?:?]
	at javax.swing.text.DefaultCaret$Handler.insertUpdate(DefaultCaret.java:1819) ~[?:?]
	at javax.swing.text.AbstractDocument.fireInsertUpdate(AbstractDocument.java:227) ~[?:?]
	at javax.swing.text.AbstractDocument.handleInsertString(AbstractDocument.java:781) ~[?:?]
	at javax.swing.text.AbstractDocument.insertString(AbstractDocument.java:740) ~[?:?]
	at javax.swing.text.PlainDocument.insertString(PlainDocument.java:131) ~[?:?]
	at javax.swing.text.AbstractDocument.replace(AbstractDocument.java:699) ~[?:?]
	at javax.swing.text.JTextComponent.setText(JTextComponent.java:1725) ~[?:?]
	at com.st.microxplorer.plugins.projectmanager.gui.ProjectChoiceTab.createHeapStackFields(ProjectChoiceTab.java:979) ~[filemanager.jar:?]
	at com.st.microxplorer.plugins.projectmanager.gui.ProjectChoiceTab.buildLinkSettingsPanel(ProjectChoiceTab.java:3766) ~[filemanager.jar:?]
	at com.st.microxplorer.plugins.projectmanager.gui.ProjectChoiceTab.defineWindowsFields(ProjectChoiceTab.java:1962) ~[filemanager.jar:?]
	at com.st.microxplorer.plugins.projectmanager.gui.ProjectChoiceTab.updateSettings(ProjectChoiceTab.java:555) ~[filemanager.jar:?]
	at com.st.microxplorer.plugins.projectmanager.gui.ProjectSettingsPanel.UpdateDialog(ProjectSettingsPanel.java:245) ~[filemanager.jar:?]
	at com.st.microxplorer.plugins.projectmanager.ProjectManagerView.propertyChange(ProjectManagerView.java:392) ~[filemanager.jar:?]
	at java.beans.PropertyChangeSupport.fire(PropertyChangeSupport.java:343) ~[?:?]
	at java.beans.PropertyChangeSupport.firePropertyChange(PropertyChangeSupport.java:335) ~[?:?]
	at java.beans.PropertyChangeSupport.firePropertyChange(PropertyChangeSupport.java:268) ~[?:?]
	at com.st.microxplorer.util.MXPropertyChangeSupport.firePropertyChange(MXPropertyChangeSupport.java:54) ~[STM32CubeMX.jar:?]
	at com.st.microxplorer.mxsystem.MxSystem.closeConfig(MxSystem.java:899) ~[STM32CubeMX.jar:?]
	at com.st.microxplorer.maingui.MainPanel.closeConfig(MainPanel.java:789) ~[STM32CubeMX.jar:?]
	at com.st.microxplorer.plugins.filemanager.engine.OpenFileManager.loadConfigurationFile(OpenFileManager.java:287) ~[filemanager.jar:?]
	at com.st.microxplorer.plugins.filemanager.engine.MainFileManager.userLoadConfig(MainFileManager.java:341) ~[filemanager.jar:?]
	at com.st.microxplorer.plugins.filemanager.engine.MainFileManager.userLoadConfig(MainFileManager.java:319) ~[filemanager.jar:?]
	at com.st.microxplorer.plugins.filemanager.FileManagerView.getSpecificTask(FileManagerView.java:246) ~[filemanager.jar:?]
	at com.st.stm32cube.common.mx.editor.CubeMxEditor.getMxTabbedPaneInstance(CubeMxEditor.java:1198) ~[com.st.stm32cube.common.mx_6.14.1.202504091515/:?]
	at com.st.stm32cube.common.mx.editor.CubeMxEditor$12$1.createSwingComponent(CubeMxEditor.java:1068) ~[com.st.stm32cube.common.mx_6.14.1.202504091515/:?]
	at com.st.stm32cube.common.mx.oss.core.awtswtbridge.EmbeddedSwingComposite.doComponentCreation(EmbeddedSwingComposite.java:492) ~[com.st.stm32cube.common.mx.oss_6.14.1.202504091515/:?]
	at com.st.stm32cube.common.mx.oss.core.awtswtbridge.EmbeddedSwingComposite$4.run(EmbeddedSwingComposite.java:291) ~[com.st.stm32cube.common.mx.oss_6.14.1.202504091515/:?]
	at com.st.stm32cube.common.mx.oss.core.awtswtbridge.AwtEnvironment$2.run(AwtEnvironment.java:166) ~[com.st.stm32cube.common.mx.oss_6.14.1.202504091515/:?]
	at java.awt.event.InvocationEvent.dispatch(InvocationEvent.java:318) ~[?:?]
	at java.awt.EventQueue.dispatchEventImpl(EventQueue.java:773) ~[?:?]
	at java.awt.EventQueue$4.run(EventQueue.java:720) ~[?:?]
	at java.awt.EventQueue$4.run(EventQueue.java:714) ~[?:?]
	at java.security.AccessController.doPrivileged(AccessController.java:400) ~[?:?]
	at java.security.ProtectionDomain$JavaSecurityAccessImpl.doIntersectionPrivilege(ProtectionDomain.java:87) ~[?:?]
	at java.awt.EventQueue.dispatchEvent(EventQueue.java:742) ~[?:?]
	at java.awt.EventDispatchThread.pumpOneEventForFilters(EventDispatchThread.java:203) ~[?:?]
	at java.awt.EventDispatchThread.pumpEventsForFilter(EventDispatchThread.java:124) ~[?:?]
	at java.awt.EventDispatchThread.pumpEventsForHierarchy(EventDispatchThread.java:113) ~[?:?]
	at java.awt.EventDispatchThread.pumpEvents(EventDispatchThread.java:109) ~[?:?]
	at java.awt.EventDispatchThread.pumpEvents(EventDispatchThread.java:101) ~[?:?]
	at java.awt.EventDispatchThread.run(EventDispatchThread.java:90) ~[?:?]
2025-09-24 16:13:03,546 [WARN] ThirdParty:871 - waiting for thirdparty lock release [close project]
2025-09-24 16:13:03,547 [INFO] ThirdParty:873 - entering critical section [close project]
2025-09-24 16:13:03,547 [INFO] ThirdParty:883 - exiting critical section [close project]
2025-09-24 16:13:03,548 [INFO] PinOutPanel:1589 - setPackage(No Configuration,No Configuration)
2025-09-24 16:13:03,552 [INFO] UtilMem:75 - Begin LoadConfig() Used Memory: 422691632 Bytes (665845760)
2025-09-24 16:13:03,553 [INFO] MicroXplorer:468 - Change Database Path : 
2025-09-24 16:13:03,553 [INFO] MicroXplorer:498 - Change Database Version : DB.6.0.141
2025-09-24 16:13:03,553 [INFO] OpenFileManager:354 - Change cursor
2025-09-24 16:13:03,620 [INFO] RulesReader:64 - Compatibility file has been processed (302 Rules)
2025-09-24 16:13:03,624 [INFO] Mcu:2011 - Initializing MCU STM32F030F4Px STM32F030F4Px STM32F030F4P6
2025-09-24 16:13:04,464 [INFO] Context:756 - Trying to add GPIOservice into a context  which must be forbidden
2025-09-24 16:13:04,631 [INFO] ImportTextPane:218 - (OptionalMessage_ERROR) Pin4 (VP_RIF_VS_RIF1) cannot be retrieved for this MCU
2025-09-24 16:13:04,750 [INFO] RtosManager:558 - Registered RTOS mode: class=CMSIS, group=RTOS, mode=CMSIS_V1, owner=FREERTOS
2025-09-24 16:13:04,750 [INFO] RtosManager:558 - Registered RTOS mode: class=CMSIS, group=RTOS2, mode=CMSIS_V2, owner=FREERTOS
2025-09-24 16:13:04,750 [INFO] RtosManager:558 - Registered RTOS mode: class=RTOS, group=Core, mode=CMSIS_V1, owner=FREERTOS
2025-09-24 16:13:04,750 [INFO] RtosManager:558 - Registered RTOS mode: class=RTOS, group=Core, mode=CMSIS_V2, owner=FREERTOS
2025-09-24 16:13:04,751 [WARN] ModelIntegratedComponent:184 - Missing modes for component STMicroelectronics:FreeRTOS:0.0.1:STMicroelectronics:RTOS:FreeRTOS:Core:::10.2.0:
2025-09-24 16:13:04,768 [WARN] ModelIntegratedComponent:63 - No mode defined for component null
2025-09-24 16:13:04,769 [WARN] ModelIntegratedComponent:63 - No mode defined for component null
2025-09-24 16:13:04,769 [WARN] ModelIntegratedComponent:63 - No mode defined for component null
2025-09-24 16:13:04,769 [WARN] ModelIntegratedComponent:63 - No mode defined for component null
2025-09-24 16:13:04,769 [WARN] ModelIntegratedComponent:63 - No mode defined for component null
2025-09-24 16:13:04,770 [WARN] ModelIntegratedComponent:63 - No mode defined for component null
2025-09-24 16:13:04,770 [WARN] ModelIntegratedComponent:63 - No mode defined for component null
2025-09-24 16:13:04,770 [WARN] ModelIntegratedComponent:63 - No mode defined for component null
2025-09-24 16:13:04,770 [WARN] ModelIntegratedComponent:63 - No mode defined for component null
2025-09-24 16:13:04,770 [WARN] ModelIntegratedComponent:63 - No mode defined for component null
2025-09-24 16:13:04,770 [WARN] ModelIntegratedComponent:63 - No mode defined for component null
2025-09-24 16:13:04,770 [WARN] ModelIntegratedComponent:63 - No mode defined for component null
2025-09-24 16:13:04,771 [WARN] ModelIntegratedComponent:63 - No mode defined for component null
2025-09-24 16:13:04,771 [WARN] ModelIntegratedComponent:63 - No mode defined for component null
2025-09-24 16:13:04,771 [WARN] ModelIntegratedComponent:63 - No mode defined for component null
2025-09-24 16:13:04,771 [WARN] ModelIntegratedComponent:63 - No mode defined for component null
2025-09-24 16:13:04,771 [WARN] ModelIntegratedComponent:63 - No mode defined for component null
2025-09-24 16:13:04,771 [WARN] ModelIntegratedComponent:63 - No mode defined for component null
2025-09-24 16:13:04,771 [WARN] ModelIntegratedComponent:63 - No mode defined for component null
2025-09-24 16:13:04,772 [WARN] ModelIntegratedComponent:63 - No mode defined for component null
2025-09-24 16:13:04,772 [WARN] ModelIntegratedComponent:63 - No mode defined for component null
2025-09-24 16:13:04,772 [WARN] ModelIntegratedComponent:63 - No mode defined for component null
2025-09-24 16:13:04,772 [WARN] ModelIntegratedComponent:63 - No mode defined for component null
2025-09-24 16:13:04,772 [WARN] ModelIntegratedComponent:63 - No mode defined for component null
2025-09-24 16:13:04,773 [WARN] ModelIntegratedComponent:63 - No mode defined for component null
2025-09-24 16:13:04,773 [WARN] ModelIntegratedComponent:63 - No mode defined for component null
2025-09-24 16:13:04,773 [WARN] ModelIntegratedComponent:63 - No mode defined for component null
2025-09-24 16:13:04,773 [WARN] ModelIntegratedComponent:63 - No mode defined for component null
2025-09-24 16:13:04,773 [WARN] ModelIntegratedComponent:63 - No mode defined for component null
2025-09-24 16:13:04,773 [WARN] ModelIntegratedComponent:63 - No mode defined for component null
2025-09-24 16:13:04,774 [WARN] ModelIntegratedComponent:63 - No mode defined for component null
2025-09-24 16:13:04,774 [WARN] ModelIntegratedComponent:63 - No mode defined for component null
2025-09-24 16:13:04,774 [WARN] ModelIntegratedComponent:63 - No mode defined for component null
2025-09-24 16:13:04,775 [WARN] ModelIntegratedComponent:63 - No mode defined for component null
2025-09-24 16:13:04,775 [WARN] ModelIntegratedComponent:63 - No mode defined for component null
2025-09-24 16:13:04,775 [WARN] ModelPack:524 - Component already loaded: STMicroelectronics:HAL Drivers:0.0.0:STMicroelectronics:Device:STMicro_Driver:XSPI:HAL::0.0.1:HAL_XSPI
2025-09-24 16:13:04,897 [INFO] ThirdPartyModel:298 - Start build external matchings
2025-09-24 16:13:05,686 [INFO] ThirdPartyModel:316 - End build external matchings
2025-09-24 16:13:05,709 [INFO] ImportTextPane:218 - (OptionalMessage_ERROR) IP (RCC) : Invalid parameter (FamilyName)
2025-09-24 16:13:05,873 [INFO] UtilMem:75 - End LoadConfig() Used Memory: 511301008 Bytes (665845760)
2025-09-24 16:13:05,935 [WARN] ThirdParty:833 - waiting for thirdparty lock release [change project]
2025-09-24 16:13:05,936 [INFO] ThirdParty:835 - entering critical section [change project]
2025-09-24 16:13:05,936 [INFO] ThirdParty:1030 - CMSIS Pack Vendor :STMicroelectronics X-CUBE-PM33A1 1.0.0
2025-09-24 16:13:05,936 [INFO] ThirdParty:1030 - CMSIS Pack Vendor :STMicroelectronics USBPD 4.1
2025-09-24 16:13:05,936 [INFO] ThirdParty:1030 - CMSIS Pack Vendor :STMicroelectronics X-CUBE-AZRTOS-H7 3.3.0
2025-09-24 16:13:05,936 [INFO] ThirdParty:1030 - CMSIS Pack Vendor :STMicroelectronics X-CUBE-NFC9 1.0.0
2025-09-24 16:13:05,936 [INFO] ThirdParty:1030 - CMSIS Pack Vendor :wolfSSL I-CUBE-wolfSSL 5.8.0
2025-09-24 16:13:05,936 [INFO] ThirdParty:1030 - CMSIS Pack Vendor :STMicroelectronics USB_HOST 2.0.0
2025-09-24 16:13:05,937 [INFO] ThirdParty:1030 - CMSIS Pack Vendor :STMicroelectronics FP-SNS-MOTENVWB1 1.4.0
2025-09-24 16:13:05,937 [INFO] ThirdParty:1030 - CMSIS Pack Vendor :STMicroelectronics X-CUBE-AZRTOS-F4 1.1.0
2025-09-24 16:13:05,937 [INFO] ThirdParty:1030 - CMSIS Pack Vendor :STMicroelectronics LIBJPEG 8.0.0
2025-09-24 16:13:05,937 [INFO] ThirdParty:1030 - CMSIS Pack Vendor :Avnet-IotConnect X-CUBE-IoTC-DA16k-PMOD 1.0.0
2025-09-24 16:13:05,937 [INFO] ThirdParty:1030 - CMSIS Pack Vendor :STMicroelectronics X-CUBE-SMBUS 2.1.0
2025-09-24 16:13:05,937 [INFO] ThirdParty:1030 - CMSIS Pack Vendor :wolfSSL I-CUBE-wolfMQTT 1.19.2
2025-09-24 16:13:05,938 [INFO] ThirdParty:1030 - CMSIS Pack Vendor :STMicroelectronics USB_DEVICE 3.0.0
2025-09-24 16:13:05,940 [INFO] ThirdParty:1030 - CMSIS Pack Vendor :STMicroelectronics X-CUBE-ISPU 2.1.0
2025-09-24 16:13:05,941 [INFO] ThirdParty:1030 - CMSIS Pack Vendor :STMicroelectronics X-CUBE-AZRTOS-WB 2.0.0
2025-09-24 16:13:05,942 [INFO] ThirdParty:1030 - CMSIS Pack Vendor :STMicroelectronics X-CUBE-ST60 1.0.0
2025-09-24 16:13:05,943 [INFO] ThirdParty:1030 - CMSIS Pack Vendor :STMicroelectronics X-CUBE-AZRTOS-F7 1.1.0
2025-09-24 16:13:05,943 [INFO] ThirdParty:1030 - CMSIS Pack Vendor :STMicroelectronics X-CUBE-AZRTOS-L5 2.0.0
2025-09-24 16:13:05,943 [INFO] ThirdParty:1030 - CMSIS Pack Vendor :STMicroelectronics X-CUBE-TOUCHGFX 4.25.0
2025-09-24 16:13:05,943 [INFO] ThirdParty:1030 - CMSIS Pack Vendor :STMicroelectronics USB_DEVICE 2.0.0
2025-09-24 16:13:05,943 [INFO] ThirdParty:1030 - CMSIS Pack Vendor :STMicroelectronics X-CUBE-NFC6 3.1.0
2025-09-24 16:13:05,943 [INFO] ThirdParty:1030 - CMSIS Pack Vendor :STMicroelectronics X-CUBE-AI 10.1.0
2025-09-24 16:13:05,943 [INFO] ThirdParty:1030 - CMSIS Pack Vendor :STMicroelectronics FP-SNS-STBOX1 2.0.0
2025-09-24 16:13:05,943 [INFO] ThirdParty:1030 - CMSIS Pack Vendor :STMicroelectronics X-CUBE-MEMS1 11.2.0
2025-09-24 16:13:05,943 [INFO] ThirdParty:1030 - CMSIS Pack Vendor :STMicroelectronics FreeRTOS 0.0.1
2025-09-24 16:13:05,944 [INFO] ThirdParty:1030 - CMSIS Pack Vendor :STMicroelectronics X-CUBE-AZRTOS-G0 1.1.0
2025-09-24 16:13:05,946 [INFO] ThirdParty:1030 - CMSIS Pack Vendor :STMicroelectronics X-CUBE-SAFEA1 1.2.2
2025-09-24 16:13:05,947 [INFO] ThirdParty:1030 - CMSIS Pack Vendor :STMicroelectronics X-CUBE-NFC4 3.0.0
2025-09-24 16:13:05,947 [INFO] ThirdParty:1030 - CMSIS Pack Vendor :STMicroelectronics X-CUBE-SUBG2 5.0.0
2025-09-24 16:13:05,947 [INFO] ThirdParty:1030 - CMSIS Pack Vendor :STMicroelectronics X-CUBE-AZRTOS-H7RS 1.1.0
2025-09-24 16:13:05,947 [INFO] ThirdParty:1030 - CMSIS Pack Vendor :STMicroelectronics STM32_WPAN 1.0.0
2025-09-24 16:13:05,947 [INFO] ThirdParty:1030 - CMSIS Pack Vendor :EmbeddedOffice I-CUBE-FS-RTOS 1.0.1
2025-09-24 16:13:05,947 [INFO] ThirdParty:1030 - CMSIS Pack Vendor :STMicroelectronics lwIP 2.0.3
2025-09-24 16:13:05,947 [INFO] ThirdParty:1030 - CMSIS Pack Vendor :Cesanta I-CUBE-Mongoose 7.13.0
2025-09-24 16:13:05,947 [INFO] ThirdParty:1030 - CMSIS Pack Vendor :STMicroelectronics USB_HOST 1.0.0
2025-09-24 16:13:05,948 [INFO] ThirdParty:1030 - CMSIS Pack Vendor :Infineon AIROC-Wi-Fi-Bluetooth-STM32 1.7.0
2025-09-24 16:13:05,948 [INFO] ThirdParty:1030 - CMSIS Pack Vendor :STMicroelectronics X-CUBE-AZRTOS-G4 2.0.0
2025-09-24 16:13:05,948 [INFO] ThirdParty:1030 - CMSIS Pack Vendor :STMicroelectronics X-CUBE-WB05N 2.0.0
2025-09-24 16:13:05,948 [INFO] ThirdParty:1030 - CMSIS Pack Vendor :STMicroelectronics PDM2PCM 3.1.0
2025-09-24 16:13:05,948 [INFO] ThirdParty:1030 - CMSIS Pack Vendor :STMicroelectronics PDM2PCM 3.3.0
2025-09-24 16:13:05,948 [INFO] ThirdParty:1030 - CMSIS Pack Vendor :wolfSSL I-CUBE-wolfTPM 3.8.0
2025-09-24 16:13:05,948 [INFO] ThirdParty:1030 - CMSIS Pack Vendor :STMicroelectronics X-CUBE-DISPLAY 3.0.0
2025-09-24 16:13:05,948 [INFO] ThirdParty:1030 - CMSIS Pack Vendor :wolfSSL I-CUBE-wolfSSH 1.4.20
2025-09-24 16:13:05,948 [INFO] ThirdParty:1030 - CMSIS Pack Vendor :STMicroelectronics X-CUBE-NFC7 2.0.0
2025-09-24 16:13:05,948 [INFO] ThirdParty:1030 - CMSIS Pack Vendor :STMicroelectronics X-CUBE-TCPP 4.2.0
2025-09-24 16:13:05,951 [INFO] ThirdParty:1030 - CMSIS Pack Vendor :RealThread X-CUBE-RT-Thread_Nano 4.1.1
2025-09-24 16:13:05,952 [INFO] ThirdParty:1030 - CMSIS Pack Vendor :STMicroelectronics FP-ATR-SIGFOX1 3.2.0
2025-09-24 16:13:05,952 [INFO] ThirdParty:1030 - CMSIS Pack Vendor :STMicroelectronics X-CUBE-NFC10 1.0.0
2025-09-24 16:13:05,952 [INFO] ThirdParty:1030 - CMSIS Pack Vendor :STMicroelectronics X-CUBE-EEPRMA1 5.1.0
2025-09-24 16:13:05,952 [INFO] ThirdParty:1030 - CMSIS Pack Vendor :STMicroelectronics X-CUBE-FREERTOS 1.3.1
2025-09-24 16:13:05,953 [INFO] ThirdParty:1030 - CMSIS Pack Vendor :STMicroelectronics HAL Drivers 0.0.0
2025-09-24 16:13:05,953 [INFO] ThirdParty:1030 - CMSIS Pack Vendor :STMicroelectronics MBEDTLS 2.16.2
2025-09-24 16:13:05,953 [INFO] ThirdParty:1030 - CMSIS Pack Vendor :STMicroelectronics X-CUBE-ALS 1.0.2
2025-09-24 16:13:05,953 [INFO] ThirdParty:1030 - CMSIS Pack Vendor :emotas I-CUBE-CANOPEN 1.3.0
2025-09-24 16:13:05,953 [INFO] ThirdParty:1030 - CMSIS Pack Vendor :STMicroelectronics X-CUBE-FREERTOS 1.3.0
2025-09-24 16:13:05,953 [INFO] ThirdParty:1030 - CMSIS Pack Vendor :STMicroelectronics MBEDTLS 2.14.1
2025-09-24 16:13:05,953 [INFO] ThirdParty:1030 - CMSIS Pack Vendor :ITTIA_DB I-CUBE-ITTIADB 8.9.0
2025-09-24 16:13:05,953 [INFO] ThirdParty:1030 - CMSIS Pack Vendor :portGmbH I-Cube-SoM-uGOAL 1.1.0
2025-09-24 16:13:05,954 [INFO] ThirdParty:1030 - CMSIS Pack Vendor :quantropi X-CUBE-qispace-sdk-base 2.0.0
2025-09-24 16:13:05,954 [INFO] ThirdParty:1030 - CMSIS Pack Vendor :STMicroelectronics X-CUBE-AI 10.0.0
2025-09-24 16:13:05,954 [INFO] ThirdParty:1030 - CMSIS Pack Vendor :STMicroelectronics X-CUBE-ST67W61 1.0.0
2025-09-24 16:13:05,954 [INFO] ThirdParty:1030 - CMSIS Pack Vendor :STMicroelectronics FP-SNS-STAIOTCFT 1.0.0
2025-09-24 16:13:05,954 [INFO] ThirdParty:1030 - CMSIS Pack Vendor :STMicroelectronics ThreadX 1.0.0
2025-09-24 16:13:05,954 [INFO] ThirdParty:1030 - CMSIS Pack Vendor :STMicroelectronics FP-SNS-SMARTAG2 1.2.0
2025-09-24 16:13:05,954 [INFO] ThirdParty:1030 - CMSIS Pack Vendor :STMicroelectronics X-CUBE-AZRTOS-WL 2.0.0
2025-09-24 16:13:05,954 [INFO] ThirdParty:1030 - CMSIS Pack Vendor :SEGGER I-CUBE-embOS 1.3.1
2025-09-24 16:13:05,955 [INFO] ThirdParty:1030 - CMSIS Pack Vendor :STMicroelectronics X-CUBE-ALGOBUILD 1.4.0
2025-09-24 16:13:05,955 [INFO] ThirdParty:1030 - CMSIS Pack Vendor :STMicroelectronics X-CUBE-MEMS1 11.3.0
2025-09-24 16:13:05,955 [INFO] ThirdParty:1030 - CMSIS Pack Vendor :STMicroelectronics FP-SNS-MOTENV1 5.0.0
2025-09-24 16:13:05,955 [INFO] ThirdParty:1030 - CMSIS Pack Vendor :STMicroelectronics USB_DEVICE 1.0.0
2025-09-24 16:13:05,955 [INFO] ThirdParty:1030 - CMSIS Pack Vendor :STMicroelectronics X-CUBE-AZRTOS-L4 2.0.0
2025-09-24 16:13:05,955 [INFO] ThirdParty:1030 - CMSIS Pack Vendor :STMicroelectronics ThreadX 0.0.2
2025-09-24 16:13:05,955 [INFO] ThirdParty:1030 - CMSIS Pack Vendor :WES I-CUBE-Cesium 1.3.0
2025-09-24 16:13:05,955 [INFO] ThirdParty:1030 - CMSIS Pack Vendor :STMicroelectronics lwIP 2.1.2
2025-09-24 16:13:05,955 [INFO] ThirdParty:1030 - CMSIS Pack Vendor :STMicroelectronics X-CUBE-SFXS2LP1 4.0.0
2025-09-24 16:13:05,956 [INFO] ThirdParty:1030 - CMSIS Pack Vendor :STMicroelectronics X-CUBE-BLE2 3.3.0
2025-09-24 16:13:05,956 [INFO] ThirdParty:1030 - CMSIS Pack Vendor :STMicroelectronics X-CUBE-TOF1 3.4.3
2025-09-24 16:13:05,956 [INFO] ThirdParty:1030 - CMSIS Pack Vendor :STMicroelectronics PDM2PCM 3.2.0
2025-09-24 16:13:05,956 [INFO] ThirdParty:841 - exiting critical section [change project]
2025-09-24 16:13:06,084 [INFO] PinOutPanel:1589 - setPackage(No Configuration,No Configuration)
2025-09-24 16:13:06,085 [INFO] PinOutPanel:1589 - setPackage(STM32F030F4Px,TSSOP20)
2025-09-24 16:13:07,008 [INFO] UtilMem:75 - Before build in PCC Used Memory: 297309736 Bytes (665845760)
2025-09-24 16:13:07,294 [INFO] UtilMem:75 - After build in PCC Used Memory: 336639544 Bytes (665845760)
2025-09-24 16:13:07,323 [INFO] IPUIPlugin:80 - create IPUIPlugin
2025-09-24 16:13:07,323 [INFO] IPUIPlugin:80 - create IPUIPlugin
2025-09-24 16:13:07,324 [INFO] IPUIPlugin:80 - create IPUIPlugin
2025-09-24 16:13:07,324 [INFO] IPUIPlugin:80 - create IPUIPlugin
2025-09-24 16:13:07,324 [INFO] IPUIPlugin:80 - create IPUIPlugin
2025-09-24 16:13:07,324 [INFO] IPUIPlugin:80 - create IPUIPlugin
2025-09-24 16:13:07,324 [INFO] IPUIPlugin:80 - create IPUIPlugin
2025-09-24 16:13:07,325 [INFO] IPUIPlugin:80 - create IPUIPlugin
2025-09-24 16:13:07,325 [INFO] IPUIPlugin:80 - create IPUIPlugin
2025-09-24 16:13:07,325 [INFO] IPUIPlugin:80 - create IPUIPlugin
2025-09-24 16:13:07,325 [INFO] IPUIPlugin:80 - create IPUIPlugin
2025-09-24 16:13:07,326 [INFO] IPUIPlugin:80 - create IPUIPlugin
2025-09-24 16:13:07,326 [INFO] IPUIPlugin:80 - create IPUIPlugin
2025-09-24 16:13:07,326 [INFO] IPUIPlugin:80 - create IPUIPlugin
2025-09-24 16:13:07,327 [INFO] IPUIPlugin:80 - create IPUIPlugin
2025-09-24 16:13:07,327 [INFO] IPUIPlugin:80 - create IPUIPlugin
2025-09-24 16:13:07,328 [INFO] IPUIPlugin:80 - create IPUIPlugin
2025-09-24 16:13:07,328 [INFO] IPUIPlugin:80 - create IPUIPlugin
2025-09-24 16:13:07,328 [INFO] IPUIPlugin:80 - create IPUIPlugin
2025-09-24 16:13:07,329 [INFO] IPUIPlugin:80 - create IPUIPlugin
2025-09-24 16:13:07,329 [INFO] IPUIPlugin:80 - create IPUIPlugin
2025-09-24 16:13:07,391 [INFO] CADModel:165 - CPN selected for project levelSTM32F030F4P6
2025-09-24 16:13:07,391 [INFO] CADModel:114 - Register for checkConnection events
2025-09-24 16:13:07,448 [INFO] OpenFileManager:385 - Restore cursor
2025-09-24 16:14:13,025 [INFO] McuFinderGlobals:76 - Set McuFinderConnectedMode to false
2025-09-24 16:14:13,026 [INFO] MultiScanPanel:200 - Auto-refresh data requested => check proxy status ongoing
2025-09-24 16:14:13,026 [INFO] MultiScanPanel:204 - Proxy status is invalid
2025-09-24 16:14:13,027 [INFO] FinderPluginLoader:95 - Searching for filters in installed packs
2025-09-24 16:14:14,273 [INFO] DetailPanel:341 - Set advertising image to C:/Users/User/STM32Cube/Repository/\en.prom-stm32u3-mcu-finder.jpg
2025-09-24 16:14:37,821 [INFO] McuFinderGlobals:76 - Set McuFinderConnectedMode to true
2025-09-24 16:14:37,877 [INFO] ApiDb:448 - Save user favorites file C:\Users\User/.stm32cubeide/favorites.mcus.txt: 0 item(s)
2025-09-24 16:14:37,878 [INFO] ApiDb:452 - User favorites MCUs=[]
2025-09-24 16:14:50,684 [INFO] McuFinderGlobals:76 - Set McuFinderConnectedMode to false
2025-09-24 16:14:50,685 [INFO] MultiScanPanel:200 - Auto-refresh data requested => check proxy status ongoing
2025-09-24 16:14:50,685 [INFO] MultiScanPanel:204 - Proxy status is invalid
2025-09-24 16:14:50,686 [INFO] FinderPluginLoader:95 - Searching for filters in installed packs
2025-09-24 16:14:51,711 [INFO] DetailPanel:341 - Set advertising image to C:/Users/User/STM32Cube/Repository/\en.prom-stm32u3-mcu-finder.jpg
2025-09-24 16:15:52,997 [INFO] McuFinderGlobals:76 - Set McuFinderConnectedMode to true
2025-09-24 16:15:52,999 [INFO] ApiDb:448 - Save user favorites file C:\Users\User/.stm32cubeide/favorites.mcus.txt: 0 item(s)
2025-09-24 16:15:53,000 [INFO] ApiDb:452 - User favorites MCUs=[]
