2025-06-04 08:27:32,789 [INFO] McuFinderGlobals:76 - Set McuFinderConnectedMode to true
2025-06-04 08:27:32,963 [INFO] ApiDb:448 - Save user favorites file C:\Users\User/.stm32cubeide/favorites.mcus.txt: 0 item(s)
2025-06-04 08:27:32,964 [INFO] ApiDb:452 - User favorites MCUs=[]
2025-06-04 08:27:56,363 [INFO] McuFinderGlobals:76 - Set McuFinderConnectedMode to false
2025-06-04 08:27:56,364 [INFO] MultiScanPanel:200 - Auto-refresh data requested => check proxy status ongoing
2025-06-04 08:27:56,364 [INFO] MultiScanPanel:204 - Proxy status is invalid
2025-06-04 08:27:56,364 [INFO] FinderPluginLoader:95 - Searching for filters in installed packs
2025-06-04 08:27:58,067 [INFO] DetailPanel:341 - Set advertising image to C:/Users/User/STM32Cube/Repository/\en.prom-stm32u3-mcu-finder.jpg
2025-06-04 08:28:37,372 [WARN] CheckConnectionManager:291 - Warning during Server Connection :  timeout Connect to sw-center.st.com:443 [sw-center.st.com/10.0.0.1] failed: Connect timed out
2025-06-04 08:28:38,378 [WARN] CheckConnectionManager:291 - Warning during Server Connection :  timeout Connect to sw-center.st.com:443 [sw-center.st.com/10.0.0.1] failed: Connect timed out
2025-06-04 08:28:38,381 [INFO] MainUpdater:2872 - connection check result : 22
2025-06-04 08:28:41,386 [INFO] MicroXplorer:468 - Change Database Path : 
2025-06-04 08:28:41,387 [INFO] MicroXplorer:498 - Change Database Version : DB.6.0.141
2025-06-04 08:28:41,400 [WARN] ThirdParty:871 - waiting for thirdparty lock release [close project]
2025-06-04 08:28:41,400 [INFO] ThirdParty:873 - entering critical section [close project]
2025-06-04 08:28:41,403 [INFO] ThirdParty:883 - exiting critical section [close project]
2025-06-04 08:28:41,410 [INFO] PinOutPanel:1589 - setPackage(No Configuration,No Configuration)
2025-06-04 08:28:41,419 [INFO] UtilMem:75 - Begin LoadConfig() Used Memory: 418501256 Bytes (650117120)
2025-06-04 08:28:41,421 [INFO] MicroXplorer:468 - Change Database Path : 
2025-06-04 08:28:41,421 [INFO] MicroXplorer:498 - Change Database Version : DB.6.0.141
2025-06-04 08:28:41,422 [INFO] OpenFileManager:354 - Change cursor
2025-06-04 08:28:41,566 [INFO] Mcu:2011 - Initializing MCU STM32F767ZITx STM32F767ZITx STM32F767ZIT6
2025-06-04 08:28:46,079 [INFO] Context:756 - Trying to add GPIOservice into a context  which must be forbidden
2025-06-04 08:28:47,959 [INFO] ImportTextPane:218 - (OptionalMessage_ERROR) Unable to find key (Mcu.ThirdPartyNb) in loaded IOC file
2025-06-04 08:28:47,959 [INFO] ImportTextPane:218 - (OptionalMessage_ERROR) Unable to find key (Mcu.PinsNb) in loaded IOC file
2025-06-04 08:28:47,963 [INFO] ImportTextPane:218 - (OptionalMessage_ERROR) Pin0 (VP_RIF_VS_RIF1) cannot be retrieved for this MCU
2025-06-04 08:28:47,963 [INFO] ImportTextPane:218 - (OptionalMessage_ERROR) Unable to find key (Mcu.IPNb) in loaded IOC file
2025-06-04 08:28:48,152 [WARN] ModelIntegratedComponent:63 - No mode defined for component null
2025-06-04 08:28:48,152 [WARN] ModelIntegratedComponent:63 - No mode defined for component null
2025-06-04 08:28:48,153 [WARN] ModelIntegratedComponent:63 - No mode defined for component null
2025-06-04 08:28:48,153 [WARN] ModelIntegratedComponent:63 - No mode defined for component null
2025-06-04 08:28:48,153 [WARN] ModelIntegratedComponent:63 - No mode defined for component null
2025-06-04 08:28:48,153 [WARN] ModelIntegratedComponent:63 - No mode defined for component null
2025-06-04 08:28:48,153 [WARN] ModelIntegratedComponent:63 - No mode defined for component null
2025-06-04 08:28:48,154 [WARN] ModelIntegratedComponent:63 - No mode defined for component null
2025-06-04 08:28:48,154 [WARN] ModelIntegratedComponent:63 - No mode defined for component null
2025-06-04 08:28:48,154 [WARN] ModelIntegratedComponent:63 - No mode defined for component null
2025-06-04 08:28:48,154 [WARN] ModelIntegratedComponent:63 - No mode defined for component null
2025-06-04 08:28:48,154 [WARN] ModelIntegratedComponent:63 - No mode defined for component null
2025-06-04 08:28:48,154 [WARN] ModelIntegratedComponent:63 - No mode defined for component null
2025-06-04 08:28:48,154 [WARN] ModelIntegratedComponent:63 - No mode defined for component null
2025-06-04 08:28:48,154 [WARN] ModelIntegratedComponent:63 - No mode defined for component null
2025-06-04 08:28:48,154 [WARN] ModelIntegratedComponent:63 - No mode defined for component null
2025-06-04 08:28:48,154 [WARN] ModelIntegratedComponent:63 - No mode defined for component null
2025-06-04 08:28:48,155 [WARN] ModelIntegratedComponent:63 - No mode defined for component null
2025-06-04 08:28:48,155 [WARN] ModelIntegratedComponent:63 - No mode defined for component null
2025-06-04 08:28:48,155 [WARN] ModelIntegratedComponent:63 - No mode defined for component null
2025-06-04 08:28:48,155 [WARN] ModelIntegratedComponent:63 - No mode defined for component null
2025-06-04 08:28:48,155 [WARN] ModelIntegratedComponent:63 - No mode defined for component null
2025-06-04 08:28:48,155 [WARN] ModelIntegratedComponent:63 - No mode defined for component null
2025-06-04 08:28:48,155 [WARN] ModelIntegratedComponent:63 - No mode defined for component null
2025-06-04 08:28:48,155 [WARN] ModelIntegratedComponent:63 - No mode defined for component null
2025-06-04 08:28:48,156 [WARN] ModelIntegratedComponent:63 - No mode defined for component null
2025-06-04 08:28:48,156 [WARN] ModelIntegratedComponent:63 - No mode defined for component null
2025-06-04 08:28:48,156 [WARN] ModelIntegratedComponent:63 - No mode defined for component null
2025-06-04 08:28:48,156 [WARN] ModelIntegratedComponent:63 - No mode defined for component null
2025-06-04 08:28:48,156 [WARN] ModelIntegratedComponent:63 - No mode defined for component null
2025-06-04 08:28:48,156 [WARN] ModelIntegratedComponent:63 - No mode defined for component null
2025-06-04 08:28:48,156 [WARN] ModelIntegratedComponent:63 - No mode defined for component null
2025-06-04 08:28:48,156 [WARN] ModelIntegratedComponent:63 - No mode defined for component null
2025-06-04 08:28:48,157 [WARN] ModelIntegratedComponent:63 - No mode defined for component null
2025-06-04 08:28:48,157 [WARN] ModelIntegratedComponent:63 - No mode defined for component null
2025-06-04 08:28:48,157 [WARN] ModelPack:524 - Component already loaded: STMicroelectronics:HAL Drivers:0.0.0:STMicroelectronics:Device:STMicro_Driver:XSPI:HAL::0.0.1:HAL_XSPI
2025-06-04 08:28:48,165 [INFO] RtosManager:558 - Registered RTOS mode: class=CMSIS, group=RTOS, mode=CMSIS_V1, owner=FREERTOS
2025-06-04 08:28:48,165 [INFO] RtosManager:558 - Registered RTOS mode: class=CMSIS, group=RTOS2, mode=CMSIS_V2, owner=FREERTOS
2025-06-04 08:28:48,165 [INFO] RtosManager:558 - Registered RTOS mode: class=RTOS, group=Core, mode=CMSIS_V1, owner=FREERTOS
2025-06-04 08:28:48,166 [INFO] RtosManager:558 - Registered RTOS mode: class=RTOS, group=Core, mode=CMSIS_V2, owner=FREERTOS
2025-06-04 08:28:48,166 [WARN] ModelIntegratedComponent:184 - Missing modes for component STMicroelectronics:FreeRTOS:0.0.1:STMicroelectronics:RTOS:FreeRTOS:Core:::10.2.0:
2025-06-04 08:28:48,181 [INFO] ThirdPartyModel:298 - Start build external matchings
2025-06-04 08:28:48,222 [INFO] ThirdPartyModel:316 - End build external matchings
2025-06-04 08:28:49,036 [INFO] UtilMem:75 - End LoadConfig() Used Memory: 330148160 Bytes (746586112)
2025-06-04 08:28:49,085 [WARN] ThirdParty:833 - waiting for thirdparty lock release [change project]
2025-06-04 08:28:49,086 [INFO] ThirdParty:835 - entering critical section [change project]
2025-06-04 08:28:49,086 [INFO] ThirdParty:1030 - CMSIS Pack Vendor :STMicroelectronics USBPD 4.1
2025-06-04 08:28:49,086 [INFO] ThirdParty:1030 - CMSIS Pack Vendor :STMicroelectronics X-CUBE-DISPLAY 3.0.0
2025-06-04 08:28:49,086 [INFO] ThirdParty:1030 - CMSIS Pack Vendor :STMicroelectronics USB_HOST 2.0.0
2025-06-04 08:28:49,087 [INFO] ThirdParty:1030 - CMSIS Pack Vendor :STMicroelectronics FP-SNS-MOTENVWB1 1.4.0
2025-06-04 08:28:49,088 [INFO] ThirdParty:1030 - CMSIS Pack Vendor :STMicroelectronics LIBJPEG 8.0.0
2025-06-04 08:28:49,088 [INFO] ThirdParty:1030 - CMSIS Pack Vendor :STMicroelectronics FP-ATR-SIGFOX1 3.2.0
2025-06-04 08:28:49,088 [INFO] ThirdParty:1030 - CMSIS Pack Vendor :STMicroelectronics USB_DEVICE 3.0.0
2025-06-04 08:28:49,088 [INFO] ThirdParty:1030 - CMSIS Pack Vendor :STMicroelectronics X-CUBE-ISPU 2.1.0
2025-06-04 08:28:49,089 [INFO] ThirdParty:1030 - CMSIS Pack Vendor :STMicroelectronics X-CUBE-EEPRMA1 5.1.0
2025-06-04 08:28:49,089 [INFO] ThirdParty:1030 - CMSIS Pack Vendor :STMicroelectronics HAL Drivers 0.0.0
2025-06-04 08:28:49,089 [INFO] ThirdParty:1030 - CMSIS Pack Vendor :STMicroelectronics MBEDTLS 2.16.2
2025-06-04 08:28:49,089 [INFO] ThirdParty:1030 - CMSIS Pack Vendor :STMicroelectronics X-CUBE-ALS 1.0.2
2025-06-04 08:28:49,089 [INFO] ThirdParty:1030 - CMSIS Pack Vendor :STMicroelectronics MBEDTLS 2.14.1
2025-06-04 08:28:49,089 [INFO] ThirdParty:1030 - CMSIS Pack Vendor :STMicroelectronics USB_DEVICE 2.0.0
2025-06-04 08:28:49,089 [INFO] ThirdParty:1030 - CMSIS Pack Vendor :STMicroelectronics FP-SNS-STBOX1 2.0.0
2025-06-04 08:28:49,089 [INFO] ThirdParty:1030 - CMSIS Pack Vendor :STMicroelectronics ThreadX 1.0.0
2025-06-04 08:28:49,090 [INFO] ThirdParty:1030 - CMSIS Pack Vendor :STMicroelectronics FP-SNS-SMARTAG2 1.2.0
2025-06-04 08:28:49,090 [INFO] ThirdParty:1030 - CMSIS Pack Vendor :STMicroelectronics FreeRTOS 0.0.1
2025-06-04 08:28:49,090 [INFO] ThirdParty:1030 - CMSIS Pack Vendor :STMicroelectronics FP-SNS-MOTENV1 5.0.0
2025-06-04 08:28:49,090 [INFO] ThirdParty:1030 - CMSIS Pack Vendor :STMicroelectronics USB_DEVICE 1.0.0
2025-06-04 08:28:49,090 [INFO] ThirdParty:1030 - CMSIS Pack Vendor :STMicroelectronics STM32_WPAN 1.0.0
2025-06-04 08:28:49,090 [INFO] ThirdParty:1030 - CMSIS Pack Vendor :STMicroelectronics ThreadX 0.0.2
2025-06-04 08:28:49,091 [INFO] ThirdParty:1030 - CMSIS Pack Vendor :STMicroelectronics lwIP 2.0.3
2025-06-04 08:28:49,091 [INFO] ThirdParty:1030 - CMSIS Pack Vendor :STMicroelectronics lwIP 2.1.2
2025-06-04 08:28:49,091 [INFO] ThirdParty:1030 - CMSIS Pack Vendor :STMicroelectronics X-CUBE-BLE2 3.3.0
2025-06-04 08:28:49,091 [INFO] ThirdParty:1030 - CMSIS Pack Vendor :STMicroelectronics USB_HOST 1.0.0
2025-06-04 08:28:49,091 [INFO] ThirdParty:1030 - CMSIS Pack Vendor :STMicroelectronics PDM2PCM 3.1.0
2025-06-04 08:28:49,091 [INFO] ThirdParty:1030 - CMSIS Pack Vendor :STMicroelectronics PDM2PCM 3.2.0
2025-06-04 08:28:49,091 [INFO] ThirdParty:1030 - CMSIS Pack Vendor :STMicroelectronics PDM2PCM 3.3.0
2025-06-04 08:28:49,092 [INFO] ThirdParty:841 - exiting critical section [change project]
2025-06-04 08:28:50,142 [INFO] PinOutPanel:1589 - setPackage(No Configuration,No Configuration)
2025-06-04 08:28:50,144 [INFO] PinOutPanel:1589 - setPackage(STM32F767ZITx,LQFP144)
2025-06-04 08:28:51,825 [INFO] UtilMem:75 - Before build in PCC Used Memory: 356527352 Bytes (746586112)
2025-06-04 08:28:53,175 [INFO] UtilMem:75 - After build in PCC Used Memory: 447277544 Bytes (746586112)
2025-06-04 08:28:53,268 [INFO] IPUIPlugin:80 - create IPUIPlugin
2025-06-04 08:28:53,268 [INFO] IPUIPlugin:80 - create IPUIPlugin
2025-06-04 08:28:53,268 [INFO] IPUIPlugin:80 - create IPUIPlugin
2025-06-04 08:28:53,268 [INFO] IPUIPlugin:80 - create IPUIPlugin
2025-06-04 08:28:53,268 [INFO] IPUIPlugin:80 - create IPUIPlugin
2025-06-04 08:28:53,269 [INFO] IPUIPlugin:80 - create IPUIPlugin
2025-06-04 08:28:53,269 [INFO] IPUIPlugin:80 - create IPUIPlugin
2025-06-04 08:28:53,270 [INFO] IPUIPlugin:80 - create IPUIPlugin
2025-06-04 08:28:53,270 [INFO] IPUIPlugin:80 - create IPUIPlugin
2025-06-04 08:28:53,271 [INFO] IPUIPlugin:80 - create IPUIPlugin
2025-06-04 08:28:53,271 [INFO] IPUIPlugin:80 - create IPUIPlugin
2025-06-04 08:28:53,271 [INFO] IPUIPlugin:80 - create IPUIPlugin
2025-06-04 08:28:53,272 [INFO] IPUIPlugin:80 - create IPUIPlugin
2025-06-04 08:28:53,273 [INFO] IPUIPlugin:80 - create IPUIPlugin
2025-06-04 08:28:53,273 [INFO] IPUIPlugin:80 - create IPUIPlugin
2025-06-04 08:28:53,273 [INFO] IPUIPlugin:80 - create IPUIPlugin
2025-06-04 08:28:53,274 [INFO] IPUIPlugin:80 - create IPUIPlugin
2025-06-04 08:28:53,274 [INFO] IPUIPlugin:80 - create IPUIPlugin
2025-06-04 08:28:53,275 [INFO] IPUIPlugin:80 - create IPUIPlugin
2025-06-04 08:28:53,275 [INFO] IPUIPlugin:80 - create IPUIPlugin
2025-06-04 08:28:53,276 [INFO] IPUIPlugin:80 - create IPUIPlugin
2025-06-04 08:28:53,276 [INFO] IPUIPlugin:80 - create IPUIPlugin
2025-06-04 08:28:53,276 [INFO] IPUIPlugin:80 - create IPUIPlugin
2025-06-04 08:28:53,276 [INFO] IPUIPlugin:80 - create IPUIPlugin
2025-06-04 08:28:53,276 [INFO] IPUIPlugin:80 - create IPUIPlugin
2025-06-04 08:28:53,277 [INFO] IPUIPlugin:80 - create IPUIPlugin
2025-06-04 08:28:53,277 [INFO] IPUIPlugin:80 - create IPUIPlugin
2025-06-04 08:28:53,278 [INFO] IPUIPlugin:80 - create IPUIPlugin
2025-06-04 08:28:53,279 [INFO] IPUIPlugin:80 - create IPUIPlugin
2025-06-04 08:28:53,279 [INFO] IPUIPlugin:80 - create IPUIPlugin
2025-06-04 08:28:53,281 [INFO] IPUIPlugin:80 - create IPUIPlugin
2025-06-04 08:28:53,282 [INFO] IPUIPlugin:80 - create IPUIPlugin
2025-06-04 08:28:53,282 [INFO] IPUIPlugin:80 - create IPUIPlugin
2025-06-04 08:28:53,283 [INFO] IPUIPlugin:80 - create IPUIPlugin
2025-06-04 08:28:53,284 [INFO] IPUIPlugin:80 - create IPUIPlugin
2025-06-04 08:28:53,285 [INFO] IPUIPlugin:80 - create IPUIPlugin
2025-06-04 08:28:53,285 [INFO] IPUIPlugin:80 - create IPUIPlugin
2025-06-04 08:28:53,286 [INFO] IPUIPlugin:80 - create IPUIPlugin
2025-06-04 08:28:53,287 [INFO] IPUIPlugin:80 - create IPUIPlugin
2025-06-04 08:28:53,288 [INFO] IPUIPlugin:80 - create IPUIPlugin
2025-06-04 08:28:53,289 [INFO] IPUIPlugin:80 - create IPUIPlugin
2025-06-04 08:28:53,289 [INFO] IPUIPlugin:80 - create IPUIPlugin
2025-06-04 08:28:53,290 [INFO] IPUIPlugin:80 - create IPUIPlugin
2025-06-04 08:28:53,291 [INFO] IPUIPlugin:80 - create IPUIPlugin
2025-06-04 08:28:53,292 [INFO] IPUIPlugin:80 - create IPUIPlugin
2025-06-04 08:28:53,293 [INFO] IPUIPlugin:80 - create IPUIPlugin
2025-06-04 08:28:53,293 [INFO] IPUIPlugin:80 - create IPUIPlugin
2025-06-04 08:28:53,294 [INFO] IPUIPlugin:80 - create IPUIPlugin
2025-06-04 08:28:53,295 [INFO] IPUIPlugin:80 - create IPUIPlugin
2025-06-04 08:28:53,296 [INFO] IPUIPlugin:80 - create IPUIPlugin
2025-06-04 08:28:53,297 [INFO] IPUIPlugin:80 - create IPUIPlugin
2025-06-04 08:28:53,297 [INFO] IPUIPlugin:80 - create IPUIPlugin
2025-06-04 08:28:53,298 [INFO] IPUIPlugin:80 - create IPUIPlugin
2025-06-04 08:28:53,300 [INFO] IPUIPlugin:80 - create IPUIPlugin
2025-06-04 08:28:53,302 [INFO] IPUIPlugin:80 - create IPUIPlugin
2025-06-04 08:28:53,303 [INFO] IPUIPlugin:80 - create IPUIPlugin
2025-06-04 08:28:53,304 [INFO] IPUIPlugin:80 - create IPUIPlugin
2025-06-04 08:28:53,305 [INFO] IPUIPlugin:80 - create IPUIPlugin
2025-06-04 08:28:53,306 [INFO] IPUIPlugin:80 - create IPUIPlugin
2025-06-04 08:28:53,307 [INFO] IPUIPlugin:80 - create IPUIPlugin
2025-06-04 08:28:53,308 [INFO] IPUIPlugin:80 - create IPUIPlugin
2025-06-04 08:28:53,309 [INFO] IPUIPlugin:80 - create IPUIPlugin
2025-06-04 08:28:53,309 [INFO] IPUIPlugin:80 - create IPUIPlugin
2025-06-04 08:28:53,310 [INFO] IPUIPlugin:80 - create IPUIPlugin
2025-06-04 08:28:53,311 [INFO] IPUIPlugin:80 - create IPUIPlugin
2025-06-04 08:28:53,313 [INFO] IPUIPlugin:80 - create IPUIPlugin
2025-06-04 08:28:53,316 [INFO] IPUIPlugin:80 - create IPUIPlugin
2025-06-04 08:28:53,317 [INFO] IPUIPlugin:80 - create IPUIPlugin
2025-06-04 08:28:53,319 [INFO] IPUIPlugin:80 - create IPUIPlugin
2025-06-04 08:28:53,320 [INFO] IPUIPlugin:80 - create IPUIPlugin
2025-06-04 08:28:53,322 [INFO] IPUIPlugin:80 - create IPUIPlugin
2025-06-04 08:28:53,323 [INFO] IPUIPlugin:80 - create IPUIPlugin
2025-06-04 08:28:53,324 [INFO] IPUIPlugin:80 - create IPUIPlugin
2025-06-04 08:28:53,325 [INFO] IPUIPlugin:80 - create IPUIPlugin
2025-06-04 08:28:53,326 [INFO] IPUIPlugin:80 - create IPUIPlugin
2025-06-04 08:28:53,327 [INFO] IPUIPlugin:80 - create IPUIPlugin
2025-06-04 08:28:53,329 [INFO] IPUIPlugin:80 - create IPUIPlugin
2025-06-04 08:28:53,330 [INFO] IPUIPlugin:80 - create IPUIPlugin
2025-06-04 08:28:53,331 [INFO] IPUIPlugin:80 - create IPUIPlugin
2025-06-04 08:28:53,423 [INFO] ApiDbMcu:508 - Load IP Config File for PDM2PCM
2025-06-04 08:28:53,774 [INFO] CADModel:165 - CPN selected for project levelSTM32F767ZIT6
2025-06-04 08:28:53,774 [INFO] CADModel:114 - Register for checkConnection events
2025-06-04 08:28:53,834 [INFO] OpenFileManager:385 - Restore cursor
2025-06-04 08:28:55,104 [INFO] UtilMem:75 - End SaveConfig() Used Memory: 674262992 Bytes (746586112)
2025-06-04 08:28:55,370 [INFO] UtilMem:75 - End SaveConfig() Used Memory: 323086808 Bytes (746586112)
2025-06-04 08:28:56,166 [INFO] BlockDiagram:2775 - set Specific Code input for plugin: RCC
2025-06-04 08:28:56,167 [INFO] BlockDiagram:2775 - set Specific Code input for plugin: NVIC
2025-06-04 08:28:56,167 [INFO] BlockDiagram:2775 - set Specific Code input for plugin: CORTEX_M7
2025-06-04 08:28:56,172 [INFO] CodeGenerator:882 - code generatio: config db path: C:\ST\STM32CubeIDE_1.18.1\STM32CubeIDE\plugins\com.st.stm32cube.common.mx_6.14.1.202504091515\\db\
2025-06-04 08:28:56,593 [INFO] CodeEngine:263 - oldGeneratedFile, C:\STM_proj\swier\MXTmpFiles\license.tmp_save
2025-06-04 08:28:57,260 [INFO] CodeEngine:287 - Generated code: C:\STM_proj\swier\MXTmpFiles\license.tmp
2025-06-04 08:28:57,406 [INFO] CodeEngine:263 - oldGeneratedFile, C:\STM_proj\swier\MXTmpFiles\cortex.tmp_save
2025-06-04 08:28:57,669 [INFO] CodeEngine:287 - Generated code: C:\STM_proj\swier\MXTmpFiles\cortex.tmp
2025-06-04 08:28:57,689 [INFO] CodeEngine:263 - oldGeneratedFile, C:\STM_proj\swier\Core\Src\stm32f7xx_it.c_save
2025-06-04 08:28:57,951 [INFO] CodeEngine:287 - Generated code: C:\STM_proj\swier\Core\Src\stm32f7xx_it.c
2025-06-04 08:28:57,958 [INFO] CodeEngine:263 - oldGeneratedFile, C:\STM_proj\swier\Core\Inc\stm32f7xx_it.h_save
2025-06-04 08:28:58,092 [INFO] CodeEngine:287 - Generated code: C:\STM_proj\swier\Core\Inc\stm32f7xx_it.h
2025-06-04 08:28:58,128 [INFO] CodeEngine:263 - oldGeneratedFile, C:\STM_proj\swier\Core\Src\stm32f7xx_hal_msp.c_save
2025-06-04 08:28:58,373 [INFO] CodeEngine:287 - Generated code: C:\STM_proj\swier\Core\Src\stm32f7xx_hal_msp.c
2025-06-04 08:28:58,379 [INFO] CodeEngine:263 - oldGeneratedFile, C:\STM_proj\swier\MXTmpFiles\system.tmp_save
2025-06-04 08:28:58,517 [INFO] CodeEngine:287 - Generated code: C:\STM_proj\swier\MXTmpFiles\system.tmp
2025-06-04 08:28:58,540 [INFO] CodeEngine:319 - oldGeneratedFile, C:\STM_proj\swier\Core\Inc\stm32f7xx_hal_conf.h_save
2025-06-04 08:28:58,719 [INFO] CodeEngine:343 - Generated code: C:\STM_proj\swier\Core\Inc\stm32f7xx_hal_conf.h
2025-06-04 08:28:58,865 [INFO] ApiDbMcu:508 - Load IP Config File for RCC
2025-06-04 08:28:58,886 [INFO] CodeEngine:263 - oldGeneratedFile, C:\STM_proj\swier\Core\Inc\main.h_save
2025-06-04 08:28:59,108 [INFO] CodeEngine:287 - Generated code: C:\STM_proj\swier\Core\Inc\main.h
2025-06-04 08:28:59,115 [INFO] CodeEngine:263 - oldGeneratedFile, C:\STM_proj\swier\Core\Src\main.c_save
2025-06-04 08:28:59,419 [INFO] CodeEngine:287 - Generated code: C:\STM_proj\swier\Core\Src\main.c
2025-06-04 08:29:00,051 [INFO] ProjectBuilder:3324 - Time for Copy HAL[1] : 221mS.
2025-06-04 08:29:00,062 [INFO] ProjectBuilder:4912 - Project Generator version: 4.6.0.1-B1
2025-06-04 08:29:00,203 [INFO] ConfigFileManager:1590 - The Die is : DIE451
2025-06-04 08:29:00,230 [INFO] ApiDbMcu:508 - Load IP Config File for FATFS
2025-06-04 08:29:00,280 [ERROR] ConfigurationRetriever:142 - IOException on connection: Connect timed out
2025-06-04 08:29:00,290 [INFO] ApiDbMcu:508 - Load IP Config File for FREERTOS
2025-06-04 08:29:00,300 [INFO] ApiDbMcu:508 - Load IP Config File for LIBJPEG
2025-06-04 08:29:00,430 [INFO] ApiDbMcu:508 - Load IP Config File for LWIP
2025-06-04 08:29:00,695 [INFO] ApiDbMcu:508 - Load IP Config File for MBEDTLS
2025-06-04 08:29:00,762 [INFO] ApiDbMcu:508 - Load IP Config File for USB_DEVICE
2025-06-04 08:29:00,785 [INFO] ApiDbMcu:508 - Load IP Config File for USB_HOST
