2025-12-09 08:54:26,163 [ERROR] ConfigurationRetriever:142 - IOException on connection: sw-center.st.com
2025-12-09 08:54:26,169 [ERROR] ConfigurationRetriever:142 - IOException on connection: sw-center.st.com
2025-12-09 08:54:26,170 [ERROR] ConfigurationRetriever:142 - IOException on connection: sw-center.st.com
2025-12-09 08:54:26,386 [ERROR] ConfigurationRetriever:142 - IOException on connection: sw-center.st.com
2025-12-09 08:54:26,387 [ERROR] ConfigurationRetriever:142 - IOException on connection: sw-center.st.com
2025-12-09 08:54:26,388 [ERROR] ConfigurationRetriever:142 - IOException on connection: sw-center.st.com
2025-12-09 08:55:41,333 [ERROR] ConfigurationRetriever:142 - IOException on connection: sw-center.st.com
2025-12-09 08:55:41,334 [ERROR] ConfigurationRetriever:142 - IOException on connection: sw-center.st.com
2025-12-09 08:55:41,335 [ERROR] ConfigurationRetriever:142 - IOException on connection: sw-center.st.com
2025-12-09 08:56:19,094 [ERROR] ConfigurationRetriever:142 - IOException on connection: sw-center.st.com
2025-12-09 08:56:19,095 [ERROR] ConfigurationRetriever:142 - IOException on connection: sw-center.st.com
2025-12-09 08:56:19,095 [ERROR] ConfigurationRetriever:142 - IOException on connection: sw-center.st.com
2025-12-09 08:57:51,817 [ERROR] ConfigurationRetriever:142 - IOException on connection: sw-center.st.com
2025-12-09 08:57:51,818 [ERROR] ConfigurationRetriever:142 - IOException on connection: sw-center.st.com
2025-12-09 08:57:51,819 [ERROR] ConfigurationRetriever:142 - IOException on connection: sw-center.st.com
2025-12-09 08:57:51,995 [ERROR] ConfigurationRetriever:142 - IOException on connection: sw-center.st.com
2025-12-09 08:57:51,996 [ERROR] ConfigurationRetriever:142 - IOException on connection: sw-center.st.com
2025-12-09 08:57:51,997 [ERROR] ConfigurationRetriever:142 - IOException on connection: sw-center.st.com
2025-12-09 09:00:38,808 [ERROR] ConfigurationRetriever:142 - IOException on connection: sw-center.st.com
2025-12-09 09:00:38,809 [ERROR] ConfigurationRetriever:142 - IOException on connection: sw-center.st.com
2025-12-09 09:00:38,810 [ERROR] ConfigurationRetriever:142 - IOException on connection: sw-center.st.com
2025-12-09 09:00:38,994 [ERROR] ConfigurationRetriever:142 - IOException on connection: sw-center.st.com
2025-12-09 09:00:38,995 [ERROR] ConfigurationRetriever:142 - IOException on connection: sw-center.st.com
2025-12-09 09:00:38,996 [ERROR] ConfigurationRetriever:142 - IOException on connection: sw-center.st.com
2025-12-09 09:05:21,994 [ERROR] ConfigurationRetriever:142 - IOException on connection: sw-center.st.com
2025-12-09 09:05:21,995 [ERROR] ConfigurationRetriever:142 - IOException on connection: sw-center.st.com
2025-12-09 09:05:21,996 [ERROR] ConfigurationRetriever:142 - IOException on connection: sw-center.st.com
2025-12-09 09:05:22,165 [ERROR] ConfigurationRetriever:142 - IOException on connection: sw-center.st.com
2025-12-09 09:05:22,166 [ERROR] ConfigurationRetriever:142 - IOException on connection: sw-center.st.com
2025-12-09 09:05:22,166 [ERROR] ConfigurationRetriever:142 - IOException on connection: sw-center.st.com
2025-12-09 09:06:11,955 [ERROR] ConfigurationRetriever:142 - IOException on connection: sw-center.st.com
2025-12-09 09:06:11,956 [ERROR] ConfigurationRetriever:142 - IOException on connection: sw-center.st.com
2025-12-09 09:06:11,956 [ERROR] ConfigurationRetriever:142 - IOException on connection: sw-center.st.com
2025-12-09 09:07:04,633 [ERROR] ConfigurationRetriever:142 - IOException on connection: sw-center.st.com
2025-12-09 09:07:04,635 [ERROR] ConfigurationRetriever:142 - IOException on connection: sw-center.st.com
2025-12-09 09:07:04,637 [ERROR] ConfigurationRetriever:142 - IOException on connection: sw-center.st.com
2025-12-09 09:12:13,522 [ERROR] ConfigurationRetriever:142 - IOException on connection: sw-center.st.com
2025-12-09 09:12:13,524 [ERROR] ConfigurationRetriever:142 - IOException on connection: sw-center.st.com
2025-12-09 09:12:13,524 [ERROR] ConfigurationRetriever:142 - IOException on connection: sw-center.st.com
2025-12-09 09:12:35,996 [INFO] Activator:176 - 


2025-12-09 09:12:36,000 [INFO] Activator:177 - !SESSION log4j initialized
2025-12-09 09:12:45,552 [INFO] LogOutputStream:77 - [STDOUT_REDIRECT] 
2025-12-09 09:12:46,289 [ERROR] ConfigurationRetriever:142 - IOException on connection: sw-center.st.com
2025-12-09 09:12:46,292 [ERROR] ConfigurationRetriever:142 - IOException on connection: sw-center.st.com
2025-12-09 09:12:46,293 [ERROR] ConfigurationRetriever:142 - IOException on connection: sw-center.st.com
2025-12-09 09:12:46,297 [ERROR] ConfigurationRetriever:142 - IOException on connection: sw-center.st.com
2025-12-09 09:12:46,298 [ERROR] ConfigurationRetriever:142 - IOException on connection: sw-center.st.com
2025-12-09 09:12:46,300 [ERROR] ConfigurationRetriever:142 - IOException on connection: sw-center.st.com
2025-12-09 09:12:47,992 [INFO] ApplicationProperties:184 - Using Application install path: C:\ST\STM32CubeIDE_1.18.1\STM32CubeIDE\plugins\com.st.stm32cube.common.mx_6.14.1.202504091515
2025-12-09 09:12:48,024 [INFO] DbMcusXml:78 - Set database path to: C:\ST\STM32CubeIDE_1.18.1\STM32CubeIDE\plugins\com.st.stm32cube.common.mx_6.14.1.202504091515\\db\/mcu/
2025-12-09 09:12:48,024 [INFO] ApiDb:274 - Set plugin database path to: C:\ST\STM32CubeIDE_1.18.1\STM32CubeIDE\plugins\com.st.stm32cube.common.mx_6.14.1.202504091515\\db\/plugins/boardmanager/
2025-12-09 09:12:48,025 [WARN] ApiDb:259 - Overriding images path with different value:  => C:\ST\STM32CubeIDE_1.18.1\STM32CubeIDE\plugins\com.st.stm32cube.common.mx_6.14.1.202504091515\\db\/plugins/mcufinder/images/
2025-12-09 09:12:48,036 [INFO] ApiDb:250 - Set database path to: C:\Users\User\.stmcufinder\plugins\mcufinder//mcu/
2025-12-09 09:12:48,037 [INFO] DbMcusAds:125 - Set database path to: C:\Users\User\.stmcufinder\plugins\mcufinder//mcu/
2025-12-09 09:12:48,041 [INFO] CrossReferenceDbSqlite:203 - Set database path to: C:\Users\User\.stmcufinder\plugins\mcufinder//mcu/cs/
2025-12-09 09:12:48,232 [INFO] RulesReader:64 - Compatibility file has been processed (302 Rules)
2025-12-09 09:12:48,344 [INFO] DbMcusXml:78 - Set database path to: C:\ST\STM32CubeIDE_1.18.1\STM32CubeIDE\plugins\com.st.stm32cube.common.mx_6.14.1.202504091515\\db\/mcu/
2025-12-09 09:12:48,344 [INFO] ApiDb:274 - Set plugin database path to: C:\ST\STM32CubeIDE_1.18.1\STM32CubeIDE\plugins\com.st.stm32cube.common.mx_6.14.1.202504091515\\db\/plugins/boardmanager/
2025-12-09 09:12:48,344 [INFO] ApiDb:261 - Set plugin images path to: C:\ST\STM32CubeIDE_1.18.1\STM32CubeIDE\plugins\com.st.stm32cube.common.mx_6.14.1.202504091515\\db\/plugins/mcufinder/images/
2025-12-09 09:12:48,344 [WARN] DbFile:41 - Overriding database path with different value: C:\Users\User\.stmcufinder\plugins\mcufinder/ => C:\Users\User\.stmcufinder\plugins\mcufinder
2025-12-09 09:12:48,344 [INFO] ApiDb:250 - Set database path to: C:\Users\User\.stmcufinder\plugins\mcufinder//mcu/
2025-12-09 09:12:48,345 [WARN] DbFile:41 - Overriding database path with different value: C:\Users\User\.stmcufinder\plugins\mcufinder/ => C:\Users\User\.stmcufinder\plugins\mcufinder
2025-12-09 09:12:48,345 [INFO] DbMcusAds:125 - Set database path to: C:\Users\User\.stmcufinder\plugins\mcufinder//mcu/
2025-12-09 09:12:48,345 [WARN] DbFile:41 - Overriding database path with different value: C:\Users\User\.stmcufinder\plugins\mcufinder/ => C:\Users\User\.stmcufinder\plugins\mcufinder
2025-12-09 09:12:48,345 [WARN] DbFile:41 - Overriding database path with different value: C:\Users\User\.stmcufinder\plugins\mcufinder/ => C:\Users\User\.stmcufinder\plugins\mcufinder
2025-12-09 09:12:48,345 [INFO] CrossReferenceDbSqlite:203 - Set database path to: C:\Users\User\.stmcufinder\plugins\mcufinder//mcu/cs/
2025-12-09 09:12:48,455 [INFO] MainPanel:272 - HeapMemory: 268435456
2025-12-09 09:12:48,610 [INFO] DbMcusXml:78 - Set database path to: C:\ST\STM32CubeIDE_1.18.1\STM32CubeIDE\plugins\com.st.stm32cube.common.mx_6.14.1.202504091515\\db\/mcu/
2025-12-09 09:12:48,610 [INFO] ApiDb:274 - Set plugin database path to: C:\ST\STM32CubeIDE_1.18.1\STM32CubeIDE\plugins\com.st.stm32cube.common.mx_6.14.1.202504091515\\db\/plugins/boardmanager/
2025-12-09 09:12:48,610 [INFO] ApiDb:261 - Set plugin images path to: C:\ST\STM32CubeIDE_1.18.1\STM32CubeIDE\plugins\com.st.stm32cube.common.mx_6.14.1.202504091515\\db\/plugins/mcufinder/images/
2025-12-09 09:12:48,611 [WARN] DbFile:41 - Overriding database path with different value: C:\Users\User\.stmcufinder\plugins\mcufinder/ => C:\Users\User\.stmcufinder\plugins\mcufinder
2025-12-09 09:12:48,611 [INFO] ApiDb:250 - Set database path to: C:\Users\User\.stmcufinder\plugins\mcufinder//mcu/
2025-12-09 09:12:48,611 [WARN] DbFile:41 - Overriding database path with different value: C:\Users\User\.stmcufinder\plugins\mcufinder/ => C:\Users\User\.stmcufinder\plugins\mcufinder
2025-12-09 09:12:48,611 [INFO] DbMcusAds:125 - Set database path to: C:\Users\User\.stmcufinder\plugins\mcufinder//mcu/
2025-12-09 09:12:48,612 [WARN] DbFile:41 - Overriding database path with different value: C:\Users\User\.stmcufinder\plugins\mcufinder/ => C:\Users\User\.stmcufinder\plugins\mcufinder
2025-12-09 09:12:48,612 [WARN] DbFile:41 - Overriding database path with different value: C:\Users\User\.stmcufinder\plugins\mcufinder/ => C:\Users\User\.stmcufinder\plugins\mcufinder
2025-12-09 09:12:48,612 [INFO] CrossReferenceDbSqlite:203 - Set database path to: C:\Users\User\.stmcufinder\plugins\mcufinder//mcu/cs/
2025-12-09 09:12:48,640 [INFO] ApplicationProperties:184 - Using Application install path: C:\ST\STM32CubeIDE_1.18.1\STM32CubeIDE\plugins\com.st.stm32cube.common.mx_6.14.1.202504091515
2025-12-09 09:12:48,642 [INFO] PluginManage:196 - Search for loadable plugins [exclusion list=, ]
2025-12-09 09:12:48,644 [INFO] PluginManage:310 - Check plugin analytics
2025-12-09 09:12:48,973 [INFO] AnalyticsPlugin:253 - Accepted Software Licenses: STM32CubeMX.6.14.0,STM32CubeMX.6.14.1
2025-12-09 09:12:48,974 [INFO] AnalyticsPlugin:255 - Accepted CMSIS Pack Licenses: 
2025-12-09 09:12:48,974 [INFO] AnalyticsPlugin:257 - Accepted Firmware Licenses: 
2025-12-09 09:12:48,981 [ERROR] ConfigurationRetriever:142 - IOException on connection: sw-center.st.com
2025-12-09 09:12:48,983 [ERROR] ConfigurationRetriever:142 - IOException on connection: sw-center.st.com
2025-12-09 09:12:48,984 [ERROR] ConfigurationRetriever:142 - IOException on connection: sw-center.st.com
2025-12-09 09:12:48,986 [INFO] PluginManage:359 - Loaded plugin analytics (category:tool,tabindex:-1)
2025-12-09 09:12:48,987 [INFO] PluginManage:310 - Check plugin cadmodel
2025-12-09 09:12:48,992 [INFO] CADModel:105 - Init CAD model plugin
2025-12-09 09:12:48,993 [INFO] PluginManage:359 - Loaded plugin cadmodel (category:power,tabindex:5)
2025-12-09 09:12:48,993 [INFO] PluginManage:310 - Check plugin clock
2025-12-09 09:12:49,010 [INFO] PluginManage:359 - Loaded plugin clock (category:base,tabindex:2)
2025-12-09 09:12:49,010 [INFO] PluginManage:310 - Check plugin ddr
2025-12-09 09:12:49,014 [INFO] PluginManage:359 - Loaded plugin ddr (category:tool,tabindex:6)
2025-12-09 09:12:49,014 [INFO] PluginManage:310 - Check plugin filemanager
2025-12-09 09:12:49,226 [INFO] PluginManage:359 - Loaded plugin filemanager (category:base,tabindex:10)
2025-12-09 09:12:49,227 [INFO] PluginManage:310 - Check plugin ipmanager
2025-12-09 09:12:49,237 [INFO] PluginManage:359 - Loaded plugin ipmanager (category:base,tabindex:5)
2025-12-09 09:12:49,237 [INFO] PluginManage:310 - Check plugin lpbam
2025-12-09 09:12:49,248 [INFO] PluginManage:359 - Loaded plugin lpbam (category:base,tabindex:0)
2025-12-09 09:12:49,248 [INFO] PluginManage:310 - Check plugin memorymap
2025-12-09 09:12:49,267 [INFO] PluginManage:359 - Loaded plugin memorymap (category:base,tabindex:4)
2025-12-09 09:12:49,267 [INFO] PluginManage:310 - Check plugin pinoutandconfiguration
2025-12-09 09:12:49,278 [INFO] PluginManage:359 - Loaded plugin pinoutandconfiguration (category:base,tabindex:1)
2025-12-09 09:12:49,278 [INFO] PluginManage:310 - Check plugin pinoutconfig
2025-12-09 09:12:49,405 [WARN] SupportedApi:132 - Cannot load RTOS API schema: s4s-elt-must-match.1: The content of 'definitions' must match (annotation?, (simpleType | complexType)?, (unique | key | keyref)*)). A problem was found starting at: attribute.
2025-12-09 09:12:49,594 [INFO] PluginManage:359 - Loaded plugin pinoutconfig (category:base,tabindex:0)
2025-12-09 09:12:49,594 [INFO] PluginManage:310 - Check plugin power
2025-12-09 09:12:49,607 [INFO] PluginManage:359 - Loaded plugin power (category:power,tabindex:4)
2025-12-09 09:12:49,608 [INFO] PluginManage:310 - Check plugin projectmanager
2025-12-09 09:12:49,635 [INFO] PluginManage:359 - Loaded plugin projectmanager (category:projectmanager,tabindex:4)
2025-12-09 09:12:49,635 [INFO] PluginManage:310 - Check plugin rif
2025-12-09 09:12:49,649 [INFO] PluginManage:359 - Loaded plugin rif (category:base,tabindex:3)
2025-12-09 09:12:49,649 [INFO] PluginManage:310 - Check plugin thirdparty
2025-12-09 09:12:49,913 [INFO] PluginManage:359 - Loaded plugin thirdparty (category:base,tabindex:-1)
2025-12-09 09:12:49,913 [INFO] PluginManage:310 - Check plugin tools
2025-12-09 09:12:49,913 [WARN] IntegrityCheckThread:84 - waiting for thirdparty lock release [integrity check]
2025-12-09 09:12:49,913 [INFO] IntegrityCheckThread:86 - entering critical section [integrity check]
2025-12-09 09:12:49,914 [INFO] ThirdPartyUpdaterWithRetryManager:70 - Updater plugin not ready yet. [1/15]
2025-12-09 09:12:49,917 [INFO] PluginManage:359 - Loaded plugin tools (category:base,tabindex:7)
2025-12-09 09:12:49,917 [INFO] PluginManage:310 - Check plugin tutovideos
2025-12-09 09:12:50,170 [INFO] PluginManage:359 - Loaded plugin tutovideos (category:base,tabindex:-1)
2025-12-09 09:12:50,171 [INFO] PluginManage:310 - Check plugin updater
2025-12-09 09:12:50,208 [INFO] PluginManage:359 - Loaded plugin updater (category:base,tabindex:12)
2025-12-09 09:12:50,208 [INFO] PluginManage:310 - Check plugin userauth
2025-12-09 09:12:50,214 [INFO] UserAuth:118 - Init User Auth plugin
2025-12-09 09:12:50,215 [INFO] PluginManage:359 - Loaded plugin userauth (category:base,tabindex:14)
2025-12-09 09:12:50,216 [INFO] PluginManage:283 - PluginManage : Loaded plugins [18]
2025-12-09 09:12:50,549 [INFO] PinOutPanel:1589 - setPackage(No Configuration,No Configuration)
2025-12-09 09:12:50,713 [INFO] CADModel:165 - CPN selected for project level
2025-12-09 09:12:50,713 [INFO] CADModel:114 - Register for checkConnection events
2025-12-09 09:12:50,740 [INFO] IPUIPlugin:80 - create IPUIPlugin
2025-12-09 09:12:50,740 [INFO] PluginManager:220 - loadIPPluginJar : add adc
2025-12-09 09:12:50,745 [INFO] IPUIPlugin:80 - create IPUIPlugin
2025-12-09 09:12:50,746 [INFO] PluginManager:220 - loadIPPluginJar : add aes
2025-12-09 09:12:50,752 [INFO] IPUIPlugin:80 - create IPUIPlugin
2025-12-09 09:12:50,752 [INFO] PluginManager:220 - loadIPPluginJar : add can
2025-12-09 09:12:50,755 [INFO] IPUIPlugin:80 - create IPUIPlugin
2025-12-09 09:12:50,756 [INFO] PluginManager:220 - loadIPPluginJar : add comp
2025-12-09 09:12:50,760 [INFO] IPUIPlugin:80 - create IPUIPlugin
2025-12-09 09:12:50,760 [INFO] PluginManager:220 - loadIPPluginJar : add cryp
2025-12-09 09:12:50,766 [INFO] IPUIPlugin:80 - create IPUIPlugin
2025-12-09 09:12:50,767 [INFO] PluginManager:220 - loadIPPluginJar : add ddr_ctrl_phy
2025-12-09 09:12:50,771 [INFO] IPUIPlugin:80 - create IPUIPlugin
2025-12-09 09:12:50,771 [INFO] PluginManager:220 - loadIPPluginJar : add dfsdm
2025-12-09 09:12:50,781 [INFO] IPUIPlugin:80 - create IPUIPlugin
2025-12-09 09:12:50,782 [INFO] PluginManager:220 - loadIPPluginJar : add dma
2025-12-09 09:12:50,785 [INFO] IPUIPlugin:80 - create IPUIPlugin
2025-12-09 09:12:50,786 [INFO] PluginManager:220 - loadIPPluginJar : add dma3
2025-12-09 09:12:50,789 [INFO] IPUIPlugin:80 - create IPUIPlugin
2025-12-09 09:12:50,789 [INFO] PluginManager:220 - loadIPPluginJar : add extmemmanager
2025-12-09 09:12:50,791 [INFO] IPUIPlugin:80 - create IPUIPlugin
2025-12-09 09:12:50,791 [INFO] PluginManager:220 - loadIPPluginJar : add fatfs
2025-12-09 09:12:50,798 [INFO] IPUIPlugin:80 - create IPUIPlugin
2025-12-09 09:12:50,799 [INFO] PluginManager:220 - loadIPPluginJar : add fmc
2025-12-09 09:12:50,806 [INFO] IPUIPlugin:80 - create IPUIPlugin
2025-12-09 09:12:50,806 [INFO] PluginManager:220 - loadIPPluginJar : add freertos
2025-12-09 09:12:50,808 [INFO] IPUIPlugin:80 - create IPUIPlugin
2025-12-09 09:12:50,808 [INFO] PluginManager:220 - loadIPPluginJar : add genericplugin
2025-12-09 09:12:50,811 [INFO] IPUIPlugin:80 - create IPUIPlugin
2025-12-09 09:12:50,812 [INFO] PluginManager:220 - loadIPPluginJar : add gfxmmu
2025-12-09 09:12:50,818 [INFO] IPUIPlugin:80 - create IPUIPlugin
2025-12-09 09:12:50,819 [INFO] PluginManager:220 - loadIPPluginJar : add gic
2025-12-09 09:12:50,824 [INFO] IPUIPlugin:80 - create IPUIPlugin
2025-12-09 09:12:50,824 [INFO] PluginManager:220 - loadIPPluginJar : add gpio
2025-12-09 09:12:50,829 [INFO] IPUIPlugin:80 - create IPUIPlugin
2025-12-09 09:12:50,829 [INFO] PluginManager:220 - loadIPPluginJar : add gtzc
2025-12-09 09:12:50,833 [INFO] IPUIPlugin:80 - create IPUIPlugin
2025-12-09 09:12:50,833 [INFO] PluginManager:220 - loadIPPluginJar : add hash
2025-12-09 09:12:50,837 [INFO] IPUIPlugin:80 - create IPUIPlugin
2025-12-09 09:12:50,837 [INFO] PluginManager:220 - loadIPPluginJar : add i2c
2025-12-09 09:12:50,840 [INFO] IPUIPlugin:80 - create IPUIPlugin
2025-12-09 09:12:50,840 [INFO] PluginManager:220 - loadIPPluginJar : add i2s
2025-12-09 09:12:50,845 [INFO] IPUIPlugin:80 - create IPUIPlugin
2025-12-09 09:12:50,846 [INFO] PluginManager:220 - loadIPPluginJar : add i3c
2025-12-09 09:12:50,852 [INFO] IPUIPlugin:80 - create IPUIPlugin
2025-12-09 09:12:50,852 [INFO] PluginManager:220 - loadIPPluginJar : add ipddr
2025-12-09 09:12:50,865 [INFO] IPUIPlugin:80 - create IPUIPlugin
2025-12-09 09:12:50,865 [INFO] PluginManager:220 - loadIPPluginJar : add linkedlist
2025-12-09 09:12:50,870 [INFO] IPUIPlugin:80 - create IPUIPlugin
2025-12-09 09:12:50,870 [INFO] PluginManager:220 - loadIPPluginJar : add lorawan
2025-12-09 09:12:50,872 [INFO] IPUIPlugin:80 - create IPUIPlugin
2025-12-09 09:12:50,872 [INFO] PluginManager:220 - loadIPPluginJar : add ltdc
2025-12-09 09:12:50,883 [INFO] IPUIPlugin:80 - create IPUIPlugin
2025-12-09 09:12:50,884 [INFO] PluginManager:220 - loadIPPluginJar : add mdma
2025-12-09 09:12:50,889 [INFO] IPUIPlugin:80 - create IPUIPlugin
2025-12-09 09:12:50,889 [INFO] PluginManager:220 - loadIPPluginJar : add nvic
2025-12-09 09:12:50,895 [INFO] IPUIPlugin:80 - create IPUIPlugin
2025-12-09 09:12:50,896 [INFO] PluginManager:220 - loadIPPluginJar : add opamp
2025-12-09 09:12:50,900 [INFO] IPUIPlugin:80 - create IPUIPlugin
2025-12-09 09:12:50,900 [INFO] PluginManager:220 - loadIPPluginJar : add openamp
2025-12-09 09:12:50,905 [INFO] IPUIPlugin:80 - create IPUIPlugin
2025-12-09 09:12:50,905 [INFO] PluginManager:220 - loadIPPluginJar : add pdm2pcm
2025-12-09 09:12:50,916 [INFO] IPUIPlugin:80 - create IPUIPlugin
2025-12-09 09:12:50,919 [INFO] PluginManager:220 - loadIPPluginJar : add plateformsettings
2025-12-09 09:12:50,922 [INFO] IPUIPlugin:80 - create IPUIPlugin
2025-12-09 09:12:50,922 [INFO] PluginManager:220 - loadIPPluginJar : add quadspi
2025-12-09 09:12:50,925 [INFO] IPUIPlugin:80 - create IPUIPlugin
2025-12-09 09:12:50,926 [INFO] PluginManager:220 - loadIPPluginJar : add radio
2025-12-09 09:12:50,932 [INFO] IPUIPlugin:80 - create IPUIPlugin
2025-12-09 09:12:50,932 [INFO] PluginManager:220 - loadIPPluginJar : add resmgrutility
2025-12-09 09:12:50,938 [INFO] IPUIPlugin:80 - create IPUIPlugin
2025-12-09 09:12:50,938 [INFO] PluginManager:220 - loadIPPluginJar : add sai
2025-12-09 09:12:50,942 [INFO] IPUIPlugin:80 - create IPUIPlugin
2025-12-09 09:12:50,942 [INFO] PluginManager:220 - loadIPPluginJar : add spi
2025-12-09 09:12:50,953 [INFO] IPUIPlugin:80 - create IPUIPlugin
2025-12-09 09:12:50,954 [INFO] PluginManager:220 - loadIPPluginJar : add stm32_wpan
2025-12-09 09:12:50,957 [INFO] IPUIPlugin:80 - create IPUIPlugin
2025-12-09 09:12:50,957 [INFO] PluginManager:220 - loadIPPluginJar : add tim
2025-12-09 09:12:50,963 [INFO] IPUIPlugin:80 - create IPUIPlugin
2025-12-09 09:12:50,963 [INFO] PluginManager:220 - loadIPPluginJar : add touchsensing
2025-12-09 09:12:50,966 [INFO] IPUIPlugin:80 - create IPUIPlugin
2025-12-09 09:12:50,967 [INFO] PluginManager:220 - loadIPPluginJar : add tracer_emb
2025-12-09 09:12:50,970 [INFO] IPUIPlugin:80 - create IPUIPlugin
2025-12-09 09:12:50,970 [INFO] PluginManager:220 - loadIPPluginJar : add ts
2025-12-09 09:12:50,973 [INFO] IPUIPlugin:80 - create IPUIPlugin
2025-12-09 09:12:50,974 [INFO] PluginManager:220 - loadIPPluginJar : add tsc
2025-12-09 09:12:50,978 [INFO] IPUIPlugin:80 - create IPUIPlugin
2025-12-09 09:12:50,978 [INFO] PluginManager:220 - loadIPPluginJar : add ucpd
2025-12-09 09:12:50,983 [INFO] IPUIPlugin:80 - create IPUIPlugin
2025-12-09 09:12:50,983 [INFO] PluginManager:220 - loadIPPluginJar : add usart
2025-12-09 09:12:50,988 [INFO] IPUIPlugin:80 - create IPUIPlugin
2025-12-09 09:12:50,988 [INFO] PluginManager:220 - loadIPPluginJar : add usbx
2025-12-09 09:12:51,170 [FATAL] Updater:351 - Updater called before beeing initialized
2025-12-09 09:12:51,222 [INFO] RulesReader:64 - Compatibility file has been processed (302 Rules)
2025-12-09 09:12:51,246 [INFO] RulesReader:64 - Compatibility file has been processed (302 Rules)
2025-12-09 09:12:51,259 [INFO] CADModel:165 - CPN selected for project level
2025-12-09 09:12:51,259 [INFO] CADModel:114 - Register for checkConnection events
2025-12-09 09:12:51,259 [FATAL] Updater:351 - Updater called before beeing initialized
2025-12-09 09:12:51,259 [ERROR] CADModel:125 - Updater not yet initialized, retry later 
2025-12-09 09:12:51,506 [FATAL] Updater:351 - Updater called before beeing initialized
2025-12-09 09:12:51,509 [INFO] CADModel:165 - CPN selected for project level
2025-12-09 09:12:51,509 [INFO] CADModel:114 - Register for checkConnection events
2025-12-09 09:12:51,509 [FATAL] Updater:351 - Updater called before beeing initialized
2025-12-09 09:12:51,509 [ERROR] CADModel:125 - Updater not yet initialized, retry later 
2025-12-09 09:12:51,517 [FATAL] Updater:351 - Updater called before beeing initialized
2025-12-09 09:12:51,718 [FATAL] Updater:351 - Updater called before beeing initialized
2025-12-09 09:12:51,725 [INFO] DbMcusAds:53 - JSON generation date=Thu Mar 06 17:54:22 MSK 2025 (1741272862204)
2025-12-09 09:12:51,725 [FATAL] Updater:351 - Updater called before beeing initialized
2025-12-09 09:12:51,780 [WARN] DetailPanel:346 - Failed to get advertising image, set to default
2025-12-09 09:12:52,171 [FATAL] Updater:351 - Updater called before beeing initialized
2025-12-09 09:12:52,173 [FATAL] Updater:351 - Updater called before beeing initialized
2025-12-09 09:12:52,173 [FATAL] Updater:351 - Updater called before beeing initialized
2025-12-09 09:12:52,173 [WARN] DetailPanel:346 - Failed to get advertising image, set to default
2025-12-09 09:12:52,174 [FATAL] Updater:351 - Updater called before beeing initialized
2025-12-09 09:12:52,254 [ERROR] Updater:1198 - MainUpdater not yet initialized. External WinMGr cannot be set.
2025-12-09 09:12:52,257 [INFO] Updater:1134 - Updater Version found : 6.14.1
2025-12-09 09:12:52,282 [INFO] ApplicationProperties:184 - Using Application install path: C:\ST\STM32CubeIDE_1.18.1\STM32CubeIDE\plugins\com.st.stm32cube.common.mx_6.14.1.202504091515
2025-12-09 09:12:52,662 [INFO] MainUpdater:2872 - connection check result : 22
2025-12-09 09:12:52,663 [INFO] MainUpdater:289 - Updater Check For Update Now.
2025-12-09 09:12:52,663 [INFO] MicroXplorer:498 - Change Database Version : DB.6.0.141
2025-12-09 09:12:52,674 [INFO] McuFinderGlobals:63 - Set McuFinder mode to 2 (CubeIDE integrated)
2025-12-09 09:12:52,683 [INFO] UserAuth:484 - Internet connection configuration mode: 2
2025-12-09 09:12:52,702 [INFO] UserAuth:484 - Internet connection configuration mode: 2
2025-12-09 09:12:52,930 [WARN] MainUpdater:1193 - Updater busy. Cannot search thirdparties
2025-12-09 09:12:52,930 [INFO] ThirdPartyUpdaterWithRetryManager:96 - Updater plugin is busy. [1/15]
2025-12-09 09:12:53,025 [INFO] CheckServerUpdateThread:120 - End of CheckServer Thread
2025-12-09 09:12:56,348 [WARN] PackLoader:240 - Cannot read IP mode file for STMicroelectronics.FP-SNS-MOTENVWB1.1.4.0
2025-12-09 09:12:56,369 [WARN] PackLoader:240 - Cannot read IP mode file for STMicroelectronics.X-CUBE-SMBUS.2.1.0
2025-12-09 09:12:56,378 [WARN] PackLoader:240 - Cannot read IP mode file for STMicroelectronics.X-CUBE-ST60.1.0.0
2025-12-09 09:12:56,435 [WARN] PackLoader:240 - Cannot read IP mode file for STMicroelectronics.X-CUBE-AZRTOS-F7.1.1.0
2025-12-09 09:12:56,511 [WARN] PackLoader:240 - Cannot read IP mode file for Infineon.AIROC-Wi-Fi-Bluetooth-STM32.1.7.0
2025-12-09 09:12:56,541 [WARN] PackLoader:240 - Cannot read IP mode file for STMicroelectronics.X-CUBE-DISPLAY.3.0.0
2025-12-09 09:12:56,572 [WARN] PackLoader:240 - Cannot read IP mode file for STMicroelectronics.X-CUBE-NFC10.1.0.0
2025-12-09 09:12:56,583 [WARN] PackLoader:240 - Cannot read IP mode file for emotas.I-CUBE-CANOPEN.1.3.0
2025-12-09 09:12:56,591 [WARN] ConditionMgr:438 - getConditionDescription Invalid condition id : Cortex-A Device cause : null
2025-12-09 09:12:56,610 [WARN] ConditionMgr:1044 - genDependencies : Invalid condition id : Cortex-A Device cause : null
2025-12-09 09:12:56,611 [WARN] ConditionMgr:1044 - genDependencies : Invalid condition id : Cortex-A Device cause : null
2025-12-09 09:12:56,611 [WARN] ConditionMgr:1044 - genDependencies : Invalid condition id : Cortex-A Device cause : null
2025-12-09 09:12:56,618 [WARN] PackLoader:240 - Cannot read IP mode file for STMicroelectronics.X-CUBE-AI.10.0.0
2025-12-09 09:12:56,626 [WARN] PackLoader:240 - Cannot read IP mode file for STMicroelectronics.FP-SNS-SMARTAG2.1.2.0
2025-12-09 09:12:56,647 [INFO] LogOutputStream:77 - [STDOUT_REDIRECT] 1 : Invalid condition id : UX_CORESTACK_Condition cause : null
2025-12-09 09:12:56,648 [INFO] LogOutputStream:77 - [STDOUT_REDIRECT] 1 : Invalid condition id : UX_CORESTACK_Condition cause : null
2025-12-09 09:12:56,650 [INFO] LogOutputStream:77 - [STDOUT_REDIRECT] 1 : Invalid condition id : UX_CORESTACK_Condition cause : null
2025-12-09 09:12:56,653 [INFO] LogOutputStream:77 - [STDOUT_REDIRECT] 1 : Invalid condition id : UX_CORESTACK_Condition cause : null
2025-12-09 09:12:56,655 [INFO] LogOutputStream:77 - [STDOUT_REDIRECT] 1 : Invalid condition id : UX_CORESTACK_Condition cause : null
2025-12-09 09:12:56,666 [WARN] PackLoader:240 - Cannot read IP mode file for STMicroelectronics.X-CUBE-AZRTOS-WL.2.0.0
2025-12-09 09:12:56,682 [WARN] PackLoader:240 - Cannot read IP mode file for STMicroelectronics.FP-SNS-MOTENV1.5.0.0
2025-12-09 09:12:56,701 [WARN] PackLoader:240 - Cannot read IP mode file for WES.I-CUBE-Cesium.1.3.0
2025-12-09 09:12:56,712 [WARN] PackLoader:240 - Cannot read IP mode file for STMicroelectronics.X-CUBE-BLE2.3.3.0
2025-12-09 09:12:56,725 [WARN] PackLoader:240 - Cannot read IP mode file for STMicroelectronics.X-CUBE-NFC9.1.0.0
2025-12-09 09:12:56,737 [WARN] PackLoader:240 - Cannot read IP mode file for wolfSSL.I-CUBE-wolfSSL.5.8.0
2025-12-09 09:12:56,744 [WARN] PackLoader:240 - Cannot read IP mode file for wolfSSL.I-CUBE-wolfMQTT.1.19.2
2025-12-09 09:12:56,750 [WARN] PackLoader:240 - Cannot read IP mode file for STMicroelectronics.X-CUBE-AI.10.1.0
2025-12-09 09:12:56,855 [WARN] PackLoader:240 - Cannot read IP mode file for STMicroelectronics.X-CUBE-MEMS1.11.2.0
2025-12-09 09:12:57,615 [WARN] PackLoader:240 - Cannot read IP mode file for STMicroelectronics.X-CUBE-AZRTOS-G0.1.1.0
2025-12-09 09:12:57,656 [WARN] PackLoader:240 - Cannot read IP mode file for STMicroelectronics.X-CUBE-SAFEA1.1.2.2
2025-12-09 09:12:57,669 [WARN] PackLoader:240 - Cannot read IP mode file for STMicroelectronics.X-CUBE-NFC4.3.0.0
2025-12-09 09:12:57,687 [WARN] PackLoader:240 - Cannot read IP mode file for EmbeddedOffice.I-CUBE-FS-RTOS.1.0.1
2025-12-09 09:12:57,699 [WARN] PackLoader:240 - Cannot read IP mode file for STMicroelectronics.X-CUBE-WB05N.2.0.0
2025-12-09 09:12:57,707 [WARN] PackLoader:240 - Cannot read IP mode file for wolfSSL.I-CUBE-wolfTPM.3.8.0
2025-12-09 09:12:57,716 [WARN] PackLoader:240 - Cannot read IP mode file for STMicroelectronics.X-CUBE-TCPP.4.2.0
2025-12-09 09:12:57,726 [WARN] PackLoader:240 - Cannot read IP mode file for RealThread.X-CUBE-RT-Thread_Nano.4.1.1
2025-12-09 09:12:57,733 [WARN] PackLoader:240 - Cannot read IP mode file for STMicroelectronics.FP-ATR-SIGFOX1.3.2.0
2025-12-09 09:12:57,743 [WARN] PackLoader:240 - Cannot read IP mode file for STMicroelectronics.X-CUBE-EEPRMA1.5.1.0
2025-12-09 09:12:57,757 [WARN] PackLoader:240 - Cannot read IP mode file for ITTIA_DB.I-CUBE-ITTIADB.8.9.0
2025-12-09 09:12:57,767 [WARN] PackLoader:240 - Cannot read IP mode file for STMicroelectronics.X-CUBE-ST67W61.1.0.0
2025-12-09 09:12:57,814 [WARN] PackLoader:240 - Cannot read IP mode file for SEGGER.I-CUBE-embOS.1.3.1
2025-12-09 09:12:57,884 [WARN] PackLoader:240 - Cannot read IP mode file for STMicroelectronics.X-CUBE-ALGOBUILD.1.4.0
2025-12-09 09:12:57,984 [WARN] PackLoader:240 - Cannot read IP mode file for STMicroelectronics.X-CUBE-MEMS1.11.3.0
2025-12-09 09:12:58,198 [WARN] PackLoader:240 - Cannot read IP mode file for STMicroelectronics.X-CUBE-PM33A1.1.0.0
2025-12-09 09:12:58,226 [WARN] PackLoader:240 - Cannot read IP mode file for STMicroelectronics.X-CUBE-AZRTOS-F4.1.1.0
2025-12-09 09:12:58,235 [WARN] PackLoader:240 - Cannot read IP mode file for Avnet-IotConnect.X-CUBE-IoTC-DA16k-PMOD.1.0.0
2025-12-09 09:12:58,241 [WARN] PackLoader:240 - Cannot read IP mode file for STMicroelectronics.X-CUBE-ISPU.2.1.0
2025-12-09 09:12:58,270 [WARN] PackLoader:240 - Cannot read IP mode file for STMicroelectronics.X-CUBE-AZRTOS-L5.2.0.0
2025-12-09 09:12:58,286 [WARN] PackLoader:240 - Cannot read IP mode file for STMicroelectronics.X-CUBE-NFC6.3.1.0
2025-12-09 09:12:58,296 [WARN] PackLoader:240 - Cannot read IP mode file for STMicroelectronics.X-CUBE-FREERTOS.1.3.1
2025-12-09 09:12:58,317 [WARN] PackLoader:240 - Cannot read IP mode file for STMicroelectronics.X-CUBE-FREERTOS.1.3.0
2025-12-09 09:12:58,325 [WARN] PackLoader:240 - Cannot read IP mode file for STMicroelectronics.FP-SNS-STAIOTCFT.1.0.0
2025-12-09 09:12:58,355 [WARN] ConditionMgr:438 - getConditionDescription Invalid condition id : LAN8742 Phy interface Condition cause : null
2025-12-09 09:12:58,356 [WARN] PackLoader:240 - Cannot read IP mode file for STMicroelectronics.X-CUBE-AZRTOS-L4.2.0.0
2025-12-09 09:12:58,358 [WARN] ConditionMgr:1044 - genDependencies : Invalid condition id : LAN8742 Phy interface Condition cause : null
2025-12-09 09:12:58,359 [WARN] ConditionMgr:1044 - genDependencies : Invalid condition id : LAN8742 Phy interface Condition cause : null
2025-12-09 09:12:58,360 [WARN] ConditionMgr:1044 - genDependencies : Invalid condition id : LAN8742 Phy interface Condition cause : null
2025-12-09 09:12:58,373 [WARN] PackLoader:240 - Cannot read IP mode file for STMicroelectronics.X-CUBE-SFXS2LP1.4.0.0
2025-12-09 09:12:58,409 [WARN] PackLoader:240 - Cannot read IP mode file for STMicroelectronics.X-CUBE-AZRTOS-H7.3.3.0
2025-12-09 09:12:58,432 [WARN] ConditionMgr:438 - getConditionDescription Invalid condition id : UX DEVICE CLASS RTOS Condition cause : null
2025-12-09 09:12:58,433 [WARN] ConditionMgr:438 - getConditionDescription Invalid condition id : UX DEVICE CLASS RTOS Condition cause : null
2025-12-09 09:12:58,437 [WARN] PackLoader:240 - Cannot read IP mode file for STMicroelectronics.X-CUBE-AZRTOS-WB.2.0.0
2025-12-09 09:12:58,439 [WARN] ConditionMgr:1044 - genDependencies : Invalid condition id : UX DEVICE CLASS RTOS Condition cause : null
2025-12-09 09:12:58,439 [WARN] ConditionMgr:1044 - genDependencies : Invalid condition id : UX DEVICE CLASS RTOS Condition cause : null
2025-12-09 09:12:58,440 [WARN] ConditionMgr:1044 - genDependencies : Invalid condition id : UX DEVICE CLASS RTOS Condition cause : null
2025-12-09 09:12:58,440 [WARN] ConditionMgr:1044 - genDependencies : Invalid condition id : UX DEVICE CLASS RTOS Condition cause : null
2025-12-09 09:12:58,441 [WARN] ConditionMgr:1044 - genDependencies : Invalid condition id : UX DEVICE CLASS RTOS Condition cause : null
2025-12-09 09:12:58,450 [WARN] PackLoader:240 - Cannot read IP mode file for STMicroelectronics.X-CUBE-TOUCHGFX.4.25.0
2025-12-09 09:12:58,468 [WARN] PackLoader:240 - Cannot read IP mode file for STMicroelectronics.FP-SNS-STBOX1.2.0.0
2025-12-09 09:12:58,511 [WARN] PackLoader:240 - Cannot read IP mode file for STMicroelectronics.X-CUBE-SUBG2.5.0.0
2025-12-09 09:12:58,545 [WARN] PackLoader:240 - Cannot read IP mode file for STMicroelectronics.X-CUBE-AZRTOS-H7RS.1.1.0
2025-12-09 09:12:58,554 [WARN] PackLoader:240 - Cannot read IP mode file for Cesanta.I-CUBE-Mongoose.7.13.0
2025-12-09 09:12:58,570 [WARN] PackLoader:240 - Cannot read IP mode file for STMicroelectronics.X-CUBE-AZRTOS-G4.2.0.0
2025-12-09 09:12:58,580 [WARN] PackLoader:240 - Cannot read IP mode file for wolfSSL.I-CUBE-wolfSSH.1.4.20
2025-12-09 09:12:58,587 [WARN] PackLoader:240 - Cannot read IP mode file for STMicroelectronics.X-CUBE-NFC7.2.0.0
2025-12-09 09:12:58,595 [WARN] PackLoader:240 - Cannot read IP mode file for STMicroelectronics.X-CUBE-ALS.1.0.2
2025-12-09 09:12:58,603 [WARN] PackLoader:240 - Cannot read IP mode file for portGmbH.I-Cube-SoM-uGOAL.1.1.0
2025-12-09 09:12:58,620 [WARN] PackLoader:240 - Cannot read IP mode file for STMicroelectronics.X-CUBE-TOF1.3.4.3
2025-12-09 09:12:58,637 [INFO] ThirdParty:978 - Integrity check success = true
2025-12-09 09:12:58,637 [INFO] IntegrityCheckThread:100 - exiting critical section [integrity check]
2025-12-09 09:12:58,637 [INFO] IntegrityCheckThread:103 - End integrity checks thread
2025-12-09 09:27:30,922 [ERROR] ConfigurationRetriever:142 - IOException on connection: sw-center.st.com
2025-12-09 09:27:30,924 [ERROR] ConfigurationRetriever:142 - IOException on connection: sw-center.st.com
2025-12-09 09:27:30,924 [ERROR] ConfigurationRetriever:142 - IOException on connection: sw-center.st.com
2025-12-09 09:27:31,485 [ERROR] ConfigurationRetriever:142 - IOException on connection: sw-center.st.com
2025-12-09 09:27:31,486 [ERROR] ConfigurationRetriever:142 - IOException on connection: sw-center.st.com
2025-12-09 09:27:31,487 [ERROR] ConfigurationRetriever:142 - IOException on connection: sw-center.st.com
2025-12-09 09:41:48,336 [ERROR] ConfigurationRetriever:142 - IOException on connection: sw-center.st.com
2025-12-09 09:41:48,344 [ERROR] ConfigurationRetriever:142 - IOException on connection: sw-center.st.com
2025-12-09 09:41:48,344 [ERROR] ConfigurationRetriever:142 - IOException on connection: sw-center.st.com
2025-12-09 09:42:19,894 [ERROR] ConfigurationRetriever:142 - IOException on connection: sw-center.st.com
2025-12-09 09:42:19,895 [ERROR] ConfigurationRetriever:142 - IOException on connection: sw-center.st.com
2025-12-09 09:42:19,896 [ERROR] ConfigurationRetriever:142 - IOException on connection: sw-center.st.com
2025-12-09 09:42:47,915 [ERROR] ConfigurationRetriever:142 - IOException on connection: sw-center.st.com
2025-12-09 09:42:47,916 [ERROR] ConfigurationRetriever:142 - IOException on connection: sw-center.st.com
2025-12-09 09:42:47,916 [ERROR] ConfigurationRetriever:142 - IOException on connection: sw-center.st.com
2025-12-09 09:49:59,762 [ERROR] ConfigurationRetriever:142 - IOException on connection: sw-center.st.com
2025-12-09 09:49:59,764 [ERROR] ConfigurationRetriever:142 - IOException on connection: sw-center.st.com
2025-12-09 09:49:59,766 [ERROR] ConfigurationRetriever:142 - IOException on connection: sw-center.st.com
2025-12-09 09:49:59,974 [ERROR] ConfigurationRetriever:142 - IOException on connection: sw-center.st.com
2025-12-09 09:49:59,975 [ERROR] ConfigurationRetriever:142 - IOException on connection: sw-center.st.com
2025-12-09 09:49:59,975 [ERROR] ConfigurationRetriever:142 - IOException on connection: sw-center.st.com
2025-12-09 09:50:31,220 [ERROR] ConfigurationRetriever:142 - IOException on connection: sw-center.st.com
2025-12-09 09:50:31,221 [ERROR] ConfigurationRetriever:142 - IOException on connection: sw-center.st.com
2025-12-09 09:50:31,222 [ERROR] ConfigurationRetriever:142 - IOException on connection: sw-center.st.com
2025-12-09 09:50:59,119 [ERROR] ConfigurationRetriever:142 - IOException on connection: sw-center.st.com
2025-12-09 09:50:59,120 [ERROR] ConfigurationRetriever:142 - IOException on connection: sw-center.st.com
2025-12-09 09:50:59,121 [ERROR] ConfigurationRetriever:142 - IOException on connection: sw-center.st.com
2025-12-09 09:50:59,295 [ERROR] ConfigurationRetriever:142 - IOException on connection: sw-center.st.com
2025-12-09 09:50:59,297 [ERROR] ConfigurationRetriever:142 - IOException on connection: sw-center.st.com
2025-12-09 09:50:59,297 [ERROR] ConfigurationRetriever:142 - IOException on connection: sw-center.st.com
2025-12-09 09:55:18,904 [ERROR] ConfigurationRetriever:142 - IOException on connection: sw-center.st.com
2025-12-09 09:55:18,905 [ERROR] ConfigurationRetriever:142 - IOException on connection: sw-center.st.com
2025-12-09 09:55:18,906 [ERROR] ConfigurationRetriever:142 - IOException on connection: sw-center.st.com
2025-12-09 09:57:30,271 [ERROR] ConfigurationRetriever:142 - IOException on connection: sw-center.st.com
2025-12-09 09:57:30,272 [ERROR] ConfigurationRetriever:142 - IOException on connection: sw-center.st.com
2025-12-09 09:57:30,273 [ERROR] ConfigurationRetriever:142 - IOException on connection: sw-center.st.com
2025-12-09 09:57:30,454 [ERROR] ConfigurationRetriever:142 - IOException on connection: sw-center.st.com
2025-12-09 09:57:30,455 [ERROR] ConfigurationRetriever:142 - IOException on connection: sw-center.st.com
2025-12-09 09:57:30,456 [ERROR] ConfigurationRetriever:142 - IOException on connection: sw-center.st.com
2025-12-09 09:57:36,206 [ERROR] ConfigurationRetriever:142 - IOException on connection: sw-center.st.com
2025-12-09 09:57:36,207 [ERROR] ConfigurationRetriever:142 - IOException on connection: sw-center.st.com
2025-12-09 09:57:36,208 [ERROR] ConfigurationRetriever:142 - IOException on connection: sw-center.st.com
2025-12-09 10:03:34,189 [ERROR] ConfigurationRetriever:142 - IOException on connection: sw-center.st.com
2025-12-09 10:03:34,191 [ERROR] ConfigurationRetriever:142 - IOException on connection: sw-center.st.com
2025-12-09 10:03:34,193 [ERROR] ConfigurationRetriever:142 - IOException on connection: sw-center.st.com
2025-12-09 10:03:34,470 [ERROR] ConfigurationRetriever:142 - IOException on connection: sw-center.st.com
2025-12-09 10:03:34,471 [ERROR] ConfigurationRetriever:142 - IOException on connection: sw-center.st.com
2025-12-09 10:03:34,472 [ERROR] ConfigurationRetriever:142 - IOException on connection: sw-center.st.com
2025-12-09 10:06:18,849 [ERROR] ConfigurationRetriever:142 - IOException on connection: sw-center.st.com
2025-12-09 10:06:18,850 [ERROR] ConfigurationRetriever:142 - IOException on connection: sw-center.st.com
2025-12-09 10:06:18,853 [ERROR] ConfigurationRetriever:142 - IOException on connection: sw-center.st.com
2025-12-09 10:06:23,648 [ERROR] ConfigurationRetriever:142 - IOException on connection: sw-center.st.com
2025-12-09 10:06:23,649 [ERROR] ConfigurationRetriever:142 - IOException on connection: sw-center.st.com
2025-12-09 10:06:23,650 [ERROR] ConfigurationRetriever:142 - IOException on connection: sw-center.st.com
2025-12-09 10:08:35,002 [ERROR] ConfigurationRetriever:142 - IOException on connection: sw-center.st.com
2025-12-09 10:08:35,004 [ERROR] ConfigurationRetriever:142 - IOException on connection: sw-center.st.com
2025-12-09 10:08:35,005 [ERROR] ConfigurationRetriever:142 - IOException on connection: sw-center.st.com
2025-12-09 10:08:55,119 [ERROR] ConfigurationRetriever:142 - IOException on connection: sw-center.st.com
2025-12-09 10:08:55,121 [ERROR] ConfigurationRetriever:142 - IOException on connection: sw-center.st.com
2025-12-09 10:08:55,121 [ERROR] ConfigurationRetriever:142 - IOException on connection: sw-center.st.com
2025-12-09 10:09:24,877 [ERROR] ConfigurationRetriever:142 - IOException on connection: sw-center.st.com
2025-12-09 10:09:24,878 [ERROR] ConfigurationRetriever:142 - IOException on connection: sw-center.st.com
2025-12-09 10:09:24,878 [ERROR] ConfigurationRetriever:142 - IOException on connection: sw-center.st.com
2025-12-09 10:11:49,389 [ERROR] ConfigurationRetriever:142 - IOException on connection: sw-center.st.com
2025-12-09 10:11:49,391 [ERROR] ConfigurationRetriever:142 - IOException on connection: sw-center.st.com
2025-12-09 10:11:49,391 [ERROR] ConfigurationRetriever:142 - IOException on connection: sw-center.st.com
2025-12-09 10:13:48,829 [ERROR] ConfigurationRetriever:142 - IOException on connection: sw-center.st.com
2025-12-09 10:13:48,830 [ERROR] ConfigurationRetriever:142 - IOException on connection: sw-center.st.com
2025-12-09 10:13:48,831 [ERROR] ConfigurationRetriever:142 - IOException on connection: sw-center.st.com
2025-12-09 10:15:05,724 [ERROR] ConfigurationRetriever:142 - IOException on connection: sw-center.st.com
2025-12-09 10:15:05,727 [ERROR] ConfigurationRetriever:142 - IOException on connection: sw-center.st.com
2025-12-09 10:15:05,729 [ERROR] ConfigurationRetriever:142 - IOException on connection: sw-center.st.com
2025-12-09 10:15:05,931 [ERROR] ConfigurationRetriever:142 - IOException on connection: sw-center.st.com
2025-12-09 10:15:05,931 [ERROR] ConfigurationRetriever:142 - IOException on connection: sw-center.st.com
2025-12-09 10:15:05,932 [ERROR] ConfigurationRetriever:142 - IOException on connection: sw-center.st.com
2025-12-09 10:23:43,695 [ERROR] ConfigurationRetriever:142 - IOException on connection: sw-center.st.com
2025-12-09 10:23:43,696 [ERROR] ConfigurationRetriever:142 - IOException on connection: sw-center.st.com
2025-12-09 10:23:43,697 [ERROR] ConfigurationRetriever:142 - IOException on connection: sw-center.st.com
2025-12-09 10:23:43,863 [ERROR] ConfigurationRetriever:142 - IOException on connection: sw-center.st.com
2025-12-09 10:23:43,864 [ERROR] ConfigurationRetriever:142 - IOException on connection: sw-center.st.com
2025-12-09 10:23:43,865 [ERROR] ConfigurationRetriever:142 - IOException on connection: sw-center.st.com
2025-12-09 10:24:52,013 [ERROR] ConfigurationRetriever:142 - IOException on connection: sw-center.st.com
2025-12-09 10:24:52,014 [ERROR] ConfigurationRetriever:142 - IOException on connection: sw-center.st.com
2025-12-09 10:24:52,015 [ERROR] ConfigurationRetriever:142 - IOException on connection: sw-center.st.com
2025-12-09 10:24:52,187 [ERROR] ConfigurationRetriever:142 - IOException on connection: sw-center.st.com
2025-12-09 10:24:52,188 [ERROR] ConfigurationRetriever:142 - IOException on connection: sw-center.st.com
2025-12-09 10:24:52,188 [ERROR] ConfigurationRetriever:142 - IOException on connection: sw-center.st.com
2025-12-09 10:27:55,644 [ERROR] ConfigurationRetriever:142 - IOException on connection: sw-center.st.com
2025-12-09 10:27:55,647 [ERROR] ConfigurationRetriever:142 - IOException on connection: sw-center.st.com
2025-12-09 10:27:55,650 [ERROR] ConfigurationRetriever:142 - IOException on connection: sw-center.st.com
2025-12-09 10:27:55,861 [ERROR] ConfigurationRetriever:142 - IOException on connection: sw-center.st.com
2025-12-09 10:27:55,862 [ERROR] ConfigurationRetriever:142 - IOException on connection: sw-center.st.com
2025-12-09 10:27:55,863 [ERROR] ConfigurationRetriever:142 - IOException on connection: sw-center.st.com
2025-12-09 11:44:40,530 [ERROR] ConfigurationRetriever:142 - IOException on connection: sw-center.st.com
2025-12-09 11:44:40,531 [ERROR] ConfigurationRetriever:142 - IOException on connection: sw-center.st.com
2025-12-09 11:44:40,532 [ERROR] ConfigurationRetriever:142 - IOException on connection: sw-center.st.com
2025-12-09 11:44:40,711 [ERROR] ConfigurationRetriever:142 - IOException on connection: sw-center.st.com
2025-12-09 11:44:40,712 [ERROR] ConfigurationRetriever:142 - IOException on connection: sw-center.st.com
2025-12-09 11:44:40,712 [ERROR] ConfigurationRetriever:142 - IOException on connection: sw-center.st.com
2025-12-09 11:45:34,047 [ERROR] ConfigurationRetriever:142 - IOException on connection: sw-center.st.com
2025-12-09 11:45:34,054 [ERROR] ConfigurationRetriever:142 - IOException on connection: sw-center.st.com
2025-12-09 11:45:34,055 [ERROR] ConfigurationRetriever:142 - IOException on connection: sw-center.st.com
2025-12-09 11:45:34,299 [ERROR] ConfigurationRetriever:142 - IOException on connection: sw-center.st.com
2025-12-09 11:45:34,300 [ERROR] ConfigurationRetriever:142 - IOException on connection: sw-center.st.com
2025-12-09 11:45:34,301 [ERROR] ConfigurationRetriever:142 - IOException on connection: sw-center.st.com
2025-12-09 13:23:50,208 [ERROR] ConfigurationRetriever:142 - IOException on connection: sw-center.st.com
2025-12-09 13:23:50,210 [ERROR] ConfigurationRetriever:142 - IOException on connection: sw-center.st.com
2025-12-09 13:23:50,211 [ERROR] ConfigurationRetriever:142 - IOException on connection: sw-center.st.com
2025-12-09 13:23:50,408 [ERROR] ConfigurationRetriever:142 - IOException on connection: sw-center.st.com
2025-12-09 13:23:50,409 [ERROR] ConfigurationRetriever:142 - IOException on connection: sw-center.st.com
2025-12-09 13:23:50,411 [ERROR] ConfigurationRetriever:142 - IOException on connection: sw-center.st.com
2025-12-09 13:28:38,376 [ERROR] ConfigurationRetriever:142 - IOException on connection: sw-center.st.com
2025-12-09 13:28:38,377 [ERROR] ConfigurationRetriever:142 - IOException on connection: sw-center.st.com
2025-12-09 13:28:38,378 [ERROR] ConfigurationRetriever:142 - IOException on connection: sw-center.st.com
2025-12-09 13:28:38,559 [ERROR] ConfigurationRetriever:142 - IOException on connection: sw-center.st.com
2025-12-09 13:28:38,560 [ERROR] ConfigurationRetriever:142 - IOException on connection: sw-center.st.com
2025-12-09 13:28:38,561 [ERROR] ConfigurationRetriever:142 - IOException on connection: sw-center.st.com
2025-12-09 13:32:14,030 [ERROR] ConfigurationRetriever:142 - IOException on connection: sw-center.st.com
2025-12-09 13:32:14,031 [ERROR] ConfigurationRetriever:142 - IOException on connection: sw-center.st.com
2025-12-09 13:32:14,031 [ERROR] ConfigurationRetriever:142 - IOException on connection: sw-center.st.com
2025-12-09 13:32:52,366 [ERROR] ConfigurationRetriever:142 - IOException on connection: sw-center.st.com
2025-12-09 13:32:52,367 [ERROR] ConfigurationRetriever:142 - IOException on connection: sw-center.st.com
2025-12-09 13:32:52,369 [ERROR] ConfigurationRetriever:142 - IOException on connection: sw-center.st.com
2025-12-09 13:32:52,578 [ERROR] ConfigurationRetriever:142 - IOException on connection: sw-center.st.com
2025-12-09 13:32:52,579 [ERROR] ConfigurationRetriever:142 - IOException on connection: sw-center.st.com
2025-12-09 13:32:52,585 [ERROR] ConfigurationRetriever:142 - IOException on connection: sw-center.st.com
2025-12-09 13:40:38,242 [ERROR] ConfigurationRetriever:142 - IOException on connection: sw-center.st.com
2025-12-09 13:40:38,243 [ERROR] ConfigurationRetriever:142 - IOException on connection: sw-center.st.com
2025-12-09 13:40:38,244 [ERROR] ConfigurationRetriever:142 - IOException on connection: sw-center.st.com
2025-12-09 13:40:38,475 [ERROR] ConfigurationRetriever:142 - IOException on connection: sw-center.st.com
2025-12-09 13:40:38,476 [ERROR] ConfigurationRetriever:142 - IOException on connection: sw-center.st.com
2025-12-09 13:40:38,477 [ERROR] ConfigurationRetriever:142 - IOException on connection: sw-center.st.com
2025-12-09 13:56:30,220 [ERROR] ConfigurationRetriever:142 - IOException on connection: sw-center.st.com
2025-12-09 13:56:30,221 [ERROR] ConfigurationRetriever:142 - IOException on connection: sw-center.st.com
2025-12-09 13:56:30,222 [ERROR] ConfigurationRetriever:142 - IOException on connection: sw-center.st.com
2025-12-09 13:56:30,449 [ERROR] ConfigurationRetriever:142 - IOException on connection: sw-center.st.com
2025-12-09 13:56:30,450 [ERROR] ConfigurationRetriever:142 - IOException on connection: sw-center.st.com
2025-12-09 13:56:30,451 [ERROR] ConfigurationRetriever:142 - IOException on connection: sw-center.st.com
2025-12-09 13:56:34,217 [ERROR] ConfigurationRetriever:142 - IOException on connection: sw-center.st.com
2025-12-09 13:56:34,218 [ERROR] ConfigurationRetriever:142 - IOException on connection: sw-center.st.com
2025-12-09 13:56:34,218 [ERROR] ConfigurationRetriever:142 - IOException on connection: sw-center.st.com
2025-12-09 13:58:07,586 [ERROR] ConfigurationRetriever:142 - IOException on connection: sw-center.st.com
2025-12-09 13:58:07,587 [ERROR] ConfigurationRetriever:142 - IOException on connection: sw-center.st.com
2025-12-09 13:58:07,588 [ERROR] ConfigurationRetriever:142 - IOException on connection: sw-center.st.com
2025-12-09 13:58:07,793 [ERROR] ConfigurationRetriever:142 - IOException on connection: sw-center.st.com
2025-12-09 13:58:07,794 [ERROR] ConfigurationRetriever:142 - IOException on connection: sw-center.st.com
2025-12-09 13:58:07,795 [ERROR] ConfigurationRetriever:142 - IOException on connection: sw-center.st.com
2025-12-09 14:02:31,025 [ERROR] ConfigurationRetriever:142 - IOException on connection: sw-center.st.com
2025-12-09 14:02:31,026 [ERROR] ConfigurationRetriever:142 - IOException on connection: sw-center.st.com
2025-12-09 14:02:31,026 [ERROR] ConfigurationRetriever:142 - IOException on connection: sw-center.st.com
2025-12-09 14:02:31,283 [ERROR] ConfigurationRetriever:142 - IOException on connection: sw-center.st.com
2025-12-09 14:02:31,284 [ERROR] ConfigurationRetriever:142 - IOException on connection: sw-center.st.com
2025-12-09 14:02:31,285 [ERROR] ConfigurationRetriever:142 - IOException on connection: sw-center.st.com
2025-12-09 14:04:17,018 [ERROR] ConfigurationRetriever:142 - IOException on connection: sw-center.st.com
2025-12-09 14:04:17,019 [ERROR] ConfigurationRetriever:142 - IOException on connection: sw-center.st.com
2025-12-09 14:04:17,021 [ERROR] ConfigurationRetriever:142 - IOException on connection: sw-center.st.com
2025-12-09 14:04:17,262 [ERROR] ConfigurationRetriever:142 - IOException on connection: sw-center.st.com
2025-12-09 14:04:17,263 [ERROR] ConfigurationRetriever:142 - IOException on connection: sw-center.st.com
2025-12-09 14:04:17,266 [ERROR] ConfigurationRetriever:142 - IOException on connection: sw-center.st.com
2025-12-09 14:06:00,457 [ERROR] ConfigurationRetriever:142 - IOException on connection: sw-center.st.com
2025-12-09 14:06:00,458 [ERROR] ConfigurationRetriever:142 - IOException on connection: sw-center.st.com
2025-12-09 14:06:00,458 [ERROR] ConfigurationRetriever:142 - IOException on connection: sw-center.st.com
2025-12-09 14:06:00,665 [ERROR] ConfigurationRetriever:142 - IOException on connection: sw-center.st.com
2025-12-09 14:06:00,666 [ERROR] ConfigurationRetriever:142 - IOException on connection: sw-center.st.com
2025-12-09 14:06:00,667 [ERROR] ConfigurationRetriever:142 - IOException on connection: sw-center.st.com
2025-12-09 14:07:09,104 [ERROR] ConfigurationRetriever:142 - IOException on connection: sw-center.st.com
2025-12-09 14:07:09,105 [ERROR] ConfigurationRetriever:142 - IOException on connection: sw-center.st.com
2025-12-09 14:07:09,106 [ERROR] ConfigurationRetriever:142 - IOException on connection: sw-center.st.com
2025-12-09 14:07:09,308 [ERROR] ConfigurationRetriever:142 - IOException on connection: sw-center.st.com
2025-12-09 14:07:09,310 [ERROR] ConfigurationRetriever:142 - IOException on connection: sw-center.st.com
2025-12-09 14:07:09,311 [ERROR] ConfigurationRetriever:142 - IOException on connection: sw-center.st.com
2025-12-09 14:07:44,942 [ERROR] ConfigurationRetriever:142 - IOException on connection: sw-center.st.com
2025-12-09 14:07:44,943 [ERROR] ConfigurationRetriever:142 - IOException on connection: sw-center.st.com
2025-12-09 14:07:44,945 [ERROR] ConfigurationRetriever:142 - IOException on connection: sw-center.st.com
2025-12-09 14:07:45,128 [ERROR] ConfigurationRetriever:142 - IOException on connection: sw-center.st.com
2025-12-09 14:07:45,130 [ERROR] ConfigurationRetriever:142 - IOException on connection: sw-center.st.com
2025-12-09 14:07:45,131 [ERROR] ConfigurationRetriever:142 - IOException on connection: sw-center.st.com
2025-12-09 14:12:37,695 [ERROR] ConfigurationRetriever:142 - IOException on connection: sw-center.st.com
2025-12-09 14:12:37,696 [ERROR] ConfigurationRetriever:142 - IOException on connection: sw-center.st.com
2025-12-09 14:12:37,697 [ERROR] ConfigurationRetriever:142 - IOException on connection: sw-center.st.com
2025-12-09 14:12:37,901 [ERROR] ConfigurationRetriever:142 - IOException on connection: sw-center.st.com
2025-12-09 14:12:37,902 [ERROR] ConfigurationRetriever:142 - IOException on connection: sw-center.st.com
2025-12-09 14:12:37,909 [ERROR] ConfigurationRetriever:142 - IOException on connection: sw-center.st.com
2025-12-09 14:13:05,824 [ERROR] ConfigurationRetriever:142 - IOException on connection: sw-center.st.com
2025-12-09 14:13:05,826 [ERROR] ConfigurationRetriever:142 - IOException on connection: sw-center.st.com
2025-12-09 14:13:05,826 [ERROR] ConfigurationRetriever:142 - IOException on connection: sw-center.st.com
2025-12-09 14:13:34,130 [ERROR] ConfigurationRetriever:142 - IOException on connection: sw-center.st.com
2025-12-09 14:13:34,131 [ERROR] ConfigurationRetriever:142 - IOException on connection: sw-center.st.com
2025-12-09 14:13:34,131 [ERROR] ConfigurationRetriever:142 - IOException on connection: sw-center.st.com
2025-12-09 14:13:34,348 [ERROR] ConfigurationRetriever:142 - IOException on connection: sw-center.st.com
2025-12-09 14:13:34,349 [ERROR] ConfigurationRetriever:142 - IOException on connection: sw-center.st.com
2025-12-09 14:13:34,350 [ERROR] ConfigurationRetriever:142 - IOException on connection: sw-center.st.com
2025-12-09 14:14:11,462 [ERROR] ConfigurationRetriever:142 - IOException on connection: sw-center.st.com
2025-12-09 14:14:11,464 [ERROR] ConfigurationRetriever:142 - IOException on connection: sw-center.st.com
2025-12-09 14:14:11,465 [ERROR] ConfigurationRetriever:142 - IOException on connection: sw-center.st.com
2025-12-09 14:14:11,656 [ERROR] ConfigurationRetriever:142 - IOException on connection: sw-center.st.com
2025-12-09 14:14:11,657 [ERROR] ConfigurationRetriever:142 - IOException on connection: sw-center.st.com
2025-12-09 14:14:11,658 [ERROR] ConfigurationRetriever:142 - IOException on connection: sw-center.st.com
2025-12-09 14:16:01,855 [ERROR] ConfigurationRetriever:142 - IOException on connection: sw-center.st.com
2025-12-09 14:16:01,856 [ERROR] ConfigurationRetriever:142 - IOException on connection: sw-center.st.com
2025-12-09 14:16:01,857 [ERROR] ConfigurationRetriever:142 - IOException on connection: sw-center.st.com
2025-12-09 14:16:02,053 [ERROR] ConfigurationRetriever:142 - IOException on connection: sw-center.st.com
2025-12-09 14:16:02,055 [ERROR] ConfigurationRetriever:142 - IOException on connection: sw-center.st.com
2025-12-09 14:16:02,055 [ERROR] ConfigurationRetriever:142 - IOException on connection: sw-center.st.com
2025-12-09 14:17:14,157 [ERROR] ConfigurationRetriever:142 - IOException on connection: sw-center.st.com
2025-12-09 14:17:14,158 [ERROR] ConfigurationRetriever:142 - IOException on connection: sw-center.st.com
2025-12-09 14:17:14,158 [ERROR] ConfigurationRetriever:142 - IOException on connection: sw-center.st.com
2025-12-09 14:17:14,381 [ERROR] ConfigurationRetriever:142 - IOException on connection: sw-center.st.com
2025-12-09 14:17:14,383 [ERROR] ConfigurationRetriever:142 - IOException on connection: sw-center.st.com
2025-12-09 14:17:14,383 [ERROR] ConfigurationRetriever:142 - IOException on connection: sw-center.st.com
2025-12-09 14:18:33,151 [ERROR] ConfigurationRetriever:142 - IOException on connection: sw-center.st.com
2025-12-09 14:18:33,152 [ERROR] ConfigurationRetriever:142 - IOException on connection: sw-center.st.com
2025-12-09 14:18:33,152 [ERROR] ConfigurationRetriever:142 - IOException on connection: sw-center.st.com
2025-12-09 14:18:33,349 [ERROR] ConfigurationRetriever:142 - IOException on connection: sw-center.st.com
2025-12-09 14:18:33,350 [ERROR] ConfigurationRetriever:142 - IOException on connection: sw-center.st.com
2025-12-09 14:18:33,351 [ERROR] ConfigurationRetriever:142 - IOException on connection: sw-center.st.com
2025-12-09 14:19:09,977 [ERROR] ConfigurationRetriever:142 - IOException on connection: sw-center.st.com
2025-12-09 14:19:09,978 [ERROR] ConfigurationRetriever:142 - IOException on connection: sw-center.st.com
2025-12-09 14:19:09,980 [ERROR] ConfigurationRetriever:142 - IOException on connection: sw-center.st.com
2025-12-09 14:19:10,170 [ERROR] ConfigurationRetriever:142 - IOException on connection: sw-center.st.com
2025-12-09 14:19:10,171 [ERROR] ConfigurationRetriever:142 - IOException on connection: sw-center.st.com
2025-12-09 14:19:10,172 [ERROR] ConfigurationRetriever:142 - IOException on connection: sw-center.st.com
2025-12-09 14:19:37,661 [ERROR] ConfigurationRetriever:142 - IOException on connection: sw-center.st.com
2025-12-09 14:19:37,662 [ERROR] ConfigurationRetriever:142 - IOException on connection: sw-center.st.com
2025-12-09 14:19:37,662 [ERROR] ConfigurationRetriever:142 - IOException on connection: sw-center.st.com
2025-12-09 14:19:37,900 [ERROR] ConfigurationRetriever:142 - IOException on connection: sw-center.st.com
2025-12-09 14:19:37,902 [ERROR] ConfigurationRetriever:142 - IOException on connection: sw-center.st.com
2025-12-09 14:19:37,905 [ERROR] ConfigurationRetriever:142 - IOException on connection: sw-center.st.com
2025-12-09 14:19:51,781 [ERROR] ConfigurationRetriever:142 - IOException on connection: sw-center.st.com
2025-12-09 14:19:51,782 [ERROR] ConfigurationRetriever:142 - IOException on connection: sw-center.st.com
2025-12-09 14:19:51,783 [ERROR] ConfigurationRetriever:142 - IOException on connection: sw-center.st.com
2025-12-09 14:20:57,659 [ERROR] ConfigurationRetriever:142 - IOException on connection: sw-center.st.com
2025-12-09 14:20:57,660 [ERROR] ConfigurationRetriever:142 - IOException on connection: sw-center.st.com
2025-12-09 14:20:57,661 [ERROR] ConfigurationRetriever:142 - IOException on connection: sw-center.st.com
2025-12-09 14:20:57,898 [ERROR] ConfigurationRetriever:142 - IOException on connection: sw-center.st.com
2025-12-09 14:20:57,901 [ERROR] ConfigurationRetriever:142 - IOException on connection: sw-center.st.com
2025-12-09 14:20:57,901 [ERROR] ConfigurationRetriever:142 - IOException on connection: sw-center.st.com
2025-12-09 14:21:19,384 [ERROR] ConfigurationRetriever:142 - IOException on connection: sw-center.st.com
2025-12-09 14:21:19,385 [ERROR] ConfigurationRetriever:142 - IOException on connection: sw-center.st.com
2025-12-09 14:21:19,386 [ERROR] ConfigurationRetriever:142 - IOException on connection: sw-center.st.com
2025-12-09 14:21:41,650 [ERROR] ConfigurationRetriever:142 - IOException on connection: sw-center.st.com
2025-12-09 14:21:41,653 [ERROR] ConfigurationRetriever:142 - IOException on connection: sw-center.st.com
2025-12-09 14:21:41,655 [ERROR] ConfigurationRetriever:142 - IOException on connection: sw-center.st.com
2025-12-09 14:21:41,868 [ERROR] ConfigurationRetriever:142 - IOException on connection: sw-center.st.com
2025-12-09 14:21:41,870 [ERROR] ConfigurationRetriever:142 - IOException on connection: sw-center.st.com
2025-12-09 14:21:41,873 [ERROR] ConfigurationRetriever:142 - IOException on connection: sw-center.st.com
2025-12-09 14:22:09,246 [ERROR] ConfigurationRetriever:142 - IOException on connection: sw-center.st.com
2025-12-09 14:22:09,247 [ERROR] ConfigurationRetriever:142 - IOException on connection: sw-center.st.com
2025-12-09 14:22:09,247 [ERROR] ConfigurationRetriever:142 - IOException on connection: sw-center.st.com
2025-12-09 14:23:50,195 [ERROR] ConfigurationRetriever:142 - IOException on connection: sw-center.st.com
2025-12-09 14:23:50,196 [ERROR] ConfigurationRetriever:142 - IOException on connection: sw-center.st.com
2025-12-09 14:23:50,198 [ERROR] ConfigurationRetriever:142 - IOException on connection: sw-center.st.com
2025-12-09 14:23:50,438 [ERROR] ConfigurationRetriever:142 - IOException on connection: sw-center.st.com
2025-12-09 14:23:50,440 [ERROR] ConfigurationRetriever:142 - IOException on connection: sw-center.st.com
2025-12-09 14:23:50,440 [ERROR] ConfigurationRetriever:142 - IOException on connection: sw-center.st.com
2025-12-09 14:24:50,934 [ERROR] ConfigurationRetriever:142 - IOException on connection: sw-center.st.com
2025-12-09 14:24:50,935 [ERROR] ConfigurationRetriever:142 - IOException on connection: sw-center.st.com
2025-12-09 14:24:50,936 [ERROR] ConfigurationRetriever:142 - IOException on connection: sw-center.st.com
2025-12-09 14:24:51,108 [ERROR] ConfigurationRetriever:142 - IOException on connection: sw-center.st.com
2025-12-09 14:24:51,109 [ERROR] ConfigurationRetriever:142 - IOException on connection: sw-center.st.com
2025-12-09 14:24:51,109 [ERROR] ConfigurationRetriever:142 - IOException on connection: sw-center.st.com
2025-12-09 14:25:20,396 [ERROR] ConfigurationRetriever:142 - IOException on connection: sw-center.st.com
2025-12-09 14:25:20,397 [ERROR] ConfigurationRetriever:142 - IOException on connection: sw-center.st.com
2025-12-09 14:25:20,398 [ERROR] ConfigurationRetriever:142 - IOException on connection: sw-center.st.com
2025-12-09 14:25:20,732 [ERROR] ConfigurationRetriever:142 - IOException on connection: sw-center.st.com
2025-12-09 14:25:20,733 [ERROR] ConfigurationRetriever:142 - IOException on connection: sw-center.st.com
2025-12-09 14:25:20,734 [ERROR] ConfigurationRetriever:142 - IOException on connection: sw-center.st.com
2025-12-09 16:11:15,452 [ERROR] ConfigurationRetriever:142 - IOException on connection: Read timed out
2025-12-09 16:11:18,594 [ERROR] ConfigurationRetriever:142 - IOException on connection: Read timed out
2025-12-09 16:11:21,612 [ERROR] ConfigurationRetriever:142 - IOException on connection: Read timed out
