2025-06-25 11:07:22,046 [INFO] McuFinderGlobals:76 - Set McuFinderConnectedMode to false
2025-06-25 11:07:22,067 [INFO] MultiScanPanel:200 - Auto-refresh data requested => check proxy status ongoing
2025-06-25 11:07:22,068 [INFO] MultiScanPanel:204 - Proxy status is invalid
2025-06-25 11:07:22,069 [INFO] FinderPluginLoader:95 - Searching for filters in installed packs
2025-06-25 11:07:25,726 [INFO] DetailPanel:341 - Set advertising image to C:/Users/User/STM32Cube/Repository/\en.prom-stm32u3-mcu-finder.jpg
2025-06-25 11:30:59,442 [ERROR] CheckConnectionManager:249 - Problem, Http access forbiden
2025-06-25 11:30:59,447 [INFO] MainUpdater:2872 - connection check result : 22
2025-06-25 11:30:59,474 [ERROR] IocParser:57 - IOException caught: C:\STM_proj\swier\swier.ioc (Системе не удается найти указанный путь)
2025-06-25 11:30:59,476 [ERROR] PeripheralListParser:95 - Something went wrong with ioc file reading: C:\STM_proj\swier\swier.ioc (Системе не удается найти указанный путь)
2025-06-25 11:30:59,478 [ERROR] RegexParser:59 - Issue caught when parsing regex: C:\STM_proj\swier\swier.ioc (Системе не удается найти указанный путь)
2025-06-25 11:30:59,663 [INFO] MicroXplorer:468 - Change Database Path : 
2025-06-25 11:30:59,664 [INFO] MicroXplorer:498 - Change Database Version : DB.6.0.141
2025-06-25 11:30:59,793 [ERROR] ProjectManagerView:395 - 
java.lang.NullPointerException: Cannot invoke "javax.swing.JTextField.getText()" because the return value of "java.util.List.get(int)" is null
	at com.st.microxplorer.plugins.projectmanager.gui.ProjectChoiceTab$9.caretUpdate(ProjectChoiceTab.java:2678) ~[filemanager.jar:?]
	at javax.swing.text.JTextComponent.fireCaretUpdate(JTextComponent.java:408) ~[?:?]
	at javax.swing.text.JTextComponent$MutableCaretEvent.fire(JTextComponent.java:4484) ~[?:?]
	at javax.swing.text.JTextComponent$MutableCaretEvent.stateChanged(JTextComponent.java:4506) ~[?:?]
	at javax.swing.text.DefaultCaret.fireStateChanged(DefaultCaret.java:857) ~[?:?]
	at javax.swing.text.DefaultCaret.changeCaretPosition(DefaultCaret.java:1343) ~[?:?]
	at javax.swing.text.DefaultCaret.handleSetDot(DefaultCaret.java:1242) ~[?:?]
	at javax.swing.text.DefaultCaret.setDot(DefaultCaret.java:1223) ~[?:?]
	at javax.swing.text.DefaultCaret$Handler.insertUpdate(DefaultCaret.java:1819) ~[?:?]
	at javax.swing.text.AbstractDocument.fireInsertUpdate(AbstractDocument.java:227) ~[?:?]
	at javax.swing.text.AbstractDocument.handleInsertString(AbstractDocument.java:781) ~[?:?]
	at javax.swing.text.AbstractDocument.insertString(AbstractDocument.java:740) ~[?:?]
	at javax.swing.text.PlainDocument.insertString(PlainDocument.java:131) ~[?:?]
	at javax.swing.text.AbstractDocument.replace(AbstractDocument.java:699) ~[?:?]
	at javax.swing.text.JTextComponent.setText(JTextComponent.java:1725) ~[?:?]
	at com.st.microxplorer.plugins.projectmanager.gui.ProjectChoiceTab.createHeapStackFields(ProjectChoiceTab.java:979) ~[filemanager.jar:?]
	at com.st.microxplorer.plugins.projectmanager.gui.ProjectChoiceTab.buildLinkSettingsPanel(ProjectChoiceTab.java:3766) ~[filemanager.jar:?]
	at com.st.microxplorer.plugins.projectmanager.gui.ProjectChoiceTab.defineWindowsFields(ProjectChoiceTab.java:1962) ~[filemanager.jar:?]
	at com.st.microxplorer.plugins.projectmanager.gui.ProjectChoiceTab.updateSettings(ProjectChoiceTab.java:555) ~[filemanager.jar:?]
	at com.st.microxplorer.plugins.projectmanager.gui.ProjectSettingsPanel.UpdateDialog(ProjectSettingsPanel.java:245) ~[filemanager.jar:?]
	at com.st.microxplorer.plugins.projectmanager.ProjectManagerView.propertyChange(ProjectManagerView.java:392) ~[filemanager.jar:?]
	at java.beans.PropertyChangeSupport.fire(PropertyChangeSupport.java:343) ~[?:?]
	at java.beans.PropertyChangeSupport.firePropertyChange(PropertyChangeSupport.java:335) ~[?:?]
	at java.beans.PropertyChangeSupport.firePropertyChange(PropertyChangeSupport.java:268) ~[?:?]
	at com.st.microxplorer.util.MXPropertyChangeSupport.firePropertyChange(MXPropertyChangeSupport.java:54) ~[STM32CubeMX.jar:?]
	at com.st.microxplorer.mxsystem.MxSystem.closeConfig(MxSystem.java:899) ~[STM32CubeMX.jar:?]
	at com.st.microxplorer.maingui.MainPanel.closeConfig(MainPanel.java:789) ~[STM32CubeMX.jar:?]
	at com.st.microxplorer.plugins.filemanager.engine.OpenFileManager.loadConfigurationFile(OpenFileManager.java:287) ~[filemanager.jar:?]
	at com.st.microxplorer.plugins.filemanager.engine.MainFileManager.userLoadConfig(MainFileManager.java:341) ~[filemanager.jar:?]
	at com.st.microxplorer.plugins.filemanager.engine.MainFileManager.userLoadConfig(MainFileManager.java:319) ~[filemanager.jar:?]
	at com.st.microxplorer.plugins.filemanager.FileManagerView.getSpecificTask(FileManagerView.java:246) ~[filemanager.jar:?]
	at com.st.stm32cube.common.mx.editor.CubeMxEditor.getMxTabbedPaneInstance(CubeMxEditor.java:1198) ~[com.st.stm32cube.common.mx_6.14.1.202504091515/:?]
	at com.st.stm32cube.common.mx.editor.CubeMxEditor$12$1.createSwingComponent(CubeMxEditor.java:1068) ~[com.st.stm32cube.common.mx_6.14.1.202504091515/:?]
	at com.st.stm32cube.common.mx.oss.core.awtswtbridge.EmbeddedSwingComposite.doComponentCreation(EmbeddedSwingComposite.java:492) ~[com.st.stm32cube.common.mx.oss_6.14.1.202504091515/:?]
	at com.st.stm32cube.common.mx.oss.core.awtswtbridge.EmbeddedSwingComposite$4.run(EmbeddedSwingComposite.java:291) ~[com.st.stm32cube.common.mx.oss_6.14.1.202504091515/:?]
	at com.st.stm32cube.common.mx.oss.core.awtswtbridge.AwtEnvironment$2.run(AwtEnvironment.java:166) ~[com.st.stm32cube.common.mx.oss_6.14.1.202504091515/:?]
	at java.awt.event.InvocationEvent.dispatch(InvocationEvent.java:318) ~[?:?]
	at java.awt.EventQueue.dispatchEventImpl(EventQueue.java:773) ~[?:?]
	at java.awt.EventQueue$4.run(EventQueue.java:720) ~[?:?]
	at java.awt.EventQueue$4.run(EventQueue.java:714) ~[?:?]
	at java.security.AccessController.doPrivileged(AccessController.java:400) ~[?:?]
	at java.security.ProtectionDomain$JavaSecurityAccessImpl.doIntersectionPrivilege(ProtectionDomain.java:87) ~[?:?]
	at java.awt.EventQueue.dispatchEvent(EventQueue.java:742) ~[?:?]
	at java.awt.EventDispatchThread.pumpOneEventForFilters(EventDispatchThread.java:203) ~[?:?]
	at java.awt.EventDispatchThread.pumpEventsForFilter(EventDispatchThread.java:124) ~[?:?]
	at java.awt.EventDispatchThread.pumpEventsForHierarchy(EventDispatchThread.java:113) ~[?:?]
	at java.awt.EventDispatchThread.pumpEvents(EventDispatchThread.java:109) ~[?:?]
	at java.awt.EventDispatchThread.pumpEvents(EventDispatchThread.java:101) ~[?:?]
	at java.awt.EventDispatchThread.run(EventDispatchThread.java:90) ~[?:?]
2025-06-25 11:30:59,839 [WARN] ThirdParty:871 - waiting for thirdparty lock release [close project]
2025-06-25 11:30:59,839 [INFO] ThirdParty:873 - entering critical section [close project]
2025-06-25 11:30:59,839 [INFO] ThirdParty:883 - exiting critical section [close project]
2025-06-25 11:30:59,847 [INFO] PinOutPanel:1589 - setPackage(No Configuration,No Configuration)
2025-06-25 11:30:59,927 [WARN] IpParametersView:155 - Warning: This peripheral hasn't parameters
2025-06-25 11:31:00,152 [WARN] MainPanel:289 - <html><b><center>Warning: This peripheral has no parameters to be configured<br></b></html>
2025-06-25 11:31:00,179 [INFO] UtilMem:75 - Begin LoadConfig() Used Memory: 606958280 Bytes (1073741824)
2025-06-25 11:31:00,180 [INFO] MicroXplorer:468 - Change Database Path : 
2025-06-25 11:31:00,180 [INFO] MicroXplorer:498 - Change Database Version : DB.6.0.141
2025-06-25 11:31:00,180 [INFO] OpenFileManager:354 - Change cursor
2025-06-25 11:31:00,296 [INFO] RulesReader:64 - Compatibility file has been processed (302 Rules)
2025-06-25 11:31:00,304 [INFO] Mcu:2011 - Initializing MCU STM32F030F4Px STM32F030F4Px STM32F030F4P6
2025-06-25 11:31:02,328 [INFO] Context:756 - Trying to add GPIOservice into a context  which must be forbidden
2025-06-25 11:31:02,695 [INFO] ImportTextPane:218 - (OptionalMessage_ERROR) Unable to find key (Mcu.ThirdPartyNb) in loaded IOC file
2025-06-25 11:31:02,695 [INFO] ImportTextPane:218 - (OptionalMessage_ERROR) Unable to find key (Mcu.PinsNb) in loaded IOC file
2025-06-25 11:31:02,696 [INFO] ImportTextPane:218 - (OptionalMessage_ERROR) Pin0 (VP_RIF_VS_RIF1) cannot be retrieved for this MCU
2025-06-25 11:31:02,696 [INFO] ImportTextPane:218 - (OptionalMessage_ERROR) Unable to find key (Mcu.IPNb) in loaded IOC file
2025-06-25 11:31:02,722 [WARN] ModelIntegratedComponent:63 - No mode defined for component null
2025-06-25 11:31:02,722 [WARN] ModelIntegratedComponent:63 - No mode defined for component null
2025-06-25 11:31:02,722 [WARN] ModelIntegratedComponent:63 - No mode defined for component null
2025-06-25 11:31:02,724 [WARN] ModelIntegratedComponent:63 - No mode defined for component null
2025-06-25 11:31:02,724 [WARN] ModelIntegratedComponent:63 - No mode defined for component null
2025-06-25 11:31:02,725 [WARN] ModelIntegratedComponent:63 - No mode defined for component null
2025-06-25 11:31:02,725 [WARN] ModelIntegratedComponent:63 - No mode defined for component null
2025-06-25 11:31:02,725 [WARN] ModelIntegratedComponent:63 - No mode defined for component null
2025-06-25 11:31:02,726 [WARN] ModelIntegratedComponent:63 - No mode defined for component null
2025-06-25 11:31:02,726 [WARN] ModelIntegratedComponent:63 - No mode defined for component null
2025-06-25 11:31:02,726 [WARN] ModelIntegratedComponent:63 - No mode defined for component null
2025-06-25 11:31:02,726 [WARN] ModelIntegratedComponent:63 - No mode defined for component null
2025-06-25 11:31:02,726 [WARN] ModelIntegratedComponent:63 - No mode defined for component null
2025-06-25 11:31:02,727 [WARN] ModelIntegratedComponent:63 - No mode defined for component null
2025-06-25 11:31:02,727 [WARN] ModelIntegratedComponent:63 - No mode defined for component null
2025-06-25 11:31:02,727 [WARN] ModelIntegratedComponent:63 - No mode defined for component null
2025-06-25 11:31:02,727 [WARN] ModelIntegratedComponent:63 - No mode defined for component null
2025-06-25 11:31:02,728 [WARN] ModelIntegratedComponent:63 - No mode defined for component null
2025-06-25 11:31:02,728 [WARN] ModelIntegratedComponent:63 - No mode defined for component null
2025-06-25 11:31:02,728 [WARN] ModelIntegratedComponent:63 - No mode defined for component null
2025-06-25 11:31:02,728 [WARN] ModelIntegratedComponent:63 - No mode defined for component null
2025-06-25 11:31:02,728 [WARN] ModelIntegratedComponent:63 - No mode defined for component null
2025-06-25 11:31:02,729 [WARN] ModelIntegratedComponent:63 - No mode defined for component null
2025-06-25 11:31:02,729 [WARN] ModelIntegratedComponent:63 - No mode defined for component null
2025-06-25 11:31:02,729 [WARN] ModelIntegratedComponent:63 - No mode defined for component null
2025-06-25 11:31:02,729 [WARN] ModelIntegratedComponent:63 - No mode defined for component null
2025-06-25 11:31:02,729 [WARN] ModelIntegratedComponent:63 - No mode defined for component null
2025-06-25 11:31:02,730 [WARN] ModelIntegratedComponent:63 - No mode defined for component null
2025-06-25 11:31:02,730 [WARN] ModelIntegratedComponent:63 - No mode defined for component null
2025-06-25 11:31:02,730 [WARN] ModelIntegratedComponent:63 - No mode defined for component null
2025-06-25 11:31:02,730 [WARN] ModelIntegratedComponent:63 - No mode defined for component null
2025-06-25 11:31:02,730 [WARN] ModelIntegratedComponent:63 - No mode defined for component null
2025-06-25 11:31:02,731 [WARN] ModelIntegratedComponent:63 - No mode defined for component null
2025-06-25 11:31:02,731 [WARN] ModelIntegratedComponent:63 - No mode defined for component null
2025-06-25 11:31:02,731 [WARN] ModelIntegratedComponent:63 - No mode defined for component null
2025-06-25 11:31:02,731 [WARN] ModelPack:524 - Component already loaded: STMicroelectronics:HAL Drivers:0.0.0:STMicroelectronics:Device:STMicro_Driver:XSPI:HAL::0.0.1:HAL_XSPI
2025-06-25 11:31:02,738 [INFO] RtosManager:558 - Registered RTOS mode: class=CMSIS, group=RTOS, mode=CMSIS_V1, owner=FREERTOS
2025-06-25 11:31:02,738 [INFO] RtosManager:558 - Registered RTOS mode: class=CMSIS, group=RTOS2, mode=CMSIS_V2, owner=FREERTOS
2025-06-25 11:31:02,739 [INFO] RtosManager:558 - Registered RTOS mode: class=RTOS, group=Core, mode=CMSIS_V1, owner=FREERTOS
2025-06-25 11:31:02,739 [INFO] RtosManager:558 - Registered RTOS mode: class=RTOS, group=Core, mode=CMSIS_V2, owner=FREERTOS
2025-06-25 11:31:02,739 [WARN] ModelIntegratedComponent:184 - Missing modes for component STMicroelectronics:FreeRTOS:0.0.1:STMicroelectronics:RTOS:FreeRTOS:Core:::10.2.0:
2025-06-25 11:31:02,744 [INFO] ThirdPartyModel:298 - Start build external matchings
2025-06-25 11:31:02,762 [INFO] ThirdPartyModel:316 - End build external matchings
2025-06-25 11:31:03,208 [INFO] UtilMem:75 - End LoadConfig() Used Memory: 788251744 Bytes (1073741824)
2025-06-25 11:31:03,251 [WARN] ThirdParty:833 - waiting for thirdparty lock release [change project]
2025-06-25 11:31:03,254 [INFO] ThirdParty:835 - entering critical section [change project]
2025-06-25 11:31:03,254 [INFO] ThirdParty:1030 - CMSIS Pack Vendor :STMicroelectronics USBPD 4.1
2025-06-25 11:31:03,255 [INFO] ThirdParty:1030 - CMSIS Pack Vendor :STMicroelectronics X-CUBE-DISPLAY 3.0.0
2025-06-25 11:31:03,255 [INFO] ThirdParty:1030 - CMSIS Pack Vendor :STMicroelectronics USB_HOST 2.0.0
2025-06-25 11:31:03,255 [INFO] ThirdParty:1030 - CMSIS Pack Vendor :STMicroelectronics FP-SNS-MOTENVWB1 1.4.0
2025-06-25 11:31:03,255 [INFO] ThirdParty:1030 - CMSIS Pack Vendor :STMicroelectronics LIBJPEG 8.0.0
2025-06-25 11:31:03,255 [INFO] ThirdParty:1030 - CMSIS Pack Vendor :STMicroelectronics FP-ATR-SIGFOX1 3.2.0
2025-06-25 11:31:03,255 [INFO] ThirdParty:1030 - CMSIS Pack Vendor :STMicroelectronics USB_DEVICE 3.0.0
2025-06-25 11:31:03,256 [INFO] ThirdParty:1030 - CMSIS Pack Vendor :STMicroelectronics X-CUBE-ISPU 2.1.0
2025-06-25 11:31:03,256 [INFO] ThirdParty:1030 - CMSIS Pack Vendor :STMicroelectronics X-CUBE-EEPRMA1 5.1.0
2025-06-25 11:31:03,256 [INFO] ThirdParty:1030 - CMSIS Pack Vendor :STMicroelectronics HAL Drivers 0.0.0
2025-06-25 11:31:03,256 [INFO] ThirdParty:1030 - CMSIS Pack Vendor :STMicroelectronics MBEDTLS 2.16.2
2025-06-25 11:31:03,256 [INFO] ThirdParty:1030 - CMSIS Pack Vendor :STMicroelectronics X-CUBE-ALS 1.0.2
2025-06-25 11:31:03,257 [INFO] ThirdParty:1030 - CMSIS Pack Vendor :STMicroelectronics MBEDTLS 2.14.1
2025-06-25 11:31:03,257 [INFO] ThirdParty:1030 - CMSIS Pack Vendor :STMicroelectronics USB_DEVICE 2.0.0
2025-06-25 11:31:03,257 [INFO] ThirdParty:1030 - CMSIS Pack Vendor :STMicroelectronics FP-SNS-STBOX1 2.0.0
2025-06-25 11:31:03,257 [INFO] ThirdParty:1030 - CMSIS Pack Vendor :STMicroelectronics ThreadX 1.0.0
2025-06-25 11:31:03,258 [INFO] ThirdParty:1030 - CMSIS Pack Vendor :STMicroelectronics FP-SNS-SMARTAG2 1.2.0
2025-06-25 11:31:03,258 [INFO] ThirdParty:1030 - CMSIS Pack Vendor :STMicroelectronics FreeRTOS 0.0.1
2025-06-25 11:31:03,258 [INFO] ThirdParty:1030 - CMSIS Pack Vendor :STMicroelectronics FP-SNS-MOTENV1 5.0.0
2025-06-25 11:31:03,258 [INFO] ThirdParty:1030 - CMSIS Pack Vendor :STMicroelectronics USB_DEVICE 1.0.0
2025-06-25 11:31:03,258 [INFO] ThirdParty:1030 - CMSIS Pack Vendor :STMicroelectronics STM32_WPAN 1.0.0
2025-06-25 11:31:03,258 [INFO] ThirdParty:1030 - CMSIS Pack Vendor :STMicroelectronics ThreadX 0.0.2
2025-06-25 11:31:03,258 [INFO] ThirdParty:1030 - CMSIS Pack Vendor :STMicroelectronics lwIP 2.0.3
2025-06-25 11:31:03,259 [INFO] ThirdParty:1030 - CMSIS Pack Vendor :STMicroelectronics lwIP 2.1.2
2025-06-25 11:31:03,259 [INFO] ThirdParty:1030 - CMSIS Pack Vendor :STMicroelectronics X-CUBE-BLE2 3.3.0
2025-06-25 11:31:03,259 [INFO] ThirdParty:1030 - CMSIS Pack Vendor :STMicroelectronics USB_HOST 1.0.0
2025-06-25 11:31:03,259 [INFO] ThirdParty:1030 - CMSIS Pack Vendor :STMicroelectronics PDM2PCM 3.1.0
2025-06-25 11:31:03,259 [INFO] ThirdParty:1030 - CMSIS Pack Vendor :STMicroelectronics PDM2PCM 3.2.0
2025-06-25 11:31:03,259 [INFO] ThirdParty:1030 - CMSIS Pack Vendor :STMicroelectronics PDM2PCM 3.3.0
2025-06-25 11:31:03,259 [INFO] ThirdParty:841 - exiting critical section [change project]
2025-06-25 11:31:03,564 [INFO] PinOutPanel:1589 - setPackage(No Configuration,No Configuration)
2025-06-25 11:31:03,567 [INFO] PinOutPanel:1589 - setPackage(STM32F030F4Px,TSSOP20)
2025-06-25 11:31:07,916 [INFO] UtilMem:75 - Before build in PCC Used Memory: 870677192 Bytes (1073741824)
2025-06-25 11:31:08,467 [INFO] UtilMem:75 - After build in PCC Used Memory: 506708344 Bytes (1073741824)
2025-06-25 11:31:08,503 [INFO] IPUIPlugin:80 - create IPUIPlugin
2025-06-25 11:31:08,504 [INFO] IPUIPlugin:80 - create IPUIPlugin
2025-06-25 11:31:08,504 [INFO] IPUIPlugin:80 - create IPUIPlugin
2025-06-25 11:31:08,504 [INFO] IPUIPlugin:80 - create IPUIPlugin
2025-06-25 11:31:08,505 [INFO] IPUIPlugin:80 - create IPUIPlugin
2025-06-25 11:31:08,505 [INFO] IPUIPlugin:80 - create IPUIPlugin
2025-06-25 11:31:08,505 [INFO] IPUIPlugin:80 - create IPUIPlugin
2025-06-25 11:31:08,506 [INFO] IPUIPlugin:80 - create IPUIPlugin
2025-06-25 11:31:08,506 [INFO] IPUIPlugin:80 - create IPUIPlugin
2025-06-25 11:31:08,508 [INFO] IPUIPlugin:80 - create IPUIPlugin
2025-06-25 11:31:08,509 [INFO] IPUIPlugin:80 - create IPUIPlugin
2025-06-25 11:31:08,509 [INFO] IPUIPlugin:80 - create IPUIPlugin
2025-06-25 11:31:08,510 [INFO] IPUIPlugin:80 - create IPUIPlugin
2025-06-25 11:31:08,510 [INFO] IPUIPlugin:80 - create IPUIPlugin
2025-06-25 11:31:08,511 [INFO] IPUIPlugin:80 - create IPUIPlugin
2025-06-25 11:31:08,511 [INFO] IPUIPlugin:80 - create IPUIPlugin
2025-06-25 11:31:08,512 [INFO] IPUIPlugin:80 - create IPUIPlugin
2025-06-25 11:31:08,513 [INFO] IPUIPlugin:80 - create IPUIPlugin
2025-06-25 11:31:08,513 [INFO] IPUIPlugin:80 - create IPUIPlugin
2025-06-25 11:31:08,514 [INFO] IPUIPlugin:80 - create IPUIPlugin
2025-06-25 11:31:08,515 [INFO] IPUIPlugin:80 - create IPUIPlugin
2025-06-25 11:31:08,602 [INFO] CADModel:165 - CPN selected for project levelSTM32F030F4P6
2025-06-25 11:31:08,603 [INFO] CADModel:114 - Register for checkConnection events
2025-06-25 11:31:08,658 [INFO] OpenFileManager:385 - Restore cursor
2025-06-25 11:31:09,204 [INFO] UtilMem:75 - End SaveConfig() Used Memory: 554942840 Bytes (1073741824)
2025-06-25 11:31:53,219 [INFO] MainUpdater:2872 - connection check result : 10
2025-06-25 11:32:03,950 [INFO] MainUpdater:2872 - connection check result : 10
2025-06-25 11:32:03,951 [INFO] UserAuth:484 - Internet connection configuration mode: 1
2025-06-25 11:32:04,017 [INFO] JxBrowserEngine:152 - Initiate JxBrowser Engine with user profile folder
2025-06-25 11:32:07,405 [INFO] WebApp:169 - Instantiating new browser for Auth
2025-06-25 11:32:09,322 [INFO] WebApp:463 - Apply proxy settings
2025-06-25 11:32:09,324 [INFO] WebApp:548 - Chromium requires no authentication
2025-06-25 11:32:09,343 [INFO] WebApp:491 - Direct internet connection detected
2025-06-25 11:32:09,393 [INFO] WebApp:894 - Register for checkConnection events
2025-06-25 11:32:09,394 [INFO] WebApp:463 - Apply proxy settings
2025-06-25 11:32:09,394 [INFO] WebApp:548 - Chromium requires no authentication
2025-06-25 11:32:09,395 [INFO] WebApp:491 - Direct internet connection detected
2025-06-25 11:32:09,749 [INFO] WebApp:225 - Starting web application
2025-06-25 11:32:09,749 [INFO] WebApp:593 - Web application path used C:\ST\STM32CubeIDE_1.18.1\STM32CubeIDE\plugins\com.st.stm32cube.common.mx_6.14.1.202504091515\db\plugins\mcufinder\reactClient1\index.html
2025-06-25 11:32:10,893 [INFO] WebApp:191 - Connection restablished
2025-06-25 11:32:11,046 [INFO] ServerAccessManage:473 - Download File stm32cube_fw_f0_v1110.zip
2025-06-25 11:36:43,666 [ERROR] LoadServerPackagesThread:830 - Invalid MD5 verification.
2025-06-25 11:40:12,366 [INFO] WebApp:194 - Connection lost
2025-06-25 11:42:25,016 [INFO] WebApp:191 - Connection restablished
2025-06-25 11:44:02,328 [INFO] WebApp:194 - Connection lost
2025-06-25 11:44:04,104 [INFO] WebApp:191 - Connection restablished
2025-06-25 11:44:31,123 [INFO] MainUpdater:3566 - Updater definition file requires update
2025-06-25 11:44:31,125 [INFO] LoadServerPackagesThread:196 - End of LoadServerPackages Thread
2025-06-25 11:44:32,334 [INFO] ServerAccessManage:473 - Download File updaters.zip
2025-06-25 11:44:34,774 [INFO] FileExtend:242 - Unzip File : updaters.zip
2025-06-25 11:44:34,774 [INFO] FileExtend:257 - Standard Zip Deflate
2025-06-25 11:44:35,752 [INFO] ServerAccessManage:473 - Download File PacksControlFlags.xml
2025-06-25 11:44:36,145 [INFO] ServerAccessManage:473 - Download File cubemx.pidx
2025-06-25 11:44:37,234 [INFO] McuFinderGlobals:76 - Set McuFinderConnectedMode to true
2025-06-25 11:44:37,240 [INFO] ApiDb:448 - Save user favorites file C:\Users\User/.stm32cubeide/favorites.mcus.txt: 0 item(s)
2025-06-25 11:44:37,240 [INFO] ApiDb:452 - User favorites MCUs=[]
2025-06-25 11:44:38,117 [INFO] ServerAccessManage:473 - Download File STMicroelectronics.FP-SNS-STAIOTCFT.pdsc
2025-06-25 11:44:39,043 [INFO] ServerAccessManage:473 - Download File STMicroelectronics.X-CUBE-AI.pdsc
2025-06-25 11:44:51,530 [INFO] ServerAccessManage:473 - Download File STMicroelectronics.X-CUBE-FREERTOS.pdsc
2025-06-25 11:44:59,160 [INFO] ServerAccessManage:473 - Download File STMicroelectronics.X-CUBE-MEMS1.pdsc
2025-06-25 11:45:48,969 [INFO] ServerAccessManage:473 - Download File STMicroelectronics.X-CUBE-NFC4.pdsc
2025-06-25 11:45:55,853 [INFO] ServerAccessManage:473 - Download File STMicroelectronics.X-CUBE-NFC6.pdsc
2025-06-25 11:45:58,594 [INFO] ServerAccessManage:473 - Download File STMicroelectronics.X-CUBE-NFC7.pdsc
2025-06-25 11:46:00,800 [INFO] ServerAccessManage:473 - Download File STMicroelectronics.X-CUBE-NFC9.pdsc
2025-06-25 11:46:03,217 [INFO] ServerAccessManage:473 - Download File STMicroelectronics.X-CUBE-NFC10.pdsc
2025-06-25 11:46:05,244 [INFO] ServerAccessManage:473 - Download File STMicroelectronics.X-CUBE-SFXS2LP1.pdsc
2025-06-25 11:46:07,905 [INFO] ServerAccessManage:473 - Download File STMicroelectronics.X-CUBE-SAFEA1.pdsc
2025-06-25 11:46:08,854 [INFO] ServerAccessManage:473 - Download File STMicroelectronics.X-CUBE-SUBG2.pdsc
2025-06-25 11:46:13,956 [INFO] ServerAccessManage:473 - Download File STMicroelectronics.X-CUBE-SMBUS.pdsc
2025-06-25 11:46:14,788 [ERROR] ServerAccessManage:1089 - Problem, file not found on Server
2025-06-25 11:46:15,225 [INFO] ServerAccessManage:473 - Download File STMicroelectronics.X-CUBE-ST60.pdsc
2025-06-25 11:46:16,174 [INFO] ServerAccessManage:473 - Download File STMicroelectronics.X-CUBE-ST67W61.pdsc
2025-06-25 11:46:17,451 [INFO] ServerAccessManage:473 - Download File STMicroelectronics.X-CUBE-PM33A1.pdsc
2025-06-25 11:46:18,421 [INFO] ServerAccessManage:473 - Download File STMicroelectronics.X-CUBE-TCPP.pdsc
2025-06-25 11:46:19,968 [INFO] ServerAccessManage:473 - Download File STMicroelectronics.X-CUBE-TOF1.pdsc
2025-06-25 11:46:27,766 [ERROR] ServerAccessManage:1089 - Problem, file not found on Server
2025-06-25 11:46:28,790 [INFO] ServerAccessManage:473 - Download File STMicroelectronics.X-CUBE-TOUCHGFX.pdsc
2025-06-25 11:46:43,991 [INFO] ServerAccessManage:473 - Download File STMicroelectronics.X-CUBE-ALGOBUILD.pdsc
2025-06-25 11:46:48,457 [INFO] ServerAccessManage:473 - Download File STMicroelectronics.X-CUBE-AZRTOS-H7.pdsc
2025-06-25 11:46:53,484 [INFO] ServerAccessManage:473 - Download File STMicroelectronics.X-CUBE-AZRTOS-H7RS.pdsc
2025-06-25 11:46:57,401 [INFO] ServerAccessManage:473 - Download File STMicroelectronics.X-CUBE-AZRTOS-F4.pdsc
2025-06-25 11:47:00,696 [INFO] ServerAccessManage:473 - Download File STMicroelectronics.X-CUBE-AZRTOS-F7.pdsc
2025-06-25 11:47:03,634 [INFO] ServerAccessManage:473 - Download File STMicroelectronics.X-CUBE-AZRTOS-L4.pdsc
2025-06-25 11:47:07,084 [INFO] ServerAccessManage:473 - Download File STMicroelectronics.X-CUBE-AZRTOS-L5.pdsc
2025-06-25 11:47:10,219 [INFO] ServerAccessManage:473 - Download File STMicroelectronics.X-CUBE-AZRTOS-G0.pdsc
2025-06-25 11:47:12,324 [INFO] ServerAccessManage:473 - Download File STMicroelectronics.X-CUBE-AZRTOS-G4.pdsc
2025-06-25 11:47:15,113 [INFO] ServerAccessManage:473 - Download File STMicroelectronics.X-CUBE-AZRTOS-WB.pdsc
2025-06-25 11:47:16,895 [INFO] ServerAccessManage:473 - Download File STMicroelectronics.X-CUBE-AZRTOS-WL.pdsc
2025-06-25 11:47:18,781 [INFO] ServerAccessManage:473 - Download File STMicroelectronics.X-CUBE-WB05N.pdsc
2025-06-25 11:47:21,359 [INFO] ServerAccessManage:473 - Download File wolfSSL.I-CUBE-wolfSSL.pdsc
2025-06-25 11:47:42,816 [ERROR] ServerAccessManage:1089 - Problem, file not found on Server
2025-06-25 11:47:44,259 [ERROR] ServerAccessManage:1089 - Problem, file not found on Server
2025-06-25 11:47:45,152 [ERROR] ServerAccessManage:1089 - Problem, file not found on Server
2025-06-25 11:47:45,617 [INFO] ServerAccessManage:473 - Download File wolfSSL.I-CUBE-wolfMQTT.pdsc
2025-06-25 11:47:50,138 [ERROR] ServerAccessManage:1089 - Problem, file not found on Server
2025-06-25 11:47:50,431 [INFO] ServerAccessManage:473 - Download File wolfSSL.I-CUBE-wolfTPM.pdsc
2025-06-25 11:47:58,039 [INFO] ServerAccessManage:473 - Download File wolfSSL.I-CUBE-wolfSSH.pdsc
2025-06-25 11:48:13,475 [INFO] ServerAccessManage:473 - Download File RealThread.X-CUBE-RT-Thread_Nano.pdsc
2025-06-25 11:48:15,847 [INFO] ServerAccessManage:473 - Download File SEGGER.I-CUBE-embOS.pdsc
2025-06-25 11:48:19,981 [INFO] ServerAccessManage:473 - Download File portGmbH.I-Cube-SoM-uGOAL.pdsc
2025-06-25 11:48:24,850 [ERROR] ServerAccessManage:1089 - Problem, file not found on Server
2025-06-25 11:48:25,333 [ERROR] ServerAccessManage:1089 - Problem, file not found on Server
2025-06-25 11:48:25,640 [ERROR] ServerAccessManage:1089 - Problem, file not found on Server
2025-06-25 11:48:27,719 [INFO] ServerAccessManage:473 - Download File emotas.I-CUBE-CANOPEN.pdsc
2025-06-25 11:48:30,940 [INFO] ServerAccessManage:473 - Download File WES.I-CUBE-Cesium.pdsc
2025-06-25 11:48:32,007 [ERROR] ServerAccessManage:1089 - Problem, file not found on Server
2025-06-25 11:48:32,404 [ERROR] ServerAccessManage:1089 - Problem, file not found on Server
2025-06-25 11:48:35,593 [INFO] ServerAccessManage:473 - Download File ITTIA_DB.I-CUBE-ITTIADB.pdsc
2025-06-25 11:48:46,281 [INFO] ServerAccessManage:473 - Download File Infineon.AIROC-Wi-Fi-Bluetooth-STM32.pdsc
2025-06-25 11:48:59,985 [INFO] ServerAccessManage:473 - Download File Cesanta.I-CUBE-Mongoose.pdsc
2025-06-25 11:49:04,047 [INFO] ServerAccessManage:473 - Download File EmbeddedOffice.I-CUBE-FS-RTOS.pdsc
2025-06-25 11:49:08,197 [INFO] ServerAccessManage:473 - Download File quantropi.X-CUBE-qispace-sdk-base.pdsc
2025-06-25 11:49:14,614 [INFO] ServerAccessManage:473 - Download File Avnet-IotConnect.X-CUBE-IoTC-DA16k-PMOD.pdsc
2025-06-25 11:49:15,219 [WARN] PackLoader:240 - Cannot read IP mode file for STMicroelectronics.FP-SNS-STAIOTCFT.1.0.0
2025-06-25 11:49:15,248 [WARN] PackLoader:240 - Cannot read IP mode file for STMicroelectronics.X-CUBE-AI.10.1.0
2025-06-25 11:49:15,290 [WARN] PackLoader:240 - Cannot read IP mode file for STMicroelectronics.X-CUBE-FREERTOS.1.3.1
2025-06-25 11:49:15,618 [WARN] PackLoader:240 - Cannot read IP mode file for STMicroelectronics.X-CUBE-MEMS1.11.3.0
2025-06-25 11:49:15,669 [INFO] CheckServerUpdateThread:120 - End of CheckServer Thread
2025-06-25 11:49:16,183 [WARN] PackLoader:240 - Cannot read IP mode file for STMicroelectronics.X-CUBE-NFC4.3.0.0
2025-06-25 11:49:16,204 [WARN] PackLoader:240 - Cannot read IP mode file for STMicroelectronics.X-CUBE-NFC6.3.1.0
2025-06-25 11:49:16,221 [WARN] PackLoader:240 - Cannot read IP mode file for STMicroelectronics.X-CUBE-NFC7.2.0.0
2025-06-25 11:49:16,237 [WARN] PackLoader:240 - Cannot read IP mode file for STMicroelectronics.X-CUBE-NFC9.1.0.0
2025-06-25 11:49:16,255 [WARN] PackLoader:240 - Cannot read IP mode file for STMicroelectronics.X-CUBE-NFC10.1.0.0
2025-06-25 11:49:16,272 [WARN] PackLoader:240 - Cannot read IP mode file for STMicroelectronics.X-CUBE-SFXS2LP1.4.0.0
2025-06-25 11:49:16,305 [WARN] PackLoader:240 - Cannot read IP mode file for STMicroelectronics.X-CUBE-SAFEA1.1.2.2
2025-06-25 11:49:16,349 [WARN] PackLoader:240 - Cannot read IP mode file for STMicroelectronics.X-CUBE-SUBG2.5.0.0
2025-06-25 11:49:16,384 [WARN] PackLoader:240 - Cannot read IP mode file for STMicroelectronics.X-CUBE-SMBUS.2.1.0
2025-06-25 11:49:16,397 [WARN] PackLoader:240 - Cannot read IP mode file for STMicroelectronics.X-CUBE-ST60.1.0.0
2025-06-25 11:49:16,432 [WARN] PackLoader:240 - Cannot read IP mode file for STMicroelectronics.X-CUBE-ST67W61.1.0.0
2025-06-25 11:49:16,454 [WARN] PackLoader:240 - Cannot read IP mode file for STMicroelectronics.X-CUBE-PM33A1.1.0.0
2025-06-25 11:49:16,473 [WARN] PackLoader:240 - Cannot read IP mode file for STMicroelectronics.X-CUBE-TCPP.4.2.0
2025-06-25 11:49:16,507 [WARN] PackLoader:240 - Cannot read IP mode file for STMicroelectronics.X-CUBE-TOF1.3.4.3
2025-06-25 11:49:16,564 [WARN] PackLoader:240 - Cannot read IP mode file for STMicroelectronics.X-CUBE-TOUCHGFX.4.25.0
2025-06-25 11:49:16,581 [WARN] PackLoader:240 - Cannot read IP mode file for STMicroelectronics.X-CUBE-ALGOBUILD.1.4.0
2025-06-25 11:49:16,634 [WARN] PackLoader:240 - Cannot read IP mode file for STMicroelectronics.X-CUBE-AZRTOS-H7.3.3.0
2025-06-25 11:49:16,704 [WARN] PackLoader:240 - Cannot read IP mode file for STMicroelectronics.X-CUBE-AZRTOS-H7RS.1.1.0
2025-06-25 11:49:16,805 [WARN] PackLoader:240 - Cannot read IP mode file for STMicroelectronics.X-CUBE-AZRTOS-F4.1.1.0
2025-06-25 11:49:16,866 [WARN] PackLoader:240 - Cannot read IP mode file for STMicroelectronics.X-CUBE-AZRTOS-F7.1.1.0
2025-06-25 11:49:16,956 [WARN] ConditionMgr:438 - getConditionDescription Invalid condition id : LAN8742 Phy interface Condition cause : null
2025-06-25 11:49:16,957 [WARN] PackLoader:240 - Cannot read IP mode file for STMicroelectronics.X-CUBE-AZRTOS-L4.2.0.0
2025-06-25 11:49:16,970 [WARN] ConditionMgr:1044 - genDependencies : Invalid condition id : LAN8742 Phy interface Condition cause : null
2025-06-25 11:49:16,971 [WARN] ConditionMgr:1044 - genDependencies : Invalid condition id : LAN8742 Phy interface Condition cause : null
2025-06-25 11:49:16,972 [WARN] ConditionMgr:1044 - genDependencies : Invalid condition id : LAN8742 Phy interface Condition cause : null
2025-06-25 11:49:17,035 [WARN] PackLoader:240 - Cannot read IP mode file for STMicroelectronics.X-CUBE-AZRTOS-L5.2.0.0
2025-06-25 11:49:17,072 [WARN] PackLoader:240 - Cannot read IP mode file for STMicroelectronics.X-CUBE-AZRTOS-G0.1.1.0
2025-06-25 11:49:17,105 [WARN] PackLoader:240 - Cannot read IP mode file for STMicroelectronics.X-CUBE-AZRTOS-G4.2.0.0
2025-06-25 11:49:17,133 [WARN] ConditionMgr:438 - getConditionDescription Invalid condition id : UX DEVICE CLASS RTOS Condition cause : null
2025-06-25 11:49:17,133 [WARN] ConditionMgr:438 - getConditionDescription Invalid condition id : UX DEVICE CLASS RTOS Condition cause : null
2025-06-25 11:49:17,135 [WARN] PackLoader:240 - Cannot read IP mode file for STMicroelectronics.X-CUBE-AZRTOS-WB.2.0.0
2025-06-25 11:49:17,136 [WARN] ConditionMgr:1044 - genDependencies : Invalid condition id : UX DEVICE CLASS RTOS Condition cause : null
2025-06-25 11:49:17,136 [WARN] ConditionMgr:1044 - genDependencies : Invalid condition id : UX DEVICE CLASS RTOS Condition cause : null
2025-06-25 11:49:17,136 [WARN] ConditionMgr:1044 - genDependencies : Invalid condition id : UX DEVICE CLASS RTOS Condition cause : null
2025-06-25 11:49:17,137 [WARN] ConditionMgr:1044 - genDependencies : Invalid condition id : UX DEVICE CLASS RTOS Condition cause : null
2025-06-25 11:49:17,137 [WARN] ConditionMgr:1044 - genDependencies : Invalid condition id : UX DEVICE CLASS RTOS Condition cause : null
