2025-11-18 08:49:46,074 [INFO] McuFinderGlobals:76 - Set McuFinderConnectedMode to true
2025-11-18 08:49:46,083 [INFO] ApiDb:448 - Save user favorites file C:\Users\User/.stm32cubeide/favorites.mcus.txt: 0 item(s)
2025-11-18 08:49:46,084 [INFO] ApiDb:452 - User favorites MCUs=[]
2025-11-18 08:51:13,590 [INFO] McuFinderGlobals:76 - Set McuFinderConnectedMode to false
2025-11-18 08:51:13,592 [INFO] MultiScanPanel:200 - Auto-refresh data requested => check proxy status ongoing
2025-11-18 08:51:13,592 [INFO] MultiScanPanel:204 - Proxy status is invalid
2025-11-18 08:51:13,592 [INFO] FinderPluginLoader:95 - Searching for filters in installed packs
2025-11-18 08:51:15,257 [INFO] DetailPanel:341 - Set advertising image to C:/Users/User/STM32Cube/Repository/\en.prom-stm32u3-mcu-finder.jpg
2025-11-18 08:51:22,284 [INFO] MultiScanPanel:200 - Auto-refresh data requested => check proxy status ongoing
2025-11-18 08:51:22,284 [INFO] MultiScanPanel:204 - Proxy status is invalid
2025-11-18 08:51:22,505 [INFO] DetailPanel:341 - Set advertising image to C:/Users/User/STM32Cube/Repository/\en.prom-stm32u3-mcu-finder.jpg
2025-11-18 08:51:22,525 [INFO] MultiScanPanel:728 - adjusting invalid saved split location: 2.03
2025-11-18 08:51:22,527 [INFO] DbBoards:642 - Loading board mini-images...
2025-11-18 08:51:22,699 [ERROR] DbBoards:659 - Image file not found for board B-WBA5M-WPAN: C:\Users\User\.stmcufinder\plugins\mcufinder//mcu//boards_images/B-WBA5M-WPAN.jpg
2025-11-18 08:51:25,857 [INFO] DbBoards:665 - Loaded 210 board mini-images
2025-11-18 08:51:25,956 [INFO] MultiScanPanel:728 - adjusting invalid saved split location: 2.03
2025-11-18 08:51:25,962 [INFO] MultiScanPanel:728 - adjusting invalid saved split location: 2.03
2025-11-18 08:51:25,970 [INFO] MultiScanPanel:200 - Auto-refresh data requested => check proxy status ongoing
2025-11-18 08:51:25,970 [INFO] MultiScanPanel:204 - Proxy status is invalid
2025-11-18 08:51:25,977 [INFO] ApiDb:668 - CubeFinder database Data Model version=2.1
2025-11-18 08:51:25,978 [INFO] ApiDb:669 - CubeFinder database Configuration version=3.0.39
2025-11-18 08:51:25,978 [INFO] ApiDb:670 - CubeFinder database generation date=2025-03-24 (1742811287)
2025-11-18 08:51:25,978 [INFO] ApiDb:671 - CubeFinder database FW Pack versions=[FP-ATR-ASTRA1_V2.0.0, FP-SNS-FLIGHT1_V5.0.2, FP-SNS-MOTENV1_V5.0.0, FP-SNS-MOTENVWB1_V1.4.0, FP-SNS-SMARTAG2_V1.2.0, FP-SNS-STBOX1_V2.0.0, STM32Cube_FW_C0_V1.4.0, STM32Cube_FW_F4_V1.28.1, STM32Cube_FW_F7_V1.17.2, STM32Cube_FW_G0_V1.6.2, STM32Cube_FW_G4_V1.6.1, STM32Cube_FW_H5_V1.5.0, STM32Cube_FW_H7RS_V1.2.0, STM32Cube_FW_H7_V1.12.1, STM32Cube_FW_L0_V1.12.2, STM32Cube_FW_L4_V1.18.1, STM32Cube_FW_L5_V1.5.1, STM32Cube_FW_N6_V1.1.0, STM32Cube_FW_U0_V1.2.0, STM32Cube_FW_U3_V1.1.0, STM32Cube_FW_U5_V1.7.0, STM32Cube_FW_WB0_V1.2.0, STM32Cube_FW_WBA_V1.6.0, STM32Cube_FW_WB_V1.22.0, STM32Cube_FW_WL3_V1.1.0, STM32Cube_FW_WL_V1.3.1, X-CUBE-ALGOBUILD_V1.4.0, X-CUBE-ALS_V1.0.2, X-CUBE-AZRTOS-F4_V1.1.0, X-CUBE-AZRTOS-F7_V1.1.0, X-CUBE-AZRTOS-G0_V1.1.0, X-CUBE-AZRTOS-G4_V2.0.0, X-CUBE-AZRTOS-H7RS_V1.0.0, X-CUBE-AZRTOS-H7_V3.3.0, X-CUBE-AZRTOS-L4_V2.0.0, X-CUBE-AZRTOS-L5_V2.0.0, X-CUBE-AZRTOS-WB_V2.0.0, X-CUBE-AZRTOS-WL_V2.0.0, X-CUBE-BLE1_V7.1.0, X-CUBE-BLE2_V3.3.0, X-CUBE-BLEMGR_V4.0.0, X-CUBE-EEPRMA1_V5.1.0, X-CUBE-FREERTOS_V1.3.0, X-CUBE-GNSS1_V6.0.0, X-CUBE-MEMS1_V11.1.0, X-CUBE-NFC4_V3.0.0, X-CUBE-NFC7_V1.0.1, X-CUBE-SFXS2LP1_V4.0.0, X-CUBE-SUBG2_V5.0.0, X-CUBE-TOF1_V3.4.2]
2025-11-18 08:51:27,219 [ERROR] DbExamplesSqlite:437 - Missing JSON key: board_cpn
2025-11-18 08:51:27,219 [ERROR] DbExamplesSqlite:437 - Missing JSON key: board_cpn
2025-11-18 08:51:27,220 [ERROR] DbExamplesSqlite:437 - Missing JSON key: board_cpn
2025-11-18 08:51:27,220 [ERROR] DbExamplesSqlite:437 - Missing JSON key: board_cpn
2025-11-18 08:51:27,432 [ERROR] DbExamplesSqlite:437 - Missing JSON key: board_cpn
2025-11-18 08:51:27,433 [ERROR] DbExamplesSqlite:437 - Missing JSON key: board_cpn
2025-11-18 08:51:27,433 [ERROR] DbExamplesSqlite:437 - Missing JSON key: board_cpn
2025-11-18 08:51:27,434 [ERROR] DbExamplesSqlite:437 - Missing JSON key: board_cpn
2025-11-18 08:51:27,434 [ERROR] DbExamplesSqlite:437 - Missing JSON key: board_cpn
2025-11-18 08:51:27,435 [ERROR] DbExamplesSqlite:437 - Missing JSON key: board_cpn
2025-11-18 08:51:27,435 [ERROR] DbExamplesSqlite:437 - Missing JSON key: board_cpn
2025-11-18 08:51:27,436 [ERROR] DbExamplesSqlite:437 - Missing JSON key: board_cpn
2025-11-18 08:51:27,436 [ERROR] DbExamplesSqlite:437 - Missing JSON key: board_cpn
2025-11-18 08:51:27,777 [ERROR] DbExamplesSqlite:437 - Missing JSON key: board_cpn
2025-11-18 08:51:27,795 [INFO] DbExamplesSqlite:395 - Ignored 46 examples not supported by CubeIDE
2025-11-18 08:51:27,796 [INFO] DbExamplesSqlite:396 - Found 10814 examples active
2025-11-18 08:51:27,796 [INFO] DbExamplesSqlite:397 - Found 0 examples obsolete
2025-11-18 08:51:27,797 [INFO] DbExamplesSqlite:398 - Found 0 examples under development
2025-11-18 08:51:27,797 [INFO] DbExamplesSqlite:399 - Found 79 examples not building
2025-11-18 08:51:27,800 [INFO] DbExamples:125 - Found 10847 examples
2025-11-18 08:51:27,826 [ERROR] DbExamples:208 - Found 3 examples with invalid data (board or MCU)
2025-11-18 08:51:27,826 [INFO] DbExamples:222 - Found 134 boards with related examples
2025-11-18 08:51:27,828 [INFO] DbExamples:235 - Found 110 MCUs with related examples
2025-11-18 08:51:27,870 [INFO] ApiDb:423 - Load user favorites file C:\Users\User/.stm32cubeide/favorites.examples.txt: 0 item(s)
2025-11-18 08:51:27,870 [INFO] ApiDb:427 - User favorites Examples=[]
2025-11-18 08:51:27,871 [INFO] DbExamples:250 - Set 0 / 0 favorites Examples
2025-11-18 08:51:29,182 [INFO] SoftwarePacks:127 - Download is needed for SW pack 'FP-ATR-ASTRA1_V2.0.0'
2025-11-18 08:51:29,182 [INFO] SoftwarePacks:127 - Download is needed for SW pack 'FP-SNS-FLIGHT1_V5.0.2'
2025-11-18 08:51:29,183 [INFO] SoftwarePacks:127 - Download is needed for SW pack 'FP-SNS-MOTENV1_V5.0.0'
2025-11-18 08:51:29,183 [INFO] SoftwarePacks:127 - Download is needed for SW pack 'FP-SNS-MOTENVWB1_V1.4.0'
2025-11-18 08:51:29,184 [INFO] SoftwarePacks:127 - Download is needed for SW pack 'FP-SNS-SMARTAG2_V1.2.0'
2025-11-18 08:51:29,184 [INFO] SoftwarePacks:127 - Download is needed for SW pack 'FP-SNS-STBOX1_V2.0.0'
2025-11-18 08:51:29,240 [INFO] SoftwarePacks:127 - Download is needed for SW pack 'STM32Cube_FW_C0_V1.4.0'
2025-11-18 08:51:29,280 [INFO] SoftwarePacks:127 - Download is needed for SW pack 'STM32Cube_FW_F4_V1.28.1'
2025-11-18 08:51:29,320 [INFO] SoftwarePacks:131 - Found SW pack 'STM32Cube_FW_F7_V1.17.2' up-to-date on disk.
2025-11-18 08:51:29,360 [INFO] SoftwarePacks:127 - Download is needed for SW pack 'STM32Cube_FW_G0_V1.6.2'
2025-11-18 08:51:29,393 [INFO] SoftwarePacks:127 - Download is needed for SW pack 'STM32Cube_FW_G4_V1.6.1'
2025-11-18 08:51:29,425 [INFO] SoftwarePacks:127 - Download is needed for SW pack 'STM32Cube_FW_H5_V1.5.0'
2025-11-18 08:51:29,458 [INFO] SoftwarePacks:127 - Download is needed for SW pack 'STM32Cube_FW_H7RS_V1.2.0'
2025-11-18 08:51:29,489 [INFO] SoftwarePacks:127 - Download is needed for SW pack 'STM32Cube_FW_H7_V1.12.1'
2025-11-18 08:51:29,523 [INFO] SoftwarePacks:127 - Download is needed for SW pack 'STM32Cube_FW_L0_V1.12.2'
2025-11-18 08:51:29,554 [INFO] SoftwarePacks:127 - Download is needed for SW pack 'STM32Cube_FW_L4_V1.18.1'
2025-11-18 08:51:29,582 [INFO] SoftwarePacks:127 - Download is needed for SW pack 'STM32Cube_FW_L5_V1.5.1'
2025-11-18 08:51:29,608 [INFO] SoftwarePacks:127 - Download is needed for SW pack 'STM32Cube_FW_N6_V1.1.0'
2025-11-18 08:51:29,637 [INFO] SoftwarePacks:127 - Download is needed for SW pack 'STM32Cube_FW_U0_V1.2.0'
2025-11-18 08:51:29,660 [INFO] SoftwarePacks:127 - Download is needed for SW pack 'STM32Cube_FW_U3_V1.1.0'
2025-11-18 08:51:29,686 [INFO] SoftwarePacks:127 - Download is needed for SW pack 'STM32Cube_FW_U5_V1.7.0'
2025-11-18 08:51:29,714 [INFO] SoftwarePacks:127 - Download is needed for SW pack 'STM32Cube_FW_WB0_V1.2.0'
2025-11-18 08:51:29,754 [INFO] SoftwarePacks:127 - Download is needed for SW pack 'STM32Cube_FW_WBA_V1.6.0'
2025-11-18 08:51:29,782 [INFO] SoftwarePacks:127 - Download is needed for SW pack 'STM32Cube_FW_WB_V1.22.0'
2025-11-18 08:51:29,808 [INFO] SoftwarePacks:127 - Download is needed for SW pack 'STM32Cube_FW_WL3_V1.1.0'
2025-11-18 08:51:29,831 [INFO] SoftwarePacks:127 - Download is needed for SW pack 'STM32Cube_FW_WL_V1.3.1'
2025-11-18 08:51:29,831 [INFO] SoftwarePacks:127 - Download is needed for SW pack 'X-CUBE-ALGOBUILD_V1.4.0'
2025-11-18 08:51:29,832 [INFO] SoftwarePacks:127 - Download is needed for SW pack 'X-CUBE-ALS_V1.0.2'
2025-11-18 08:51:29,832 [INFO] SoftwarePacks:127 - Download is needed for SW pack 'X-CUBE-AZRTOS-F4_V1.1.0'
2025-11-18 08:51:29,832 [INFO] SoftwarePacks:127 - Download is needed for SW pack 'X-CUBE-AZRTOS-F7_V1.1.0'
2025-11-18 08:51:29,832 [INFO] SoftwarePacks:127 - Download is needed for SW pack 'X-CUBE-AZRTOS-G0_V1.1.0'
2025-11-18 08:51:29,833 [INFO] SoftwarePacks:127 - Download is needed for SW pack 'X-CUBE-AZRTOS-G4_V2.0.0'
2025-11-18 08:51:29,833 [INFO] SoftwarePacks:127 - Download is needed for SW pack 'X-CUBE-AZRTOS-H7RS_V1.0.0'
2025-11-18 08:51:29,833 [INFO] SoftwarePacks:127 - Download is needed for SW pack 'X-CUBE-AZRTOS-H7_V3.3.0'
2025-11-18 08:51:29,833 [INFO] SoftwarePacks:127 - Download is needed for SW pack 'X-CUBE-AZRTOS-L4_V2.0.0'
2025-11-18 08:51:29,833 [INFO] SoftwarePacks:127 - Download is needed for SW pack 'X-CUBE-AZRTOS-L5_V2.0.0'
2025-11-18 08:51:29,834 [INFO] SoftwarePacks:127 - Download is needed for SW pack 'X-CUBE-AZRTOS-WB_V2.0.0'
2025-11-18 08:51:29,834 [INFO] SoftwarePacks:127 - Download is needed for SW pack 'X-CUBE-AZRTOS-WL_V2.0.0'
2025-11-18 08:51:29,834 [ERROR] SoftwarePacks:139 - Unknown SW pack 'X-CUBE-BLE1_V7.1.0'
2025-11-18 08:51:29,835 [INFO] SoftwarePacks:127 - Download is needed for SW pack 'X-CUBE-BLE2_V3.3.0'
2025-11-18 08:51:29,836 [ERROR] SoftwarePacks:139 - Unknown SW pack 'X-CUBE-BLEMGR_V4.0.0'
2025-11-18 08:51:29,836 [INFO] SoftwarePacks:127 - Download is needed for SW pack 'X-CUBE-EEPRMA1_V5.1.0'
2025-11-18 08:51:29,837 [INFO] SoftwarePacks:127 - Download is needed for SW pack 'X-CUBE-FREERTOS_V1.3.0'
2025-11-18 08:51:29,837 [INFO] SoftwarePacks:127 - Download is needed for SW pack 'X-CUBE-GNSS1_V6.0.0'
2025-11-18 08:51:29,841 [INFO] SoftwarePacks:127 - Download is needed for SW pack 'X-CUBE-MEMS1_V11.1.0'
2025-11-18 08:51:29,841 [INFO] SoftwarePacks:127 - Download is needed for SW pack 'X-CUBE-NFC4_V3.0.0'
2025-11-18 08:51:29,842 [INFO] SoftwarePacks:127 - Download is needed for SW pack 'X-CUBE-NFC7_V1.0.1'
2025-11-18 08:51:29,842 [INFO] SoftwarePacks:127 - Download is needed for SW pack 'X-CUBE-SFXS2LP1_V4.0.0'
2025-11-18 08:51:29,842 [INFO] SoftwarePacks:127 - Download is needed for SW pack 'X-CUBE-SUBG2_V5.0.0'
2025-11-18 08:51:29,843 [INFO] SoftwarePacks:127 - Download is needed for SW pack 'X-CUBE-TOF1_V3.4.2'
2025-11-18 08:51:33,300 [INFO] DetailPanel:341 - Set advertising image to C:/Users/User/STM32Cube/Repository/\en.prom-stm32u3-mcu-finder.jpg
2025-11-18 08:51:35,796 [ERROR] AppliInfo:139 - Unknown STM32CubeMX version: 6.12.1
2025-11-18 08:51:36,215 [ERROR] AppliInfo:139 - Unknown STM32CubeMX version: 6.12.1
2025-11-18 08:51:36,215 [ERROR] AppliInfo:139 - Unknown STM32CubeMX version: 6.12.1
2025-11-18 08:51:36,216 [ERROR] AppliInfo:139 - Unknown STM32CubeMX version: 6.12.1
2025-11-18 08:51:36,216 [ERROR] AppliInfo:139 - Unknown STM32CubeMX version: 6.12.1
2025-11-18 08:51:36,216 [ERROR] AppliInfo:139 - Unknown STM32CubeMX version: 6.12.1
2025-11-18 08:51:36,217 [ERROR] AppliInfo:139 - Unknown STM32CubeMX version: 6.12.1
2025-11-18 08:51:36,217 [ERROR] AppliInfo:139 - Unknown STM32CubeMX version: 6.12.1
2025-11-18 08:51:36,217 [ERROR] AppliInfo:139 - Unknown STM32CubeMX version: 6.12.1
2025-11-18 08:51:36,218 [ERROR] AppliInfo:139 - Unknown STM32CubeMX version: 6.12.1
2025-11-18 08:51:36,218 [ERROR] AppliInfo:139 - Unknown STM32CubeMX version: 6.12.1
2025-11-18 08:51:36,218 [ERROR] AppliInfo:139 - Unknown STM32CubeMX version: 6.12.1
2025-11-18 08:51:36,218 [ERROR] AppliInfo:139 - Unknown STM32CubeMX version: 6.12.1
2025-11-18 08:51:36,219 [ERROR] AppliInfo:139 - Unknown STM32CubeMX version: 6.12.1
2025-11-18 08:51:36,219 [ERROR] AppliInfo:139 - Unknown STM32CubeMX version: 6.12.1
2025-11-18 08:51:36,219 [ERROR] AppliInfo:139 - Unknown STM32CubeMX version: 6.12.1
2025-11-18 08:51:36,219 [ERROR] AppliInfo:139 - Unknown STM32CubeMX version: 6.12.1
2025-11-18 08:51:36,220 [ERROR] AppliInfo:139 - Unknown STM32CubeMX version: 6.12.1
2025-11-18 08:51:36,220 [ERROR] AppliInfo:139 - Unknown STM32CubeMX version: 6.12.1
2025-11-18 08:51:36,220 [ERROR] AppliInfo:139 - Unknown STM32CubeMX version: 6.12.1
2025-11-18 08:51:36,220 [ERROR] AppliInfo:139 - Unknown STM32CubeMX version: 6.12.1
2025-11-18 08:51:36,220 [ERROR] AppliInfo:139 - Unknown STM32CubeMX version: 6.12.1
2025-11-18 08:51:36,221 [ERROR] AppliInfo:139 - Unknown STM32CubeMX version: 6.12.1
2025-11-18 08:51:36,221 [ERROR] AppliInfo:139 - Unknown STM32CubeMX version: 6.12.1
2025-11-18 08:51:36,221 [ERROR] AppliInfo:139 - Unknown STM32CubeMX version: 6.12.1
2025-11-18 08:51:36,221 [ERROR] AppliInfo:139 - Unknown STM32CubeMX version: 6.12.1
2025-11-18 08:51:36,222 [ERROR] AppliInfo:139 - Unknown STM32CubeMX version: 6.12.1
2025-11-18 08:51:36,222 [ERROR] AppliInfo:139 - Unknown STM32CubeMX version: 6.12.1
2025-11-18 08:51:36,222 [ERROR] AppliInfo:139 - Unknown STM32CubeMX version: 6.12.1
2025-11-18 08:51:36,222 [ERROR] AppliInfo:139 - Unknown STM32CubeMX version: 6.12.1
2025-11-18 08:51:36,223 [ERROR] AppliInfo:139 - Unknown STM32CubeMX version: 6.12.1
2025-11-18 08:51:36,223 [ERROR] AppliInfo:139 - Unknown STM32CubeMX version: 6.12.1
2025-11-18 08:51:36,223 [ERROR] AppliInfo:139 - Unknown STM32CubeMX version: 6.12.1
2025-11-18 08:51:36,224 [ERROR] AppliInfo:139 - Unknown STM32CubeMX version: 6.12.1
2025-11-18 08:51:36,224 [ERROR] AppliInfo:139 - Unknown STM32CubeMX version: 6.12.1
2025-11-18 08:51:36,224 [ERROR] AppliInfo:139 - Unknown STM32CubeMX version: 6.12.1
2025-11-18 08:51:36,225 [ERROR] AppliInfo:139 - Unknown STM32CubeMX version: 6.12.1
2025-11-18 08:51:36,225 [ERROR] AppliInfo:139 - Unknown STM32CubeMX version: 6.12.1
2025-11-18 08:51:36,225 [ERROR] AppliInfo:139 - Unknown STM32CubeMX version: 6.12.1
2025-11-18 08:51:36,225 [ERROR] AppliInfo:139 - Unknown STM32CubeMX version: 6.12.1
2025-11-18 08:51:36,226 [ERROR] AppliInfo:139 - Unknown STM32CubeMX version: 6.12.1
2025-11-18 08:51:36,226 [ERROR] AppliInfo:139 - Unknown STM32CubeMX version: 6.12.1
2025-11-18 08:51:36,226 [ERROR] AppliInfo:139 - Unknown STM32CubeMX version: 6.12.1
2025-11-18 08:51:36,226 [ERROR] AppliInfo:139 - Unknown STM32CubeMX version: 6.12.1
2025-11-18 08:51:36,227 [ERROR] AppliInfo:139 - Unknown STM32CubeMX version: 6.12.1
2025-11-18 08:51:36,227 [ERROR] AppliInfo:139 - Unknown STM32CubeMX version: 6.12.1
2025-11-18 08:51:36,227 [ERROR] AppliInfo:139 - Unknown STM32CubeMX version: 6.12.1
2025-11-18 08:51:36,228 [ERROR] AppliInfo:139 - Unknown STM32CubeMX version: 6.12.1
2025-11-18 08:51:36,228 [ERROR] AppliInfo:139 - Unknown STM32CubeMX version: 6.12.1
2025-11-18 08:51:36,228 [ERROR] AppliInfo:139 - Unknown STM32CubeMX version: 6.12.1
2025-11-18 08:51:36,229 [ERROR] AppliInfo:139 - Unknown STM32CubeMX version: 6.12.1
2025-11-18 08:51:36,229 [ERROR] AppliInfo:139 - Unknown STM32CubeMX version: 6.12.1
2025-11-18 08:51:36,229 [ERROR] AppliInfo:139 - Unknown STM32CubeMX version: 6.12.1
2025-11-18 08:51:36,230 [ERROR] AppliInfo:139 - Unknown STM32CubeMX version: 6.12.1
2025-11-18 08:51:36,230 [ERROR] AppliInfo:139 - Unknown STM32CubeMX version: 6.12.1
2025-11-18 08:51:36,230 [ERROR] AppliInfo:139 - Unknown STM32CubeMX version: 6.12.1
2025-11-18 08:51:36,230 [ERROR] AppliInfo:139 - Unknown STM32CubeMX version: 6.12.1
2025-11-18 08:51:36,230 [ERROR] AppliInfo:139 - Unknown STM32CubeMX version: 6.12.1
2025-11-18 08:51:36,231 [ERROR] AppliInfo:139 - Unknown STM32CubeMX version: 6.12.1
2025-11-18 08:51:36,231 [ERROR] AppliInfo:139 - Unknown STM32CubeMX version: 6.12.1
2025-11-18 08:51:36,231 [ERROR] AppliInfo:139 - Unknown STM32CubeMX version: 6.12.1
2025-11-18 08:51:36,231 [ERROR] AppliInfo:139 - Unknown STM32CubeMX version: 6.12.1
2025-11-18 08:51:36,232 [ERROR] AppliInfo:139 - Unknown STM32CubeMX version: 6.12.1
2025-11-18 08:51:36,232 [ERROR] AppliInfo:139 - Unknown STM32CubeMX version: 6.12.1
2025-11-18 08:51:36,232 [ERROR] AppliInfo:139 - Unknown STM32CubeMX version: 6.12.1
2025-11-18 08:51:36,232 [ERROR] AppliInfo:139 - Unknown STM32CubeMX version: 6.12.1
2025-11-18 08:51:36,233 [ERROR] AppliInfo:139 - Unknown STM32CubeMX version: 6.12.1
2025-11-18 08:51:36,233 [ERROR] AppliInfo:139 - Unknown STM32CubeMX version: 6.12.1
2025-11-18 08:51:36,233 [ERROR] AppliInfo:139 - Unknown STM32CubeMX version: 6.12.1
2025-11-18 08:51:36,233 [ERROR] AppliInfo:139 - Unknown STM32CubeMX version: 6.12.1
2025-11-18 08:51:36,234 [ERROR] AppliInfo:139 - Unknown STM32CubeMX version: 6.12.1
2025-11-18 08:51:36,234 [ERROR] AppliInfo:139 - Unknown STM32CubeMX version: 6.12.1
2025-11-18 08:51:36,234 [ERROR] AppliInfo:139 - Unknown STM32CubeMX version: 6.12.1
2025-11-18 08:51:36,234 [ERROR] AppliInfo:139 - Unknown STM32CubeMX version: 6.12.1
2025-11-18 08:51:36,234 [ERROR] AppliInfo:139 - Unknown STM32CubeMX version: 6.12.1
2025-11-18 08:51:36,235 [ERROR] AppliInfo:139 - Unknown STM32CubeMX version: 6.12.1
2025-11-18 08:51:36,235 [ERROR] AppliInfo:139 - Unknown STM32CubeMX version: 6.12.1
2025-11-18 08:51:36,235 [ERROR] AppliInfo:139 - Unknown STM32CubeMX version: 6.12.1
2025-11-18 08:51:36,235 [ERROR] AppliInfo:139 - Unknown STM32CubeMX version: 6.12.1
2025-11-18 08:51:36,235 [ERROR] AppliInfo:139 - Unknown STM32CubeMX version: 6.12.1
2025-11-18 08:51:36,236 [ERROR] AppliInfo:139 - Unknown STM32CubeMX version: 6.12.1
2025-11-18 08:51:36,236 [ERROR] AppliInfo:139 - Unknown STM32CubeMX version: 6.12.1
2025-11-18 08:51:36,236 [ERROR] AppliInfo:139 - Unknown STM32CubeMX version: 6.12.1
2025-11-18 08:51:36,236 [ERROR] AppliInfo:139 - Unknown STM32CubeMX version: 6.12.1
2025-11-18 08:51:36,237 [ERROR] AppliInfo:139 - Unknown STM32CubeMX version: 6.12.1
2025-11-18 08:51:36,237 [ERROR] AppliInfo:139 - Unknown STM32CubeMX version: 6.12.1
2025-11-18 08:51:36,237 [ERROR] AppliInfo:139 - Unknown STM32CubeMX version: 6.12.1
2025-11-18 08:51:36,237 [ERROR] AppliInfo:139 - Unknown STM32CubeMX version: 6.12.1
2025-11-18 08:51:36,238 [ERROR] AppliInfo:139 - Unknown STM32CubeMX version: 6.12.1
2025-11-18 08:51:36,238 [ERROR] AppliInfo:139 - Unknown STM32CubeMX version: 6.12.1
2025-11-18 08:51:36,238 [ERROR] AppliInfo:139 - Unknown STM32CubeMX version: 6.12.1
2025-11-18 08:51:36,239 [ERROR] AppliInfo:139 - Unknown STM32CubeMX version: 6.12.1
2025-11-18 08:51:36,240 [ERROR] AppliInfo:139 - Unknown STM32CubeMX version: 6.12.1
2025-11-18 08:51:36,240 [ERROR] AppliInfo:139 - Unknown STM32CubeMX version: 6.12.1
2025-11-18 08:51:36,241 [ERROR] AppliInfo:139 - Unknown STM32CubeMX version: 6.12.1
2025-11-18 08:51:36,241 [ERROR] AppliInfo:139 - Unknown STM32CubeMX version: 6.12.1
2025-11-18 08:51:36,242 [ERROR] AppliInfo:139 - Unknown STM32CubeMX version: 6.12.1
2025-11-18 08:51:36,242 [ERROR] AppliInfo:139 - Unknown STM32CubeMX version: 6.12.1
2025-11-18 08:51:36,243 [ERROR] AppliInfo:139 - Unknown STM32CubeMX version: 6.12.1
2025-11-18 08:51:36,243 [ERROR] AppliInfo:139 - Unknown STM32CubeMX version: 6.12.1
2025-11-18 08:51:36,243 [ERROR] AppliInfo:139 - Unknown STM32CubeMX version: 6.12.1
2025-11-18 08:51:36,244 [ERROR] AppliInfo:139 - Unknown STM32CubeMX version: 6.12.1
2025-11-18 08:51:36,244 [ERROR] AppliInfo:139 - Unknown STM32CubeMX version: 6.12.1
2025-11-18 08:51:36,245 [ERROR] AppliInfo:139 - Unknown STM32CubeMX version: 6.12.1
2025-11-18 08:51:36,245 [ERROR] AppliInfo:139 - Unknown STM32CubeMX version: 6.12.1
2025-11-18 08:51:36,245 [ERROR] AppliInfo:139 - Unknown STM32CubeMX version: 6.12.1
2025-11-18 08:51:36,246 [ERROR] AppliInfo:139 - Unknown STM32CubeMX version: 6.12.1
2025-11-18 08:51:36,246 [ERROR] AppliInfo:139 - Unknown STM32CubeMX version: 6.12.1
2025-11-18 08:51:36,246 [ERROR] AppliInfo:139 - Unknown STM32CubeMX version: 6.12.1
2025-11-18 08:51:36,247 [ERROR] AppliInfo:139 - Unknown STM32CubeMX version: 6.12.1
2025-11-18 08:51:36,247 [ERROR] AppliInfo:139 - Unknown STM32CubeMX version: 6.12.1
2025-11-18 08:51:36,247 [ERROR] AppliInfo:139 - Unknown STM32CubeMX version: 6.12.1
2025-11-18 08:51:36,248 [ERROR] AppliInfo:139 - Unknown STM32CubeMX version: 6.12.1
2025-11-18 08:51:36,248 [ERROR] AppliInfo:139 - Unknown STM32CubeMX version: 6.12.1
2025-11-18 08:51:36,248 [ERROR] AppliInfo:139 - Unknown STM32CubeMX version: 6.12.1
2025-11-18 08:51:36,249 [ERROR] AppliInfo:139 - Unknown STM32CubeMX version: 6.12.1
2025-11-18 08:51:36,249 [ERROR] AppliInfo:139 - Unknown STM32CubeMX version: 6.12.1
2025-11-18 08:51:36,249 [ERROR] AppliInfo:139 - Unknown STM32CubeMX version: 6.12.1
2025-11-18 08:51:36,250 [ERROR] AppliInfo:139 - Unknown STM32CubeMX version: 6.12.1
2025-11-18 08:51:36,250 [ERROR] AppliInfo:139 - Unknown STM32CubeMX version: 6.12.1
2025-11-18 08:51:36,250 [ERROR] AppliInfo:139 - Unknown STM32CubeMX version: 6.12.1
2025-11-18 08:51:36,251 [ERROR] AppliInfo:139 - Unknown STM32CubeMX version: 6.12.1
2025-11-18 08:51:36,251 [ERROR] AppliInfo:139 - Unknown STM32CubeMX version: 6.12.1
2025-11-18 08:51:36,252 [ERROR] AppliInfo:139 - Unknown STM32CubeMX version: 6.12.1
2025-11-18 08:51:36,252 [ERROR] AppliInfo:139 - Unknown STM32CubeMX version: 6.12.1
2025-11-18 08:51:36,253 [ERROR] AppliInfo:139 - Unknown STM32CubeMX version: 6.12.1
2025-11-18 08:51:36,253 [ERROR] AppliInfo:139 - Unknown STM32CubeMX version: 6.12.1
2025-11-18 08:51:36,253 [ERROR] AppliInfo:139 - Unknown STM32CubeMX version: 6.12.1
2025-11-18 08:51:36,254 [ERROR] AppliInfo:139 - Unknown STM32CubeMX version: 6.12.1
2025-11-18 08:51:36,254 [ERROR] AppliInfo:139 - Unknown STM32CubeMX version: 6.12.1
2025-11-18 08:51:36,254 [ERROR] AppliInfo:139 - Unknown STM32CubeMX version: 6.12.1
2025-11-18 08:51:36,254 [ERROR] AppliInfo:139 - Unknown STM32CubeMX version: 6.12.1
2025-11-18 08:51:36,255 [ERROR] AppliInfo:139 - Unknown STM32CubeMX version: 6.12.1
2025-11-18 08:51:36,255 [ERROR] AppliInfo:139 - Unknown STM32CubeMX version: 6.12.1
2025-11-18 08:51:36,255 [ERROR] AppliInfo:139 - Unknown STM32CubeMX version: 6.12.1
2025-11-18 08:51:36,256 [ERROR] AppliInfo:139 - Unknown STM32CubeMX version: 6.12.1
2025-11-18 08:51:36,256 [ERROR] AppliInfo:139 - Unknown STM32CubeMX version: 6.12.1
2025-11-18 08:51:36,257 [ERROR] AppliInfo:139 - Unknown STM32CubeMX version: 6.12.1
2025-11-18 08:51:36,257 [ERROR] AppliInfo:139 - Unknown STM32CubeMX version: 6.12.1
2025-11-18 08:51:36,257 [ERROR] AppliInfo:139 - Unknown STM32CubeMX version: 6.12.1
2025-11-18 08:51:36,258 [ERROR] AppliInfo:139 - Unknown STM32CubeMX version: 6.12.1
2025-11-18 08:51:36,258 [ERROR] AppliInfo:139 - Unknown STM32CubeMX version: 6.12.1
2025-11-18 08:51:36,258 [ERROR] AppliInfo:139 - Unknown STM32CubeMX version: 6.12.1
2025-11-18 08:51:36,258 [ERROR] AppliInfo:139 - Unknown STM32CubeMX version: 6.12.1
2025-11-18 08:51:36,258 [ERROR] AppliInfo:139 - Unknown STM32CubeMX version: 6.12.1
2025-11-18 08:51:36,259 [ERROR] AppliInfo:139 - Unknown STM32CubeMX version: 6.12.1
2025-11-18 08:51:36,259 [ERROR] AppliInfo:139 - Unknown STM32CubeMX version: 6.12.1
2025-11-18 08:51:36,259 [ERROR] AppliInfo:139 - Unknown STM32CubeMX version: 6.12.1
2025-11-18 08:51:36,259 [ERROR] AppliInfo:139 - Unknown STM32CubeMX version: 6.12.1
2025-11-18 08:51:36,259 [ERROR] AppliInfo:139 - Unknown STM32CubeMX version: 6.12.1
2025-11-18 08:51:36,259 [ERROR] AppliInfo:139 - Unknown STM32CubeMX version: 6.12.1
2025-11-18 08:51:36,259 [ERROR] AppliInfo:139 - Unknown STM32CubeMX version: 6.12.1
2025-11-18 08:51:36,259 [ERROR] AppliInfo:139 - Unknown STM32CubeMX version: 6.12.1
2025-11-18 08:51:36,259 [ERROR] AppliInfo:139 - Unknown STM32CubeMX version: 6.12.1
2025-11-18 08:51:36,260 [ERROR] AppliInfo:139 - Unknown STM32CubeMX version: 6.12.1
2025-11-18 08:51:36,260 [ERROR] AppliInfo:139 - Unknown STM32CubeMX version: 6.12.1
2025-11-18 08:51:36,260 [ERROR] AppliInfo:139 - Unknown STM32CubeMX version: 6.12.1
2025-11-18 08:51:36,260 [ERROR] AppliInfo:139 - Unknown STM32CubeMX version: 6.12.1
2025-11-18 08:51:36,261 [ERROR] AppliInfo:139 - Unknown STM32CubeMX version: 6.12.1
2025-11-18 08:51:36,261 [ERROR] AppliInfo:139 - Unknown STM32CubeMX version: 6.12.1
2025-11-18 08:51:36,261 [ERROR] AppliInfo:139 - Unknown STM32CubeMX version: 6.12.1
2025-11-18 08:51:36,261 [ERROR] AppliInfo:139 - Unknown STM32CubeMX version: 6.12.1
2025-11-18 08:51:36,262 [ERROR] AppliInfo:139 - Unknown STM32CubeMX version: 6.12.1
2025-11-18 08:51:36,262 [ERROR] AppliInfo:139 - Unknown STM32CubeMX version: 6.12.1
2025-11-18 08:51:36,262 [ERROR] AppliInfo:139 - Unknown STM32CubeMX version: 6.12.1
2025-11-18 08:51:36,262 [ERROR] AppliInfo:139 - Unknown STM32CubeMX version: 6.12.1
2025-11-18 08:51:36,263 [ERROR] AppliInfo:139 - Unknown STM32CubeMX version: 6.12.1
2025-11-18 08:51:36,263 [ERROR] AppliInfo:139 - Unknown STM32CubeMX version: 6.12.1
2025-11-18 08:51:36,263 [ERROR] AppliInfo:139 - Unknown STM32CubeMX version: 6.12.1
2025-11-18 08:51:36,263 [ERROR] AppliInfo:139 - Unknown STM32CubeMX version: 6.12.1
2025-11-18 08:51:36,263 [ERROR] AppliInfo:139 - Unknown STM32CubeMX version: 6.12.1
2025-11-18 08:51:36,264 [ERROR] AppliInfo:139 - Unknown STM32CubeMX version: 6.12.1
2025-11-18 08:51:36,264 [ERROR] AppliInfo:139 - Unknown STM32CubeMX version: 6.12.1
2025-11-18 08:51:36,264 [ERROR] AppliInfo:139 - Unknown STM32CubeMX version: 6.12.1
2025-11-18 08:51:36,264 [ERROR] AppliInfo:139 - Unknown STM32CubeMX version: 6.12.1
2025-11-18 08:51:36,264 [ERROR] AppliInfo:139 - Unknown STM32CubeMX version: 6.12.1
2025-11-18 08:51:36,265 [ERROR] AppliInfo:139 - Unknown STM32CubeMX version: 6.12.1
2025-11-18 08:51:36,265 [ERROR] AppliInfo:139 - Unknown STM32CubeMX version: 6.12.1
2025-11-18 08:51:36,265 [ERROR] AppliInfo:139 - Unknown STM32CubeMX version: 6.12.1
2025-11-18 08:51:36,265 [ERROR] AppliInfo:139 - Unknown STM32CubeMX version: 6.12.1
2025-11-18 08:51:36,311 [ERROR] AppliInfo:139 - Unknown STM32CubeMX version: 6.12.1
2025-11-18 08:51:36,312 [ERROR] AppliInfo:139 - Unknown STM32CubeMX version: 6.12.1
2025-11-18 08:51:36,312 [ERROR] AppliInfo:139 - Unknown STM32CubeMX version: 6.12.1
2025-11-18 08:51:36,313 [ERROR] AppliInfo:139 - Unknown STM32CubeMX version: 6.12.1
2025-11-18 08:51:36,313 [ERROR] AppliInfo:139 - Unknown STM32CubeMX version: 6.12.1
2025-11-18 08:51:36,313 [ERROR] AppliInfo:139 - Unknown STM32CubeMX version: 6.12.1
2025-11-18 08:51:36,314 [ERROR] AppliInfo:139 - Unknown STM32CubeMX version: 6.12.1
2025-11-18 08:51:36,314 [ERROR] AppliInfo:139 - Unknown STM32CubeMX version: 6.12.1
2025-11-18 08:51:36,314 [ERROR] AppliInfo:139 - Unknown STM32CubeMX version: 6.12.1
2025-11-18 08:51:36,314 [ERROR] AppliInfo:139 - Unknown STM32CubeMX version: 6.12.1
2025-11-18 08:51:36,315 [ERROR] AppliInfo:139 - Unknown STM32CubeMX version: 6.12.1
2025-11-18 08:51:36,315 [ERROR] AppliInfo:139 - Unknown STM32CubeMX version: 6.12.1
2025-11-18 08:51:36,315 [ERROR] AppliInfo:139 - Unknown STM32CubeMX version: 6.12.1
2025-11-18 08:51:36,316 [ERROR] AppliInfo:139 - Unknown STM32CubeMX version: 6.12.1
2025-11-18 08:51:36,316 [ERROR] AppliInfo:139 - Unknown STM32CubeMX version: 6.12.1
2025-11-18 08:51:36,316 [ERROR] AppliInfo:139 - Unknown STM32CubeMX version: 6.12.1
2025-11-18 08:51:36,317 [ERROR] AppliInfo:139 - Unknown STM32CubeMX version: 6.12.1
2025-11-18 08:51:36,317 [ERROR] AppliInfo:139 - Unknown STM32CubeMX version: 6.12.1
2025-11-18 08:51:36,317 [ERROR] AppliInfo:139 - Unknown STM32CubeMX version: 6.12.1
2025-11-18 08:51:36,317 [ERROR] AppliInfo:139 - Unknown STM32CubeMX version: 6.12.1
2025-11-18 08:51:36,318 [ERROR] AppliInfo:139 - Unknown STM32CubeMX version: 6.12.1
2025-11-18 08:51:36,318 [ERROR] AppliInfo:139 - Unknown STM32CubeMX version: 6.12.1
2025-11-18 08:51:36,318 [ERROR] AppliInfo:139 - Unknown STM32CubeMX version: 6.12.1
2025-11-18 08:51:36,319 [ERROR] AppliInfo:139 - Unknown STM32CubeMX version: 6.12.1
2025-11-18 08:51:36,319 [ERROR] AppliInfo:139 - Unknown STM32CubeMX version: 6.12.1
2025-11-18 08:51:36,320 [ERROR] AppliInfo:139 - Unknown STM32CubeMX version: 6.12.1
2025-11-18 08:51:36,320 [ERROR] AppliInfo:139 - Unknown STM32CubeMX version: 6.12.1
2025-11-18 08:51:36,320 [ERROR] AppliInfo:139 - Unknown STM32CubeMX version: 6.12.1
2025-11-18 08:51:36,321 [ERROR] AppliInfo:139 - Unknown STM32CubeMX version: 6.12.1
2025-11-18 08:51:36,321 [ERROR] AppliInfo:139 - Unknown STM32CubeMX version: 6.12.1
2025-11-18 08:51:36,321 [ERROR] AppliInfo:139 - Unknown STM32CubeMX version: 6.12.1
2025-11-18 08:51:36,321 [ERROR] AppliInfo:139 - Unknown STM32CubeMX version: 6.12.1
2025-11-18 08:51:36,322 [ERROR] AppliInfo:139 - Unknown STM32CubeMX version: 6.12.1
2025-11-18 08:51:36,322 [ERROR] AppliInfo:139 - Unknown STM32CubeMX version: 6.12.1
2025-11-18 08:51:36,322 [ERROR] AppliInfo:139 - Unknown STM32CubeMX version: 6.12.1
2025-11-18 08:51:36,323 [ERROR] AppliInfo:139 - Unknown STM32CubeMX version: 6.12.1
2025-11-18 08:51:36,323 [ERROR] AppliInfo:139 - Unknown STM32CubeMX version: 6.12.1
2025-11-18 08:51:36,323 [ERROR] AppliInfo:139 - Unknown STM32CubeMX version: 6.12.1
2025-11-18 08:51:36,324 [ERROR] AppliInfo:139 - Unknown STM32CubeMX version: 6.12.1
2025-11-18 08:51:36,324 [ERROR] AppliInfo:139 - Unknown STM32CubeMX version: 6.12.1
2025-11-18 08:51:36,325 [ERROR] AppliInfo:139 - Unknown STM32CubeMX version: 6.12.1
2025-11-18 08:52:00,665 [INFO] CrossSelectorPresenter:1358 - Cross Selector saved comparison directory: C:\Users\User\.stmcufinder\plugins\mcufinder\mcu\cs_comparisons_mx
2025-11-18 08:52:00,741 [INFO] CrossReferenceDbSqlite:245 - SQLite db open (C:\Users\User\.stmcufinder\plugins\mcufinder\mcu\cs\crdb.db)
2025-11-18 08:52:38,636 [INFO] McuFinderGlobals:76 - Set McuFinderConnectedMode to true
2025-11-18 08:52:38,774 [INFO] ApiDb:448 - Save user favorites file C:\Users\User/.stm32cubeide/favorites.mcus.txt: 0 item(s)
2025-11-18 08:52:38,775 [INFO] ApiDb:452 - User favorites MCUs=[]
2025-11-18 08:52:38,778 [INFO] ApiDb:448 - Save user favorites file C:\Users\User/.stm32cubeide/favorites.boards.txt: 1 item(s)
2025-11-18 08:52:38,778 [INFO] ApiDb:452 - User favorites Boards=[NUCLEO-F767ZI]
2025-11-18 08:52:38,783 [INFO] ApiDb:448 - Save user favorites file C:\Users\User/.stm32cubeide/favorites.examples.txt: 0 item(s)
2025-11-18 08:52:38,783 [INFO] ApiDb:452 - User favorites Examples=[]
2025-11-18 08:54:43,196 [ERROR] ConfigurationRetriever:142 - IOException on connection: sw-center.st.com
2025-11-18 08:54:43,197 [ERROR] ConfigurationRetriever:142 - IOException on connection: sw-center.st.com
2025-11-18 08:54:43,200 [ERROR] ConfigurationRetriever:142 - IOException on connection: sw-center.st.com
2025-11-18 08:57:20,498 [ERROR] ConfigurationRetriever:142 - IOException on connection: sw-center.st.com
2025-11-18 08:57:20,500 [ERROR] ConfigurationRetriever:142 - IOException on connection: sw-center.st.com
2025-11-18 08:57:20,501 [ERROR] ConfigurationRetriever:142 - IOException on connection: sw-center.st.com
2025-11-18 08:59:17,452 [INFO] McuFinderGlobals:76 - Set McuFinderConnectedMode to false
2025-11-18 08:59:17,454 [INFO] MultiScanPanel:200 - Auto-refresh data requested => check proxy status ongoing
2025-11-18 08:59:17,454 [INFO] MultiScanPanel:204 - Proxy status is invalid
2025-11-18 08:59:17,455 [INFO] FinderPluginLoader:95 - Searching for filters in installed packs
2025-11-18 08:59:18,564 [INFO] DetailPanel:341 - Set advertising image to C:/Users/User/STM32Cube/Repository/\en.prom-stm32u3-mcu-finder.jpg
2025-11-18 09:17:52,680 [ERROR] ConfigurationRetriever:142 - IOException on connection: sw-center.st.com
2025-11-18 09:17:52,682 [ERROR] ConfigurationRetriever:142 - IOException on connection: sw-center.st.com
2025-11-18 09:17:52,685 [ERROR] ConfigurationRetriever:142 - IOException on connection: sw-center.st.com
2025-11-18 09:18:06,556 [ERROR] ConfigurationRetriever:142 - IOException on connection: sw-center.st.com
2025-11-18 09:18:06,558 [ERROR] ConfigurationRetriever:142 - IOException on connection: sw-center.st.com
2025-11-18 09:18:06,560 [ERROR] ConfigurationRetriever:142 - IOException on connection: sw-center.st.com
2025-11-18 09:18:23,257 [ERROR] ConfigurationRetriever:142 - IOException on connection: sw-center.st.com
2025-11-18 09:18:23,264 [ERROR] ConfigurationRetriever:142 - IOException on connection: sw-center.st.com
2025-11-18 09:18:23,264 [ERROR] ConfigurationRetriever:142 - IOException on connection: sw-center.st.com
