2025-05-15 10:30:46,346 [INFO] McuFinderGlobals:76 - Set McuFinderConnectedMode to false
2025-05-15 10:30:46,377 [INFO] MultiScanPanel:200 - Auto-refresh data requested => check proxy status ongoing
2025-05-15 10:30:46,377 [INFO] MultiScanPanel:204 - Proxy status is invalid
2025-05-15 10:30:46,377 [INFO] FinderPluginLoader:95 - Searching for filters in installed packs
2025-05-15 10:30:49,174 [INFO] DetailPanel:341 - Set advertising image to C:/Users/User/STM32Cube/Repository/\en.prom-stm32u3-mcu-finder.jpg
2025-05-15 10:33:08,932 [WARN] CheckConnectionManager:291 - Warning during Server Connection :  timeout Connect to sw-center.st.com:443 [sw-center.st.com/10.0.0.1] failed: Connect timed out
2025-05-15 10:33:09,939 [WARN] CheckConnectionManager:291 - Warning during Server Connection :  timeout Connect to sw-center.st.com:443 [sw-center.st.com/10.0.0.1] failed: Connect timed out
2025-05-15 10:33:09,944 [INFO] MainUpdater:2872 - connection check result : 22
2025-05-15 10:33:20,737 [ERROR] IocParser:57 - IOException caught: C:\STM_proj\qweqwewqe\qweqwewqe.ioc (Системе не удается найти указанный путь)
2025-05-15 10:33:20,737 [ERROR] PeripheralListParser:95 - Something went wrong with ioc file reading: C:\STM_proj\qweqwewqe\qweqwewqe.ioc (Системе не удается найти указанный путь)
2025-05-15 10:33:20,737 [ERROR] RegexParser:59 - Issue caught when parsing regex: C:\STM_proj\qweqwewqe\qweqwewqe.ioc (Системе не удается найти указанный путь)
2025-05-15 10:33:20,940 [INFO] MicroXplorer:468 - Change Database Path : 
2025-05-15 10:33:20,940 [INFO] MicroXplorer:498 - Change Database Version : DB.6.0.141
2025-05-15 10:33:20,986 [ERROR] ProjectManagerView:395 - 
java.lang.NullPointerException: Cannot invoke "javax.swing.JTextField.getText()" because the return value of "java.util.List.get(int)" is null
	at com.st.microxplorer.plugins.projectmanager.gui.ProjectChoiceTab$9.caretUpdate(ProjectChoiceTab.java:2678) ~[filemanager.jar:?]
	at javax.swing.text.JTextComponent.fireCaretUpdate(JTextComponent.java:408) ~[?:?]
	at javax.swing.text.JTextComponent$MutableCaretEvent.fire(JTextComponent.java:4484) ~[?:?]
	at javax.swing.text.JTextComponent$MutableCaretEvent.stateChanged(JTextComponent.java:4506) ~[?:?]
	at javax.swing.text.DefaultCaret.fireStateChanged(DefaultCaret.java:857) ~[?:?]
	at javax.swing.text.DefaultCaret.changeCaretPosition(DefaultCaret.java:1343) ~[?:?]
	at javax.swing.text.DefaultCaret.handleSetDot(DefaultCaret.java:1242) ~[?:?]
	at javax.swing.text.DefaultCaret.setDot(DefaultCaret.java:1223) ~[?:?]
	at javax.swing.text.DefaultCaret$Handler.insertUpdate(DefaultCaret.java:1819) ~[?:?]
	at javax.swing.text.AbstractDocument.fireInsertUpdate(AbstractDocument.java:227) ~[?:?]
	at javax.swing.text.AbstractDocument.handleInsertString(AbstractDocument.java:781) ~[?:?]
	at javax.swing.text.AbstractDocument.insertString(AbstractDocument.java:740) ~[?:?]
	at javax.swing.text.PlainDocument.insertString(PlainDocument.java:131) ~[?:?]
	at javax.swing.text.AbstractDocument.replace(AbstractDocument.java:699) ~[?:?]
	at javax.swing.text.JTextComponent.setText(JTextComponent.java:1725) ~[?:?]
	at com.st.microxplorer.plugins.projectmanager.gui.ProjectChoiceTab.createHeapStackFields(ProjectChoiceTab.java:979) ~[filemanager.jar:?]
	at com.st.microxplorer.plugins.projectmanager.gui.ProjectChoiceTab.buildLinkSettingsPanel(ProjectChoiceTab.java:3766) ~[filemanager.jar:?]
	at com.st.microxplorer.plugins.projectmanager.gui.ProjectChoiceTab.defineWindowsFields(ProjectChoiceTab.java:1962) ~[filemanager.jar:?]
	at com.st.microxplorer.plugins.projectmanager.gui.ProjectChoiceTab.updateSettings(ProjectChoiceTab.java:555) ~[filemanager.jar:?]
	at com.st.microxplorer.plugins.projectmanager.gui.ProjectSettingsPanel.UpdateDialog(ProjectSettingsPanel.java:245) ~[filemanager.jar:?]
	at com.st.microxplorer.plugins.projectmanager.ProjectManagerView.propertyChange(ProjectManagerView.java:392) ~[filemanager.jar:?]
	at java.beans.PropertyChangeSupport.fire(PropertyChangeSupport.java:343) ~[?:?]
	at java.beans.PropertyChangeSupport.firePropertyChange(PropertyChangeSupport.java:335) ~[?:?]
	at java.beans.PropertyChangeSupport.firePropertyChange(PropertyChangeSupport.java:268) ~[?:?]
	at com.st.microxplorer.util.MXPropertyChangeSupport.firePropertyChange(MXPropertyChangeSupport.java:54) ~[STM32CubeMX.jar:?]
	at com.st.microxplorer.mxsystem.MxSystem.closeConfig(MxSystem.java:899) ~[STM32CubeMX.jar:?]
	at com.st.microxplorer.maingui.MainPanel.closeConfig(MainPanel.java:789) ~[STM32CubeMX.jar:?]
	at com.st.microxplorer.plugins.filemanager.engine.OpenFileManager.loadConfigurationFile(OpenFileManager.java:287) ~[filemanager.jar:?]
	at com.st.microxplorer.plugins.filemanager.engine.MainFileManager.userLoadConfig(MainFileManager.java:341) ~[filemanager.jar:?]
	at com.st.microxplorer.plugins.filemanager.engine.MainFileManager.userLoadConfig(MainFileManager.java:319) ~[filemanager.jar:?]
	at com.st.microxplorer.plugins.filemanager.FileManagerView.getSpecificTask(FileManagerView.java:246) ~[filemanager.jar:?]
	at com.st.stm32cube.common.mx.editor.CubeMxEditor.getMxTabbedPaneInstance(CubeMxEditor.java:1198) ~[com.st.stm32cube.common.mx_6.14.1.202504091515/:?]
	at com.st.stm32cube.common.mx.editor.CubeMxEditor$12$1.createSwingComponent(CubeMxEditor.java:1068) ~[com.st.stm32cube.common.mx_6.14.1.202504091515/:?]
	at com.st.stm32cube.common.mx.oss.core.awtswtbridge.EmbeddedSwingComposite.doComponentCreation(EmbeddedSwingComposite.java:492) ~[com.st.stm32cube.common.mx.oss_6.14.1.202504091515/:?]
	at com.st.stm32cube.common.mx.oss.core.awtswtbridge.EmbeddedSwingComposite$4.run(EmbeddedSwingComposite.java:291) ~[com.st.stm32cube.common.mx.oss_6.14.1.202504091515/:?]
	at com.st.stm32cube.common.mx.oss.core.awtswtbridge.AwtEnvironment$2.run(AwtEnvironment.java:166) ~[com.st.stm32cube.common.mx.oss_6.14.1.202504091515/:?]
	at java.awt.event.InvocationEvent.dispatch(InvocationEvent.java:318) ~[?:?]
	at java.awt.EventQueue.dispatchEventImpl(EventQueue.java:773) ~[?:?]
	at java.awt.EventQueue$4.run(EventQueue.java:720) ~[?:?]
	at java.awt.EventQueue$4.run(EventQueue.java:714) ~[?:?]
	at java.security.AccessController.doPrivileged(AccessController.java:400) ~[?:?]
	at java.security.ProtectionDomain$JavaSecurityAccessImpl.doIntersectionPrivilege(ProtectionDomain.java:87) ~[?:?]
	at java.awt.EventQueue.dispatchEvent(EventQueue.java:742) ~[?:?]
	at java.awt.EventDispatchThread.pumpOneEventForFilters(EventDispatchThread.java:203) ~[?:?]
	at java.awt.EventDispatchThread.pumpEventsForFilter(EventDispatchThread.java:124) ~[?:?]
	at java.awt.EventDispatchThread.pumpEventsForHierarchy(EventDispatchThread.java:113) ~[?:?]
	at java.awt.EventDispatchThread.pumpEvents(EventDispatchThread.java:109) ~[?:?]
	at java.awt.EventDispatchThread.pumpEvents(EventDispatchThread.java:101) ~[?:?]
	at java.awt.EventDispatchThread.run(EventDispatchThread.java:90) ~[?:?]
2025-05-15 10:33:21,002 [WARN] ThirdParty:871 - waiting for thirdparty lock release [close project]
2025-05-15 10:33:21,002 [INFO] ThirdParty:873 - entering critical section [close project]
2025-05-15 10:33:21,002 [INFO] ThirdParty:883 - exiting critical section [close project]
2025-05-15 10:33:21,033 [INFO] PinOutPanel:1589 - setPackage(No Configuration,No Configuration)
2025-05-15 10:33:21,065 [WARN] IpParametersView:155 - Warning: This peripheral hasn't parameters
2025-05-15 10:33:21,111 [WARN] MainPanel:289 - <html><b><center>Warning: This peripheral has no parameters to be configured<br></b></html>
2025-05-15 10:33:21,143 [INFO] UtilMem:75 - Begin LoadConfig() Used Memory: 340254072 Bytes (895483904)
2025-05-15 10:33:21,143 [INFO] MicroXplorer:468 - Change Database Path : 
2025-05-15 10:33:21,143 [INFO] MicroXplorer:498 - Change Database Version : DB.6.0.141
2025-05-15 10:33:21,143 [INFO] OpenFileManager:354 - Change cursor
2025-05-15 10:33:21,221 [INFO] RulesReader:64 - Compatibility file has been processed (302 Rules)
2025-05-15 10:33:21,247 [INFO] Mcu:2011 - Initializing MCU STM32F767ZITx STM32F767ZITx STM32F767ZIT6
2025-05-15 10:33:25,787 [INFO] Context:756 - Trying to add GPIOservice into a context  which must be forbidden
2025-05-15 10:33:27,722 [INFO] ImportTextPane:218 - (OptionalMessage_ERROR) Unable to find key (Mcu.ThirdPartyNb) in loaded IOC file
2025-05-15 10:33:27,722 [INFO] ImportTextPane:218 - (OptionalMessage_ERROR) Unable to find key (Mcu.PinsNb) in loaded IOC file
2025-05-15 10:33:27,723 [INFO] ImportTextPane:218 - (OptionalMessage_ERROR) Pin0 (VP_RIF_VS_RIF1) cannot be retrieved for this MCU
2025-05-15 10:33:27,724 [INFO] ImportTextPane:218 - (OptionalMessage_ERROR) Unable to find key (Mcu.IPNb) in loaded IOC file
2025-05-15 10:33:27,818 [WARN] ModelIntegratedComponent:63 - No mode defined for component null
2025-05-15 10:33:27,818 [WARN] ModelIntegratedComponent:63 - No mode defined for component null
2025-05-15 10:33:27,818 [WARN] ModelIntegratedComponent:63 - No mode defined for component null
2025-05-15 10:33:27,818 [WARN] ModelIntegratedComponent:63 - No mode defined for component null
2025-05-15 10:33:27,818 [WARN] ModelIntegratedComponent:63 - No mode defined for component null
2025-05-15 10:33:27,819 [WARN] ModelIntegratedComponent:63 - No mode defined for component null
2025-05-15 10:33:27,819 [WARN] ModelIntegratedComponent:63 - No mode defined for component null
2025-05-15 10:33:27,819 [WARN] ModelIntegratedComponent:63 - No mode defined for component null
2025-05-15 10:33:27,819 [WARN] ModelIntegratedComponent:63 - No mode defined for component null
2025-05-15 10:33:27,819 [WARN] ModelIntegratedComponent:63 - No mode defined for component null
2025-05-15 10:33:27,819 [WARN] ModelIntegratedComponent:63 - No mode defined for component null
2025-05-15 10:33:27,820 [WARN] ModelIntegratedComponent:63 - No mode defined for component null
2025-05-15 10:33:27,820 [WARN] ModelIntegratedComponent:63 - No mode defined for component null
2025-05-15 10:33:27,820 [WARN] ModelIntegratedComponent:63 - No mode defined for component null
2025-05-15 10:33:27,820 [WARN] ModelIntegratedComponent:63 - No mode defined for component null
2025-05-15 10:33:27,820 [WARN] ModelIntegratedComponent:63 - No mode defined for component null
2025-05-15 10:33:27,821 [WARN] ModelIntegratedComponent:63 - No mode defined for component null
2025-05-15 10:33:27,821 [WARN] ModelIntegratedComponent:63 - No mode defined for component null
2025-05-15 10:33:27,821 [WARN] ModelIntegratedComponent:63 - No mode defined for component null
2025-05-15 10:33:27,821 [WARN] ModelIntegratedComponent:63 - No mode defined for component null
2025-05-15 10:33:27,821 [WARN] ModelIntegratedComponent:63 - No mode defined for component null
2025-05-15 10:33:27,821 [WARN] ModelIntegratedComponent:63 - No mode defined for component null
2025-05-15 10:33:27,822 [WARN] ModelIntegratedComponent:63 - No mode defined for component null
2025-05-15 10:33:27,822 [WARN] ModelIntegratedComponent:63 - No mode defined for component null
2025-05-15 10:33:27,822 [WARN] ModelIntegratedComponent:63 - No mode defined for component null
2025-05-15 10:33:27,822 [WARN] ModelIntegratedComponent:63 - No mode defined for component null
2025-05-15 10:33:27,822 [WARN] ModelIntegratedComponent:63 - No mode defined for component null
2025-05-15 10:33:27,822 [WARN] ModelIntegratedComponent:63 - No mode defined for component null
2025-05-15 10:33:27,823 [WARN] ModelIntegratedComponent:63 - No mode defined for component null
2025-05-15 10:33:27,823 [WARN] ModelIntegratedComponent:63 - No mode defined for component null
2025-05-15 10:33:27,823 [WARN] ModelIntegratedComponent:63 - No mode defined for component null
2025-05-15 10:33:27,823 [WARN] ModelIntegratedComponent:63 - No mode defined for component null
2025-05-15 10:33:27,823 [WARN] ModelIntegratedComponent:63 - No mode defined for component null
2025-05-15 10:33:27,823 [WARN] ModelIntegratedComponent:63 - No mode defined for component null
2025-05-15 10:33:27,824 [WARN] ModelIntegratedComponent:63 - No mode defined for component null
2025-05-15 10:33:27,824 [WARN] ModelPack:524 - Component already loaded: STMicroelectronics:HAL Drivers:0.0.0:STMicroelectronics:Device:STMicro_Driver:XSPI:HAL::0.0.1:HAL_XSPI
2025-05-15 10:33:27,833 [INFO] RtosManager:558 - Registered RTOS mode: class=CMSIS, group=RTOS, mode=CMSIS_V1, owner=FREERTOS
2025-05-15 10:33:27,834 [INFO] RtosManager:558 - Registered RTOS mode: class=CMSIS, group=RTOS2, mode=CMSIS_V2, owner=FREERTOS
2025-05-15 10:33:27,834 [INFO] RtosManager:558 - Registered RTOS mode: class=RTOS, group=Core, mode=CMSIS_V1, owner=FREERTOS
2025-05-15 10:33:27,834 [INFO] RtosManager:558 - Registered RTOS mode: class=RTOS, group=Core, mode=CMSIS_V2, owner=FREERTOS
2025-05-15 10:33:27,834 [WARN] ModelIntegratedComponent:184 - Missing modes for component STMicroelectronics:FreeRTOS:0.0.1:STMicroelectronics:RTOS:FreeRTOS:Core:::10.2.0:
2025-05-15 10:33:27,843 [INFO] ThirdPartyModel:298 - Start build external matchings
2025-05-15 10:33:27,944 [INFO] ThirdPartyModel:316 - End build external matchings
2025-05-15 10:33:28,629 [INFO] UtilMem:75 - End LoadConfig() Used Memory: 628089352 Bytes (895483904)
2025-05-15 10:33:28,656 [WARN] ThirdParty:833 - waiting for thirdparty lock release [change project]
2025-05-15 10:33:28,657 [INFO] ThirdParty:835 - entering critical section [change project]
2025-05-15 10:33:28,657 [INFO] ThirdParty:1030 - CMSIS Pack Vendor :STMicroelectronics USBPD 4.1
2025-05-15 10:33:28,657 [INFO] ThirdParty:1030 - CMSIS Pack Vendor :STMicroelectronics X-CUBE-DISPLAY 3.0.0
2025-05-15 10:33:28,657 [INFO] ThirdParty:1030 - CMSIS Pack Vendor :STMicroelectronics USB_HOST 2.0.0
2025-05-15 10:33:28,657 [INFO] ThirdParty:1030 - CMSIS Pack Vendor :STMicroelectronics FP-SNS-MOTENVWB1 1.4.0
2025-05-15 10:33:28,658 [INFO] ThirdParty:1030 - CMSIS Pack Vendor :STMicroelectronics LIBJPEG 8.0.0
2025-05-15 10:33:28,658 [INFO] ThirdParty:1030 - CMSIS Pack Vendor :STMicroelectronics FP-ATR-SIGFOX1 3.2.0
2025-05-15 10:33:28,658 [INFO] ThirdParty:1030 - CMSIS Pack Vendor :STMicroelectronics USB_DEVICE 3.0.0
2025-05-15 10:33:28,658 [INFO] ThirdParty:1030 - CMSIS Pack Vendor :STMicroelectronics X-CUBE-ISPU 2.1.0
2025-05-15 10:33:28,658 [INFO] ThirdParty:1030 - CMSIS Pack Vendor :STMicroelectronics X-CUBE-EEPRMA1 5.1.0
2025-05-15 10:33:28,658 [INFO] ThirdParty:1030 - CMSIS Pack Vendor :STMicroelectronics HAL Drivers 0.0.0
2025-05-15 10:33:28,658 [INFO] ThirdParty:1030 - CMSIS Pack Vendor :STMicroelectronics MBEDTLS 2.16.2
2025-05-15 10:33:28,659 [INFO] ThirdParty:1030 - CMSIS Pack Vendor :STMicroelectronics X-CUBE-ALS 1.0.2
2025-05-15 10:33:28,659 [INFO] ThirdParty:1030 - CMSIS Pack Vendor :STMicroelectronics MBEDTLS 2.14.1
2025-05-15 10:33:28,659 [INFO] ThirdParty:1030 - CMSIS Pack Vendor :STMicroelectronics USB_DEVICE 2.0.0
2025-05-15 10:33:28,659 [INFO] ThirdParty:1030 - CMSIS Pack Vendor :STMicroelectronics FP-SNS-STBOX1 2.0.0
2025-05-15 10:33:28,659 [INFO] ThirdParty:1030 - CMSIS Pack Vendor :STMicroelectronics ThreadX 1.0.0
2025-05-15 10:33:28,659 [INFO] ThirdParty:1030 - CMSIS Pack Vendor :STMicroelectronics FP-SNS-SMARTAG2 1.2.0
2025-05-15 10:33:28,659 [INFO] ThirdParty:1030 - CMSIS Pack Vendor :STMicroelectronics FreeRTOS 0.0.1
2025-05-15 10:33:28,660 [INFO] ThirdParty:1030 - CMSIS Pack Vendor :STMicroelectronics FP-SNS-MOTENV1 5.0.0
2025-05-15 10:33:28,660 [INFO] ThirdParty:1030 - CMSIS Pack Vendor :STMicroelectronics USB_DEVICE 1.0.0
2025-05-15 10:33:28,660 [INFO] ThirdParty:1030 - CMSIS Pack Vendor :STMicroelectronics STM32_WPAN 1.0.0
2025-05-15 10:33:28,660 [INFO] ThirdParty:1030 - CMSIS Pack Vendor :STMicroelectronics ThreadX 0.0.2
2025-05-15 10:33:28,660 [INFO] ThirdParty:1030 - CMSIS Pack Vendor :STMicroelectronics lwIP 2.0.3
2025-05-15 10:33:28,660 [INFO] ThirdParty:1030 - CMSIS Pack Vendor :STMicroelectronics lwIP 2.1.2
2025-05-15 10:33:28,660 [INFO] ThirdParty:1030 - CMSIS Pack Vendor :STMicroelectronics X-CUBE-BLE2 3.3.0
2025-05-15 10:33:28,660 [INFO] ThirdParty:1030 - CMSIS Pack Vendor :STMicroelectronics USB_HOST 1.0.0
2025-05-15 10:33:28,661 [INFO] ThirdParty:1030 - CMSIS Pack Vendor :STMicroelectronics PDM2PCM 3.1.0
2025-05-15 10:33:28,661 [INFO] ThirdParty:1030 - CMSIS Pack Vendor :STMicroelectronics PDM2PCM 3.2.0
2025-05-15 10:33:28,661 [INFO] ThirdParty:1030 - CMSIS Pack Vendor :STMicroelectronics PDM2PCM 3.3.0
2025-05-15 10:33:28,662 [INFO] ThirdParty:841 - exiting critical section [change project]
2025-05-15 10:33:29,603 [INFO] PinOutPanel:1589 - setPackage(No Configuration,No Configuration)
2025-05-15 10:33:29,607 [INFO] PinOutPanel:1589 - setPackage(STM32F767ZITx,LQFP144)
2025-05-15 10:33:30,594 [INFO] UtilMem:75 - Before build in PCC Used Memory: 362110288 Bytes (895483904)
2025-05-15 10:33:31,241 [INFO] UtilMem:75 - After build in PCC Used Memory: 412964176 Bytes (895483904)
2025-05-15 10:33:31,304 [INFO] IPUIPlugin:80 - create IPUIPlugin
2025-05-15 10:33:31,304 [INFO] IPUIPlugin:80 - create IPUIPlugin
2025-05-15 10:33:31,304 [INFO] IPUIPlugin:80 - create IPUIPlugin
2025-05-15 10:33:31,304 [INFO] IPUIPlugin:80 - create IPUIPlugin
2025-05-15 10:33:31,304 [INFO] IPUIPlugin:80 - create IPUIPlugin
2025-05-15 10:33:31,304 [INFO] IPUIPlugin:80 - create IPUIPlugin
2025-05-15 10:33:31,304 [INFO] IPUIPlugin:80 - create IPUIPlugin
2025-05-15 10:33:31,304 [INFO] IPUIPlugin:80 - create IPUIPlugin
2025-05-15 10:33:31,304 [INFO] IPUIPlugin:80 - create IPUIPlugin
2025-05-15 10:33:31,304 [INFO] IPUIPlugin:80 - create IPUIPlugin
2025-05-15 10:33:31,304 [INFO] IPUIPlugin:80 - create IPUIPlugin
2025-05-15 10:33:31,304 [INFO] IPUIPlugin:80 - create IPUIPlugin
2025-05-15 10:33:31,304 [INFO] IPUIPlugin:80 - create IPUIPlugin
2025-05-15 10:33:31,304 [INFO] IPUIPlugin:80 - create IPUIPlugin
2025-05-15 10:33:31,304 [INFO] IPUIPlugin:80 - create IPUIPlugin
2025-05-15 10:33:31,304 [INFO] IPUIPlugin:80 - create IPUIPlugin
2025-05-15 10:33:31,304 [INFO] IPUIPlugin:80 - create IPUIPlugin
2025-05-15 10:33:31,304 [INFO] IPUIPlugin:80 - create IPUIPlugin
2025-05-15 10:33:31,304 [INFO] IPUIPlugin:80 - create IPUIPlugin
2025-05-15 10:33:31,304 [INFO] IPUIPlugin:80 - create IPUIPlugin
2025-05-15 10:33:31,304 [INFO] IPUIPlugin:80 - create IPUIPlugin
2025-05-15 10:33:31,304 [INFO] IPUIPlugin:80 - create IPUIPlugin
2025-05-15 10:33:31,304 [INFO] IPUIPlugin:80 - create IPUIPlugin
2025-05-15 10:33:31,304 [INFO] IPUIPlugin:80 - create IPUIPlugin
2025-05-15 10:33:31,304 [INFO] IPUIPlugin:80 - create IPUIPlugin
2025-05-15 10:33:31,304 [INFO] IPUIPlugin:80 - create IPUIPlugin
2025-05-15 10:33:31,304 [INFO] IPUIPlugin:80 - create IPUIPlugin
2025-05-15 10:33:31,304 [INFO] IPUIPlugin:80 - create IPUIPlugin
2025-05-15 10:33:31,319 [INFO] IPUIPlugin:80 - create IPUIPlugin
2025-05-15 10:33:31,319 [INFO] IPUIPlugin:80 - create IPUIPlugin
2025-05-15 10:33:31,319 [INFO] IPUIPlugin:80 - create IPUIPlugin
2025-05-15 10:33:31,319 [INFO] IPUIPlugin:80 - create IPUIPlugin
2025-05-15 10:33:31,319 [INFO] IPUIPlugin:80 - create IPUIPlugin
2025-05-15 10:33:31,319 [INFO] IPUIPlugin:80 - create IPUIPlugin
2025-05-15 10:33:31,319 [INFO] IPUIPlugin:80 - create IPUIPlugin
2025-05-15 10:33:31,319 [INFO] IPUIPlugin:80 - create IPUIPlugin
2025-05-15 10:33:31,319 [INFO] IPUIPlugin:80 - create IPUIPlugin
2025-05-15 10:33:31,319 [INFO] IPUIPlugin:80 - create IPUIPlugin
2025-05-15 10:33:31,319 [INFO] IPUIPlugin:80 - create IPUIPlugin
2025-05-15 10:33:31,319 [INFO] IPUIPlugin:80 - create IPUIPlugin
2025-05-15 10:33:31,319 [INFO] IPUIPlugin:80 - create IPUIPlugin
2025-05-15 10:33:31,319 [INFO] IPUIPlugin:80 - create IPUIPlugin
2025-05-15 10:33:31,319 [INFO] IPUIPlugin:80 - create IPUIPlugin
2025-05-15 10:33:31,319 [INFO] IPUIPlugin:80 - create IPUIPlugin
2025-05-15 10:33:31,319 [INFO] IPUIPlugin:80 - create IPUIPlugin
2025-05-15 10:33:31,319 [INFO] IPUIPlugin:80 - create IPUIPlugin
2025-05-15 10:33:31,319 [INFO] IPUIPlugin:80 - create IPUIPlugin
2025-05-15 10:33:31,319 [INFO] IPUIPlugin:80 - create IPUIPlugin
2025-05-15 10:33:31,319 [INFO] IPUIPlugin:80 - create IPUIPlugin
2025-05-15 10:33:31,335 [INFO] IPUIPlugin:80 - create IPUIPlugin
2025-05-15 10:33:31,335 [INFO] IPUIPlugin:80 - create IPUIPlugin
2025-05-15 10:33:31,335 [INFO] IPUIPlugin:80 - create IPUIPlugin
2025-05-15 10:33:31,335 [INFO] IPUIPlugin:80 - create IPUIPlugin
2025-05-15 10:33:31,335 [INFO] IPUIPlugin:80 - create IPUIPlugin
2025-05-15 10:33:31,335 [INFO] IPUIPlugin:80 - create IPUIPlugin
2025-05-15 10:33:31,335 [INFO] IPUIPlugin:80 - create IPUIPlugin
2025-05-15 10:33:31,335 [INFO] IPUIPlugin:80 - create IPUIPlugin
2025-05-15 10:33:31,335 [INFO] IPUIPlugin:80 - create IPUIPlugin
2025-05-15 10:33:31,335 [INFO] IPUIPlugin:80 - create IPUIPlugin
2025-05-15 10:33:31,335 [INFO] IPUIPlugin:80 - create IPUIPlugin
2025-05-15 10:33:31,335 [INFO] IPUIPlugin:80 - create IPUIPlugin
2025-05-15 10:33:31,335 [INFO] IPUIPlugin:80 - create IPUIPlugin
2025-05-15 10:33:31,335 [INFO] IPUIPlugin:80 - create IPUIPlugin
2025-05-15 10:33:31,335 [INFO] IPUIPlugin:80 - create IPUIPlugin
2025-05-15 10:33:31,335 [INFO] IPUIPlugin:80 - create IPUIPlugin
2025-05-15 10:33:31,335 [INFO] IPUIPlugin:80 - create IPUIPlugin
2025-05-15 10:33:31,335 [INFO] IPUIPlugin:80 - create IPUIPlugin
2025-05-15 10:33:31,335 [INFO] IPUIPlugin:80 - create IPUIPlugin
2025-05-15 10:33:31,335 [INFO] IPUIPlugin:80 - create IPUIPlugin
2025-05-15 10:33:31,335 [INFO] IPUIPlugin:80 - create IPUIPlugin
2025-05-15 10:33:31,335 [INFO] IPUIPlugin:80 - create IPUIPlugin
2025-05-15 10:33:31,335 [INFO] IPUIPlugin:80 - create IPUIPlugin
2025-05-15 10:33:31,335 [INFO] IPUIPlugin:80 - create IPUIPlugin
2025-05-15 10:33:31,335 [INFO] IPUIPlugin:80 - create IPUIPlugin
2025-05-15 10:33:31,335 [INFO] IPUIPlugin:80 - create IPUIPlugin
2025-05-15 10:33:31,335 [INFO] IPUIPlugin:80 - create IPUIPlugin
2025-05-15 10:33:31,351 [INFO] IPUIPlugin:80 - create IPUIPlugin
2025-05-15 10:33:31,351 [INFO] IPUIPlugin:80 - create IPUIPlugin
2025-05-15 10:33:31,351 [INFO] IPUIPlugin:80 - create IPUIPlugin
2025-05-15 10:33:31,351 [INFO] ApiDbMcu:508 - Load IP Config File for PDM2PCM
2025-05-15 10:33:31,421 [INFO] CADModel:165 - CPN selected for project levelSTM32F767ZIT6
2025-05-15 10:33:31,421 [INFO] CADModel:114 - Register for checkConnection events
2025-05-15 10:33:31,477 [INFO] OpenFileManager:385 - Restore cursor
2025-05-15 10:33:32,212 [INFO] UtilMem:75 - End SaveConfig() Used Memory: 604576144 Bytes (895483904)
2025-05-15 10:33:32,403 [INFO] UtilMem:75 - End SaveConfig() Used Memory: 638934352 Bytes (895483904)
2025-05-15 10:33:32,957 [INFO] BlockDiagram:2775 - set Specific Code input for plugin: RCC
2025-05-15 10:33:32,957 [INFO] BlockDiagram:2775 - set Specific Code input for plugin: NVIC
2025-05-15 10:33:32,957 [INFO] BlockDiagram:2775 - set Specific Code input for plugin: CORTEX_M7
2025-05-15 10:33:32,959 [INFO] CodeGenerator:882 - code generatio: config db path: C:\ST\STM32CubeIDE_1.18.1\STM32CubeIDE\plugins\com.st.stm32cube.common.mx_6.14.1.202504091515\\db\
2025-05-15 10:33:33,197 [INFO] CodeEngine:263 - oldGeneratedFile, C:\STM_proj\STM32767_Template\MXTmpFiles\license.tmp_save
2025-05-15 10:33:33,579 [INFO] CodeEngine:287 - Generated code: C:\STM_proj\STM32767_Template\MXTmpFiles\license.tmp
2025-05-15 10:33:33,651 [INFO] CodeEngine:263 - oldGeneratedFile, C:\STM_proj\STM32767_Template\MXTmpFiles\cortex.tmp_save
2025-05-15 10:33:33,885 [INFO] CodeEngine:287 - Generated code: C:\STM_proj\STM32767_Template\MXTmpFiles\cortex.tmp
2025-05-15 10:33:33,908 [INFO] CodeEngine:263 - oldGeneratedFile, C:\STM_proj\STM32767_Template\Core\Src\stm32f7xx_it.c_save
2025-05-15 10:33:34,432 [INFO] CodeEngine:287 - Generated code: C:\STM_proj\STM32767_Template\Core\Src\stm32f7xx_it.c
2025-05-15 10:33:34,441 [INFO] CodeEngine:263 - oldGeneratedFile, C:\STM_proj\STM32767_Template\Core\Inc\stm32f7xx_it.h_save
2025-05-15 10:33:34,594 [INFO] CodeEngine:287 - Generated code: C:\STM_proj\STM32767_Template\Core\Inc\stm32f7xx_it.h
2025-05-15 10:33:34,626 [INFO] CodeEngine:263 - oldGeneratedFile, C:\STM_proj\STM32767_Template\Core\Src\stm32f7xx_hal_msp.c_save
2025-05-15 10:33:34,823 [INFO] CodeEngine:287 - Generated code: C:\STM_proj\STM32767_Template\Core\Src\stm32f7xx_hal_msp.c
2025-05-15 10:33:34,830 [INFO] CodeEngine:263 - oldGeneratedFile, C:\STM_proj\STM32767_Template\MXTmpFiles\system.tmp_save
2025-05-15 10:33:34,945 [INFO] CodeEngine:287 - Generated code: C:\STM_proj\STM32767_Template\MXTmpFiles\system.tmp
2025-05-15 10:33:34,963 [INFO] CodeEngine:319 - oldGeneratedFile, C:\STM_proj\STM32767_Template\Core\Inc\stm32f7xx_hal_conf.h_save
2025-05-15 10:33:35,109 [INFO] CodeEngine:343 - Generated code: C:\STM_proj\STM32767_Template\Core\Inc\stm32f7xx_hal_conf.h
2025-05-15 10:33:35,166 [INFO] ApiDbMcu:508 - Load IP Config File for RCC
2025-05-15 10:33:35,174 [INFO] CodeEngine:263 - oldGeneratedFile, C:\STM_proj\STM32767_Template\Core\Inc\main.h_save
2025-05-15 10:33:35,362 [INFO] CodeEngine:287 - Generated code: C:\STM_proj\STM32767_Template\Core\Inc\main.h
2025-05-15 10:33:35,362 [INFO] CodeEngine:263 - oldGeneratedFile, C:\STM_proj\STM32767_Template\Core\Src\main.c_save
2025-05-15 10:33:35,549 [INFO] CodeEngine:287 - Generated code: C:\STM_proj\STM32767_Template\Core\Src\main.c
2025-05-15 10:33:36,198 [INFO] ProjectBuilder:3324 - Time for Copy HAL[1] : 258mS.
2025-05-15 10:33:36,204 [INFO] ProjectBuilder:4912 - Project Generator version: 4.6.0.1-B1
2025-05-15 10:33:36,409 [INFO] ConfigFileManager:1590 - The Die is : DIE451
2025-05-15 10:33:36,416 [INFO] ApiDbMcu:508 - Load IP Config File for FATFS
2025-05-15 10:33:36,423 [INFO] ApiDbMcu:508 - Load IP Config File for FREERTOS
2025-05-15 10:33:36,426 [INFO] ApiDbMcu:508 - Load IP Config File for LIBJPEG
2025-05-15 10:33:36,439 [INFO] ApiDbMcu:508 - Load IP Config File for LWIP
2025-05-15 10:33:36,448 [INFO] ApiDbMcu:508 - Load IP Config File for MBEDTLS
2025-05-15 10:33:36,463 [INFO] ApiDbMcu:508 - Load IP Config File for USB_DEVICE
2025-05-15 10:33:36,471 [INFO] ApiDbMcu:508 - Load IP Config File for USB_HOST
2025-05-15 10:33:37,447 [ERROR] ConfigurationRetriever:142 - IOException on connection: Connect timed out
2025-05-15 10:33:40,082 [INFO] ProjectBuilder:5191 - Time for Generating toolchain IDE Files: 3878mS.
2025-05-15 10:33:40,083 [INFO] ProjectBuilder:3181 - Time for Copy CMSIS : 1mS.
2025-05-15 10:33:40,090 [INFO] ProjectBuilder:3181 - Time for Copy CMSIS : 1mS.
2025-05-15 10:33:41,134 [INFO] McuFinderGlobals:76 - Set McuFinderConnectedMode to true
2025-05-15 10:33:41,137 [INFO] ApiDb:448 - Save user favorites file C:\Users\User/.stm32cubeide/favorites.mcus.txt: 0 item(s)
2025-05-15 10:33:41,137 [INFO] ApiDb:452 - User favorites MCUs=[]
2025-05-15 10:33:42,451 [ERROR] ConfigurationRetriever:142 - IOException on connection: Connect timed out
