2025-09-11 14:56:44,693 [INFO] LogOutputStream:77 - [STDOUT_REDIRECT] 
2025-09-11 14:56:46,478 [INFO] ProjectBuilder:5191 - Time for Generating toolchain IDE Files: 3005mS.
2025-09-11 14:56:46,480 [INFO] ProjectBuilder:3181 - Time for Copy CMSIS : 1mS.
2025-09-11 14:56:46,489 [INFO] ProjectBuilder:3181 - Time for Copy CMSIS : 1mS.
2025-09-11 15:40:20,012 [INFO] UtilMem:75 - End SaveConfig() Used Memory: 573973816 Bytes (989855744)
2025-09-11 15:40:20,427 [INFO] BlockDiagram:2775 - set Specific Code input for plugin: NVIC
2025-09-11 15:40:20,427 [INFO] BlockDiagram:2775 - set Specific Code input for plugin: SYS
2025-09-11 15:40:20,428 [INFO] BlockDiagram:2775 - set Specific Code input for plugin: GPIO
2025-09-11 15:40:20,428 [INFO] BlockDiagram:2775 - set Specific Code input for plugin: RCC
2025-09-11 15:40:20,430 [INFO] CodeGenerator:882 - code generatio: config db path: C:\ST\STM32CubeIDE_1.18.1\STM32CubeIDE\plugins\com.st.stm32cube.common.mx_6.14.1.202504091515\\db\
2025-09-11 15:40:20,622 [INFO] CodeEngine:263 - oldGeneratedFile, C:\STM_proj\STM32F030F4P6_HAL\MXTmpFiles\license.tmp_save
2025-09-11 15:40:20,933 [INFO] CodeEngine:287 - Generated code: C:\STM_proj\STM32F030F4P6_HAL\MXTmpFiles\license.tmp
2025-09-11 15:40:20,969 [INFO] CodeEngine:263 - oldGeneratedFile, C:\STM_proj\STM32F030F4P6_HAL\MXTmpFiles\gpio.tmp_save
2025-09-11 15:40:21,203 [INFO] CodeEngine:287 - Generated code: C:\STM_proj\STM32F030F4P6_HAL\MXTmpFiles\gpio.tmp
2025-09-11 15:40:21,244 [INFO] CodeEngine:263 - oldGeneratedFile, C:\STM_proj\STM32F030F4P6_HAL\Core\Src\stm32f0xx_it.c_save
2025-09-11 15:40:21,672 [INFO] CodeEngine:287 - Generated code: C:\STM_proj\STM32F030F4P6_HAL\Core\Src\stm32f0xx_it.c
2025-09-11 15:40:21,683 [INFO] CodeEngine:263 - oldGeneratedFile, C:\STM_proj\STM32F030F4P6_HAL\Core\Inc\stm32f0xx_it.h_save
2025-09-11 15:40:21,846 [INFO] CodeEngine:287 - Generated code: C:\STM_proj\STM32F030F4P6_HAL\Core\Inc\stm32f0xx_it.h
2025-09-11 15:40:21,872 [INFO] CodeEngine:263 - oldGeneratedFile, C:\STM_proj\STM32F030F4P6_HAL\Core\Src\stm32f0xx_hal_msp.c_save
2025-09-11 15:40:22,087 [INFO] CodeEngine:287 - Generated code: C:\STM_proj\STM32F030F4P6_HAL\Core\Src\stm32f0xx_hal_msp.c
2025-09-11 15:40:22,096 [INFO] CodeEngine:263 - oldGeneratedFile, C:\STM_proj\STM32F030F4P6_HAL\MXTmpFiles\system.tmp_save
2025-09-11 15:40:22,227 [INFO] CodeEngine:287 - Generated code: C:\STM_proj\STM32F030F4P6_HAL\MXTmpFiles\system.tmp
2025-09-11 15:40:22,246 [INFO] CodeEngine:319 - oldGeneratedFile, C:\STM_proj\STM32F030F4P6_HAL\Core\Inc\stm32f0xx_hal_conf.h_save
2025-09-11 15:40:22,410 [INFO] CodeEngine:343 - Generated code: C:\STM_proj\STM32F030F4P6_HAL\Core\Inc\stm32f0xx_hal_conf.h
2025-09-11 15:40:22,450 [INFO] CodeEngine:263 - oldGeneratedFile, C:\STM_proj\STM32F030F4P6_HAL\Core\Inc\main.h_save
2025-09-11 15:40:22,744 [INFO] CodeEngine:287 - Generated code: C:\STM_proj\STM32F030F4P6_HAL\Core\Inc\main.h
2025-09-11 15:40:22,757 [INFO] CodeEngine:263 - oldGeneratedFile, C:\STM_proj\STM32F030F4P6_HAL\Core\Src\main.c_save
2025-09-11 15:40:22,972 [INFO] CodeEngine:287 - Generated code: C:\STM_proj\STM32F030F4P6_HAL\Core\Src\main.c
2025-09-11 15:40:23,491 [INFO] ProjectBuilder:3324 - Time for Copy HAL[1] : 209mS.
2025-09-11 15:40:23,495 [INFO] ProjectBuilder:4912 - Project Generator version: 4.6.0.1-B1
2025-09-11 15:40:23,661 [INFO] ConfigFileManager:1590 - The Die is : DIE444
2025-09-11 15:40:25,266 [INFO] ProjectBuilder:5191 - Time for Generating toolchain IDE Files: 1772mS.
2025-09-11 15:40:25,268 [INFO] ProjectBuilder:3181 - Time for Copy CMSIS : 2mS.
2025-09-11 15:40:25,273 [INFO] ProjectBuilder:3181 - Time for Copy CMSIS : 0mS.
