2025-05-29 08:37:38,346 [INFO] McuFinderGlobals:76 - Set McuFinderConnectedMode to false
2025-05-29 08:37:38,366 [INFO] MultiScanPanel:200 - Auto-refresh data requested => check proxy status ongoing
2025-05-29 08:37:38,366 [INFO] MultiScanPanel:204 - Proxy status is invalid
2025-05-29 08:37:38,367 [INFO] FinderPluginLoader:95 - Searching for filters in installed packs
2025-05-29 08:37:40,111 [INFO] DetailPanel:341 - Set advertising image to C:/Users/User/STM32Cube/Repository/\en.prom-stm32u3-mcu-finder.jpg
2025-05-29 08:37:52,655 [INFO] ApiDb:581 - Connected to CubeFinder SQLite database (C:\Users\User\.stmcufinder\plugins\mcufinder\mcu\cube-finder-db.db)
2025-05-29 08:38:04,946 [ERROR] McuDetailPanel:497 - No block diagram available for MCU STM32F767ZIT6
2025-05-29 08:38:04,946 [INFO] McuAction:173 - Block Diagram
2025-05-29 08:38:11,180 [INFO] McuAction:78 - Docs & Resources
2025-05-29 08:38:23,273 [INFO] GuiUtils:266 - Cannot open the file :C:/Users/User/STM32Cube/Repository/\/PM0253.pdf using Desktop.
2025-05-29 08:40:17,313 [INFO] GuiUtils:266 - Cannot open the file :C:/Users/User/STM32Cube/Repository/\/DS11532.pdf using Desktop.
2025-05-29 08:40:17,339 [INFO] McuAction:142 - Datasheet
2025-05-29 08:40:35,744 [INFO] DocPanel:101 - Download all resources for selected product
2025-05-29 08:40:35,744 [ERROR] DocPanel:105 - Unable to refresh resources
2025-05-29 08:40:58,781 [ERROR] CheckConnectionManager:249 - Problem, Http access forbiden
2025-05-29 08:40:58,787 [INFO] MainUpdater:2872 - connection check result : 22
2025-05-29 08:41:10,608 [INFO] MicroXplorer:468 - Change Database Path : 
2025-05-29 08:41:10,609 [INFO] MicroXplorer:498 - Change Database Version : DB.6.0.141
2025-05-29 08:41:10,621 [WARN] ThirdParty:871 - waiting for thirdparty lock release [close project]
2025-05-29 08:41:10,621 [INFO] ThirdParty:873 - entering critical section [close project]
2025-05-29 08:41:10,622 [INFO] ThirdParty:883 - exiting critical section [close project]
2025-05-29 08:41:10,626 [INFO] PinOutPanel:1589 - setPackage(No Configuration,No Configuration)
2025-05-29 08:41:10,637 [INFO] UtilMem:75 - Begin LoadConfig() Used Memory: 630601000 Bytes (769654784)
2025-05-29 08:41:10,639 [INFO] MicroXplorer:468 - Change Database Path : 
2025-05-29 08:41:10,639 [INFO] MicroXplorer:498 - Change Database Version : DB.6.0.141
2025-05-29 08:41:10,639 [INFO] OpenFileManager:354 - Change cursor
2025-05-29 08:41:10,658 [WARN] IntegrityCheckThread:84 - waiting for thirdparty lock release [integrity check]
2025-05-29 08:41:10,659 [INFO] IntegrityCheckThread:86 - entering critical section [integrity check]
2025-05-29 08:41:10,904 [WARN] PackLoader:240 - Cannot read IP mode file for STMicroelectronics.FP-SNS-MOTENVWB1.1.4.0
2025-05-29 08:41:10,943 [WARN] PackLoader:240 - Cannot read IP mode file for STMicroelectronics.X-CUBE-DISPLAY.3.0.0
2025-05-29 08:41:10,970 [WARN] PackLoader:240 - Cannot read IP mode file for STMicroelectronics.FP-SNS-SMARTAG2.1.2.0
2025-05-29 08:41:10,981 [WARN] PackLoader:240 - Cannot read IP mode file for STMicroelectronics.FP-SNS-MOTENV1.5.0.0
2025-05-29 08:41:11,000 [WARN] PackLoader:240 - Cannot read IP mode file for STMicroelectronics.X-CUBE-BLE2.3.3.0
2025-05-29 08:41:11,006 [WARN] PackLoader:240 - Cannot read IP mode file for STMicroelectronics.FP-ATR-SIGFOX1.3.2.0
2025-05-29 08:41:11,024 [WARN] PackLoader:240 - Cannot read IP mode file for STMicroelectronics.X-CUBE-EEPRMA1.5.1.0
2025-05-29 08:41:11,035 [WARN] PackLoader:240 - Cannot read IP mode file for STMicroelectronics.X-CUBE-ISPU.2.1.0
2025-05-29 08:41:11,077 [WARN] PackLoader:240 - Cannot read IP mode file for STMicroelectronics.FP-SNS-STBOX1.2.0.0
2025-05-29 08:41:11,090 [WARN] PackLoader:240 - Cannot read IP mode file for STMicroelectronics.X-CUBE-ALS.1.0.2
2025-05-29 08:41:11,093 [INFO] ThirdParty:978 - Integrity check success = true
2025-05-29 08:41:11,093 [INFO] IntegrityCheckThread:100 - exiting critical section [integrity check]
2025-05-29 08:41:11,093 [INFO] IntegrityCheckThread:103 - End integrity checks thread
2025-05-29 08:41:11,179 [INFO] Mcu:2011 - Initializing MCU STM32F767ZITx STM32F767ZITx STM32F767ZIT6
2025-05-29 08:41:15,457 [INFO] Context:756 - Trying to add GPIOservice into a context  which must be forbidden
2025-05-29 08:41:17,095 [INFO] ImportTextPane:218 - (OptionalMessage_ERROR) Unable to find key (Mcu.ThirdPartyNb) in loaded IOC file
2025-05-29 08:41:17,095 [INFO] ImportTextPane:218 - (OptionalMessage_ERROR) Unable to find key (Mcu.PinsNb) in loaded IOC file
2025-05-29 08:41:17,111 [INFO] ImportTextPane:218 - (OptionalMessage_ERROR) Pin0 (VP_RIF_VS_RIF1) cannot be retrieved for this MCU
2025-05-29 08:41:17,111 [INFO] ImportTextPane:218 - (OptionalMessage_ERROR) Unable to find key (Mcu.IPNb) in loaded IOC file
2025-05-29 08:41:17,286 [WARN] ModelIntegratedComponent:63 - No mode defined for component null
2025-05-29 08:41:17,286 [WARN] ModelIntegratedComponent:63 - No mode defined for component null
2025-05-29 08:41:17,286 [WARN] ModelIntegratedComponent:63 - No mode defined for component null
2025-05-29 08:41:17,286 [WARN] ModelIntegratedComponent:63 - No mode defined for component null
2025-05-29 08:41:17,286 [WARN] ModelIntegratedComponent:63 - No mode defined for component null
2025-05-29 08:41:17,286 [WARN] ModelIntegratedComponent:63 - No mode defined for component null
2025-05-29 08:41:17,301 [WARN] ModelIntegratedComponent:63 - No mode defined for component null
2025-05-29 08:41:17,301 [WARN] ModelIntegratedComponent:63 - No mode defined for component null
2025-05-29 08:41:17,301 [WARN] ModelIntegratedComponent:63 - No mode defined for component null
2025-05-29 08:41:17,301 [WARN] ModelIntegratedComponent:63 - No mode defined for component null
2025-05-29 08:41:17,301 [WARN] ModelIntegratedComponent:63 - No mode defined for component null
2025-05-29 08:41:17,301 [WARN] ModelIntegratedComponent:63 - No mode defined for component null
2025-05-29 08:41:17,301 [WARN] ModelIntegratedComponent:63 - No mode defined for component null
2025-05-29 08:41:17,301 [WARN] ModelIntegratedComponent:63 - No mode defined for component null
2025-05-29 08:41:17,301 [WARN] ModelIntegratedComponent:63 - No mode defined for component null
2025-05-29 08:41:17,301 [WARN] ModelIntegratedComponent:63 - No mode defined for component null
2025-05-29 08:41:17,301 [WARN] ModelIntegratedComponent:63 - No mode defined for component null
2025-05-29 08:41:17,302 [WARN] ModelIntegratedComponent:63 - No mode defined for component null
2025-05-29 08:41:17,302 [WARN] ModelIntegratedComponent:63 - No mode defined for component null
2025-05-29 08:41:17,302 [WARN] ModelIntegratedComponent:63 - No mode defined for component null
2025-05-29 08:41:17,302 [WARN] ModelIntegratedComponent:63 - No mode defined for component null
2025-05-29 08:41:17,302 [WARN] ModelIntegratedComponent:63 - No mode defined for component null
2025-05-29 08:41:17,302 [WARN] ModelIntegratedComponent:63 - No mode defined for component null
2025-05-29 08:41:17,302 [WARN] ModelIntegratedComponent:63 - No mode defined for component null
2025-05-29 08:41:17,302 [WARN] ModelIntegratedComponent:63 - No mode defined for component null
2025-05-29 08:41:17,302 [WARN] ModelIntegratedComponent:63 - No mode defined for component null
2025-05-29 08:41:17,302 [WARN] ModelIntegratedComponent:63 - No mode defined for component null
2025-05-29 08:41:17,302 [WARN] ModelIntegratedComponent:63 - No mode defined for component null
2025-05-29 08:41:17,302 [WARN] ModelIntegratedComponent:63 - No mode defined for component null
2025-05-29 08:41:17,302 [WARN] ModelIntegratedComponent:63 - No mode defined for component null
2025-05-29 08:41:17,302 [WARN] ModelIntegratedComponent:63 - No mode defined for component null
2025-05-29 08:41:17,302 [WARN] ModelIntegratedComponent:63 - No mode defined for component null
2025-05-29 08:41:17,303 [WARN] ModelIntegratedComponent:63 - No mode defined for component null
2025-05-29 08:41:17,303 [WARN] ModelIntegratedComponent:63 - No mode defined for component null
2025-05-29 08:41:17,303 [WARN] ModelIntegratedComponent:63 - No mode defined for component null
2025-05-29 08:41:17,303 [WARN] ModelPack:524 - Component already loaded: STMicroelectronics:HAL Drivers:0.0.0:STMicroelectronics:Device:STMicro_Driver:XSPI:HAL::0.0.1:HAL_XSPI
2025-05-29 08:41:17,308 [INFO] RtosManager:558 - Registered RTOS mode: class=CMSIS, group=RTOS, mode=CMSIS_V1, owner=FREERTOS
2025-05-29 08:41:17,312 [INFO] RtosManager:558 - Registered RTOS mode: class=CMSIS, group=RTOS2, mode=CMSIS_V2, owner=FREERTOS
2025-05-29 08:41:17,313 [INFO] RtosManager:558 - Registered RTOS mode: class=RTOS, group=Core, mode=CMSIS_V1, owner=FREERTOS
2025-05-29 08:41:17,313 [INFO] RtosManager:558 - Registered RTOS mode: class=RTOS, group=Core, mode=CMSIS_V2, owner=FREERTOS
2025-05-29 08:41:17,313 [WARN] ModelIntegratedComponent:184 - Missing modes for component STMicroelectronics:FreeRTOS:0.0.1:STMicroelectronics:RTOS:FreeRTOS:Core:::10.2.0:
2025-05-29 08:41:17,328 [INFO] ThirdPartyModel:298 - Start build external matchings
2025-05-29 08:41:17,361 [INFO] ThirdPartyModel:316 - End build external matchings
2025-05-29 08:41:18,221 [INFO] UtilMem:75 - End LoadConfig() Used Memory: 581517720 Bytes (849346560)
2025-05-29 08:41:18,258 [WARN] ThirdParty:833 - waiting for thirdparty lock release [change project]
2025-05-29 08:41:18,258 [INFO] ThirdParty:835 - entering critical section [change project]
2025-05-29 08:41:18,258 [INFO] ThirdParty:1030 - CMSIS Pack Vendor :STMicroelectronics USBPD 4.1
2025-05-29 08:41:18,258 [INFO] ThirdParty:1030 - CMSIS Pack Vendor :STMicroelectronics X-CUBE-DISPLAY 3.0.0
2025-05-29 08:41:18,259 [INFO] ThirdParty:1030 - CMSIS Pack Vendor :STMicroelectronics USB_HOST 2.0.0
2025-05-29 08:41:18,259 [INFO] ThirdParty:1030 - CMSIS Pack Vendor :STMicroelectronics FP-SNS-MOTENVWB1 1.4.0
2025-05-29 08:41:18,262 [INFO] ThirdParty:1030 - CMSIS Pack Vendor :STMicroelectronics LIBJPEG 8.0.0
2025-05-29 08:41:18,263 [INFO] ThirdParty:1030 - CMSIS Pack Vendor :STMicroelectronics FP-ATR-SIGFOX1 3.2.0
2025-05-29 08:41:18,264 [INFO] ThirdParty:1030 - CMSIS Pack Vendor :STMicroelectronics USB_DEVICE 3.0.0
2025-05-29 08:41:18,264 [INFO] ThirdParty:1030 - CMSIS Pack Vendor :STMicroelectronics X-CUBE-ISPU 2.1.0
2025-05-29 08:41:18,264 [INFO] ThirdParty:1030 - CMSIS Pack Vendor :STMicroelectronics X-CUBE-EEPRMA1 5.1.0
2025-05-29 08:41:18,264 [INFO] ThirdParty:1030 - CMSIS Pack Vendor :STMicroelectronics HAL Drivers 0.0.0
2025-05-29 08:41:18,264 [INFO] ThirdParty:1030 - CMSIS Pack Vendor :STMicroelectronics MBEDTLS 2.16.2
2025-05-29 08:41:18,264 [INFO] ThirdParty:1030 - CMSIS Pack Vendor :STMicroelectronics X-CUBE-ALS 1.0.2
2025-05-29 08:41:18,264 [INFO] ThirdParty:1030 - CMSIS Pack Vendor :STMicroelectronics MBEDTLS 2.14.1
2025-05-29 08:41:18,264 [INFO] ThirdParty:1030 - CMSIS Pack Vendor :STMicroelectronics USB_DEVICE 2.0.0
2025-05-29 08:41:18,264 [INFO] ThirdParty:1030 - CMSIS Pack Vendor :STMicroelectronics FP-SNS-STBOX1 2.0.0
2025-05-29 08:41:18,264 [INFO] ThirdParty:1030 - CMSIS Pack Vendor :STMicroelectronics ThreadX 1.0.0
2025-05-29 08:41:18,264 [INFO] ThirdParty:1030 - CMSIS Pack Vendor :STMicroelectronics FP-SNS-SMARTAG2 1.2.0
2025-05-29 08:41:18,264 [INFO] ThirdParty:1030 - CMSIS Pack Vendor :STMicroelectronics FreeRTOS 0.0.1
2025-05-29 08:41:18,265 [INFO] ThirdParty:1030 - CMSIS Pack Vendor :STMicroelectronics FP-SNS-MOTENV1 5.0.0
2025-05-29 08:41:18,265 [INFO] ThirdParty:1030 - CMSIS Pack Vendor :STMicroelectronics USB_DEVICE 1.0.0
2025-05-29 08:41:18,265 [INFO] ThirdParty:1030 - CMSIS Pack Vendor :STMicroelectronics STM32_WPAN 1.0.0
2025-05-29 08:41:18,265 [INFO] ThirdParty:1030 - CMSIS Pack Vendor :STMicroelectronics ThreadX 0.0.2
2025-05-29 08:41:18,265 [INFO] ThirdParty:1030 - CMSIS Pack Vendor :STMicroelectronics lwIP 2.0.3
2025-05-29 08:41:18,265 [INFO] ThirdParty:1030 - CMSIS Pack Vendor :STMicroelectronics lwIP 2.1.2
2025-05-29 08:41:18,265 [INFO] ThirdParty:1030 - CMSIS Pack Vendor :STMicroelectronics X-CUBE-BLE2 3.3.0
2025-05-29 08:41:18,265 [INFO] ThirdParty:1030 - CMSIS Pack Vendor :STMicroelectronics USB_HOST 1.0.0
2025-05-29 08:41:18,265 [INFO] ThirdParty:1030 - CMSIS Pack Vendor :STMicroelectronics PDM2PCM 3.1.0
2025-05-29 08:41:18,265 [INFO] ThirdParty:1030 - CMSIS Pack Vendor :STMicroelectronics PDM2PCM 3.2.0
2025-05-29 08:41:18,265 [INFO] ThirdParty:1030 - CMSIS Pack Vendor :STMicroelectronics PDM2PCM 3.3.0
2025-05-29 08:41:18,265 [INFO] ThirdParty:841 - exiting critical section [change project]
2025-05-29 08:41:19,423 [INFO] PinOutPanel:1589 - setPackage(No Configuration,No Configuration)
2025-05-29 08:41:19,423 [INFO] PinOutPanel:1589 - setPackage(STM32F767ZITx,LQFP144)
2025-05-29 08:41:20,973 [INFO] UtilMem:75 - Before build in PCC Used Memory: 376658480 Bytes (849346560)
2025-05-29 08:41:22,263 [INFO] UtilMem:75 - After build in PCC Used Memory: 462115376 Bytes (849346560)
2025-05-29 08:41:22,351 [INFO] IPUIPlugin:80 - create IPUIPlugin
2025-05-29 08:41:22,351 [INFO] IPUIPlugin:80 - create IPUIPlugin
2025-05-29 08:41:22,351 [INFO] IPUIPlugin:80 - create IPUIPlugin
2025-05-29 08:41:22,351 [INFO] IPUIPlugin:80 - create IPUIPlugin
2025-05-29 08:41:22,351 [INFO] IPUIPlugin:80 - create IPUIPlugin
2025-05-29 08:41:22,351 [INFO] IPUIPlugin:80 - create IPUIPlugin
2025-05-29 08:41:22,352 [INFO] IPUIPlugin:80 - create IPUIPlugin
2025-05-29 08:41:22,352 [INFO] IPUIPlugin:80 - create IPUIPlugin
2025-05-29 08:41:22,353 [INFO] IPUIPlugin:80 - create IPUIPlugin
2025-05-29 08:41:22,353 [INFO] IPUIPlugin:80 - create IPUIPlugin
2025-05-29 08:41:22,353 [INFO] IPUIPlugin:80 - create IPUIPlugin
2025-05-29 08:41:22,354 [INFO] IPUIPlugin:80 - create IPUIPlugin
2025-05-29 08:41:22,354 [INFO] IPUIPlugin:80 - create IPUIPlugin
2025-05-29 08:41:22,354 [INFO] IPUIPlugin:80 - create IPUIPlugin
2025-05-29 08:41:22,355 [INFO] IPUIPlugin:80 - create IPUIPlugin
2025-05-29 08:41:22,355 [INFO] IPUIPlugin:80 - create IPUIPlugin
2025-05-29 08:41:22,355 [INFO] IPUIPlugin:80 - create IPUIPlugin
2025-05-29 08:41:22,355 [INFO] IPUIPlugin:80 - create IPUIPlugin
2025-05-29 08:41:22,356 [INFO] IPUIPlugin:80 - create IPUIPlugin
2025-05-29 08:41:22,356 [INFO] IPUIPlugin:80 - create IPUIPlugin
2025-05-29 08:41:22,356 [INFO] IPUIPlugin:80 - create IPUIPlugin
2025-05-29 08:41:22,356 [INFO] IPUIPlugin:80 - create IPUIPlugin
2025-05-29 08:41:22,357 [INFO] IPUIPlugin:80 - create IPUIPlugin
2025-05-29 08:41:22,357 [INFO] IPUIPlugin:80 - create IPUIPlugin
2025-05-29 08:41:22,357 [INFO] IPUIPlugin:80 - create IPUIPlugin
2025-05-29 08:41:22,358 [INFO] IPUIPlugin:80 - create IPUIPlugin
2025-05-29 08:41:22,358 [INFO] IPUIPlugin:80 - create IPUIPlugin
2025-05-29 08:41:22,359 [INFO] IPUIPlugin:80 - create IPUIPlugin
2025-05-29 08:41:22,360 [INFO] IPUIPlugin:80 - create IPUIPlugin
2025-05-29 08:41:22,360 [INFO] IPUIPlugin:80 - create IPUIPlugin
2025-05-29 08:41:22,361 [INFO] IPUIPlugin:80 - create IPUIPlugin
2025-05-29 08:41:22,361 [INFO] IPUIPlugin:80 - create IPUIPlugin
2025-05-29 08:41:22,362 [INFO] IPUIPlugin:80 - create IPUIPlugin
2025-05-29 08:41:22,363 [INFO] IPUIPlugin:80 - create IPUIPlugin
2025-05-29 08:41:22,363 [INFO] IPUIPlugin:80 - create IPUIPlugin
2025-05-29 08:41:22,364 [INFO] IPUIPlugin:80 - create IPUIPlugin
2025-05-29 08:41:22,364 [INFO] IPUIPlugin:80 - create IPUIPlugin
2025-05-29 08:41:22,365 [INFO] IPUIPlugin:80 - create IPUIPlugin
2025-05-29 08:41:22,365 [INFO] IPUIPlugin:80 - create IPUIPlugin
2025-05-29 08:41:22,366 [INFO] IPUIPlugin:80 - create IPUIPlugin
2025-05-29 08:41:22,367 [INFO] IPUIPlugin:80 - create IPUIPlugin
2025-05-29 08:41:22,367 [INFO] IPUIPlugin:80 - create IPUIPlugin
2025-05-29 08:41:22,368 [INFO] IPUIPlugin:80 - create IPUIPlugin
2025-05-29 08:41:22,368 [INFO] IPUIPlugin:80 - create IPUIPlugin
2025-05-29 08:41:22,369 [INFO] IPUIPlugin:80 - create IPUIPlugin
2025-05-29 08:41:22,370 [INFO] IPUIPlugin:80 - create IPUIPlugin
2025-05-29 08:41:22,370 [INFO] IPUIPlugin:80 - create IPUIPlugin
2025-05-29 08:41:22,371 [INFO] IPUIPlugin:80 - create IPUIPlugin
2025-05-29 08:41:22,372 [INFO] IPUIPlugin:80 - create IPUIPlugin
2025-05-29 08:41:22,372 [INFO] IPUIPlugin:80 - create IPUIPlugin
2025-05-29 08:41:22,373 [INFO] IPUIPlugin:80 - create IPUIPlugin
2025-05-29 08:41:22,374 [INFO] IPUIPlugin:80 - create IPUIPlugin
2025-05-29 08:41:22,375 [INFO] IPUIPlugin:80 - create IPUIPlugin
2025-05-29 08:41:22,375 [INFO] IPUIPlugin:80 - create IPUIPlugin
2025-05-29 08:41:22,376 [INFO] IPUIPlugin:80 - create IPUIPlugin
2025-05-29 08:41:22,377 [INFO] IPUIPlugin:80 - create IPUIPlugin
2025-05-29 08:41:22,378 [INFO] IPUIPlugin:80 - create IPUIPlugin
2025-05-29 08:41:22,378 [INFO] IPUIPlugin:80 - create IPUIPlugin
2025-05-29 08:41:22,379 [INFO] IPUIPlugin:80 - create IPUIPlugin
2025-05-29 08:41:22,380 [INFO] IPUIPlugin:80 - create IPUIPlugin
2025-05-29 08:41:22,380 [INFO] IPUIPlugin:80 - create IPUIPlugin
2025-05-29 08:41:22,381 [INFO] IPUIPlugin:80 - create IPUIPlugin
2025-05-29 08:41:22,382 [INFO] IPUIPlugin:80 - create IPUIPlugin
2025-05-29 08:41:22,383 [INFO] IPUIPlugin:80 - create IPUIPlugin
2025-05-29 08:41:22,383 [INFO] IPUIPlugin:80 - create IPUIPlugin
2025-05-29 08:41:22,384 [INFO] IPUIPlugin:80 - create IPUIPlugin
2025-05-29 08:41:22,385 [INFO] IPUIPlugin:80 - create IPUIPlugin
2025-05-29 08:41:22,386 [INFO] IPUIPlugin:80 - create IPUIPlugin
2025-05-29 08:41:22,387 [INFO] IPUIPlugin:80 - create IPUIPlugin
2025-05-29 08:41:22,388 [INFO] IPUIPlugin:80 - create IPUIPlugin
2025-05-29 08:41:22,389 [INFO] IPUIPlugin:80 - create IPUIPlugin
2025-05-29 08:41:22,390 [INFO] IPUIPlugin:80 - create IPUIPlugin
2025-05-29 08:41:22,390 [INFO] IPUIPlugin:80 - create IPUIPlugin
2025-05-29 08:41:22,391 [INFO] IPUIPlugin:80 - create IPUIPlugin
2025-05-29 08:41:22,393 [INFO] IPUIPlugin:80 - create IPUIPlugin
2025-05-29 08:41:22,394 [INFO] IPUIPlugin:80 - create IPUIPlugin
2025-05-29 08:41:22,395 [INFO] IPUIPlugin:80 - create IPUIPlugin
2025-05-29 08:41:22,396 [INFO] IPUIPlugin:80 - create IPUIPlugin
2025-05-29 08:41:22,397 [INFO] IPUIPlugin:80 - create IPUIPlugin
2025-05-29 08:41:22,469 [INFO] ApiDbMcu:508 - Load IP Config File for PDM2PCM
2025-05-29 08:41:22,766 [INFO] CADModel:165 - CPN selected for project levelSTM32F767ZIT6
2025-05-29 08:41:22,766 [INFO] CADModel:114 - Register for checkConnection events
2025-05-29 08:41:22,836 [INFO] OpenFileManager:385 - Restore cursor
2025-05-29 08:41:23,940 [INFO] UtilMem:75 - End SaveConfig() Used Memory: 683358384 Bytes (849346560)
2025-05-29 08:41:24,114 [INFO] UtilMem:75 - End SaveConfig() Used Memory: 717240208 Bytes (849346560)
2025-05-29 08:41:25,213 [INFO] BlockDiagram:2775 - set Specific Code input for plugin: RCC
2025-05-29 08:41:25,213 [INFO] BlockDiagram:2775 - set Specific Code input for plugin: NVIC
2025-05-29 08:41:25,216 [INFO] CodeGenerator:882 - code generatio: config db path: C:\ST\STM32CubeIDE_1.18.1\STM32CubeIDE\plugins\com.st.stm32cube.common.mx_6.14.1.202504091515\\db\
2025-05-29 08:41:25,587 [INFO] CodeEngine:263 - oldGeneratedFile, C:\STM_proj\halProj\MXTmpFiles\license.tmp_save
2025-05-29 08:41:26,301 [INFO] CodeEngine:287 - Generated code: C:\STM_proj\halProj\MXTmpFiles\license.tmp
2025-05-29 08:41:26,413 [INFO] CodeEngine:263 - oldGeneratedFile, C:\STM_proj\halProj\MXTmpFiles\cortex.tmp_save
2025-05-29 08:41:26,627 [INFO] CodeEngine:287 - Generated code: C:\STM_proj\halProj\MXTmpFiles\cortex.tmp
2025-05-29 08:41:26,647 [INFO] CodeEngine:263 - oldGeneratedFile, C:\STM_proj\halProj\Core\Src\stm32f7xx_it.c_save
2025-05-29 08:41:26,910 [INFO] CodeEngine:287 - Generated code: C:\STM_proj\halProj\Core\Src\stm32f7xx_it.c
2025-05-29 08:41:26,917 [INFO] CodeEngine:263 - oldGeneratedFile, C:\STM_proj\halProj\Core\Inc\stm32f7xx_it.h_save
2025-05-29 08:41:27,083 [INFO] CodeEngine:287 - Generated code: C:\STM_proj\halProj\Core\Inc\stm32f7xx_it.h
2025-05-29 08:41:27,120 [INFO] CodeEngine:263 - oldGeneratedFile, C:\STM_proj\halProj\Core\Src\stm32f7xx_hal_msp.c_save
2025-05-29 08:41:27,382 [INFO] CodeEngine:287 - Generated code: C:\STM_proj\halProj\Core\Src\stm32f7xx_hal_msp.c
2025-05-29 08:41:27,388 [INFO] CodeEngine:263 - oldGeneratedFile, C:\STM_proj\halProj\MXTmpFiles\system.tmp_save
2025-05-29 08:41:27,526 [INFO] CodeEngine:287 - Generated code: C:\STM_proj\halProj\MXTmpFiles\system.tmp
2025-05-29 08:41:27,544 [INFO] CodeEngine:319 - oldGeneratedFile, C:\STM_proj\halProj\Core\Inc\stm32f7xx_hal_conf.h_save
2025-05-29 08:41:27,698 [INFO] CodeEngine:343 - Generated code: C:\STM_proj\halProj\Core\Inc\stm32f7xx_hal_conf.h
2025-05-29 08:41:27,777 [INFO] ApiDbMcu:508 - Load IP Config File for RCC
2025-05-29 08:41:27,794 [INFO] CodeEngine:263 - oldGeneratedFile, C:\STM_proj\halProj\Core\Inc\main.h_save
2025-05-29 08:41:27,988 [INFO] CodeEngine:287 - Generated code: C:\STM_proj\halProj\Core\Inc\main.h
2025-05-29 08:41:27,995 [INFO] CodeEngine:263 - oldGeneratedFile, C:\STM_proj\halProj\Core\Src\main.c_save
2025-05-29 08:41:28,242 [INFO] CodeEngine:287 - Generated code: C:\STM_proj\halProj\Core\Src\main.c
2025-05-29 08:41:28,842 [INFO] ProjectBuilder:3324 - Time for Copy HAL[1] : 148mS.
2025-05-29 08:41:28,842 [INFO] ProjectBuilder:4912 - Project Generator version: 4.6.0.1-B1
2025-05-29 08:41:29,041 [INFO] ConfigFileManager:1590 - The Die is : DIE451
2025-05-29 08:41:29,057 [INFO] ApiDbMcu:508 - Load IP Config File for FATFS
2025-05-29 08:41:29,057 [INFO] ApiDbMcu:508 - Load IP Config File for FREERTOS
2025-05-29 08:41:29,073 [INFO] ApiDbMcu:508 - Load IP Config File for LIBJPEG
2025-05-29 08:41:29,091 [INFO] ApiDbMcu:508 - Load IP Config File for LWIP
2025-05-29 08:41:29,108 [INFO] ApiDbMcu:508 - Load IP Config File for MBEDTLS
2025-05-29 08:41:29,128 [INFO] ApiDbMcu:508 - Load IP Config File for USB_DEVICE
2025-05-29 08:41:29,137 [INFO] ApiDbMcu:508 - Load IP Config File for USB_HOST
