2025-10-30 07:50:40,933 [INFO] Activator:176 - 


2025-10-30 07:50:40,946 [INFO] Activator:177 - !SESSION log4j initialized
2025-10-30 07:50:57,402 [INFO] LogOutputStream:77 - [STDOUT_REDIRECT] 
2025-10-30 07:50:58,235 [ERROR] ConfigurationRetriever:142 - IOException on connection: sw-center.st.com
2025-10-30 07:50:58,236 [ERROR] ConfigurationRetriever:142 - IOException on connection: sw-center.st.com
2025-10-30 07:50:58,237 [ERROR] ConfigurationRetriever:142 - IOException on connection: sw-center.st.com
2025-10-30 07:50:58,242 [ERROR] ConfigurationRetriever:142 - IOException on connection: sw-center.st.com
2025-10-30 07:50:58,243 [ERROR] ConfigurationRetriever:142 - IOException on connection: sw-center.st.com
2025-10-30 07:50:58,244 [ERROR] ConfigurationRetriever:142 - IOException on connection: sw-center.st.com
2025-10-30 07:50:59,991 [INFO] ApplicationProperties:184 - Using Application install path: C:\ST\STM32CubeIDE_1.18.1\STM32CubeIDE\plugins\com.st.stm32cube.common.mx_6.14.1.202504091515
2025-10-30 07:51:00,024 [INFO] DbMcusXml:78 - Set database path to: C:\ST\STM32CubeIDE_1.18.1\STM32CubeIDE\plugins\com.st.stm32cube.common.mx_6.14.1.202504091515\\db\/mcu/
2025-10-30 07:51:00,025 [INFO] ApiDb:274 - Set plugin database path to: C:\ST\STM32CubeIDE_1.18.1\STM32CubeIDE\plugins\com.st.stm32cube.common.mx_6.14.1.202504091515\\db\/plugins/boardmanager/
2025-10-30 07:51:00,025 [WARN] ApiDb:259 - Overriding images path with different value:  => C:\ST\STM32CubeIDE_1.18.1\STM32CubeIDE\plugins\com.st.stm32cube.common.mx_6.14.1.202504091515\\db\/plugins/mcufinder/images/
2025-10-30 07:51:00,036 [INFO] ApiDb:250 - Set database path to: C:\Users\User\.stmcufinder\plugins\mcufinder//mcu/
2025-10-30 07:51:00,037 [INFO] DbMcusAds:125 - Set database path to: C:\Users\User\.stmcufinder\plugins\mcufinder//mcu/
2025-10-30 07:51:00,040 [INFO] CrossReferenceDbSqlite:203 - Set database path to: C:\Users\User\.stmcufinder\plugins\mcufinder//mcu/cs/
2025-10-30 07:51:00,226 [INFO] RulesReader:64 - Compatibility file has been processed (302 Rules)
2025-10-30 07:51:00,334 [INFO] DbMcusXml:78 - Set database path to: C:\ST\STM32CubeIDE_1.18.1\STM32CubeIDE\plugins\com.st.stm32cube.common.mx_6.14.1.202504091515\\db\/mcu/
2025-10-30 07:51:00,334 [INFO] ApiDb:274 - Set plugin database path to: C:\ST\STM32CubeIDE_1.18.1\STM32CubeIDE\plugins\com.st.stm32cube.common.mx_6.14.1.202504091515\\db\/plugins/boardmanager/
2025-10-30 07:51:00,334 [INFO] ApiDb:261 - Set plugin images path to: C:\ST\STM32CubeIDE_1.18.1\STM32CubeIDE\plugins\com.st.stm32cube.common.mx_6.14.1.202504091515\\db\/plugins/mcufinder/images/
2025-10-30 07:51:00,335 [WARN] DbFile:41 - Overriding database path with different value: C:\Users\User\.stmcufinder\plugins\mcufinder/ => C:\Users\User\.stmcufinder\plugins\mcufinder
2025-10-30 07:51:00,335 [INFO] ApiDb:250 - Set database path to: C:\Users\User\.stmcufinder\plugins\mcufinder//mcu/
2025-10-30 07:51:00,335 [WARN] DbFile:41 - Overriding database path with different value: C:\Users\User\.stmcufinder\plugins\mcufinder/ => C:\Users\User\.stmcufinder\plugins\mcufinder
2025-10-30 07:51:00,335 [INFO] DbMcusAds:125 - Set database path to: C:\Users\User\.stmcufinder\plugins\mcufinder//mcu/
2025-10-30 07:51:00,335 [WARN] DbFile:41 - Overriding database path with different value: C:\Users\User\.stmcufinder\plugins\mcufinder/ => C:\Users\User\.stmcufinder\plugins\mcufinder
2025-10-30 07:51:00,335 [WARN] DbFile:41 - Overriding database path with different value: C:\Users\User\.stmcufinder\plugins\mcufinder/ => C:\Users\User\.stmcufinder\plugins\mcufinder
2025-10-30 07:51:00,335 [INFO] CrossReferenceDbSqlite:203 - Set database path to: C:\Users\User\.stmcufinder\plugins\mcufinder//mcu/cs/
2025-10-30 07:51:00,448 [INFO] MainPanel:272 - HeapMemory: 268435456
2025-10-30 07:51:00,605 [INFO] DbMcusXml:78 - Set database path to: C:\ST\STM32CubeIDE_1.18.1\STM32CubeIDE\plugins\com.st.stm32cube.common.mx_6.14.1.202504091515\\db\/mcu/
2025-10-30 07:51:00,605 [INFO] ApiDb:274 - Set plugin database path to: C:\ST\STM32CubeIDE_1.18.1\STM32CubeIDE\plugins\com.st.stm32cube.common.mx_6.14.1.202504091515\\db\/plugins/boardmanager/
2025-10-30 07:51:00,606 [INFO] ApiDb:261 - Set plugin images path to: C:\ST\STM32CubeIDE_1.18.1\STM32CubeIDE\plugins\com.st.stm32cube.common.mx_6.14.1.202504091515\\db\/plugins/mcufinder/images/
2025-10-30 07:51:00,606 [WARN] DbFile:41 - Overriding database path with different value: C:\Users\User\.stmcufinder\plugins\mcufinder/ => C:\Users\User\.stmcufinder\plugins\mcufinder
2025-10-30 07:51:00,606 [INFO] ApiDb:250 - Set database path to: C:\Users\User\.stmcufinder\plugins\mcufinder//mcu/
2025-10-30 07:51:00,606 [WARN] DbFile:41 - Overriding database path with different value: C:\Users\User\.stmcufinder\plugins\mcufinder/ => C:\Users\User\.stmcufinder\plugins\mcufinder
2025-10-30 07:51:00,607 [INFO] DbMcusAds:125 - Set database path to: C:\Users\User\.stmcufinder\plugins\mcufinder//mcu/
2025-10-30 07:51:00,607 [WARN] DbFile:41 - Overriding database path with different value: C:\Users\User\.stmcufinder\plugins\mcufinder/ => C:\Users\User\.stmcufinder\plugins\mcufinder
2025-10-30 07:51:00,607 [WARN] DbFile:41 - Overriding database path with different value: C:\Users\User\.stmcufinder\plugins\mcufinder/ => C:\Users\User\.stmcufinder\plugins\mcufinder
2025-10-30 07:51:00,607 [INFO] CrossReferenceDbSqlite:203 - Set database path to: C:\Users\User\.stmcufinder\plugins\mcufinder//mcu/cs/
2025-10-30 07:51:00,636 [INFO] ApplicationProperties:184 - Using Application install path: C:\ST\STM32CubeIDE_1.18.1\STM32CubeIDE\plugins\com.st.stm32cube.common.mx_6.14.1.202504091515
2025-10-30 07:51:00,638 [INFO] PluginManage:196 - Search for loadable plugins [exclusion list=, ]
2025-10-30 07:51:00,640 [INFO] PluginManage:310 - Check plugin analytics
2025-10-30 07:51:00,957 [INFO] AnalyticsPlugin:253 - Accepted Software Licenses: STM32CubeMX.6.14.0,STM32CubeMX.6.14.1
2025-10-30 07:51:00,958 [INFO] AnalyticsPlugin:255 - Accepted CMSIS Pack Licenses: 
2025-10-30 07:51:00,958 [INFO] AnalyticsPlugin:257 - Accepted Firmware Licenses: 
2025-10-30 07:51:00,963 [INFO] PluginManage:359 - Loaded plugin analytics (category:tool,tabindex:-1)
2025-10-30 07:51:00,964 [INFO] PluginManage:310 - Check plugin cadmodel
2025-10-30 07:51:00,966 [ERROR] ConfigurationRetriever:142 - IOException on connection: sw-center.st.com
2025-10-30 07:51:00,968 [ERROR] ConfigurationRetriever:142 - IOException on connection: sw-center.st.com
2025-10-30 07:51:00,969 [ERROR] ConfigurationRetriever:142 - IOException on connection: sw-center.st.com
2025-10-30 07:51:00,974 [INFO] CADModel:105 - Init CAD model plugin
2025-10-30 07:51:00,974 [INFO] PluginManage:359 - Loaded plugin cadmodel (category:power,tabindex:5)
2025-10-30 07:51:00,975 [INFO] PluginManage:310 - Check plugin clock
2025-10-30 07:51:00,994 [INFO] PluginManage:359 - Loaded plugin clock (category:base,tabindex:2)
2025-10-30 07:51:00,994 [INFO] PluginManage:310 - Check plugin ddr
2025-10-30 07:51:00,999 [INFO] PluginManage:359 - Loaded plugin ddr (category:tool,tabindex:6)
2025-10-30 07:51:01,000 [INFO] PluginManage:310 - Check plugin filemanager
2025-10-30 07:51:01,232 [INFO] PluginManage:359 - Loaded plugin filemanager (category:base,tabindex:10)
2025-10-30 07:51:01,233 [INFO] PluginManage:310 - Check plugin ipmanager
2025-10-30 07:51:01,243 [INFO] PluginManage:359 - Loaded plugin ipmanager (category:base,tabindex:5)
2025-10-30 07:51:01,243 [INFO] PluginManage:310 - Check plugin lpbam
2025-10-30 07:51:01,255 [INFO] PluginManage:359 - Loaded plugin lpbam (category:base,tabindex:0)
2025-10-30 07:51:01,256 [INFO] PluginManage:310 - Check plugin memorymap
2025-10-30 07:51:01,275 [INFO] PluginManage:359 - Loaded plugin memorymap (category:base,tabindex:4)
2025-10-30 07:51:01,275 [INFO] PluginManage:310 - Check plugin pinoutandconfiguration
2025-10-30 07:51:01,289 [INFO] PluginManage:359 - Loaded plugin pinoutandconfiguration (category:base,tabindex:1)
2025-10-30 07:51:01,289 [INFO] PluginManage:310 - Check plugin pinoutconfig
2025-10-30 07:51:01,425 [WARN] SupportedApi:132 - Cannot load RTOS API schema: s4s-elt-must-match.1: The content of 'definitions' must match (annotation?, (simpleType | complexType)?, (unique | key | keyref)*)). A problem was found starting at: attribute.
2025-10-30 07:51:01,627 [INFO] PluginManage:359 - Loaded plugin pinoutconfig (category:base,tabindex:0)
2025-10-30 07:51:01,628 [INFO] PluginManage:310 - Check plugin power
2025-10-30 07:51:01,647 [INFO] PluginManage:359 - Loaded plugin power (category:power,tabindex:4)
2025-10-30 07:51:01,648 [INFO] PluginManage:310 - Check plugin projectmanager
2025-10-30 07:51:01,676 [INFO] PluginManage:359 - Loaded plugin projectmanager (category:projectmanager,tabindex:4)
2025-10-30 07:51:01,676 [INFO] PluginManage:310 - Check plugin rif
2025-10-30 07:51:01,689 [INFO] PluginManage:359 - Loaded plugin rif (category:base,tabindex:3)
2025-10-30 07:51:01,689 [INFO] PluginManage:310 - Check plugin thirdparty
2025-10-30 07:51:01,991 [INFO] PluginManage:359 - Loaded plugin thirdparty (category:base,tabindex:-1)
2025-10-30 07:51:01,992 [INFO] PluginManage:310 - Check plugin tools
2025-10-30 07:51:01,992 [WARN] IntegrityCheckThread:84 - waiting for thirdparty lock release [integrity check]
2025-10-30 07:51:01,993 [INFO] IntegrityCheckThread:86 - entering critical section [integrity check]
2025-10-30 07:51:01,994 [INFO] ThirdPartyUpdaterWithRetryManager:70 - Updater plugin not ready yet. [1/15]
2025-10-30 07:51:01,997 [INFO] PluginManage:359 - Loaded plugin tools (category:base,tabindex:7)
2025-10-30 07:51:01,997 [INFO] PluginManage:310 - Check plugin tutovideos
2025-10-30 07:51:02,255 [INFO] PluginManage:359 - Loaded plugin tutovideos (category:base,tabindex:-1)
2025-10-30 07:51:02,256 [INFO] PluginManage:310 - Check plugin updater
2025-10-30 07:51:02,300 [INFO] PluginManage:359 - Loaded plugin updater (category:base,tabindex:12)
2025-10-30 07:51:02,300 [INFO] PluginManage:310 - Check plugin userauth
2025-10-30 07:51:02,308 [INFO] UserAuth:118 - Init User Auth plugin
2025-10-30 07:51:02,309 [INFO] PluginManage:359 - Loaded plugin userauth (category:base,tabindex:14)
2025-10-30 07:51:02,310 [INFO] PluginManage:283 - PluginManage : Loaded plugins [18]
2025-10-30 07:51:02,665 [INFO] PinOutPanel:1589 - setPackage(No Configuration,No Configuration)
2025-10-30 07:51:02,797 [INFO] CADModel:165 - CPN selected for project level
2025-10-30 07:51:02,797 [INFO] CADModel:114 - Register for checkConnection events
2025-10-30 07:51:02,821 [INFO] IPUIPlugin:80 - create IPUIPlugin
2025-10-30 07:51:02,821 [INFO] PluginManager:220 - loadIPPluginJar : add adc
2025-10-30 07:51:02,825 [INFO] IPUIPlugin:80 - create IPUIPlugin
2025-10-30 07:51:02,825 [INFO] PluginManager:220 - loadIPPluginJar : add aes
2025-10-30 07:51:02,830 [INFO] IPUIPlugin:80 - create IPUIPlugin
2025-10-30 07:51:02,830 [INFO] PluginManager:220 - loadIPPluginJar : add can
2025-10-30 07:51:02,832 [INFO] IPUIPlugin:80 - create IPUIPlugin
2025-10-30 07:51:02,833 [INFO] PluginManager:220 - loadIPPluginJar : add comp
2025-10-30 07:51:02,837 [INFO] IPUIPlugin:80 - create IPUIPlugin
2025-10-30 07:51:02,837 [INFO] PluginManager:220 - loadIPPluginJar : add cryp
2025-10-30 07:51:02,842 [INFO] IPUIPlugin:80 - create IPUIPlugin
2025-10-30 07:51:02,842 [INFO] PluginManager:220 - loadIPPluginJar : add ddr_ctrl_phy
2025-10-30 07:51:02,846 [INFO] IPUIPlugin:80 - create IPUIPlugin
2025-10-30 07:51:02,847 [INFO] PluginManager:220 - loadIPPluginJar : add dfsdm
2025-10-30 07:51:02,855 [INFO] IPUIPlugin:80 - create IPUIPlugin
2025-10-30 07:51:02,855 [INFO] PluginManager:220 - loadIPPluginJar : add dma
2025-10-30 07:51:02,860 [INFO] IPUIPlugin:80 - create IPUIPlugin
2025-10-30 07:51:02,860 [INFO] PluginManager:220 - loadIPPluginJar : add dma3
2025-10-30 07:51:02,865 [INFO] IPUIPlugin:80 - create IPUIPlugin
2025-10-30 07:51:02,865 [INFO] PluginManager:220 - loadIPPluginJar : add extmemmanager
2025-10-30 07:51:02,867 [INFO] IPUIPlugin:80 - create IPUIPlugin
2025-10-30 07:51:02,868 [INFO] PluginManager:220 - loadIPPluginJar : add fatfs
2025-10-30 07:51:02,874 [INFO] IPUIPlugin:80 - create IPUIPlugin
2025-10-30 07:51:02,874 [INFO] PluginManager:220 - loadIPPluginJar : add fmc
2025-10-30 07:51:02,883 [INFO] IPUIPlugin:80 - create IPUIPlugin
2025-10-30 07:51:02,883 [INFO] PluginManager:220 - loadIPPluginJar : add freertos
2025-10-30 07:51:02,886 [INFO] IPUIPlugin:80 - create IPUIPlugin
2025-10-30 07:51:02,886 [INFO] PluginManager:220 - loadIPPluginJar : add genericplugin
2025-10-30 07:51:02,890 [INFO] IPUIPlugin:80 - create IPUIPlugin
2025-10-30 07:51:02,890 [INFO] PluginManager:220 - loadIPPluginJar : add gfxmmu
2025-10-30 07:51:02,897 [INFO] IPUIPlugin:80 - create IPUIPlugin
2025-10-30 07:51:02,898 [INFO] PluginManager:220 - loadIPPluginJar : add gic
2025-10-30 07:51:02,904 [INFO] IPUIPlugin:80 - create IPUIPlugin
2025-10-30 07:51:02,904 [INFO] PluginManager:220 - loadIPPluginJar : add gpio
2025-10-30 07:51:02,908 [INFO] IPUIPlugin:80 - create IPUIPlugin
2025-10-30 07:51:02,909 [INFO] PluginManager:220 - loadIPPluginJar : add gtzc
2025-10-30 07:51:02,913 [INFO] IPUIPlugin:80 - create IPUIPlugin
2025-10-30 07:51:02,913 [INFO] PluginManager:220 - loadIPPluginJar : add hash
2025-10-30 07:51:02,917 [INFO] IPUIPlugin:80 - create IPUIPlugin
2025-10-30 07:51:02,917 [INFO] PluginManager:220 - loadIPPluginJar : add i2c
2025-10-30 07:51:02,922 [INFO] IPUIPlugin:80 - create IPUIPlugin
2025-10-30 07:51:02,922 [INFO] PluginManager:220 - loadIPPluginJar : add i2s
2025-10-30 07:51:02,927 [INFO] IPUIPlugin:80 - create IPUIPlugin
2025-10-30 07:51:02,927 [INFO] PluginManager:220 - loadIPPluginJar : add i3c
2025-10-30 07:51:02,932 [INFO] IPUIPlugin:80 - create IPUIPlugin
2025-10-30 07:51:02,933 [INFO] PluginManager:220 - loadIPPluginJar : add ipddr
2025-10-30 07:51:02,943 [INFO] IPUIPlugin:80 - create IPUIPlugin
2025-10-30 07:51:02,944 [INFO] PluginManager:220 - loadIPPluginJar : add linkedlist
2025-10-30 07:51:02,948 [INFO] IPUIPlugin:80 - create IPUIPlugin
2025-10-30 07:51:02,948 [INFO] PluginManager:220 - loadIPPluginJar : add lorawan
2025-10-30 07:51:02,950 [INFO] IPUIPlugin:80 - create IPUIPlugin
2025-10-30 07:51:02,950 [INFO] PluginManager:220 - loadIPPluginJar : add ltdc
2025-10-30 07:51:02,960 [INFO] IPUIPlugin:80 - create IPUIPlugin
2025-10-30 07:51:02,960 [INFO] PluginManager:220 - loadIPPluginJar : add mdma
2025-10-30 07:51:02,965 [INFO] IPUIPlugin:80 - create IPUIPlugin
2025-10-30 07:51:02,965 [INFO] PluginManager:220 - loadIPPluginJar : add nvic
2025-10-30 07:51:02,970 [INFO] IPUIPlugin:80 - create IPUIPlugin
2025-10-30 07:51:02,970 [INFO] PluginManager:220 - loadIPPluginJar : add opamp
2025-10-30 07:51:02,976 [INFO] IPUIPlugin:80 - create IPUIPlugin
2025-10-30 07:51:02,976 [INFO] PluginManager:220 - loadIPPluginJar : add openamp
2025-10-30 07:51:02,983 [INFO] IPUIPlugin:80 - create IPUIPlugin
2025-10-30 07:51:02,983 [INFO] PluginManager:220 - loadIPPluginJar : add pdm2pcm
2025-10-30 07:51:02,994 [INFO] IPUIPlugin:80 - create IPUIPlugin
2025-10-30 07:51:02,998 [INFO] PluginManager:220 - loadIPPluginJar : add plateformsettings
2025-10-30 07:51:03,000 [INFO] IPUIPlugin:80 - create IPUIPlugin
2025-10-30 07:51:03,000 [INFO] PluginManager:220 - loadIPPluginJar : add quadspi
2025-10-30 07:51:03,003 [INFO] IPUIPlugin:80 - create IPUIPlugin
2025-10-30 07:51:03,004 [INFO] PluginManager:220 - loadIPPluginJar : add radio
2025-10-30 07:51:03,011 [INFO] IPUIPlugin:80 - create IPUIPlugin
2025-10-30 07:51:03,012 [INFO] PluginManager:220 - loadIPPluginJar : add resmgrutility
2025-10-30 07:51:03,016 [INFO] IPUIPlugin:80 - create IPUIPlugin
2025-10-30 07:51:03,016 [INFO] PluginManager:220 - loadIPPluginJar : add sai
2025-10-30 07:51:03,020 [INFO] IPUIPlugin:80 - create IPUIPlugin
2025-10-30 07:51:03,020 [INFO] PluginManager:220 - loadIPPluginJar : add spi
2025-10-30 07:51:03,029 [INFO] IPUIPlugin:80 - create IPUIPlugin
2025-10-30 07:51:03,030 [INFO] PluginManager:220 - loadIPPluginJar : add stm32_wpan
2025-10-30 07:51:03,031 [INFO] IPUIPlugin:80 - create IPUIPlugin
2025-10-30 07:51:03,032 [INFO] PluginManager:220 - loadIPPluginJar : add tim
2025-10-30 07:51:03,036 [INFO] IPUIPlugin:80 - create IPUIPlugin
2025-10-30 07:51:03,037 [INFO] PluginManager:220 - loadIPPluginJar : add touchsensing
2025-10-30 07:51:03,040 [INFO] IPUIPlugin:80 - create IPUIPlugin
2025-10-30 07:51:03,041 [INFO] PluginManager:220 - loadIPPluginJar : add tracer_emb
2025-10-30 07:51:03,044 [INFO] IPUIPlugin:80 - create IPUIPlugin
2025-10-30 07:51:03,044 [INFO] PluginManager:220 - loadIPPluginJar : add ts
2025-10-30 07:51:03,047 [INFO] IPUIPlugin:80 - create IPUIPlugin
2025-10-30 07:51:03,047 [INFO] PluginManager:220 - loadIPPluginJar : add tsc
2025-10-30 07:51:03,051 [INFO] IPUIPlugin:80 - create IPUIPlugin
2025-10-30 07:51:03,051 [INFO] PluginManager:220 - loadIPPluginJar : add ucpd
2025-10-30 07:51:03,057 [INFO] IPUIPlugin:80 - create IPUIPlugin
2025-10-30 07:51:03,057 [INFO] PluginManager:220 - loadIPPluginJar : add usart
2025-10-30 07:51:03,063 [INFO] IPUIPlugin:80 - create IPUIPlugin
2025-10-30 07:51:03,063 [INFO] PluginManager:220 - loadIPPluginJar : add usbx
2025-10-30 07:51:03,232 [FATAL] Updater:351 - Updater called before beeing initialized
2025-10-30 07:51:03,279 [INFO] RulesReader:64 - Compatibility file has been processed (302 Rules)
2025-10-30 07:51:03,294 [INFO] RulesReader:64 - Compatibility file has been processed (302 Rules)
2025-10-30 07:51:03,305 [INFO] CADModel:165 - CPN selected for project level
2025-10-30 07:51:03,306 [INFO] CADModel:114 - Register for checkConnection events
2025-10-30 07:51:03,306 [FATAL] Updater:351 - Updater called before beeing initialized
2025-10-30 07:51:03,306 [ERROR] CADModel:125 - Updater not yet initialized, retry later 
2025-10-30 07:51:03,528 [FATAL] Updater:351 - Updater called before beeing initialized
2025-10-30 07:51:03,532 [INFO] CADModel:165 - CPN selected for project level
2025-10-30 07:51:03,532 [INFO] CADModel:114 - Register for checkConnection events
2025-10-30 07:51:03,532 [FATAL] Updater:351 - Updater called before beeing initialized
2025-10-30 07:51:03,532 [ERROR] CADModel:125 - Updater not yet initialized, retry later 
2025-10-30 07:51:03,538 [FATAL] Updater:351 - Updater called before beeing initialized
2025-10-30 07:51:03,712 [FATAL] Updater:351 - Updater called before beeing initialized
2025-10-30 07:51:03,718 [INFO] DbMcusAds:53 - JSON generation date=Thu Mar 06 17:54:22 MSK 2025 (1741272862204)
2025-10-30 07:51:03,718 [FATAL] Updater:351 - Updater called before beeing initialized
2025-10-30 07:51:03,777 [WARN] DetailPanel:346 - Failed to get advertising image, set to default
2025-10-30 07:51:04,172 [FATAL] Updater:351 - Updater called before beeing initialized
2025-10-30 07:51:04,176 [FATAL] Updater:351 - Updater called before beeing initialized
2025-10-30 07:51:04,176 [FATAL] Updater:351 - Updater called before beeing initialized
2025-10-30 07:51:04,176 [WARN] DetailPanel:346 - Failed to get advertising image, set to default
2025-10-30 07:51:04,177 [FATAL] Updater:351 - Updater called before beeing initialized
2025-10-30 07:51:04,269 [ERROR] Updater:1198 - MainUpdater not yet initialized. External WinMGr cannot be set.
2025-10-30 07:51:04,273 [INFO] Updater:1134 - Updater Version found : 6.14.1
2025-10-30 07:51:04,314 [INFO] ApplicationProperties:184 - Using Application install path: C:\ST\STM32CubeIDE_1.18.1\STM32CubeIDE\plugins\com.st.stm32cube.common.mx_6.14.1.202504091515
2025-10-30 07:51:04,742 [INFO] MainUpdater:2872 - connection check result : 22
2025-10-30 07:51:04,743 [INFO] MainUpdater:289 - Updater Check For Update Now.
2025-10-30 07:51:04,744 [INFO] MicroXplorer:498 - Change Database Version : DB.6.0.141
2025-10-30 07:51:04,762 [INFO] McuFinderGlobals:63 - Set McuFinder mode to 2 (CubeIDE integrated)
2025-10-30 07:51:04,763 [INFO] UserAuth:484 - Internet connection configuration mode: 2
2025-10-30 07:51:04,782 [INFO] UserAuth:484 - Internet connection configuration mode: 2
2025-10-30 07:51:04,997 [WARN] MainUpdater:1193 - Updater busy. Cannot search thirdparties
2025-10-30 07:51:04,998 [INFO] ThirdPartyUpdaterWithRetryManager:96 - Updater plugin is busy. [1/15]
2025-10-30 07:51:05,040 [INFO] CheckServerUpdateThread:120 - End of CheckServer Thread
2025-10-30 07:51:08,351 [WARN] PackLoader:240 - Cannot read IP mode file for STMicroelectronics.FP-SNS-MOTENVWB1.1.4.0
2025-10-30 07:51:08,369 [WARN] PackLoader:240 - Cannot read IP mode file for STMicroelectronics.X-CUBE-SMBUS.2.1.0
2025-10-30 07:51:08,377 [WARN] PackLoader:240 - Cannot read IP mode file for STMicroelectronics.X-CUBE-ST60.1.0.0
2025-10-30 07:51:08,436 [WARN] PackLoader:240 - Cannot read IP mode file for STMicroelectronics.X-CUBE-AZRTOS-F7.1.1.0
2025-10-30 07:51:08,497 [WARN] PackLoader:240 - Cannot read IP mode file for Infineon.AIROC-Wi-Fi-Bluetooth-STM32.1.7.0
2025-10-30 07:51:08,520 [WARN] PackLoader:240 - Cannot read IP mode file for STMicroelectronics.X-CUBE-DISPLAY.3.0.0
2025-10-30 07:51:08,543 [WARN] PackLoader:240 - Cannot read IP mode file for STMicroelectronics.X-CUBE-NFC10.1.0.0
2025-10-30 07:51:08,552 [WARN] PackLoader:240 - Cannot read IP mode file for emotas.I-CUBE-CANOPEN.1.3.0
2025-10-30 07:51:08,557 [WARN] ConditionMgr:438 - getConditionDescription Invalid condition id : Cortex-A Device cause : null
2025-10-30 07:51:08,576 [WARN] ConditionMgr:1044 - genDependencies : Invalid condition id : Cortex-A Device cause : null
2025-10-30 07:51:08,576 [WARN] ConditionMgr:1044 - genDependencies : Invalid condition id : Cortex-A Device cause : null
2025-10-30 07:51:08,577 [WARN] ConditionMgr:1044 - genDependencies : Invalid condition id : Cortex-A Device cause : null
2025-10-30 07:51:08,584 [WARN] PackLoader:240 - Cannot read IP mode file for STMicroelectronics.X-CUBE-AI.10.0.0
2025-10-30 07:51:08,593 [WARN] PackLoader:240 - Cannot read IP mode file for STMicroelectronics.FP-SNS-SMARTAG2.1.2.0
2025-10-30 07:51:08,621 [INFO] LogOutputStream:77 - [STDOUT_REDIRECT] 1 : Invalid condition id : UX_CORESTACK_Condition cause : null
2025-10-30 07:51:08,622 [INFO] LogOutputStream:77 - [STDOUT_REDIRECT] 1 : Invalid condition id : UX_CORESTACK_Condition cause : null
2025-10-30 07:51:08,624 [INFO] LogOutputStream:77 - [STDOUT_REDIRECT] 1 : Invalid condition id : UX_CORESTACK_Condition cause : null
2025-10-30 07:51:08,626 [INFO] LogOutputStream:77 - [STDOUT_REDIRECT] 1 : Invalid condition id : UX_CORESTACK_Condition cause : null
2025-10-30 07:51:08,628 [INFO] LogOutputStream:77 - [STDOUT_REDIRECT] 1 : Invalid condition id : UX_CORESTACK_Condition cause : null
2025-10-30 07:51:08,637 [WARN] PackLoader:240 - Cannot read IP mode file for STMicroelectronics.X-CUBE-AZRTOS-WL.2.0.0
2025-10-30 07:51:08,647 [WARN] PackLoader:240 - Cannot read IP mode file for STMicroelectronics.FP-SNS-MOTENV1.5.0.0
2025-10-30 07:51:08,663 [WARN] PackLoader:240 - Cannot read IP mode file for WES.I-CUBE-Cesium.1.3.0
2025-10-30 07:51:08,673 [WARN] PackLoader:240 - Cannot read IP mode file for STMicroelectronics.X-CUBE-BLE2.3.3.0
2025-10-30 07:51:08,687 [WARN] PackLoader:240 - Cannot read IP mode file for STMicroelectronics.X-CUBE-NFC9.1.0.0
2025-10-30 07:51:08,697 [WARN] PackLoader:240 - Cannot read IP mode file for wolfSSL.I-CUBE-wolfSSL.5.8.0
2025-10-30 07:51:08,703 [WARN] PackLoader:240 - Cannot read IP mode file for wolfSSL.I-CUBE-wolfMQTT.1.19.2
2025-10-30 07:51:08,709 [WARN] PackLoader:240 - Cannot read IP mode file for STMicroelectronics.X-CUBE-AI.10.1.0
2025-10-30 07:51:08,886 [WARN] PackLoader:240 - Cannot read IP mode file for STMicroelectronics.X-CUBE-MEMS1.11.2.0
2025-10-30 07:51:09,340 [WARN] PackLoader:240 - Cannot read IP mode file for STMicroelectronics.X-CUBE-AZRTOS-G0.1.1.0
2025-10-30 07:51:09,353 [WARN] PackLoader:240 - Cannot read IP mode file for STMicroelectronics.X-CUBE-SAFEA1.1.2.2
2025-10-30 07:51:09,362 [WARN] PackLoader:240 - Cannot read IP mode file for STMicroelectronics.X-CUBE-NFC4.3.0.0
2025-10-30 07:51:09,375 [WARN] PackLoader:240 - Cannot read IP mode file for EmbeddedOffice.I-CUBE-FS-RTOS.1.0.1
2025-10-30 07:51:09,383 [WARN] PackLoader:240 - Cannot read IP mode file for STMicroelectronics.X-CUBE-WB05N.2.0.0
2025-10-30 07:51:09,388 [WARN] PackLoader:240 - Cannot read IP mode file for wolfSSL.I-CUBE-wolfTPM.3.8.0
2025-10-30 07:51:09,406 [WARN] PackLoader:240 - Cannot read IP mode file for STMicroelectronics.X-CUBE-TCPP.4.2.0
2025-10-30 07:51:09,416 [WARN] PackLoader:240 - Cannot read IP mode file for RealThread.X-CUBE-RT-Thread_Nano.4.1.1
2025-10-30 07:51:09,425 [WARN] PackLoader:240 - Cannot read IP mode file for STMicroelectronics.FP-ATR-SIGFOX1.3.2.0
2025-10-30 07:51:09,435 [WARN] PackLoader:240 - Cannot read IP mode file for STMicroelectronics.X-CUBE-EEPRMA1.5.1.0
2025-10-30 07:51:09,447 [WARN] PackLoader:240 - Cannot read IP mode file for ITTIA_DB.I-CUBE-ITTIADB.8.9.0
2025-10-30 07:51:09,457 [WARN] PackLoader:240 - Cannot read IP mode file for STMicroelectronics.X-CUBE-ST67W61.1.0.0
2025-10-30 07:51:09,505 [WARN] PackLoader:240 - Cannot read IP mode file for SEGGER.I-CUBE-embOS.1.3.1
2025-10-30 07:51:09,584 [WARN] PackLoader:240 - Cannot read IP mode file for STMicroelectronics.X-CUBE-ALGOBUILD.1.4.0
2025-10-30 07:51:09,648 [WARN] PackLoader:240 - Cannot read IP mode file for STMicroelectronics.X-CUBE-MEMS1.11.3.0
2025-10-30 07:51:09,895 [WARN] PackLoader:240 - Cannot read IP mode file for STMicroelectronics.X-CUBE-PM33A1.1.0.0
2025-10-30 07:51:09,923 [WARN] PackLoader:240 - Cannot read IP mode file for STMicroelectronics.X-CUBE-AZRTOS-F4.1.1.0
2025-10-30 07:51:09,933 [WARN] PackLoader:240 - Cannot read IP mode file for Avnet-IotConnect.X-CUBE-IoTC-DA16k-PMOD.1.0.0
2025-10-30 07:51:09,939 [WARN] PackLoader:240 - Cannot read IP mode file for STMicroelectronics.X-CUBE-ISPU.2.1.0
2025-10-30 07:51:09,966 [WARN] PackLoader:240 - Cannot read IP mode file for STMicroelectronics.X-CUBE-AZRTOS-L5.2.0.0
2025-10-30 07:51:09,979 [WARN] PackLoader:240 - Cannot read IP mode file for STMicroelectronics.X-CUBE-NFC6.3.1.0
2025-10-30 07:51:09,989 [WARN] PackLoader:240 - Cannot read IP mode file for STMicroelectronics.X-CUBE-FREERTOS.1.3.1
2025-10-30 07:51:09,996 [WARN] PackLoader:240 - Cannot read IP mode file for STMicroelectronics.X-CUBE-FREERTOS.1.3.0
2025-10-30 07:51:10,004 [WARN] PackLoader:240 - Cannot read IP mode file for STMicroelectronics.FP-SNS-STAIOTCFT.1.0.0
2025-10-30 07:51:10,031 [WARN] ConditionMgr:438 - getConditionDescription Invalid condition id : LAN8742 Phy interface Condition cause : null
2025-10-30 07:51:10,032 [WARN] PackLoader:240 - Cannot read IP mode file for STMicroelectronics.X-CUBE-AZRTOS-L4.2.0.0
2025-10-30 07:51:10,034 [WARN] ConditionMgr:1044 - genDependencies : Invalid condition id : LAN8742 Phy interface Condition cause : null
2025-10-30 07:51:10,035 [WARN] ConditionMgr:1044 - genDependencies : Invalid condition id : LAN8742 Phy interface Condition cause : null
2025-10-30 07:51:10,036 [WARN] ConditionMgr:1044 - genDependencies : Invalid condition id : LAN8742 Phy interface Condition cause : null
2025-10-30 07:51:10,046 [WARN] PackLoader:240 - Cannot read IP mode file for STMicroelectronics.X-CUBE-SFXS2LP1.4.0.0
2025-10-30 07:51:10,069 [WARN] PackLoader:240 - Cannot read IP mode file for STMicroelectronics.X-CUBE-AZRTOS-H7.3.3.0
2025-10-30 07:51:10,092 [WARN] ConditionMgr:438 - getConditionDescription Invalid condition id : UX DEVICE CLASS RTOS Condition cause : null
2025-10-30 07:51:10,092 [WARN] ConditionMgr:438 - getConditionDescription Invalid condition id : UX DEVICE CLASS RTOS Condition cause : null
2025-10-30 07:51:10,096 [WARN] PackLoader:240 - Cannot read IP mode file for STMicroelectronics.X-CUBE-AZRTOS-WB.2.0.0
2025-10-30 07:51:10,097 [WARN] ConditionMgr:1044 - genDependencies : Invalid condition id : UX DEVICE CLASS RTOS Condition cause : null
2025-10-30 07:51:10,097 [WARN] ConditionMgr:1044 - genDependencies : Invalid condition id : UX DEVICE CLASS RTOS Condition cause : null
2025-10-30 07:51:10,098 [WARN] ConditionMgr:1044 - genDependencies : Invalid condition id : UX DEVICE CLASS RTOS Condition cause : null
2025-10-30 07:51:10,098 [WARN] ConditionMgr:1044 - genDependencies : Invalid condition id : UX DEVICE CLASS RTOS Condition cause : null
2025-10-30 07:51:10,099 [WARN] ConditionMgr:1044 - genDependencies : Invalid condition id : UX DEVICE CLASS RTOS Condition cause : null
2025-10-30 07:51:10,107 [WARN] PackLoader:240 - Cannot read IP mode file for STMicroelectronics.X-CUBE-TOUCHGFX.4.25.0
2025-10-30 07:51:10,118 [WARN] PackLoader:240 - Cannot read IP mode file for STMicroelectronics.FP-SNS-STBOX1.2.0.0
2025-10-30 07:51:10,137 [WARN] PackLoader:240 - Cannot read IP mode file for STMicroelectronics.X-CUBE-SUBG2.5.0.0
2025-10-30 07:51:10,172 [WARN] PackLoader:240 - Cannot read IP mode file for STMicroelectronics.X-CUBE-AZRTOS-H7RS.1.1.0
2025-10-30 07:51:10,179 [WARN] PackLoader:240 - Cannot read IP mode file for Cesanta.I-CUBE-Mongoose.7.13.0
2025-10-30 07:51:10,230 [WARN] PackLoader:240 - Cannot read IP mode file for STMicroelectronics.X-CUBE-AZRTOS-G4.2.0.0
2025-10-30 07:51:10,244 [WARN] PackLoader:240 - Cannot read IP mode file for wolfSSL.I-CUBE-wolfSSH.1.4.20
2025-10-30 07:51:10,259 [WARN] PackLoader:240 - Cannot read IP mode file for STMicroelectronics.X-CUBE-NFC7.2.0.0
2025-10-30 07:51:10,267 [WARN] PackLoader:240 - Cannot read IP mode file for STMicroelectronics.X-CUBE-ALS.1.0.2
2025-10-30 07:51:10,276 [WARN] PackLoader:240 - Cannot read IP mode file for portGmbH.I-Cube-SoM-uGOAL.1.1.0
2025-10-30 07:51:10,295 [WARN] PackLoader:240 - Cannot read IP mode file for STMicroelectronics.X-CUBE-TOF1.3.4.3
2025-10-30 07:51:10,317 [INFO] ThirdParty:978 - Integrity check success = true
2025-10-30 07:51:10,317 [INFO] IntegrityCheckThread:100 - exiting critical section [integrity check]
2025-10-30 07:51:10,317 [INFO] IntegrityCheckThread:103 - End integrity checks thread
2025-10-30 08:21:47,419 [ERROR] ConfigurationRetriever:142 - IOException on connection: sw-center.st.com
2025-10-30 08:21:47,421 [ERROR] ConfigurationRetriever:142 - IOException on connection: sw-center.st.com
2025-10-30 08:21:47,422 [ERROR] ConfigurationRetriever:142 - IOException on connection: sw-center.st.com
2025-10-30 08:21:48,284 [ERROR] ConfigurationRetriever:142 - IOException on connection: sw-center.st.com
2025-10-30 08:21:48,285 [ERROR] ConfigurationRetriever:142 - IOException on connection: sw-center.st.com
2025-10-30 08:21:48,286 [ERROR] ConfigurationRetriever:142 - IOException on connection: sw-center.st.com
2025-10-30 08:22:24,531 [ERROR] ConfigurationRetriever:142 - IOException on connection: sw-center.st.com
2025-10-30 08:22:24,533 [ERROR] ConfigurationRetriever:142 - IOException on connection: sw-center.st.com
2025-10-30 08:22:24,534 [ERROR] ConfigurationRetriever:142 - IOException on connection: sw-center.st.com
2025-10-30 08:22:57,904 [ERROR] ConfigurationRetriever:142 - IOException on connection: sw-center.st.com
2025-10-30 08:22:57,905 [ERROR] ConfigurationRetriever:142 - IOException on connection: sw-center.st.com
2025-10-30 08:22:57,905 [ERROR] ConfigurationRetriever:142 - IOException on connection: sw-center.st.com
2025-10-30 08:24:00,634 [ERROR] ConfigurationRetriever:142 - IOException on connection: sw-center.st.com
2025-10-30 08:24:00,636 [ERROR] ConfigurationRetriever:142 - IOException on connection: sw-center.st.com
2025-10-30 08:24:00,637 [ERROR] ConfigurationRetriever:142 - IOException on connection: sw-center.st.com
2025-10-30 08:24:04,422 [ERROR] ConfigurationRetriever:142 - IOException on connection: sw-center.st.com
2025-10-30 08:24:04,423 [ERROR] ConfigurationRetriever:142 - IOException on connection: sw-center.st.com
2025-10-30 08:24:04,424 [ERROR] ConfigurationRetriever:142 - IOException on connection: sw-center.st.com
2025-10-30 08:24:53,756 [ERROR] ConfigurationRetriever:142 - IOException on connection: sw-center.st.com
2025-10-30 08:24:53,757 [ERROR] ConfigurationRetriever:142 - IOException on connection: sw-center.st.com
2025-10-30 08:24:53,758 [ERROR] ConfigurationRetriever:142 - IOException on connection: sw-center.st.com
2025-10-30 08:25:18,397 [ERROR] ConfigurationRetriever:142 - IOException on connection: sw-center.st.com
2025-10-30 08:25:18,398 [ERROR] ConfigurationRetriever:142 - IOException on connection: sw-center.st.com
2025-10-30 08:25:18,400 [ERROR] ConfigurationRetriever:142 - IOException on connection: sw-center.st.com
2025-10-30 08:26:01,469 [ERROR] ConfigurationRetriever:142 - IOException on connection: sw-center.st.com
2025-10-30 08:26:01,470 [ERROR] ConfigurationRetriever:142 - IOException on connection: sw-center.st.com
2025-10-30 08:26:01,471 [ERROR] ConfigurationRetriever:142 - IOException on connection: sw-center.st.com
2025-10-30 08:28:20,388 [ERROR] ConfigurationRetriever:142 - IOException on connection: sw-center.st.com
2025-10-30 08:28:20,389 [ERROR] ConfigurationRetriever:142 - IOException on connection: sw-center.st.com
2025-10-30 08:28:20,390 [ERROR] ConfigurationRetriever:142 - IOException on connection: sw-center.st.com
2025-10-30 08:29:13,269 [ERROR] ConfigurationRetriever:142 - IOException on connection: sw-center.st.com
2025-10-30 08:29:13,270 [ERROR] ConfigurationRetriever:142 - IOException on connection: sw-center.st.com
2025-10-30 08:29:13,271 [ERROR] ConfigurationRetriever:142 - IOException on connection: sw-center.st.com
2025-10-30 08:29:50,300 [ERROR] ConfigurationRetriever:142 - IOException on connection: sw-center.st.com
2025-10-30 08:29:50,301 [ERROR] ConfigurationRetriever:142 - IOException on connection: sw-center.st.com
2025-10-30 08:29:50,302 [ERROR] ConfigurationRetriever:142 - IOException on connection: sw-center.st.com
2025-10-30 08:30:06,108 [ERROR] ConfigurationRetriever:142 - IOException on connection: sw-center.st.com
2025-10-30 08:30:06,109 [ERROR] ConfigurationRetriever:142 - IOException on connection: sw-center.st.com
2025-10-30 08:30:06,110 [ERROR] ConfigurationRetriever:142 - IOException on connection: sw-center.st.com
2025-10-30 08:30:33,675 [ERROR] ConfigurationRetriever:142 - IOException on connection: sw-center.st.com
2025-10-30 08:30:33,676 [ERROR] ConfigurationRetriever:142 - IOException on connection: sw-center.st.com
2025-10-30 08:30:33,677 [ERROR] ConfigurationRetriever:142 - IOException on connection: sw-center.st.com
2025-10-30 08:30:57,161 [ERROR] ConfigurationRetriever:142 - IOException on connection: sw-center.st.com
2025-10-30 08:30:57,162 [ERROR] ConfigurationRetriever:142 - IOException on connection: sw-center.st.com
2025-10-30 08:30:57,163 [ERROR] ConfigurationRetriever:142 - IOException on connection: sw-center.st.com
2025-10-30 08:31:51,960 [ERROR] ConfigurationRetriever:142 - IOException on connection: sw-center.st.com
2025-10-30 08:31:51,961 [ERROR] ConfigurationRetriever:142 - IOException on connection: sw-center.st.com
2025-10-30 08:31:51,962 [ERROR] ConfigurationRetriever:142 - IOException on connection: sw-center.st.com
2025-10-30 08:33:18,706 [INFO] Activator:176 - 


2025-10-30 08:33:18,710 [INFO] Activator:177 - !SESSION log4j initialized
2025-10-30 08:33:30,561 [INFO] LogOutputStream:77 - [STDOUT_REDIRECT] 
2025-10-30 08:33:31,142 [ERROR] ConfigurationRetriever:142 - IOException on connection: sw-center.st.com
2025-10-30 08:33:31,144 [ERROR] ConfigurationRetriever:142 - IOException on connection: sw-center.st.com
2025-10-30 08:33:31,146 [ERROR] ConfigurationRetriever:142 - IOException on connection: sw-center.st.com
2025-10-30 08:33:32,984 [INFO] ApplicationProperties:184 - Using Application install path: C:\ST\STM32CubeIDE_1.18.1\STM32CubeIDE\plugins\com.st.stm32cube.common.mx_6.14.1.202504091515
2025-10-30 08:33:33,020 [INFO] DbMcusXml:78 - Set database path to: C:\ST\STM32CubeIDE_1.18.1\STM32CubeIDE\plugins\com.st.stm32cube.common.mx_6.14.1.202504091515\\db\/mcu/
2025-10-30 08:33:33,020 [INFO] ApiDb:274 - Set plugin database path to: C:\ST\STM32CubeIDE_1.18.1\STM32CubeIDE\plugins\com.st.stm32cube.common.mx_6.14.1.202504091515\\db\/plugins/boardmanager/
2025-10-30 08:33:33,021 [WARN] ApiDb:259 - Overriding images path with different value:  => C:\ST\STM32CubeIDE_1.18.1\STM32CubeIDE\plugins\com.st.stm32cube.common.mx_6.14.1.202504091515\\db\/plugins/mcufinder/images/
2025-10-30 08:33:33,036 [INFO] ApiDb:250 - Set database path to: C:\Users\User\.stmcufinder\plugins\mcufinder//mcu/
2025-10-30 08:33:33,038 [INFO] DbMcusAds:125 - Set database path to: C:\Users\User\.stmcufinder\plugins\mcufinder//mcu/
2025-10-30 08:33:33,041 [INFO] CrossReferenceDbSqlite:203 - Set database path to: C:\Users\User\.stmcufinder\plugins\mcufinder//mcu/cs/
2025-10-30 08:33:33,257 [INFO] RulesReader:64 - Compatibility file has been processed (302 Rules)
2025-10-30 08:33:33,392 [INFO] DbMcusXml:78 - Set database path to: C:\ST\STM32CubeIDE_1.18.1\STM32CubeIDE\plugins\com.st.stm32cube.common.mx_6.14.1.202504091515\\db\/mcu/
2025-10-30 08:33:33,393 [INFO] ApiDb:274 - Set plugin database path to: C:\ST\STM32CubeIDE_1.18.1\STM32CubeIDE\plugins\com.st.stm32cube.common.mx_6.14.1.202504091515\\db\/plugins/boardmanager/
2025-10-30 08:33:33,393 [INFO] ApiDb:261 - Set plugin images path to: C:\ST\STM32CubeIDE_1.18.1\STM32CubeIDE\plugins\com.st.stm32cube.common.mx_6.14.1.202504091515\\db\/plugins/mcufinder/images/
2025-10-30 08:33:33,393 [WARN] DbFile:41 - Overriding database path with different value: C:\Users\User\.stmcufinder\plugins\mcufinder/ => C:\Users\User\.stmcufinder\plugins\mcufinder
2025-10-30 08:33:33,393 [INFO] ApiDb:250 - Set database path to: C:\Users\User\.stmcufinder\plugins\mcufinder//mcu/
2025-10-30 08:33:33,393 [WARN] DbFile:41 - Overriding database path with different value: C:\Users\User\.stmcufinder\plugins\mcufinder/ => C:\Users\User\.stmcufinder\plugins\mcufinder
2025-10-30 08:33:33,394 [INFO] DbMcusAds:125 - Set database path to: C:\Users\User\.stmcufinder\plugins\mcufinder//mcu/
2025-10-30 08:33:33,394 [WARN] DbFile:41 - Overriding database path with different value: C:\Users\User\.stmcufinder\plugins\mcufinder/ => C:\Users\User\.stmcufinder\plugins\mcufinder
2025-10-30 08:33:33,394 [WARN] DbFile:41 - Overriding database path with different value: C:\Users\User\.stmcufinder\plugins\mcufinder/ => C:\Users\User\.stmcufinder\plugins\mcufinder
2025-10-30 08:33:33,394 [INFO] CrossReferenceDbSqlite:203 - Set database path to: C:\Users\User\.stmcufinder\plugins\mcufinder//mcu/cs/
2025-10-30 08:33:33,541 [INFO] MainPanel:272 - HeapMemory: 268435456
2025-10-30 08:33:33,709 [INFO] DbMcusXml:78 - Set database path to: C:\ST\STM32CubeIDE_1.18.1\STM32CubeIDE\plugins\com.st.stm32cube.common.mx_6.14.1.202504091515\\db\/mcu/
2025-10-30 08:33:33,709 [INFO] ApiDb:274 - Set plugin database path to: C:\ST\STM32CubeIDE_1.18.1\STM32CubeIDE\plugins\com.st.stm32cube.common.mx_6.14.1.202504091515\\db\/plugins/boardmanager/
2025-10-30 08:33:33,709 [INFO] ApiDb:261 - Set plugin images path to: C:\ST\STM32CubeIDE_1.18.1\STM32CubeIDE\plugins\com.st.stm32cube.common.mx_6.14.1.202504091515\\db\/plugins/mcufinder/images/
2025-10-30 08:33:33,710 [WARN] DbFile:41 - Overriding database path with different value: C:\Users\User\.stmcufinder\plugins\mcufinder/ => C:\Users\User\.stmcufinder\plugins\mcufinder
2025-10-30 08:33:33,710 [INFO] ApiDb:250 - Set database path to: C:\Users\User\.stmcufinder\plugins\mcufinder//mcu/
2025-10-30 08:33:33,710 [WARN] DbFile:41 - Overriding database path with different value: C:\Users\User\.stmcufinder\plugins\mcufinder/ => C:\Users\User\.stmcufinder\plugins\mcufinder
2025-10-30 08:33:33,710 [INFO] DbMcusAds:125 - Set database path to: C:\Users\User\.stmcufinder\plugins\mcufinder//mcu/
2025-10-30 08:33:33,711 [WARN] DbFile:41 - Overriding database path with different value: C:\Users\User\.stmcufinder\plugins\mcufinder/ => C:\Users\User\.stmcufinder\plugins\mcufinder
2025-10-30 08:33:33,711 [WARN] DbFile:41 - Overriding database path with different value: C:\Users\User\.stmcufinder\plugins\mcufinder/ => C:\Users\User\.stmcufinder\plugins\mcufinder
2025-10-30 08:33:33,711 [INFO] CrossReferenceDbSqlite:203 - Set database path to: C:\Users\User\.stmcufinder\plugins\mcufinder//mcu/cs/
2025-10-30 08:33:33,740 [INFO] ApplicationProperties:184 - Using Application install path: C:\ST\STM32CubeIDE_1.18.1\STM32CubeIDE\plugins\com.st.stm32cube.common.mx_6.14.1.202504091515
2025-10-30 08:33:33,742 [INFO] PluginManage:196 - Search for loadable plugins [exclusion list=, ]
2025-10-30 08:33:33,744 [INFO] PluginManage:310 - Check plugin analytics
2025-10-30 08:33:34,105 [INFO] AnalyticsPlugin:253 - Accepted Software Licenses: STM32CubeMX.6.14.0,STM32CubeMX.6.14.1
2025-10-30 08:33:34,106 [INFO] AnalyticsPlugin:255 - Accepted CMSIS Pack Licenses: 
2025-10-30 08:33:34,107 [INFO] AnalyticsPlugin:257 - Accepted Firmware Licenses: 
2025-10-30 08:33:34,113 [ERROR] ConfigurationRetriever:142 - IOException on connection: sw-center.st.com
2025-10-30 08:33:34,114 [ERROR] ConfigurationRetriever:142 - IOException on connection: sw-center.st.com
2025-10-30 08:33:34,116 [ERROR] ConfigurationRetriever:142 - IOException on connection: sw-center.st.com
2025-10-30 08:33:34,114 [INFO] PluginManage:359 - Loaded plugin analytics (category:tool,tabindex:-1)
2025-10-30 08:33:34,120 [INFO] PluginManage:310 - Check plugin cadmodel
2025-10-30 08:33:34,129 [INFO] CADModel:105 - Init CAD model plugin
2025-10-30 08:33:34,129 [INFO] PluginManage:359 - Loaded plugin cadmodel (category:power,tabindex:5)
2025-10-30 08:33:34,130 [INFO] PluginManage:310 - Check plugin clock
2025-10-30 08:33:34,148 [INFO] PluginManage:359 - Loaded plugin clock (category:base,tabindex:2)
2025-10-30 08:33:34,149 [INFO] PluginManage:310 - Check plugin ddr
2025-10-30 08:33:34,153 [INFO] PluginManage:359 - Loaded plugin ddr (category:tool,tabindex:6)
2025-10-30 08:33:34,153 [INFO] PluginManage:310 - Check plugin filemanager
2025-10-30 08:33:34,495 [INFO] PluginManage:359 - Loaded plugin filemanager (category:base,tabindex:10)
2025-10-30 08:33:34,495 [INFO] PluginManage:310 - Check plugin ipmanager
2025-10-30 08:33:34,505 [INFO] PluginManage:359 - Loaded plugin ipmanager (category:base,tabindex:5)
2025-10-30 08:33:34,505 [INFO] PluginManage:310 - Check plugin lpbam
2025-10-30 08:33:34,520 [INFO] PluginManage:359 - Loaded plugin lpbam (category:base,tabindex:0)
2025-10-30 08:33:34,520 [INFO] PluginManage:310 - Check plugin memorymap
2025-10-30 08:33:34,548 [INFO] PluginManage:359 - Loaded plugin memorymap (category:base,tabindex:4)
2025-10-30 08:33:34,548 [INFO] PluginManage:310 - Check plugin pinoutandconfiguration
2025-10-30 08:33:34,569 [INFO] PluginManage:359 - Loaded plugin pinoutandconfiguration (category:base,tabindex:1)
2025-10-30 08:33:34,569 [INFO] PluginManage:310 - Check plugin pinoutconfig
2025-10-30 08:33:34,720 [WARN] SupportedApi:132 - Cannot load RTOS API schema: s4s-elt-must-match.1: The content of 'definitions' must match (annotation?, (simpleType | complexType)?, (unique | key | keyref)*)). A problem was found starting at: attribute.
2025-10-30 08:33:34,940 [INFO] PluginManage:359 - Loaded plugin pinoutconfig (category:base,tabindex:0)
2025-10-30 08:33:34,940 [INFO] PluginManage:310 - Check plugin power
2025-10-30 08:33:34,960 [INFO] PluginManage:359 - Loaded plugin power (category:power,tabindex:4)
2025-10-30 08:33:34,960 [INFO] PluginManage:310 - Check plugin projectmanager
2025-10-30 08:33:34,987 [INFO] PluginManage:359 - Loaded plugin projectmanager (category:projectmanager,tabindex:4)
2025-10-30 08:33:34,987 [INFO] PluginManage:310 - Check plugin rif
2025-10-30 08:33:35,001 [INFO] PluginManage:359 - Loaded plugin rif (category:base,tabindex:3)
2025-10-30 08:33:35,001 [INFO] PluginManage:310 - Check plugin thirdparty
2025-10-30 08:33:35,229 [INFO] PluginManage:359 - Loaded plugin thirdparty (category:base,tabindex:-1)
2025-10-30 08:33:35,229 [INFO] PluginManage:310 - Check plugin tools
2025-10-30 08:33:35,230 [WARN] IntegrityCheckThread:84 - waiting for thirdparty lock release [integrity check]
2025-10-30 08:33:35,231 [INFO] IntegrityCheckThread:86 - entering critical section [integrity check]
2025-10-30 08:33:35,231 [INFO] ThirdPartyUpdaterWithRetryManager:70 - Updater plugin not ready yet. [1/15]
2025-10-30 08:33:35,234 [INFO] PluginManage:359 - Loaded plugin tools (category:base,tabindex:7)
2025-10-30 08:33:35,235 [INFO] PluginManage:310 - Check plugin tutovideos
2025-10-30 08:33:35,556 [INFO] PluginManage:359 - Loaded plugin tutovideos (category:base,tabindex:-1)
2025-10-30 08:33:35,556 [INFO] PluginManage:310 - Check plugin updater
2025-10-30 08:33:35,605 [INFO] PluginManage:359 - Loaded plugin updater (category:base,tabindex:12)
2025-10-30 08:33:35,606 [INFO] PluginManage:310 - Check plugin userauth
2025-10-30 08:33:35,613 [INFO] UserAuth:118 - Init User Auth plugin
2025-10-30 08:33:35,616 [INFO] PluginManage:359 - Loaded plugin userauth (category:base,tabindex:14)
2025-10-30 08:33:35,617 [INFO] PluginManage:283 - PluginManage : Loaded plugins [18]
2025-10-30 08:33:36,020 [INFO] PinOutPanel:1589 - setPackage(No Configuration,No Configuration)
2025-10-30 08:33:36,187 [INFO] CADModel:165 - CPN selected for project level
2025-10-30 08:33:36,187 [INFO] CADModel:114 - Register for checkConnection events
2025-10-30 08:33:36,214 [INFO] IPUIPlugin:80 - create IPUIPlugin
2025-10-30 08:33:36,214 [INFO] PluginManager:220 - loadIPPluginJar : add adc
2025-10-30 08:33:36,218 [INFO] IPUIPlugin:80 - create IPUIPlugin
2025-10-30 08:33:36,218 [INFO] PluginManager:220 - loadIPPluginJar : add aes
2025-10-30 08:33:36,222 [INFO] IPUIPlugin:80 - create IPUIPlugin
2025-10-30 08:33:36,222 [INFO] PluginManager:220 - loadIPPluginJar : add can
2025-10-30 08:33:36,225 [INFO] IPUIPlugin:80 - create IPUIPlugin
2025-10-30 08:33:36,225 [INFO] PluginManager:220 - loadIPPluginJar : add comp
2025-10-30 08:33:36,228 [INFO] IPUIPlugin:80 - create IPUIPlugin
2025-10-30 08:33:36,228 [INFO] PluginManager:220 - loadIPPluginJar : add cryp
2025-10-30 08:33:36,234 [INFO] IPUIPlugin:80 - create IPUIPlugin
2025-10-30 08:33:36,234 [INFO] PluginManager:220 - loadIPPluginJar : add ddr_ctrl_phy
2025-10-30 08:33:36,237 [INFO] IPUIPlugin:80 - create IPUIPlugin
2025-10-30 08:33:36,239 [INFO] PluginManager:220 - loadIPPluginJar : add dfsdm
2025-10-30 08:33:36,246 [INFO] IPUIPlugin:80 - create IPUIPlugin
2025-10-30 08:33:36,247 [INFO] PluginManager:220 - loadIPPluginJar : add dma
2025-10-30 08:33:36,251 [INFO] IPUIPlugin:80 - create IPUIPlugin
2025-10-30 08:33:36,252 [INFO] PluginManager:220 - loadIPPluginJar : add dma3
2025-10-30 08:33:36,256 [INFO] IPUIPlugin:80 - create IPUIPlugin
2025-10-30 08:33:36,256 [INFO] PluginManager:220 - loadIPPluginJar : add extmemmanager
2025-10-30 08:33:36,259 [INFO] IPUIPlugin:80 - create IPUIPlugin
2025-10-30 08:33:36,259 [INFO] PluginManager:220 - loadIPPluginJar : add fatfs
2025-10-30 08:33:36,265 [INFO] IPUIPlugin:80 - create IPUIPlugin
2025-10-30 08:33:36,266 [INFO] PluginManager:220 - loadIPPluginJar : add fmc
2025-10-30 08:33:36,274 [INFO] IPUIPlugin:80 - create IPUIPlugin
2025-10-30 08:33:36,274 [INFO] PluginManager:220 - loadIPPluginJar : add freertos
2025-10-30 08:33:36,277 [INFO] IPUIPlugin:80 - create IPUIPlugin
2025-10-30 08:33:36,277 [INFO] PluginManager:220 - loadIPPluginJar : add genericplugin
2025-10-30 08:33:36,280 [INFO] IPUIPlugin:80 - create IPUIPlugin
2025-10-30 08:33:36,280 [INFO] PluginManager:220 - loadIPPluginJar : add gfxmmu
2025-10-30 08:33:36,288 [INFO] IPUIPlugin:80 - create IPUIPlugin
2025-10-30 08:33:36,288 [INFO] PluginManager:220 - loadIPPluginJar : add gic
2025-10-30 08:33:36,295 [INFO] IPUIPlugin:80 - create IPUIPlugin
2025-10-30 08:33:36,295 [INFO] PluginManager:220 - loadIPPluginJar : add gpio
2025-10-30 08:33:36,300 [INFO] IPUIPlugin:80 - create IPUIPlugin
2025-10-30 08:33:36,300 [INFO] PluginManager:220 - loadIPPluginJar : add gtzc
2025-10-30 08:33:36,304 [INFO] IPUIPlugin:80 - create IPUIPlugin
2025-10-30 08:33:36,305 [INFO] PluginManager:220 - loadIPPluginJar : add hash
2025-10-30 08:33:36,311 [INFO] IPUIPlugin:80 - create IPUIPlugin
2025-10-30 08:33:36,311 [INFO] PluginManager:220 - loadIPPluginJar : add i2c
2025-10-30 08:33:36,316 [INFO] IPUIPlugin:80 - create IPUIPlugin
2025-10-30 08:33:36,316 [INFO] PluginManager:220 - loadIPPluginJar : add i2s
2025-10-30 08:33:36,320 [INFO] IPUIPlugin:80 - create IPUIPlugin
2025-10-30 08:33:36,320 [INFO] PluginManager:220 - loadIPPluginJar : add i3c
2025-10-30 08:33:36,326 [INFO] IPUIPlugin:80 - create IPUIPlugin
2025-10-30 08:33:36,326 [INFO] PluginManager:220 - loadIPPluginJar : add ipddr
2025-10-30 08:33:36,338 [INFO] IPUIPlugin:80 - create IPUIPlugin
2025-10-30 08:33:36,339 [INFO] PluginManager:220 - loadIPPluginJar : add linkedlist
2025-10-30 08:33:36,345 [INFO] IPUIPlugin:80 - create IPUIPlugin
2025-10-30 08:33:36,346 [INFO] PluginManager:220 - loadIPPluginJar : add lorawan
2025-10-30 08:33:36,349 [INFO] IPUIPlugin:80 - create IPUIPlugin
2025-10-30 08:33:36,350 [INFO] PluginManager:220 - loadIPPluginJar : add ltdc
2025-10-30 08:33:36,360 [INFO] IPUIPlugin:80 - create IPUIPlugin
2025-10-30 08:33:36,360 [INFO] PluginManager:220 - loadIPPluginJar : add mdma
2025-10-30 08:33:36,365 [INFO] IPUIPlugin:80 - create IPUIPlugin
2025-10-30 08:33:36,365 [INFO] PluginManager:220 - loadIPPluginJar : add nvic
2025-10-30 08:33:36,371 [INFO] IPUIPlugin:80 - create IPUIPlugin
2025-10-30 08:33:36,371 [INFO] PluginManager:220 - loadIPPluginJar : add opamp
2025-10-30 08:33:36,377 [INFO] IPUIPlugin:80 - create IPUIPlugin
2025-10-30 08:33:36,377 [INFO] PluginManager:220 - loadIPPluginJar : add openamp
2025-10-30 08:33:36,383 [INFO] IPUIPlugin:80 - create IPUIPlugin
2025-10-30 08:33:36,383 [INFO] PluginManager:220 - loadIPPluginJar : add pdm2pcm
2025-10-30 08:33:36,391 [INFO] IPUIPlugin:80 - create IPUIPlugin
2025-10-30 08:33:36,394 [INFO] PluginManager:220 - loadIPPluginJar : add plateformsettings
2025-10-30 08:33:36,397 [INFO] IPUIPlugin:80 - create IPUIPlugin
2025-10-30 08:33:36,397 [INFO] PluginManager:220 - loadIPPluginJar : add quadspi
2025-10-30 08:33:36,400 [INFO] IPUIPlugin:80 - create IPUIPlugin
2025-10-30 08:33:36,401 [INFO] PluginManager:220 - loadIPPluginJar : add radio
2025-10-30 08:33:36,408 [INFO] IPUIPlugin:80 - create IPUIPlugin
2025-10-30 08:33:36,408 [INFO] PluginManager:220 - loadIPPluginJar : add resmgrutility
2025-10-30 08:33:36,413 [INFO] IPUIPlugin:80 - create IPUIPlugin
2025-10-30 08:33:36,413 [INFO] PluginManager:220 - loadIPPluginJar : add sai
2025-10-30 08:33:36,416 [INFO] IPUIPlugin:80 - create IPUIPlugin
2025-10-30 08:33:36,416 [INFO] PluginManager:220 - loadIPPluginJar : add spi
2025-10-30 08:33:36,425 [INFO] IPUIPlugin:80 - create IPUIPlugin
2025-10-30 08:33:36,425 [INFO] PluginManager:220 - loadIPPluginJar : add stm32_wpan
2025-10-30 08:33:36,428 [INFO] IPUIPlugin:80 - create IPUIPlugin
2025-10-30 08:33:36,429 [INFO] PluginManager:220 - loadIPPluginJar : add tim
2025-10-30 08:33:36,432 [INFO] IPUIPlugin:80 - create IPUIPlugin
2025-10-30 08:33:36,433 [INFO] PluginManager:220 - loadIPPluginJar : add touchsensing
2025-10-30 08:33:36,436 [INFO] IPUIPlugin:80 - create IPUIPlugin
2025-10-30 08:33:36,437 [INFO] PluginManager:220 - loadIPPluginJar : add tracer_emb
2025-10-30 08:33:36,440 [INFO] IPUIPlugin:80 - create IPUIPlugin
2025-10-30 08:33:36,440 [INFO] PluginManager:220 - loadIPPluginJar : add ts
2025-10-30 08:33:36,443 [INFO] IPUIPlugin:80 - create IPUIPlugin
2025-10-30 08:33:36,443 [INFO] PluginManager:220 - loadIPPluginJar : add tsc
2025-10-30 08:33:36,446 [INFO] IPUIPlugin:80 - create IPUIPlugin
2025-10-30 08:33:36,446 [INFO] PluginManager:220 - loadIPPluginJar : add ucpd
2025-10-30 08:33:36,451 [INFO] IPUIPlugin:80 - create IPUIPlugin
2025-10-30 08:33:36,451 [INFO] PluginManager:220 - loadIPPluginJar : add usart
2025-10-30 08:33:36,456 [INFO] IPUIPlugin:80 - create IPUIPlugin
2025-10-30 08:33:36,456 [INFO] PluginManager:220 - loadIPPluginJar : add usbx
2025-10-30 08:33:36,617 [FATAL] Updater:351 - Updater called before beeing initialized
2025-10-30 08:33:36,667 [INFO] RulesReader:64 - Compatibility file has been processed (302 Rules)
2025-10-30 08:33:36,692 [INFO] RulesReader:64 - Compatibility file has been processed (302 Rules)
2025-10-30 08:33:36,704 [INFO] CADModel:165 - CPN selected for project level
2025-10-30 08:33:36,705 [INFO] CADModel:114 - Register for checkConnection events
2025-10-30 08:33:36,705 [FATAL] Updater:351 - Updater called before beeing initialized
2025-10-30 08:33:36,705 [ERROR] CADModel:125 - Updater not yet initialized, retry later 
2025-10-30 08:33:36,963 [FATAL] Updater:351 - Updater called before beeing initialized
2025-10-30 08:33:36,968 [INFO] CADModel:165 - CPN selected for project level
2025-10-30 08:33:36,968 [INFO] CADModel:114 - Register for checkConnection events
2025-10-30 08:33:36,969 [FATAL] Updater:351 - Updater called before beeing initialized
2025-10-30 08:33:36,969 [ERROR] CADModel:125 - Updater not yet initialized, retry later 
2025-10-30 08:33:36,975 [FATAL] Updater:351 - Updater called before beeing initialized
2025-10-30 08:33:37,170 [FATAL] Updater:351 - Updater called before beeing initialized
2025-10-30 08:33:37,177 [INFO] DbMcusAds:53 - JSON generation date=Thu Mar 06 17:54:22 MSK 2025 (1741272862204)
2025-10-30 08:33:37,177 [FATAL] Updater:351 - Updater called before beeing initialized
2025-10-30 08:33:37,260 [WARN] DetailPanel:346 - Failed to get advertising image, set to default
2025-10-30 08:33:37,650 [FATAL] Updater:351 - Updater called before beeing initialized
2025-10-30 08:33:37,654 [FATAL] Updater:351 - Updater called before beeing initialized
2025-10-30 08:33:37,655 [FATAL] Updater:351 - Updater called before beeing initialized
2025-10-30 08:33:37,655 [WARN] DetailPanel:346 - Failed to get advertising image, set to default
2025-10-30 08:33:37,656 [FATAL] Updater:351 - Updater called before beeing initialized
2025-10-30 08:33:37,740 [ERROR] Updater:1198 - MainUpdater not yet initialized. External WinMGr cannot be set.
2025-10-30 08:33:37,742 [INFO] Updater:1134 - Updater Version found : 6.14.1
2025-10-30 08:33:37,775 [INFO] ApplicationProperties:184 - Using Application install path: C:\ST\STM32CubeIDE_1.18.1\STM32CubeIDE\plugins\com.st.stm32cube.common.mx_6.14.1.202504091515
2025-10-30 08:33:38,201 [INFO] MainUpdater:2872 - connection check result : 22
2025-10-30 08:33:38,202 [INFO] MainUpdater:289 - Updater Check For Update Now.
2025-10-30 08:33:38,202 [INFO] MicroXplorer:498 - Change Database Version : DB.6.0.141
2025-10-30 08:33:38,220 [INFO] McuFinderGlobals:63 - Set McuFinder mode to 2 (CubeIDE integrated)
2025-10-30 08:33:38,223 [INFO] UserAuth:484 - Internet connection configuration mode: 2
2025-10-30 08:33:38,237 [WARN] MainUpdater:1193 - Updater busy. Cannot search thirdparties
2025-10-30 08:33:38,237 [INFO] ThirdPartyUpdaterWithRetryManager:96 - Updater plugin is busy. [1/15]
2025-10-30 08:33:38,237 [INFO] UserAuth:484 - Internet connection configuration mode: 2
2025-10-30 08:33:38,619 [INFO] CheckServerUpdateThread:120 - End of CheckServer Thread
2025-10-30 08:33:41,715 [WARN] PackLoader:240 - Cannot read IP mode file for STMicroelectronics.FP-SNS-MOTENVWB1.1.4.0
2025-10-30 08:33:41,735 [WARN] PackLoader:240 - Cannot read IP mode file for STMicroelectronics.X-CUBE-SMBUS.2.1.0
2025-10-30 08:33:41,744 [WARN] PackLoader:240 - Cannot read IP mode file for STMicroelectronics.X-CUBE-ST60.1.0.0
2025-10-30 08:33:41,813 [WARN] PackLoader:240 - Cannot read IP mode file for STMicroelectronics.X-CUBE-AZRTOS-F7.1.1.0
2025-10-30 08:33:41,874 [WARN] PackLoader:240 - Cannot read IP mode file for Infineon.AIROC-Wi-Fi-Bluetooth-STM32.1.7.0
2025-10-30 08:33:41,920 [WARN] PackLoader:240 - Cannot read IP mode file for STMicroelectronics.X-CUBE-DISPLAY.3.0.0
2025-10-30 08:33:41,944 [WARN] PackLoader:240 - Cannot read IP mode file for STMicroelectronics.X-CUBE-NFC10.1.0.0
2025-10-30 08:33:41,956 [WARN] PackLoader:240 - Cannot read IP mode file for emotas.I-CUBE-CANOPEN.1.3.0
2025-10-30 08:33:41,963 [WARN] ConditionMgr:438 - getConditionDescription Invalid condition id : Cortex-A Device cause : null
2025-10-30 08:33:41,982 [WARN] ConditionMgr:1044 - genDependencies : Invalid condition id : Cortex-A Device cause : null
2025-10-30 08:33:41,983 [WARN] ConditionMgr:1044 - genDependencies : Invalid condition id : Cortex-A Device cause : null
2025-10-30 08:33:41,983 [WARN] ConditionMgr:1044 - genDependencies : Invalid condition id : Cortex-A Device cause : null
2025-10-30 08:33:41,991 [WARN] PackLoader:240 - Cannot read IP mode file for STMicroelectronics.X-CUBE-AI.10.0.0
2025-10-30 08:33:41,999 [WARN] PackLoader:240 - Cannot read IP mode file for STMicroelectronics.FP-SNS-SMARTAG2.1.2.0
2025-10-30 08:33:42,023 [INFO] LogOutputStream:77 - [STDOUT_REDIRECT] 1 : Invalid condition id : UX_CORESTACK_Condition cause : null
2025-10-30 08:33:42,026 [INFO] LogOutputStream:77 - [STDOUT_REDIRECT] 1 : Invalid condition id : UX_CORESTACK_Condition cause : null
2025-10-30 08:33:42,029 [INFO] LogOutputStream:77 - [STDOUT_REDIRECT] 1 : Invalid condition id : UX_CORESTACK_Condition cause : null
2025-10-30 08:33:42,031 [INFO] LogOutputStream:77 - [STDOUT_REDIRECT] 1 : Invalid condition id : UX_CORESTACK_Condition cause : null
2025-10-30 08:33:42,033 [INFO] LogOutputStream:77 - [STDOUT_REDIRECT] 1 : Invalid condition id : UX_CORESTACK_Condition cause : null
2025-10-30 08:33:42,039 [WARN] PackLoader:240 - Cannot read IP mode file for STMicroelectronics.X-CUBE-AZRTOS-WL.2.0.0
2025-10-30 08:33:42,050 [WARN] PackLoader:240 - Cannot read IP mode file for STMicroelectronics.FP-SNS-MOTENV1.5.0.0
2025-10-30 08:33:42,065 [WARN] PackLoader:240 - Cannot read IP mode file for WES.I-CUBE-Cesium.1.3.0
2025-10-30 08:33:42,076 [WARN] PackLoader:240 - Cannot read IP mode file for STMicroelectronics.X-CUBE-BLE2.3.3.0
2025-10-30 08:33:42,090 [WARN] PackLoader:240 - Cannot read IP mode file for STMicroelectronics.X-CUBE-NFC9.1.0.0
2025-10-30 08:33:42,102 [WARN] PackLoader:240 - Cannot read IP mode file for wolfSSL.I-CUBE-wolfSSL.5.8.0
2025-10-30 08:33:42,109 [WARN] PackLoader:240 - Cannot read IP mode file for wolfSSL.I-CUBE-wolfMQTT.1.19.2
2025-10-30 08:33:42,114 [WARN] PackLoader:240 - Cannot read IP mode file for STMicroelectronics.X-CUBE-AI.10.1.0
2025-10-30 08:33:42,221 [WARN] PackLoader:240 - Cannot read IP mode file for STMicroelectronics.X-CUBE-MEMS1.11.2.0
2025-10-30 08:33:42,828 [WARN] PackLoader:240 - Cannot read IP mode file for STMicroelectronics.X-CUBE-AZRTOS-G0.1.1.0
2025-10-30 08:33:42,841 [WARN] PackLoader:240 - Cannot read IP mode file for STMicroelectronics.X-CUBE-SAFEA1.1.2.2
2025-10-30 08:33:42,852 [WARN] PackLoader:240 - Cannot read IP mode file for STMicroelectronics.X-CUBE-NFC4.3.0.0
2025-10-30 08:33:42,871 [WARN] PackLoader:240 - Cannot read IP mode file for EmbeddedOffice.I-CUBE-FS-RTOS.1.0.1
2025-10-30 08:33:42,892 [WARN] PackLoader:240 - Cannot read IP mode file for STMicroelectronics.X-CUBE-WB05N.2.0.0
2025-10-30 08:33:42,900 [WARN] PackLoader:240 - Cannot read IP mode file for wolfSSL.I-CUBE-wolfTPM.3.8.0
2025-10-30 08:33:42,910 [WARN] PackLoader:240 - Cannot read IP mode file for STMicroelectronics.X-CUBE-TCPP.4.2.0
2025-10-30 08:33:42,920 [WARN] PackLoader:240 - Cannot read IP mode file for RealThread.X-CUBE-RT-Thread_Nano.4.1.1
2025-10-30 08:33:42,928 [WARN] PackLoader:240 - Cannot read IP mode file for STMicroelectronics.FP-ATR-SIGFOX1.3.2.0
2025-10-30 08:33:42,939 [WARN] PackLoader:240 - Cannot read IP mode file for STMicroelectronics.X-CUBE-EEPRMA1.5.1.0
2025-10-30 08:33:42,956 [WARN] PackLoader:240 - Cannot read IP mode file for ITTIA_DB.I-CUBE-ITTIADB.8.9.0
2025-10-30 08:33:42,966 [WARN] PackLoader:240 - Cannot read IP mode file for STMicroelectronics.X-CUBE-ST67W61.1.0.0
2025-10-30 08:33:43,023 [WARN] PackLoader:240 - Cannot read IP mode file for SEGGER.I-CUBE-embOS.1.3.1
2025-10-30 08:33:43,121 [WARN] PackLoader:240 - Cannot read IP mode file for STMicroelectronics.X-CUBE-ALGOBUILD.1.4.0
2025-10-30 08:33:43,223 [WARN] PackLoader:240 - Cannot read IP mode file for STMicroelectronics.X-CUBE-MEMS1.11.3.0
2025-10-30 08:33:43,460 [WARN] PackLoader:240 - Cannot read IP mode file for STMicroelectronics.X-CUBE-PM33A1.1.0.0
2025-10-30 08:33:43,509 [WARN] PackLoader:240 - Cannot read IP mode file for STMicroelectronics.X-CUBE-AZRTOS-F4.1.1.0
2025-10-30 08:33:43,519 [WARN] PackLoader:240 - Cannot read IP mode file for Avnet-IotConnect.X-CUBE-IoTC-DA16k-PMOD.1.0.0
2025-10-30 08:33:43,525 [WARN] PackLoader:240 - Cannot read IP mode file for STMicroelectronics.X-CUBE-ISPU.2.1.0
2025-10-30 08:33:43,532 [ERROR] ConfigurationRetriever:142 - IOException on connection: sw-center.st.com
2025-10-30 08:33:43,534 [ERROR] ConfigurationRetriever:142 - IOException on connection: sw-center.st.com
2025-10-30 08:33:43,534 [ERROR] ConfigurationRetriever:142 - IOException on connection: sw-center.st.com
2025-10-30 08:33:43,615 [WARN] PackLoader:240 - Cannot read IP mode file for STMicroelectronics.X-CUBE-AZRTOS-L5.2.0.0
2025-10-30 08:33:43,631 [WARN] PackLoader:240 - Cannot read IP mode file for STMicroelectronics.X-CUBE-NFC6.3.1.0
2025-10-30 08:33:43,643 [WARN] PackLoader:240 - Cannot read IP mode file for STMicroelectronics.X-CUBE-FREERTOS.1.3.1
2025-10-30 08:33:43,651 [WARN] PackLoader:240 - Cannot read IP mode file for STMicroelectronics.X-CUBE-FREERTOS.1.3.0
2025-10-30 08:33:43,660 [WARN] PackLoader:240 - Cannot read IP mode file for STMicroelectronics.FP-SNS-STAIOTCFT.1.0.0
2025-10-30 08:33:43,691 [WARN] ConditionMgr:438 - getConditionDescription Invalid condition id : LAN8742 Phy interface Condition cause : null
2025-10-30 08:33:43,692 [WARN] PackLoader:240 - Cannot read IP mode file for STMicroelectronics.X-CUBE-AZRTOS-L4.2.0.0
2025-10-30 08:33:43,711 [WARN] ConditionMgr:1044 - genDependencies : Invalid condition id : LAN8742 Phy interface Condition cause : null
2025-10-30 08:33:43,711 [WARN] ConditionMgr:1044 - genDependencies : Invalid condition id : LAN8742 Phy interface Condition cause : null
2025-10-30 08:33:43,712 [WARN] ConditionMgr:1044 - genDependencies : Invalid condition id : LAN8742 Phy interface Condition cause : null
2025-10-30 08:33:43,727 [WARN] PackLoader:240 - Cannot read IP mode file for STMicroelectronics.X-CUBE-SFXS2LP1.4.0.0
2025-10-30 08:33:43,764 [WARN] PackLoader:240 - Cannot read IP mode file for STMicroelectronics.X-CUBE-AZRTOS-H7.3.3.0
2025-10-30 08:33:43,791 [WARN] ConditionMgr:438 - getConditionDescription Invalid condition id : UX DEVICE CLASS RTOS Condition cause : null
2025-10-30 08:33:43,791 [WARN] ConditionMgr:438 - getConditionDescription Invalid condition id : UX DEVICE CLASS RTOS Condition cause : null
2025-10-30 08:33:43,795 [WARN] PackLoader:240 - Cannot read IP mode file for STMicroelectronics.X-CUBE-AZRTOS-WB.2.0.0
2025-10-30 08:33:43,797 [WARN] ConditionMgr:1044 - genDependencies : Invalid condition id : UX DEVICE CLASS RTOS Condition cause : null
2025-10-30 08:33:43,798 [WARN] ConditionMgr:1044 - genDependencies : Invalid condition id : UX DEVICE CLASS RTOS Condition cause : null
2025-10-30 08:33:43,799 [WARN] ConditionMgr:1044 - genDependencies : Invalid condition id : UX DEVICE CLASS RTOS Condition cause : null
2025-10-30 08:33:43,799 [WARN] ConditionMgr:1044 - genDependencies : Invalid condition id : UX DEVICE CLASS RTOS Condition cause : null
2025-10-30 08:33:43,799 [WARN] ConditionMgr:1044 - genDependencies : Invalid condition id : UX DEVICE CLASS RTOS Condition cause : null
2025-10-30 08:33:43,807 [WARN] PackLoader:240 - Cannot read IP mode file for STMicroelectronics.X-CUBE-TOUCHGFX.4.25.0
2025-10-30 08:33:43,832 [WARN] PackLoader:240 - Cannot read IP mode file for STMicroelectronics.FP-SNS-STBOX1.2.0.0
2025-10-30 08:33:43,852 [WARN] PackLoader:240 - Cannot read IP mode file for STMicroelectronics.X-CUBE-SUBG2.5.0.0
2025-10-30 08:33:43,892 [WARN] PackLoader:240 - Cannot read IP mode file for STMicroelectronics.X-CUBE-AZRTOS-H7RS.1.1.0
2025-10-30 08:33:43,904 [WARN] PackLoader:240 - Cannot read IP mode file for Cesanta.I-CUBE-Mongoose.7.13.0
2025-10-30 08:33:43,928 [WARN] PackLoader:240 - Cannot read IP mode file for STMicroelectronics.X-CUBE-AZRTOS-G4.2.0.0
2025-10-30 08:33:43,940 [WARN] PackLoader:240 - Cannot read IP mode file for wolfSSL.I-CUBE-wolfSSH.1.4.20
2025-10-30 08:33:43,953 [WARN] PackLoader:240 - Cannot read IP mode file for STMicroelectronics.X-CUBE-NFC7.2.0.0
2025-10-30 08:33:43,960 [WARN] PackLoader:240 - Cannot read IP mode file for STMicroelectronics.X-CUBE-ALS.1.0.2
2025-10-30 08:33:43,971 [WARN] PackLoader:240 - Cannot read IP mode file for portGmbH.I-Cube-SoM-uGOAL.1.1.0
2025-10-30 08:33:43,989 [WARN] PackLoader:240 - Cannot read IP mode file for STMicroelectronics.X-CUBE-TOF1.3.4.3
2025-10-30 08:33:44,009 [INFO] ThirdParty:978 - Integrity check success = true
2025-10-30 08:33:44,009 [INFO] IntegrityCheckThread:100 - exiting critical section [integrity check]
2025-10-30 08:33:44,010 [INFO] IntegrityCheckThread:103 - End integrity checks thread
2025-10-30 08:35:26,952 [ERROR] ConfigurationRetriever:142 - IOException on connection: sw-center.st.com
2025-10-30 08:35:26,953 [ERROR] ConfigurationRetriever:142 - IOException on connection: sw-center.st.com
2025-10-30 08:35:26,954 [ERROR] ConfigurationRetriever:142 - IOException on connection: sw-center.st.com
2025-10-30 08:36:36,930 [ERROR] ConfigurationRetriever:142 - IOException on connection: sw-center.st.com
2025-10-30 08:36:36,931 [ERROR] ConfigurationRetriever:142 - IOException on connection: sw-center.st.com
2025-10-30 08:36:36,932 [ERROR] ConfigurationRetriever:142 - IOException on connection: sw-center.st.com
2025-10-30 08:36:37,165 [ERROR] ConfigurationRetriever:142 - IOException on connection: sw-center.st.com
2025-10-30 08:36:37,166 [ERROR] ConfigurationRetriever:142 - IOException on connection: sw-center.st.com
2025-10-30 08:36:37,167 [ERROR] ConfigurationRetriever:142 - IOException on connection: sw-center.st.com
2025-10-30 08:37:02,931 [ERROR] ConfigurationRetriever:142 - IOException on connection: sw-center.st.com
2025-10-30 08:37:02,932 [ERROR] ConfigurationRetriever:142 - IOException on connection: sw-center.st.com
2025-10-30 08:37:02,932 [ERROR] ConfigurationRetriever:142 - IOException on connection: sw-center.st.com
2025-10-30 08:37:34,088 [ERROR] ConfigurationRetriever:142 - IOException on connection: sw-center.st.com
2025-10-30 08:37:34,090 [ERROR] ConfigurationRetriever:142 - IOException on connection: sw-center.st.com
2025-10-30 08:37:34,092 [ERROR] ConfigurationRetriever:142 - IOException on connection: sw-center.st.com
2025-10-30 08:37:34,315 [ERROR] ConfigurationRetriever:142 - IOException on connection: sw-center.st.com
2025-10-30 08:37:34,315 [ERROR] ConfigurationRetriever:142 - IOException on connection: sw-center.st.com
2025-10-30 08:37:34,316 [ERROR] ConfigurationRetriever:142 - IOException on connection: sw-center.st.com
2025-10-30 08:38:10,812 [ERROR] ConfigurationRetriever:142 - IOException on connection: sw-center.st.com
2025-10-30 08:38:10,814 [ERROR] ConfigurationRetriever:142 - IOException on connection: sw-center.st.com
2025-10-30 08:38:10,816 [ERROR] ConfigurationRetriever:142 - IOException on connection: sw-center.st.com
2025-10-30 08:38:11,089 [ERROR] ConfigurationRetriever:142 - IOException on connection: sw-center.st.com
2025-10-30 08:38:11,090 [ERROR] ConfigurationRetriever:142 - IOException on connection: sw-center.st.com
2025-10-30 08:38:11,093 [ERROR] ConfigurationRetriever:142 - IOException on connection: sw-center.st.com
2025-10-30 08:43:04,869 [ERROR] ConfigurationRetriever:142 - IOException on connection: sw-center.st.com
2025-10-30 08:43:04,870 [ERROR] ConfigurationRetriever:142 - IOException on connection: sw-center.st.com
2025-10-30 08:43:04,871 [ERROR] ConfigurationRetriever:142 - IOException on connection: sw-center.st.com
2025-10-30 08:47:45,158 [ERROR] ConfigurationRetriever:142 - IOException on connection: sw-center.st.com
2025-10-30 08:47:45,159 [ERROR] ConfigurationRetriever:142 - IOException on connection: sw-center.st.com
2025-10-30 08:47:45,160 [ERROR] ConfigurationRetriever:142 - IOException on connection: sw-center.st.com
2025-10-30 08:48:16,839 [ERROR] ConfigurationRetriever:142 - IOException on connection: sw-center.st.com
2025-10-30 08:48:16,840 [ERROR] ConfigurationRetriever:142 - IOException on connection: sw-center.st.com
2025-10-30 08:48:16,841 [ERROR] ConfigurationRetriever:142 - IOException on connection: sw-center.st.com
2025-10-30 08:50:00,013 [ERROR] ConfigurationRetriever:142 - IOException on connection: sw-center.st.com
2025-10-30 08:50:00,015 [ERROR] ConfigurationRetriever:142 - IOException on connection: sw-center.st.com
2025-10-30 08:50:00,016 [ERROR] ConfigurationRetriever:142 - IOException on connection: sw-center.st.com
2025-10-30 08:51:21,636 [ERROR] ConfigurationRetriever:142 - IOException on connection: sw-center.st.com
2025-10-30 08:51:21,637 [ERROR] ConfigurationRetriever:142 - IOException on connection: sw-center.st.com
2025-10-30 08:51:21,637 [ERROR] ConfigurationRetriever:142 - IOException on connection: sw-center.st.com
2025-10-30 08:51:46,766 [ERROR] ConfigurationRetriever:142 - IOException on connection: sw-center.st.com
2025-10-30 08:51:46,768 [ERROR] ConfigurationRetriever:142 - IOException on connection: sw-center.st.com
2025-10-30 08:51:46,768 [ERROR] ConfigurationRetriever:142 - IOException on connection: sw-center.st.com
2025-10-30 08:52:13,773 [ERROR] ConfigurationRetriever:142 - IOException on connection: sw-center.st.com
2025-10-30 08:52:13,774 [ERROR] ConfigurationRetriever:142 - IOException on connection: sw-center.st.com
2025-10-30 08:52:13,775 [ERROR] ConfigurationRetriever:142 - IOException on connection: sw-center.st.com
2025-10-30 08:54:53,731 [ERROR] ConfigurationRetriever:142 - IOException on connection: sw-center.st.com
2025-10-30 08:54:53,733 [ERROR] ConfigurationRetriever:142 - IOException on connection: sw-center.st.com
2025-10-30 08:54:53,734 [ERROR] ConfigurationRetriever:142 - IOException on connection: sw-center.st.com
2025-10-30 08:54:53,905 [ERROR] ConfigurationRetriever:142 - IOException on connection: sw-center.st.com
2025-10-30 08:54:53,906 [ERROR] ConfigurationRetriever:142 - IOException on connection: sw-center.st.com
2025-10-30 08:54:53,907 [ERROR] ConfigurationRetriever:142 - IOException on connection: sw-center.st.com
2025-10-30 08:55:07,859 [ERROR] ConfigurationRetriever:142 - IOException on connection: sw-center.st.com
2025-10-30 08:55:07,860 [ERROR] ConfigurationRetriever:142 - IOException on connection: sw-center.st.com
2025-10-30 08:55:07,861 [ERROR] ConfigurationRetriever:142 - IOException on connection: sw-center.st.com
2025-10-30 08:55:27,749 [ERROR] ConfigurationRetriever:142 - IOException on connection: sw-center.st.com
2025-10-30 08:55:27,750 [ERROR] ConfigurationRetriever:142 - IOException on connection: sw-center.st.com
2025-10-30 08:55:27,751 [ERROR] ConfigurationRetriever:142 - IOException on connection: sw-center.st.com
2025-10-30 08:55:35,995 [ERROR] ConfigurationRetriever:142 - IOException on connection: sw-center.st.com
2025-10-30 08:55:35,996 [ERROR] ConfigurationRetriever:142 - IOException on connection: sw-center.st.com
2025-10-30 08:55:35,996 [ERROR] ConfigurationRetriever:142 - IOException on connection: sw-center.st.com
2025-10-30 10:03:59,227 [ERROR] ConfigurationRetriever:142 - IOException on connection: sw-center.st.com
2025-10-30 10:03:59,228 [ERROR] ConfigurationRetriever:142 - IOException on connection: sw-center.st.com
2025-10-30 10:03:59,229 [ERROR] ConfigurationRetriever:142 - IOException on connection: sw-center.st.com
2025-10-30 10:04:24,802 [ERROR] ConfigurationRetriever:142 - IOException on connection: sw-center.st.com
2025-10-30 10:04:24,803 [ERROR] ConfigurationRetriever:142 - IOException on connection: sw-center.st.com
2025-10-30 10:04:24,804 [ERROR] ConfigurationRetriever:142 - IOException on connection: sw-center.st.com
2025-10-30 10:04:56,471 [ERROR] ConfigurationRetriever:142 - IOException on connection: sw-center.st.com
2025-10-30 10:04:56,472 [ERROR] ConfigurationRetriever:142 - IOException on connection: sw-center.st.com
2025-10-30 10:04:56,473 [ERROR] ConfigurationRetriever:142 - IOException on connection: sw-center.st.com
2025-10-30 10:05:28,302 [ERROR] ConfigurationRetriever:142 - IOException on connection: sw-center.st.com
2025-10-30 10:05:28,303 [ERROR] ConfigurationRetriever:142 - IOException on connection: sw-center.st.com
2025-10-30 10:05:28,304 [ERROR] ConfigurationRetriever:142 - IOException on connection: sw-center.st.com
2025-10-30 10:05:40,888 [ERROR] ConfigurationRetriever:142 - IOException on connection: sw-center.st.com
2025-10-30 10:05:40,890 [ERROR] ConfigurationRetriever:142 - IOException on connection: sw-center.st.com
2025-10-30 10:05:40,891 [ERROR] ConfigurationRetriever:142 - IOException on connection: sw-center.st.com
2025-10-30 10:07:41,156 [ERROR] ConfigurationRetriever:142 - IOException on connection: sw-center.st.com
2025-10-30 10:07:41,157 [ERROR] ConfigurationRetriever:142 - IOException on connection: sw-center.st.com
2025-10-30 10:07:41,158 [ERROR] ConfigurationRetriever:142 - IOException on connection: sw-center.st.com
2025-10-30 10:08:13,126 [ERROR] ConfigurationRetriever:142 - IOException on connection: sw-center.st.com
2025-10-30 10:08:13,128 [ERROR] ConfigurationRetriever:142 - IOException on connection: sw-center.st.com
2025-10-30 10:08:13,129 [ERROR] ConfigurationRetriever:142 - IOException on connection: sw-center.st.com
2025-10-30 10:08:13,316 [ERROR] ConfigurationRetriever:142 - IOException on connection: sw-center.st.com
2025-10-30 10:08:13,317 [ERROR] ConfigurationRetriever:142 - IOException on connection: sw-center.st.com
2025-10-30 10:08:13,317 [ERROR] ConfigurationRetriever:142 - IOException on connection: sw-center.st.com
2025-10-30 10:08:33,536 [ERROR] ConfigurationRetriever:142 - IOException on connection: sw-center.st.com
2025-10-30 10:08:33,537 [ERROR] ConfigurationRetriever:142 - IOException on connection: sw-center.st.com
2025-10-30 10:08:33,537 [ERROR] ConfigurationRetriever:142 - IOException on connection: sw-center.st.com
2025-10-30 10:08:50,569 [ERROR] ConfigurationRetriever:142 - IOException on connection: sw-center.st.com
2025-10-30 10:08:50,570 [ERROR] ConfigurationRetriever:142 - IOException on connection: sw-center.st.com
2025-10-30 10:08:50,570 [ERROR] ConfigurationRetriever:142 - IOException on connection: sw-center.st.com
2025-10-30 10:10:51,425 [ERROR] ConfigurationRetriever:142 - IOException on connection: sw-center.st.com
2025-10-30 10:10:51,426 [ERROR] ConfigurationRetriever:142 - IOException on connection: sw-center.st.com
2025-10-30 10:10:51,427 [ERROR] ConfigurationRetriever:142 - IOException on connection: sw-center.st.com
2025-10-30 10:11:12,449 [ERROR] ConfigurationRetriever:142 - IOException on connection: sw-center.st.com
2025-10-30 10:11:12,451 [ERROR] ConfigurationRetriever:142 - IOException on connection: sw-center.st.com
2025-10-30 10:11:12,453 [ERROR] ConfigurationRetriever:142 - IOException on connection: sw-center.st.com
2025-10-30 10:11:12,652 [ERROR] ConfigurationRetriever:142 - IOException on connection: sw-center.st.com
2025-10-30 10:11:12,653 [ERROR] ConfigurationRetriever:142 - IOException on connection: sw-center.st.com
2025-10-30 10:11:12,653 [ERROR] ConfigurationRetriever:142 - IOException on connection: sw-center.st.com
2025-10-30 10:13:12,796 [ERROR] ConfigurationRetriever:142 - IOException on connection: sw-center.st.com
2025-10-30 10:13:12,799 [ERROR] ConfigurationRetriever:142 - IOException on connection: sw-center.st.com
2025-10-30 10:13:12,801 [ERROR] ConfigurationRetriever:142 - IOException on connection: sw-center.st.com
2025-10-30 10:13:12,990 [ERROR] ConfigurationRetriever:142 - IOException on connection: sw-center.st.com
2025-10-30 10:13:12,991 [ERROR] ConfigurationRetriever:142 - IOException on connection: sw-center.st.com
2025-10-30 10:13:12,991 [ERROR] ConfigurationRetriever:142 - IOException on connection: sw-center.st.com
2025-10-30 10:43:28,632 [ERROR] ConfigurationRetriever:142 - IOException on connection: sw-center.st.com
2025-10-30 10:43:28,635 [ERROR] ConfigurationRetriever:142 - IOException on connection: sw-center.st.com
2025-10-30 10:43:28,636 [ERROR] ConfigurationRetriever:142 - IOException on connection: sw-center.st.com
2025-10-30 10:43:28,854 [ERROR] ConfigurationRetriever:142 - IOException on connection: sw-center.st.com
2025-10-30 10:43:28,856 [ERROR] ConfigurationRetriever:142 - IOException on connection: sw-center.st.com
2025-10-30 10:43:28,857 [ERROR] ConfigurationRetriever:142 - IOException on connection: sw-center.st.com
2025-10-30 10:44:59,370 [ERROR] ConfigurationRetriever:142 - IOException on connection: sw-center.st.com
2025-10-30 10:44:59,371 [ERROR] ConfigurationRetriever:142 - IOException on connection: sw-center.st.com
2025-10-30 10:44:59,372 [ERROR] ConfigurationRetriever:142 - IOException on connection: sw-center.st.com
2025-10-30 13:42:27,537 [ERROR] ConfigurationRetriever:142 - IOException on connection: sw-center.st.com
2025-10-30 13:42:27,538 [ERROR] ConfigurationRetriever:142 - IOException on connection: sw-center.st.com
2025-10-30 13:42:27,539 [ERROR] ConfigurationRetriever:142 - IOException on connection: sw-center.st.com
2025-10-30 13:42:41,535 [ERROR] ConfigurationRetriever:142 - IOException on connection: sw-center.st.com
2025-10-30 13:42:41,536 [ERROR] ConfigurationRetriever:142 - IOException on connection: sw-center.st.com
2025-10-30 13:42:41,536 [ERROR] ConfigurationRetriever:142 - IOException on connection: sw-center.st.com
2025-10-30 13:42:56,393 [ERROR] ConfigurationRetriever:142 - IOException on connection: sw-center.st.com
2025-10-30 13:42:56,393 [ERROR] ConfigurationRetriever:142 - IOException on connection: sw-center.st.com
2025-10-30 13:42:56,394 [ERROR] ConfigurationRetriever:142 - IOException on connection: sw-center.st.com
2025-10-30 14:20:17,824 [ERROR] ConfigurationRetriever:142 - IOException on connection: sw-center.st.com
2025-10-30 14:20:17,825 [ERROR] ConfigurationRetriever:142 - IOException on connection: sw-center.st.com
2025-10-30 14:20:17,826 [ERROR] ConfigurationRetriever:142 - IOException on connection: sw-center.st.com
2025-10-30 14:20:38,869 [ERROR] ConfigurationRetriever:142 - IOException on connection: sw-center.st.com
2025-10-30 14:20:38,870 [ERROR] ConfigurationRetriever:142 - IOException on connection: sw-center.st.com
2025-10-30 14:20:38,871 [ERROR] ConfigurationRetriever:142 - IOException on connection: sw-center.st.com
2025-10-30 14:21:20,518 [ERROR] ConfigurationRetriever:142 - IOException on connection: sw-center.st.com
2025-10-30 14:21:20,519 [ERROR] ConfigurationRetriever:142 - IOException on connection: sw-center.st.com
2025-10-30 14:21:20,519 [ERROR] ConfigurationRetriever:142 - IOException on connection: sw-center.st.com
2025-10-30 14:27:32,959 [ERROR] ConfigurationRetriever:142 - IOException on connection: sw-center.st.com
2025-10-30 14:27:32,960 [ERROR] ConfigurationRetriever:142 - IOException on connection: sw-center.st.com
2025-10-30 14:27:32,961 [ERROR] ConfigurationRetriever:142 - IOException on connection: sw-center.st.com
2025-10-30 14:27:36,391 [ERROR] ConfigurationRetriever:142 - IOException on connection: sw-center.st.com
2025-10-30 14:27:36,392 [ERROR] ConfigurationRetriever:142 - IOException on connection: sw-center.st.com
2025-10-30 14:27:36,393 [ERROR] ConfigurationRetriever:142 - IOException on connection: sw-center.st.com
2025-10-30 14:38:10,814 [ERROR] ConfigurationRetriever:142 - IOException on connection: sw-center.st.com
2025-10-30 14:38:10,816 [ERROR] ConfigurationRetriever:142 - IOException on connection: sw-center.st.com
2025-10-30 14:38:10,817 [ERROR] ConfigurationRetriever:142 - IOException on connection: sw-center.st.com
2025-10-30 14:38:11,043 [ERROR] ConfigurationRetriever:142 - IOException on connection: sw-center.st.com
2025-10-30 14:38:11,044 [ERROR] ConfigurationRetriever:142 - IOException on connection: sw-center.st.com
2025-10-30 14:38:11,045 [ERROR] ConfigurationRetriever:142 - IOException on connection: sw-center.st.com
2025-10-30 14:40:00,634 [ERROR] ConfigurationRetriever:142 - IOException on connection: sw-center.st.com
2025-10-30 14:40:00,636 [ERROR] ConfigurationRetriever:142 - IOException on connection: sw-center.st.com
2025-10-30 14:40:00,636 [ERROR] ConfigurationRetriever:142 - IOException on connection: sw-center.st.com
2025-10-30 14:40:11,376 [ERROR] ConfigurationRetriever:142 - IOException on connection: sw-center.st.com
2025-10-30 14:40:11,377 [ERROR] ConfigurationRetriever:142 - IOException on connection: sw-center.st.com
2025-10-30 14:40:11,377 [ERROR] ConfigurationRetriever:142 - IOException on connection: sw-center.st.com
2025-10-30 14:40:20,830 [ERROR] ConfigurationRetriever:142 - IOException on connection: sw-center.st.com
2025-10-30 14:40:20,832 [ERROR] ConfigurationRetriever:142 - IOException on connection: sw-center.st.com
2025-10-30 14:40:20,833 [ERROR] ConfigurationRetriever:142 - IOException on connection: sw-center.st.com
2025-10-30 14:41:46,685 [ERROR] ConfigurationRetriever:142 - IOException on connection: sw-center.st.com
2025-10-30 14:41:46,686 [ERROR] ConfigurationRetriever:142 - IOException on connection: sw-center.st.com
2025-10-30 14:41:46,687 [ERROR] ConfigurationRetriever:142 - IOException on connection: sw-center.st.com
2025-10-30 14:41:59,629 [ERROR] ConfigurationRetriever:142 - IOException on connection: sw-center.st.com
2025-10-30 14:41:59,630 [ERROR] ConfigurationRetriever:142 - IOException on connection: sw-center.st.com
2025-10-30 14:41:59,631 [ERROR] ConfigurationRetriever:142 - IOException on connection: sw-center.st.com
2025-10-30 14:43:16,617 [ERROR] ConfigurationRetriever:142 - IOException on connection: sw-center.st.com
2025-10-30 14:43:16,618 [ERROR] ConfigurationRetriever:142 - IOException on connection: sw-center.st.com
2025-10-30 14:43:16,619 [ERROR] ConfigurationRetriever:142 - IOException on connection: sw-center.st.com
2025-10-30 15:20:58,343 [ERROR] ConfigurationRetriever:142 - IOException on connection: sw-center.st.com
2025-10-30 15:20:58,345 [ERROR] ConfigurationRetriever:142 - IOException on connection: sw-center.st.com
2025-10-30 15:20:58,346 [ERROR] ConfigurationRetriever:142 - IOException on connection: sw-center.st.com
2025-10-30 15:20:58,982 [ERROR] ConfigurationRetriever:142 - IOException on connection: sw-center.st.com
2025-10-30 15:20:58,984 [ERROR] ConfigurationRetriever:142 - IOException on connection: sw-center.st.com
2025-10-30 15:20:58,985 [ERROR] ConfigurationRetriever:142 - IOException on connection: sw-center.st.com
2025-10-30 15:23:52,613 [ERROR] ConfigurationRetriever:142 - IOException on connection: sw-center.st.com
2025-10-30 15:23:52,614 [ERROR] ConfigurationRetriever:142 - IOException on connection: sw-center.st.com
2025-10-30 15:23:52,614 [ERROR] ConfigurationRetriever:142 - IOException on connection: sw-center.st.com
2025-10-30 15:25:43,886 [ERROR] ConfigurationRetriever:142 - IOException on connection: sw-center.st.com
2025-10-30 15:25:43,888 [ERROR] ConfigurationRetriever:142 - IOException on connection: sw-center.st.com
2025-10-30 15:25:43,889 [ERROR] ConfigurationRetriever:142 - IOException on connection: sw-center.st.com
2025-10-30 15:25:44,063 [ERROR] ConfigurationRetriever:142 - IOException on connection: sw-center.st.com
2025-10-30 15:25:44,064 [ERROR] ConfigurationRetriever:142 - IOException on connection: sw-center.st.com
2025-10-30 15:25:44,065 [ERROR] ConfigurationRetriever:142 - IOException on connection: sw-center.st.com
2025-10-30 15:26:36,656 [ERROR] ConfigurationRetriever:142 - IOException on connection: sw-center.st.com
2025-10-30 15:26:36,656 [ERROR] ConfigurationRetriever:142 - IOException on connection: sw-center.st.com
2025-10-30 15:26:36,657 [ERROR] ConfigurationRetriever:142 - IOException on connection: sw-center.st.com
2025-10-30 15:27:13,304 [ERROR] ConfigurationRetriever:142 - IOException on connection: sw-center.st.com
2025-10-30 15:27:13,305 [ERROR] ConfigurationRetriever:142 - IOException on connection: sw-center.st.com
2025-10-30 15:27:13,305 [ERROR] ConfigurationRetriever:142 - IOException on connection: sw-center.st.com
2025-10-30 15:28:00,479 [ERROR] ConfigurationRetriever:142 - IOException on connection: sw-center.st.com
2025-10-30 15:28:00,480 [ERROR] ConfigurationRetriever:142 - IOException on connection: sw-center.st.com
2025-10-30 15:28:00,480 [ERROR] ConfigurationRetriever:142 - IOException on connection: sw-center.st.com
2025-10-30 15:28:00,692 [ERROR] ConfigurationRetriever:142 - IOException on connection: sw-center.st.com
2025-10-30 15:28:00,693 [ERROR] ConfigurationRetriever:142 - IOException on connection: sw-center.st.com
2025-10-30 15:28:00,694 [ERROR] ConfigurationRetriever:142 - IOException on connection: sw-center.st.com
2025-10-30 15:28:46,521 [ERROR] ConfigurationRetriever:142 - IOException on connection: sw-center.st.com
2025-10-30 15:28:46,522 [ERROR] ConfigurationRetriever:142 - IOException on connection: sw-center.st.com
2025-10-30 15:28:46,524 [ERROR] ConfigurationRetriever:142 - IOException on connection: sw-center.st.com
2025-10-30 15:29:27,155 [ERROR] ConfigurationRetriever:142 - IOException on connection: sw-center.st.com
2025-10-30 15:29:27,156 [ERROR] ConfigurationRetriever:142 - IOException on connection: sw-center.st.com
2025-10-30 15:29:27,157 [ERROR] ConfigurationRetriever:142 - IOException on connection: sw-center.st.com
2025-10-30 15:30:31,461 [ERROR] ConfigurationRetriever:142 - IOException on connection: sw-center.st.com
2025-10-30 15:30:31,462 [ERROR] ConfigurationRetriever:142 - IOException on connection: sw-center.st.com
2025-10-30 15:30:31,463 [ERROR] ConfigurationRetriever:142 - IOException on connection: sw-center.st.com
2025-10-30 15:30:31,641 [ERROR] ConfigurationRetriever:142 - IOException on connection: sw-center.st.com
2025-10-30 15:30:31,642 [ERROR] ConfigurationRetriever:142 - IOException on connection: sw-center.st.com
2025-10-30 15:30:31,643 [ERROR] ConfigurationRetriever:142 - IOException on connection: sw-center.st.com
2025-10-30 15:31:20,041 [ERROR] ConfigurationRetriever:142 - IOException on connection: sw-center.st.com
2025-10-30 15:31:20,042 [ERROR] ConfigurationRetriever:142 - IOException on connection: sw-center.st.com
2025-10-30 15:31:20,042 [ERROR] ConfigurationRetriever:142 - IOException on connection: sw-center.st.com
2025-10-30 15:33:58,633 [ERROR] ConfigurationRetriever:142 - IOException on connection: sw-center.st.com
2025-10-30 15:33:58,634 [ERROR] ConfigurationRetriever:142 - IOException on connection: sw-center.st.com
2025-10-30 15:33:58,635 [ERROR] ConfigurationRetriever:142 - IOException on connection: sw-center.st.com
2025-10-30 15:33:58,816 [ERROR] ConfigurationRetriever:142 - IOException on connection: sw-center.st.com
2025-10-30 15:33:58,817 [ERROR] ConfigurationRetriever:142 - IOException on connection: sw-center.st.com
2025-10-30 15:33:58,818 [ERROR] ConfigurationRetriever:142 - IOException on connection: sw-center.st.com
2025-10-30 15:39:52,864 [ERROR] ConfigurationRetriever:142 - IOException on connection: sw-center.st.com
2025-10-30 15:39:52,866 [ERROR] ConfigurationRetriever:142 - IOException on connection: sw-center.st.com
2025-10-30 15:39:52,869 [ERROR] ConfigurationRetriever:142 - IOException on connection: sw-center.st.com
2025-10-30 15:39:53,050 [ERROR] ConfigurationRetriever:142 - IOException on connection: sw-center.st.com
2025-10-30 15:39:53,052 [ERROR] ConfigurationRetriever:142 - IOException on connection: sw-center.st.com
2025-10-30 15:39:53,053 [ERROR] ConfigurationRetriever:142 - IOException on connection: sw-center.st.com
2025-10-30 15:40:08,969 [ERROR] ConfigurationRetriever:142 - IOException on connection: sw-center.st.com
2025-10-30 15:40:08,970 [ERROR] ConfigurationRetriever:142 - IOException on connection: sw-center.st.com
2025-10-30 15:40:08,970 [ERROR] ConfigurationRetriever:142 - IOException on connection: sw-center.st.com
2025-10-30 15:44:30,919 [ERROR] ConfigurationRetriever:142 - IOException on connection: sw-center.st.com
2025-10-30 15:44:30,919 [ERROR] ConfigurationRetriever:142 - IOException on connection: sw-center.st.com
2025-10-30 15:44:30,920 [ERROR] ConfigurationRetriever:142 - IOException on connection: sw-center.st.com
